MATLAB is selecting SOFTWARE OPENGL rendering.

                            < M A T L A B (R) >
                  Copyright 1984-2017 The MathWorks, Inc.
                   R2017b (9.3.0.713579) 64-bit (glnxa64)
                             September 14, 2017

 
To get started, type one of these: helpwin, helpdesk, or demo.
For product information, visit www.mathworks.com.
 
Starting parallel pool (parpool) using the 'local' profile ...
connected to 20 workers.
Parallel pool using the 'local' profile is shutting down.
Elapsed time is 5402.890823 seconds.
  message with properties:

    Identifier: 'MATLAB:connector:connector:ConnectorNotRunning'
     Arguments: {}

MATLAB is selecting SOFTWARE OPENGL rendering.

                            < M A T L A B (R) >
                  Copyright 1984-2017 The MathWorks, Inc.
                   R2017b (9.3.0.713579) 64-bit (glnxa64)
                             September 14, 2017

 
To get started, type one of these: helpwin, helpdesk, or demo.
For product information, visit www.mathworks.com.
 

initres =

    9.5671

Starting parallel pool (parpool) using the 'local' profile ...
connected to 20 workers.
Elapsed time is 24.810673 seconds.
Elapsed time is 24.341428 seconds.
Elapsed time is 24.303053 seconds.
Elapsed time is 24.299724 seconds.
Elapsed time is 24.338858 seconds.
Elapsed time is 24.369502 seconds.
Elapsed time is 24.464940 seconds.
Elapsed time is 24.271848 seconds.
Elapsed time is 24.292866 seconds.
Elapsed time is 24.358968 seconds.
Elapsed time is 24.237254 seconds.
Elapsed time is 24.365702 seconds.
Elapsed time is 24.307928 seconds.
Elapsed time is 24.297385 seconds.
Elapsed time is 24.215642 seconds.
Elapsed time is 24.380962 seconds.
Elapsed time is 24.183268 seconds.
Elapsed time is 24.370336 seconds.
Elapsed time is 24.331228 seconds.
Elapsed time is 24.171473 seconds.
Elapsed time is 24.245311 seconds.
Elapsed time is 24.399387 seconds.
Elapsed time is 24.426954 seconds.
Elapsed time is 24.445501 seconds.
Elapsed time is 24.390385 seconds.
Elapsed time is 24.944725 seconds.
Elapsed time is 24.555933 seconds.
Elapsed time is 24.606713 seconds.
Elapsed time is 25.188347 seconds.
Elapsed time is 24.845877 seconds.
Elapsed time is 25.451762 seconds.
Elapsed time is 24.867777 seconds.
Elapsed time is 25.258468 seconds.
Elapsed time is 25.420133 seconds.
Elapsed time is 30.459832 seconds.
Elapsed time is 25.724311 seconds.
Elapsed time is 25.504869 seconds.
Elapsed time is 29.469165 seconds.
Elapsed time is 25.289972 seconds.
Elapsed time is 25.653833 seconds.
Elapsed time is 24.979913 seconds.
Elapsed time is 26.676409 seconds.
Elapsed time is 24.843417 seconds.
Elapsed time is 26.892972 seconds.
Elapsed time is 24.966779 seconds.
Elapsed time is 25.226651 seconds.
Elapsed time is 25.606963 seconds.
Elapsed time is 29.707851 seconds.
Elapsed time is 25.362272 seconds.
Elapsed time is 25.012801 seconds.
Elapsed time is 25.805078 seconds.
Elapsed time is 25.881070 seconds.
Elapsed time is 25.122785 seconds.
Elapsed time is 25.735389 seconds.
Elapsed time is 25.300852 seconds.
Elapsed time is 25.186015 seconds.
Elapsed time is 27.246401 seconds.
Elapsed time is 28.684652 seconds.
Elapsed time is 25.432259 seconds.
Elapsed time is 24.909933 seconds.
Elapsed time is 27.065499 seconds.
Elapsed time is 25.862791 seconds.
Elapsed time is 24.946533 seconds.
Elapsed time is 25.279660 seconds.
Elapsed time is 25.937432 seconds.
Elapsed time is 25.129801 seconds.
Elapsed time is 25.286895 seconds.
Elapsed time is 25.568249 seconds.
Elapsed time is 26.144987 seconds.
Elapsed time is 27.432388 seconds.
Elapsed time is 30.538120 seconds.
Elapsed time is 25.980354 seconds.
Elapsed time is 25.919454 seconds.
Elapsed time is 24.854249 seconds.
Elapsed time is 26.965209 seconds.
Elapsed time is 25.247841 seconds.
Elapsed time is 25.373203 seconds.
Elapsed time is 26.175267 seconds.
Elapsed time is 25.376171 seconds.
Elapsed time is 25.049016 seconds.
Elapsed time is 25.732258 seconds.
Elapsed time is 26.802968 seconds.
Elapsed time is 26.264052 seconds.
Elapsed time is 24.770155 seconds.
Elapsed time is 26.152402 seconds.
Elapsed time is 26.965018 seconds.
Elapsed time is 25.521915 seconds.
Elapsed time is 25.704456 seconds.
Elapsed time is 26.184707 seconds.
Elapsed time is 25.291808 seconds.
Elapsed time is 25.390309 seconds.
Elapsed time is 27.052337 seconds.
Elapsed time is 25.295851 seconds.
Elapsed time is 25.085939 seconds.
Elapsed time is 30.743772 seconds.
Elapsed time is 26.731445 seconds.
Elapsed time is 25.411209 seconds.
Elapsed time is 25.076177 seconds.
Elapsed time is 28.320108 seconds.
Elapsed time is 25.495300 seconds.
Elapsed time is 25.756738 seconds.
Elapsed time is 25.621646 seconds.
Elapsed time is 25.473539 seconds.
Elapsed time is 25.990779 seconds.
Elapsed time is 27.277687 seconds.
Elapsed time is 25.599775 seconds.
Elapsed time is 24.732956 seconds.
Elapsed time is 27.563558 seconds.
Elapsed time is 27.039037 seconds.
Elapsed time is 25.748953 seconds.
Elapsed time is 24.738897 seconds.
Elapsed time is 26.200635 seconds.
Elapsed time is 24.694287 seconds.
Elapsed time is 27.150363 seconds.
Elapsed time is 25.439019 seconds.
Elapsed time is 25.939309 seconds.
Elapsed time is 25.577911 seconds.
Elapsed time is 33.434934 seconds.
Elapsed time is 26.596153 seconds.
Elapsed time is 25.496019 seconds.
Elapsed time is 25.259590 seconds.
Elapsed time is 27.297815 seconds.
Elapsed time is 25.681356 seconds.
Elapsed time is 26.069985 seconds.
Elapsed time is 25.798413 seconds.

                                        First-Order                    Norm of 
 Iteration  Func-count    Residual       optimality      Lambda           step
     0         125         15879.4        9.54e+05         0.01
Elapsed time is 25.793540 seconds.
Elapsed time is 24.942093 seconds.
Elapsed time is 25.468871 seconds.
Elapsed time is 27.312897 seconds.
Elapsed time is 25.255580 seconds.
Elapsed time is 25.210146 seconds.
Elapsed time is 28.785497 seconds.
Elapsed time is 26.248001 seconds.
Elapsed time is 25.599498 seconds.
Elapsed time is 25.961844 seconds.
Elapsed time is 25.934939 seconds.
Elapsed time is 25.063952 seconds.
Elapsed time is 26.245348 seconds.
Elapsed time is 25.107769 seconds.
Elapsed time is 24.768600 seconds.
Elapsed time is 25.543041 seconds.
Elapsed time is 26.372070 seconds.
Elapsed time is 25.203292 seconds.
Elapsed time is 25.342873 seconds.
Elapsed time is 28.692620 seconds.
Elapsed time is 28.793160 seconds.
Elapsed time is 25.668164 seconds.
Elapsed time is 25.796209 seconds.
Elapsed time is 25.054486 seconds.
Elapsed time is 25.289995 seconds.
Elapsed time is 25.802423 seconds.
Elapsed time is 25.857159 seconds.
Elapsed time is 24.817198 seconds.
Elapsed time is 25.904632 seconds.
Elapsed time is 30.680421 seconds.
Elapsed time is 25.986816 seconds.
Elapsed time is 25.183591 seconds.
Elapsed time is 26.415642 seconds.
Elapsed time is 27.826577 seconds.
Elapsed time is 25.302745 seconds.
Elapsed time is 26.637543 seconds.
Elapsed time is 25.555472 seconds.
Elapsed time is 25.388855 seconds.
Elapsed time is 26.916604 seconds.
Elapsed time is 26.279003 seconds.
Elapsed time is 25.866672 seconds.
Elapsed time is 25.401948 seconds.
Elapsed time is 26.897699 seconds.
Elapsed time is 27.840682 seconds.
Elapsed time is 25.624711 seconds.
Elapsed time is 26.161489 seconds.
Elapsed time is 26.222999 seconds.
Elapsed time is 25.669140 seconds.
Elapsed time is 26.007934 seconds.
Elapsed time is 24.745290 seconds.
Elapsed time is 25.159607 seconds.
Elapsed time is 29.837139 seconds.
Elapsed time is 27.259651 seconds.
Elapsed time is 25.411871 seconds.
Elapsed time is 26.059926 seconds.
Elapsed time is 26.274849 seconds.
Elapsed time is 25.858297 seconds.
Elapsed time is 26.403007 seconds.
Elapsed time is 26.135023 seconds.
Elapsed time is 24.959375 seconds.
Elapsed time is 25.200943 seconds.
Elapsed time is 26.641647 seconds.
Elapsed time is 25.237684 seconds.
Elapsed time is 24.937581 seconds.
Elapsed time is 26.940700 seconds.
Elapsed time is 28.307019 seconds.
Elapsed time is 25.228102 seconds.
Elapsed time is 25.363107 seconds.
Elapsed time is 26.130302 seconds.
Elapsed time is 26.543497 seconds.
Elapsed time is 24.974314 seconds.
Elapsed time is 26.628969 seconds.
Elapsed time is 24.740992 seconds.
Elapsed time is 25.922639 seconds.
Elapsed time is 25.673437 seconds.
Elapsed time is 26.007043 seconds.
Elapsed time is 25.126260 seconds.
Elapsed time is 27.130959 seconds.
Elapsed time is 30.013231 seconds.
Elapsed time is 25.934289 seconds.
Elapsed time is 25.511267 seconds.
Elapsed time is 25.980701 seconds.
Elapsed time is 25.215511 seconds.
Elapsed time is 25.343214 seconds.
Elapsed time is 26.374034 seconds.
Elapsed time is 25.206278 seconds.
Elapsed time is 25.517731 seconds.
Elapsed time is 26.791240 seconds.
Elapsed time is 28.358747 seconds.
Elapsed time is 25.050122 seconds.
Elapsed time is 25.727772 seconds.
Elapsed time is 26.329607 seconds.
Elapsed time is 25.217747 seconds.
Elapsed time is 25.145920 seconds.
Elapsed time is 26.079696 seconds.
Elapsed time is 25.128220 seconds.
Elapsed time is 25.349507 seconds.
Elapsed time is 26.141854 seconds.
Elapsed time is 25.534277 seconds.
Elapsed time is 25.332729 seconds.
Elapsed time is 26.731370 seconds.
Elapsed time is 26.726751 seconds.
Elapsed time is 24.906652 seconds.
Elapsed time is 25.541971 seconds.
Elapsed time is 26.349837 seconds.
Elapsed time is 26.195623 seconds.
Elapsed time is 25.118779 seconds.
Elapsed time is 25.303378 seconds.
Elapsed time is 25.854851 seconds.
Elapsed time is 25.013346 seconds.
Elapsed time is 27.055611 seconds.
Elapsed time is 25.570481 seconds.
Elapsed time is 25.225851 seconds.
Elapsed time is 25.428246 seconds.
Elapsed time is 28.593096 seconds.
Elapsed time is 25.823095 seconds.
Elapsed time is 25.070681 seconds.
Elapsed time is 25.922227 seconds.
Elapsed time is 26.551269 seconds.
Elapsed time is 24.786637 seconds.
Elapsed time is 25.878263 seconds.
Elapsed time is 25.484916 seconds.
Elapsed time is 26.329093 seconds.
Elapsed time is 25.924160 seconds.
Elapsed time is 28.604758 seconds.
     1         250           11683        1.01e+06        0.001      0.0276348
Elapsed time is 25.553157 seconds.
Elapsed time is 25.074651 seconds.
Elapsed time is 26.216330 seconds.
Elapsed time is 28.258465 seconds.
Elapsed time is 26.008403 seconds.
Elapsed time is 25.199099 seconds.
Elapsed time is 25.156666 seconds.
Elapsed time is 26.076552 seconds.
Elapsed time is 24.985664 seconds.
Elapsed time is 25.645932 seconds.
Elapsed time is 25.735735 seconds.
Elapsed time is 25.010701 seconds.
Elapsed time is 25.108637 seconds.
Elapsed time is 26.746313 seconds.
Elapsed time is 25.968021 seconds.
Elapsed time is 24.750544 seconds.
Elapsed time is 25.433071 seconds.
Elapsed time is 27.448658 seconds.
Elapsed time is 25.542858 seconds.
Elapsed time is 25.327627 seconds.
Elapsed time is 26.093711 seconds.
Elapsed time is 25.475533 seconds.
Elapsed time is 26.142951 seconds.
Elapsed time is 30.737714 seconds.
Elapsed time is 25.798967 seconds.
Elapsed time is 25.075747 seconds.
Elapsed time is 25.799495 seconds.
Elapsed time is 26.203097 seconds.
Elapsed time is 25.143679 seconds.
Elapsed time is 25.573709 seconds.
Elapsed time is 32.628814 seconds.
Elapsed time is 25.340572 seconds.
Elapsed time is 25.119711 seconds.
Elapsed time is 26.099105 seconds.
Elapsed time is 25.559661 seconds.
Elapsed time is 25.436643 seconds.
Elapsed time is 25.824887 seconds.
Elapsed time is 26.037255 seconds.
Elapsed time is 24.877915 seconds.
Elapsed time is 26.831685 seconds.
Elapsed time is 27.267648 seconds.
Elapsed time is 25.704461 seconds.
Elapsed time is 25.012312 seconds.
Elapsed time is 29.107658 seconds.
Elapsed time is 26.803672 seconds.
Elapsed time is 25.921429 seconds.
Elapsed time is 26.821682 seconds.
Elapsed time is 26.115311 seconds.
Elapsed time is 25.193356 seconds.
Elapsed time is 25.934574 seconds.
Elapsed time is 27.615621 seconds.
Elapsed time is 25.852943 seconds.
Elapsed time is 24.841712 seconds.
Elapsed time is 25.799048 seconds.
Elapsed time is 28.785827 seconds.
Elapsed time is 29.321098 seconds.
Elapsed time is 25.019532 seconds.
Elapsed time is 25.421301 seconds.
Elapsed time is 26.150596 seconds.
Elapsed time is 26.019546 seconds.
Elapsed time is 27.484209 seconds.
Elapsed time is 26.427409 seconds.
Elapsed time is 24.950482 seconds.
Elapsed time is 25.152555 seconds.
Elapsed time is 29.783870 seconds.
Elapsed time is 28.316936 seconds.
Elapsed time is 25.612458 seconds.
Elapsed time is 25.022463 seconds.
Elapsed time is 26.499576 seconds.
Elapsed time is 27.836477 seconds.
Elapsed time is 26.169143 seconds.
Elapsed time is 26.322058 seconds.
Elapsed time is 25.613978 seconds.
Elapsed time is 25.425460 seconds.
Elapsed time is 25.581064 seconds.
Elapsed time is 25.966703 seconds.
Elapsed time is 24.774268 seconds.
Elapsed time is 25.594278 seconds.
Elapsed time is 25.999611 seconds.
Elapsed time is 26.092356 seconds.
Elapsed time is 24.821178 seconds.
Elapsed time is 25.708090 seconds.
Elapsed time is 26.993525 seconds.
Elapsed time is 25.382838 seconds.
Elapsed time is 25.155356 seconds.
Elapsed time is 26.056319 seconds.
Elapsed time is 25.337941 seconds.
Elapsed time is 25.620101 seconds.
Elapsed time is 26.281024 seconds.
Elapsed time is 26.277716 seconds.
Elapsed time is 25.549739 seconds.
Elapsed time is 27.620332 seconds.
Elapsed time is 34.470210 seconds.
Elapsed time is 26.034866 seconds.
Elapsed time is 25.155827 seconds.
Elapsed time is 26.339609 seconds.
Elapsed time is 25.483394 seconds.
Elapsed time is 25.304183 seconds.
Elapsed time is 25.840555 seconds.
Elapsed time is 25.218421 seconds.
Elapsed time is 26.428678 seconds.
Elapsed time is 28.141291 seconds.
Elapsed time is 25.881871 seconds.
Elapsed time is 25.298845 seconds.
Elapsed time is 27.750433 seconds.
Elapsed time is 26.353095 seconds.
Elapsed time is 25.225114 seconds.
Elapsed time is 25.625706 seconds.
Elapsed time is 25.538908 seconds.
Elapsed time is 25.868762 seconds.
Elapsed time is 26.707550 seconds.
Elapsed time is 26.113630 seconds.
Elapsed time is 25.074848 seconds.
Elapsed time is 27.398049 seconds.
Elapsed time is 28.422153 seconds.
Elapsed time is 27.060213 seconds.
Elapsed time is 25.054220 seconds.
Elapsed time is 26.282178 seconds.
Elapsed time is 25.509502 seconds.
Elapsed time is 25.709720 seconds.
Elapsed time is 25.919618 seconds.
Elapsed time is 26.425505 seconds.
Elapsed time is 24.999070 seconds.
Elapsed time is 29.322013 seconds.
Elapsed time is 26.258903 seconds.
     2         375         9430.99         7.8e+06       0.0001       0.024319
Elapsed time is 31.534660 seconds.
Elapsed time is 28.448521 seconds.
Elapsed time is 25.317410 seconds.
Elapsed time is 26.435164 seconds.
Elapsed time is 27.493806 seconds.
Elapsed time is 25.413520 seconds.
Elapsed time is 25.878449 seconds.
Elapsed time is 25.838008 seconds.
Elapsed time is 25.474258 seconds.
Elapsed time is 25.560227 seconds.
Elapsed time is 28.456917 seconds.
Elapsed time is 25.921738 seconds.
Elapsed time is 25.365148 seconds.
Elapsed time is 26.392466 seconds.
Elapsed time is 27.179664 seconds.
Elapsed time is 25.324590 seconds.
Elapsed time is 25.357392 seconds.
Elapsed time is 25.684424 seconds.
Elapsed time is 25.301456 seconds.
Elapsed time is 26.220739 seconds.
Elapsed time is 26.737223 seconds.
Elapsed time is 25.565581 seconds.
Elapsed time is 25.136886 seconds.
Elapsed time is 26.538886 seconds.
Elapsed time is 29.856582 seconds.
Elapsed time is 25.744835 seconds.
Elapsed time is 25.641683 seconds.
Elapsed time is 25.941502 seconds.
Elapsed time is 25.181903 seconds.
Elapsed time is 25.546347 seconds.
Elapsed time is 26.117697 seconds.
Elapsed time is 25.829592 seconds.
Elapsed time is 24.949428 seconds.
Elapsed time is 28.016400 seconds.
Elapsed time is 27.347271 seconds.
Elapsed time is 25.915956 seconds.
Elapsed time is 25.275076 seconds.
Elapsed time is 26.105142 seconds.
Elapsed time is 25.330163 seconds.
Elapsed time is 25.344199 seconds.
Elapsed time is 25.988856 seconds.
Elapsed time is 25.982494 seconds.
Elapsed time is 25.352502 seconds.
Elapsed time is 26.043116 seconds.
Elapsed time is 26.903613 seconds.
Elapsed time is 26.045933 seconds.
Elapsed time is 25.580266 seconds.
Elapsed time is 26.069174 seconds.
Elapsed time is 25.666830 seconds.
Elapsed time is 25.739338 seconds.
Elapsed time is 25.864228 seconds.
Elapsed time is 25.542659 seconds.
Elapsed time is 25.239610 seconds.
Elapsed time is 25.902770 seconds.
Elapsed time is 30.203498 seconds.
Elapsed time is 26.144606 seconds.
Elapsed time is 25.416535 seconds.
Elapsed time is 27.349629 seconds.
Elapsed time is 28.050234 seconds.
Elapsed time is 25.654777 seconds.
Elapsed time is 25.601658 seconds.
Elapsed time is 26.832382 seconds.
Elapsed time is 25.876979 seconds.
Elapsed time is 24.847446 seconds.
Elapsed time is 25.618957 seconds.
Elapsed time is 26.565783 seconds.
Elapsed time is 25.469295 seconds.
Elapsed time is 25.245709 seconds.
Elapsed time is 28.199794 seconds.
Elapsed time is 25.540117 seconds.
Elapsed time is 25.814599 seconds.
Elapsed time is 29.749957 seconds.
Elapsed time is 26.621904 seconds.
Elapsed time is 25.564392 seconds.
Elapsed time is 25.319446 seconds.
Elapsed time is 27.585498 seconds.
Elapsed time is 28.002362 seconds.
Elapsed time is 24.898370 seconds.
Elapsed time is 25.218625 seconds.
Elapsed time is 26.782661 seconds.
Elapsed time is 25.727249 seconds.
Elapsed time is 26.618519 seconds.
Elapsed time is 26.281970 seconds.
Elapsed time is 25.729854 seconds.
Elapsed time is 25.097650 seconds.
Elapsed time is 28.677463 seconds.
Elapsed time is 26.539594 seconds.
Elapsed time is 25.240958 seconds.
Elapsed time is 25.571776 seconds.
Elapsed time is 25.448875 seconds.
Elapsed time is 25.216993 seconds.
Elapsed time is 26.132642 seconds.
Elapsed time is 25.990852 seconds.
Elapsed time is 25.968365 seconds.
Elapsed time is 26.513185 seconds.
Elapsed time is 30.243674 seconds.
Elapsed time is 25.209593 seconds.
Elapsed time is 25.482636 seconds.
Elapsed time is 25.642231 seconds.
Elapsed time is 25.727258 seconds.
Elapsed time is 25.096591 seconds.
Elapsed time is 26.351000 seconds.
Elapsed time is 25.293029 seconds.
Elapsed time is 25.750303 seconds.
Elapsed time is 29.349957 seconds.
Elapsed time is 27.243487 seconds.
Elapsed time is 24.742844 seconds.
Elapsed time is 26.796003 seconds.
Elapsed time is 26.263771 seconds.
Elapsed time is 25.416577 seconds.
Elapsed time is 25.013930 seconds.
Elapsed time is 25.878547 seconds.
Elapsed time is 25.284939 seconds.
Elapsed time is 25.715493 seconds.
Elapsed time is 27.456876 seconds.
Elapsed time is 26.357901 seconds.
Elapsed time is 25.105777 seconds.
Elapsed time is 26.736077 seconds.
Elapsed time is 26.558803 seconds.
Elapsed time is 25.884741 seconds.
Elapsed time is 25.173668 seconds.
Elapsed time is 25.896199 seconds.
Elapsed time is 25.809477 seconds.
Elapsed time is 25.683145 seconds.
Elapsed time is 26.204390 seconds.
     3         500         8319.65        3.16e+05        1e-05      0.0118201
Elapsed time is 26.565297 seconds.
Elapsed time is 25.440968 seconds.
Elapsed time is 25.375899 seconds.
Elapsed time is 28.632471 seconds.
Elapsed time is 28.270711 seconds.
Elapsed time is 25.221544 seconds.
Elapsed time is 27.462450 seconds.
Elapsed time is 27.196700 seconds.
Elapsed time is 25.757908 seconds.
Elapsed time is 25.503457 seconds.
Elapsed time is 25.761918 seconds.
Elapsed time is 25.787006 seconds.
Elapsed time is 25.864198 seconds.
Elapsed time is 27.167636 seconds.
Elapsed time is 26.750252 seconds.
Elapsed time is 25.315934 seconds.
Elapsed time is 25.553727 seconds.
Elapsed time is 26.395026 seconds.
Elapsed time is 26.468700 seconds.
Elapsed time is 24.797904 seconds.
Elapsed time is 25.333867 seconds.
Elapsed time is 26.154686 seconds.
Elapsed time is 25.254229 seconds.
Elapsed time is 25.543525 seconds.
Elapsed time is 27.210816 seconds.
Elapsed time is 24.942908 seconds.
Elapsed time is 28.053676 seconds.
Elapsed time is 26.432427 seconds.
Elapsed time is 26.461033 seconds.
Elapsed time is 24.943967 seconds.
Elapsed time is 25.622699 seconds.
Elapsed time is 25.549028 seconds.
Elapsed time is 25.127627 seconds.
Elapsed time is 25.558306 seconds.
Elapsed time is 25.504650 seconds.
Elapsed time is 25.065832 seconds.
Elapsed time is 25.575264 seconds.
Elapsed time is 26.425061 seconds.
Elapsed time is 25.964085 seconds.
Elapsed time is 24.816224 seconds.
Elapsed time is 26.323524 seconds.
Elapsed time is 25.201498 seconds.
Elapsed time is 25.567006 seconds.
Elapsed time is 25.131036 seconds.
Elapsed time is 26.039325 seconds.
Elapsed time is 25.108646 seconds.
Elapsed time is 31.969198 seconds.
Elapsed time is 26.815518 seconds.
Elapsed time is 25.044779 seconds.
Elapsed time is 26.314631 seconds.
Elapsed time is 28.361405 seconds.
Elapsed time is 25.604612 seconds.
Elapsed time is 24.790461 seconds.
Elapsed time is 25.591958 seconds.
Elapsed time is 25.780733 seconds.
Elapsed time is 25.849095 seconds.
Elapsed time is 26.048147 seconds.
Elapsed time is 27.645956 seconds.
Elapsed time is 24.858516 seconds.
Elapsed time is 26.039436 seconds.
Elapsed time is 27.005389 seconds.
Elapsed time is 27.279120 seconds.
Elapsed time is 25.251034 seconds.
Elapsed time is 25.788683 seconds.
Elapsed time is 28.220485 seconds.
Elapsed time is 26.151066 seconds.
Elapsed time is 25.431973 seconds.
Elapsed time is 26.633924 seconds.
Elapsed time is 24.855539 seconds.
Elapsed time is 25.713620 seconds.
Elapsed time is 27.288795 seconds.
Elapsed time is 27.762687 seconds.
Elapsed time is 24.944486 seconds.
Elapsed time is 25.519773 seconds.
Elapsed time is 28.138927 seconds.
Elapsed time is 25.692383 seconds.
Elapsed time is 25.995985 seconds.
Elapsed time is 25.212605 seconds.
Elapsed time is 25.456401 seconds.
Elapsed time is 25.071407 seconds.
Elapsed time is 28.682351 seconds.
Elapsed time is 24.684958 seconds.
Elapsed time is 26.354921 seconds.
Elapsed time is 26.075362 seconds.
Elapsed time is 27.316848 seconds.
Elapsed time is 24.807438 seconds.
Elapsed time is 25.609110 seconds.
Elapsed time is 25.065073 seconds.
Elapsed time is 25.206182 seconds.
Elapsed time is 25.665841 seconds.
Elapsed time is 25.630552 seconds.
Elapsed time is 25.148404 seconds.
Elapsed time is 26.021503 seconds.
Elapsed time is 27.468621 seconds.
Elapsed time is 25.179396 seconds.
Elapsed time is 26.043645 seconds.
Elapsed time is 25.488044 seconds.
Elapsed time is 25.364523 seconds.
Elapsed time is 25.472200 seconds.
Elapsed time is 26.992039 seconds.
Elapsed time is 24.926298 seconds.
Elapsed time is 26.431760 seconds.
Elapsed time is 25.683807 seconds.
Elapsed time is 26.101373 seconds.
Elapsed time is 24.600286 seconds.
Elapsed time is 26.869940 seconds.
Elapsed time is 28.834353 seconds.
Elapsed time is 26.644551 seconds.
Elapsed time is 25.075490 seconds.
Elapsed time is 26.561787 seconds.
Elapsed time is 25.043447 seconds.
Elapsed time is 25.652834 seconds.
Elapsed time is 25.682272 seconds.
Elapsed time is 25.310925 seconds.
Elapsed time is 24.906041 seconds.
Elapsed time is 27.469928 seconds.
Elapsed time is 25.629174 seconds.
Elapsed time is 25.394986 seconds.
Elapsed time is 26.296900 seconds.
Elapsed time is 26.500216 seconds.
Elapsed time is 24.977522 seconds.
Elapsed time is 26.189041 seconds.
Elapsed time is 28.216233 seconds.
Elapsed time is 25.761844 seconds.
Elapsed time is 24.918835 seconds.
     4         625         7772.43        1.17e+06        1e-06      0.0231431
Elapsed time is 26.133024 seconds.
Elapsed time is 26.476548 seconds.
Elapsed time is 25.613617 seconds.
Elapsed time is 25.366763 seconds.
Elapsed time is 26.420623 seconds.
Elapsed time is 25.081266 seconds.
Elapsed time is 26.692281 seconds.
Elapsed time is 26.683727 seconds.
Elapsed time is 27.366314 seconds.
Elapsed time is 25.588506 seconds.
Elapsed time is 26.924928 seconds.
Elapsed time is 26.575953 seconds.
Elapsed time is 24.849643 seconds.
Elapsed time is 26.610852 seconds.
Elapsed time is 25.506234 seconds.
Elapsed time is 26.418455 seconds.
Elapsed time is 24.942068 seconds.
Elapsed time is 27.881635 seconds.
Elapsed time is 25.019907 seconds.
Elapsed time is 29.990234 seconds.
Elapsed time is 25.539472 seconds.
Elapsed time is 27.991794 seconds.
Elapsed time is 25.126472 seconds.
Elapsed time is 28.593272 seconds.
Elapsed time is 26.195428 seconds.
Elapsed time is 25.308209 seconds.
Elapsed time is 25.309176 seconds.
Elapsed time is 28.474646 seconds.
Elapsed time is 25.698491 seconds.
Elapsed time is 24.769403 seconds.
Elapsed time is 26.125894 seconds.
Elapsed time is 25.678048 seconds.
Elapsed time is 25.725733 seconds.
Elapsed time is 25.173750 seconds.
Elapsed time is 27.826980 seconds.
Elapsed time is 24.977687 seconds.
Elapsed time is 27.627565 seconds.
Elapsed time is 25.286444 seconds.
Elapsed time is 25.160977 seconds.
Elapsed time is 25.740451 seconds.
Elapsed time is 26.655482 seconds.
Elapsed time is 24.915394 seconds.
Elapsed time is 25.571586 seconds.
Elapsed time is 26.294646 seconds.
Elapsed time is 26.405774 seconds.
Elapsed time is 24.859102 seconds.
Elapsed time is 25.457787 seconds.
Elapsed time is 25.503191 seconds.
Elapsed time is 24.995150 seconds.
Elapsed time is 25.885588 seconds.
Elapsed time is 25.255208 seconds.
Elapsed time is 25.377131 seconds.
Elapsed time is 25.852062 seconds.
Elapsed time is 27.848592 seconds.
Elapsed time is 25.649145 seconds.
Elapsed time is 25.321930 seconds.
Elapsed time is 25.908066 seconds.
Elapsed time is 25.963011 seconds.
Elapsed time is 24.725434 seconds.
Elapsed time is 26.475668 seconds.
Elapsed time is 25.403014 seconds.
Elapsed time is 26.106440 seconds.
Elapsed time is 26.124861 seconds.
Elapsed time is 26.967998 seconds.
Elapsed time is 25.044942 seconds.
Elapsed time is 26.098957 seconds.
Elapsed time is 26.049473 seconds.
Elapsed time is 24.764644 seconds.
Elapsed time is 27.165655 seconds.
Elapsed time is 26.554107 seconds.
Elapsed time is 25.648078 seconds.
Elapsed time is 25.564655 seconds.
Elapsed time is 26.609312 seconds.
Elapsed time is 26.290020 seconds.
Elapsed time is 26.145543 seconds.
Elapsed time is 26.580440 seconds.
Elapsed time is 25.397458 seconds.
Elapsed time is 25.007908 seconds.
Elapsed time is 26.166660 seconds.
Elapsed time is 25.589906 seconds.
Elapsed time is 25.407966 seconds.
Elapsed time is 25.873880 seconds.
Elapsed time is 28.074109 seconds.
Elapsed time is 25.241390 seconds.
Elapsed time is 28.137946 seconds.
Elapsed time is 25.474495 seconds.
Elapsed time is 26.918454 seconds.
Elapsed time is 24.993676 seconds.
Elapsed time is 27.910318 seconds.
Elapsed time is 25.039455 seconds.
Elapsed time is 25.362663 seconds.
Elapsed time is 24.843840 seconds.
Elapsed time is 27.732294 seconds.
Elapsed time is 24.870917 seconds.
Elapsed time is 25.948630 seconds.
Elapsed time is 25.564054 seconds.
Elapsed time is 27.199980 seconds.
Elapsed time is 24.743615 seconds.
Elapsed time is 27.632534 seconds.
Elapsed time is 25.140076 seconds.
Elapsed time is 26.313557 seconds.
Elapsed time is 24.654546 seconds.
Elapsed time is 28.370872 seconds.
Elapsed time is 25.132195 seconds.
Elapsed time is 25.444852 seconds.
Elapsed time is 24.955332 seconds.
Elapsed time is 25.844085 seconds.
Elapsed time is 25.270035 seconds.
Elapsed time is 26.110539 seconds.
Elapsed time is 25.994025 seconds.
Elapsed time is 25.343119 seconds.
Elapsed time is 27.627380 seconds.
Elapsed time is 28.475870 seconds.
Elapsed time is 25.776075 seconds.
Elapsed time is 25.216828 seconds.
Elapsed time is 25.791032 seconds.
Elapsed time is 26.470161 seconds.
Elapsed time is 25.691536 seconds.
Elapsed time is 25.438797 seconds.
Elapsed time is 28.758408 seconds.
Elapsed time is 25.122580 seconds.
Elapsed time is 25.623745 seconds.
Elapsed time is 26.205276 seconds.
Elapsed time is 26.919275 seconds.
Elapsed time is 25.381141 seconds.
     5         750          7441.5        8.95e+05        1e-07      0.0144294
Elapsed time is 26.507120 seconds.
Elapsed time is 28.587177 seconds.
Elapsed time is 26.280115 seconds.
Elapsed time is 24.794665 seconds.
Elapsed time is 25.626576 seconds.
Elapsed time is 25.449005 seconds.
Elapsed time is 25.362007 seconds.
Elapsed time is 26.142911 seconds.
Elapsed time is 29.267585 seconds.
Elapsed time is 25.585384 seconds.
Elapsed time is 25.196396 seconds.
Elapsed time is 29.575897 seconds.
Elapsed time is 27.302190 seconds.
Elapsed time is 25.094804 seconds.
Elapsed time is 25.555522 seconds.
Elapsed time is 26.082164 seconds.
Elapsed time is 25.409919 seconds.
Elapsed time is 26.081781 seconds.
Elapsed time is 26.373287 seconds.
Elapsed time is 25.042444 seconds.
Elapsed time is 25.272796 seconds.
Elapsed time is 31.335136 seconds.
Elapsed time is 26.296219 seconds.
Elapsed time is 26.391128 seconds.
Elapsed time is 24.856655 seconds.
Elapsed time is 27.334529 seconds.
Elapsed time is 26.309882 seconds.
Elapsed time is 26.779343 seconds.
Elapsed time is 24.936671 seconds.
Elapsed time is 27.299171 seconds.
Elapsed time is 24.970668 seconds.
Elapsed time is 26.261058 seconds.
Elapsed time is 24.884587 seconds.
Elapsed time is 26.138964 seconds.
Elapsed time is 24.653135 seconds.
Elapsed time is 28.303731 seconds.
Elapsed time is 25.390244 seconds.
Elapsed time is 27.445220 seconds.
Elapsed time is 25.024465 seconds.
Elapsed time is 30.538168 seconds.
Elapsed time is 24.683727 seconds.
Elapsed time is 27.749021 seconds.
Elapsed time is 25.080909 seconds.
Elapsed time is 28.630094 seconds.
Elapsed time is 26.192594 seconds.
Elapsed time is 27.772616 seconds.
Elapsed time is 24.852626 seconds.
Elapsed time is 25.740783 seconds.
Elapsed time is 26.403988 seconds.
Elapsed time is 31.624268 seconds.
Elapsed time is 25.004420 seconds.
Elapsed time is 27.154162 seconds.
Elapsed time is 25.221654 seconds.
Elapsed time is 26.186615 seconds.
Elapsed time is 25.603860 seconds.
Elapsed time is 26.288703 seconds.
Elapsed time is 25.086120 seconds.
Elapsed time is 25.631908 seconds.
Elapsed time is 28.116567 seconds.
Elapsed time is 25.319697 seconds.
Elapsed time is 26.999112 seconds.
Elapsed time is 25.737996 seconds.
Elapsed time is 29.524994 seconds.
Elapsed time is 25.609636 seconds.
Elapsed time is 25.215842 seconds.
Elapsed time is 25.855099 seconds.
Elapsed time is 25.350875 seconds.
Elapsed time is 26.026853 seconds.
Elapsed time is 25.700787 seconds.
Elapsed time is 26.051260 seconds.
Elapsed time is 25.371681 seconds.
Elapsed time is 26.812429 seconds.
Elapsed time is 25.956996 seconds.
Elapsed time is 25.199361 seconds.
Elapsed time is 25.139024 seconds.
Elapsed time is 26.129588 seconds.
Elapsed time is 25.522976 seconds.
Elapsed time is 26.315124 seconds.
Elapsed time is 25.793906 seconds.
Elapsed time is 25.269549 seconds.
Elapsed time is 25.144101 seconds.
Elapsed time is 26.774392 seconds.
Elapsed time is 29.828295 seconds.
Elapsed time is 26.797810 seconds.
Elapsed time is 25.210307 seconds.
Elapsed time is 26.666588 seconds.
Elapsed time is 26.258277 seconds.
Elapsed time is 24.969074 seconds.
Elapsed time is 25.599028 seconds.
Elapsed time is 25.507893 seconds.
Elapsed time is 25.175199 seconds.
Elapsed time is 25.829613 seconds.
Elapsed time is 28.586633 seconds.
Elapsed time is 26.449648 seconds.
Elapsed time is 25.318647 seconds.
Elapsed time is 27.516435 seconds.
Elapsed time is 26.328100 seconds.
Elapsed time is 24.976876 seconds.
Elapsed time is 25.210888 seconds.
Elapsed time is 26.410110 seconds.
Elapsed time is 25.503356 seconds.
Elapsed time is 25.225800 seconds.
Elapsed time is 26.934336 seconds.
Elapsed time is 25.881737 seconds.
Elapsed time is 25.816467 seconds.
Elapsed time is 27.534291 seconds.
Elapsed time is 26.851507 seconds.
Elapsed time is 25.172694 seconds.
Elapsed time is 26.203718 seconds.
Elapsed time is 26.876443 seconds.
Elapsed time is 25.975891 seconds.
Elapsed time is 24.891668 seconds.
Elapsed time is 25.397301 seconds.
Elapsed time is 25.493335 seconds.
Elapsed time is 25.377983 seconds.
Elapsed time is 26.143981 seconds.
Elapsed time is 26.291862 seconds.
Elapsed time is 25.116301 seconds.
Elapsed time is 25.572493 seconds.
Elapsed time is 25.888396 seconds.
Elapsed time is 26.292081 seconds.
Elapsed time is 24.583149 seconds.
Elapsed time is 25.888815 seconds.
Elapsed time is 26.373455 seconds.
Elapsed time is 25.009051 seconds.
     6         875         7153.63        4.82e+05        1e-08      0.0083976
Elapsed time is 26.235298 seconds.
Elapsed time is 25.895619 seconds.
Elapsed time is 24.955213 seconds.
Elapsed time is 25.702100 seconds.
Elapsed time is 25.872086 seconds.
Elapsed time is 25.753011 seconds.
Elapsed time is 24.855906 seconds.
Elapsed time is 27.740201 seconds.
Elapsed time is 25.657025 seconds.
Elapsed time is 25.398189 seconds.
Elapsed time is 26.122685 seconds.
Elapsed time is 25.310999 seconds.
Elapsed time is 24.918645 seconds.
Elapsed time is 28.389688 seconds.
Elapsed time is 27.325346 seconds.
Elapsed time is 25.435826 seconds.
Elapsed time is 25.892789 seconds.
Elapsed time is 27.386579 seconds.
Elapsed time is 25.991192 seconds.
Elapsed time is 25.976035 seconds.
Elapsed time is 26.009473 seconds.
Elapsed time is 25.237418 seconds.
Elapsed time is 25.824066 seconds.
Elapsed time is 26.200388 seconds.
Elapsed time is 24.941384 seconds.
Elapsed time is 25.585432 seconds.
Elapsed time is 26.807256 seconds.
Elapsed time is 26.813222 seconds.
Elapsed time is 24.583474 seconds.
Elapsed time is 26.588724 seconds.
Elapsed time is 26.096201 seconds.
Elapsed time is 25.589567 seconds.
Elapsed time is 25.516871 seconds.
Elapsed time is 25.611071 seconds.
Elapsed time is 24.893964 seconds.
Elapsed time is 25.595291 seconds.
Elapsed time is 26.613571 seconds.
Elapsed time is 24.898015 seconds.
Elapsed time is 25.068995 seconds.
Elapsed time is 27.385640 seconds.
Elapsed time is 27.124890 seconds.
Elapsed time is 24.880351 seconds.
Elapsed time is 26.403148 seconds.
Elapsed time is 25.478708 seconds.
Elapsed time is 25.752543 seconds.
Elapsed time is 25.350818 seconds.
Elapsed time is 28.520331 seconds.
Elapsed time is 25.200425 seconds.
Elapsed time is 25.157708 seconds.
Elapsed time is 25.855276 seconds.
Elapsed time is 26.401472 seconds.
Elapsed time is 24.650316 seconds.
Elapsed time is 26.302890 seconds.
Elapsed time is 25.479795 seconds.
Elapsed time is 25.401842 seconds.
Elapsed time is 28.728574 seconds.
Elapsed time is 30.998003 seconds.
Elapsed time is 24.930296 seconds.
Elapsed time is 25.526659 seconds.
Elapsed time is 26.281081 seconds.
Elapsed time is 25.044289 seconds.
Elapsed time is 25.630108 seconds.
Elapsed time is 25.246009 seconds.
Elapsed time is 25.072629 seconds.
Elapsed time is 26.051186 seconds.
Elapsed time is 29.338984 seconds.
Elapsed time is 24.855909 seconds.
Elapsed time is 25.671079 seconds.
Elapsed time is 25.308560 seconds.
Elapsed time is 25.864077 seconds.
Elapsed time is 27.845684 seconds.
Elapsed time is 26.981750 seconds.
Elapsed time is 24.680179 seconds.
Elapsed time is 25.897800 seconds.
Elapsed time is 26.326979 seconds.
Elapsed time is 26.173329 seconds.
Elapsed time is 25.721014 seconds.
Elapsed time is 27.546971 seconds.
Elapsed time is 26.528074 seconds.
Elapsed time is 25.746877 seconds.
Elapsed time is 26.461788 seconds.
Elapsed time is 25.350122 seconds.
Elapsed time is 25.106390 seconds.
Elapsed time is 25.454400 seconds.
Elapsed time is 25.463214 seconds.
Elapsed time is 25.150995 seconds.
Elapsed time is 25.965948 seconds.
Elapsed time is 27.448098 seconds.
Elapsed time is 25.282833 seconds.
Elapsed time is 25.481303 seconds.
Elapsed time is 27.079435 seconds.
Elapsed time is 25.246125 seconds.
Elapsed time is 25.876496 seconds.
Elapsed time is 25.341612 seconds.
Elapsed time is 25.095123 seconds.
Elapsed time is 25.173948 seconds.
Elapsed time is 27.051881 seconds.
Elapsed time is 24.947381 seconds.
Elapsed time is 25.359442 seconds.
Elapsed time is 25.918146 seconds.
Elapsed time is 30.049535 seconds.
Elapsed time is 25.596099 seconds.
Elapsed time is 25.757759 seconds.
Elapsed time is 26.837544 seconds.
Elapsed time is 25.426160 seconds.
Elapsed time is 25.478631 seconds.
Elapsed time is 25.507039 seconds.
Elapsed time is 25.325026 seconds.
Elapsed time is 24.969376 seconds.
Elapsed time is 27.172253 seconds.
Elapsed time is 25.341385 seconds.
Elapsed time is 25.381333 seconds.
Elapsed time is 25.755680 seconds.
Elapsed time is 28.450531 seconds.
Elapsed time is 25.670098 seconds.
Elapsed time is 25.945487 seconds.
Elapsed time is 25.230741 seconds.
Elapsed time is 25.864992 seconds.
Elapsed time is 25.551617 seconds.
Elapsed time is 26.184221 seconds.
Elapsed time is 24.918634 seconds.
Elapsed time is 25.839183 seconds.
Elapsed time is 26.969846 seconds.
Elapsed time is 27.668909 seconds.
Elapsed time is 25.903333 seconds.
     7        1000          7041.4        2.31e+05        1e-09      0.0107575
Elapsed time is 25.121759 seconds.
Elapsed time is 27.517653 seconds.
Elapsed time is 29.482266 seconds.
Elapsed time is 25.563384 seconds.
Elapsed time is 25.826796 seconds.
Elapsed time is 25.256166 seconds.
Elapsed time is 25.080612 seconds.
Elapsed time is 25.254976 seconds.
Elapsed time is 26.956407 seconds.
Elapsed time is 25.187811 seconds.
Elapsed time is 25.068106 seconds.
Elapsed time is 26.022032 seconds.
Elapsed time is 28.802603 seconds.
Elapsed time is 26.141510 seconds.
Elapsed time is 25.789598 seconds.
Elapsed time is 25.809223 seconds.
Elapsed time is 25.409650 seconds.
Elapsed time is 25.406151 seconds.
Elapsed time is 26.382716 seconds.
Elapsed time is 25.006320 seconds.
Elapsed time is 25.231654 seconds.
Elapsed time is 26.439996 seconds.
Elapsed time is 26.681582 seconds.
Elapsed time is 24.823569 seconds.
Elapsed time is 26.196460 seconds.
Elapsed time is 27.146254 seconds.
Elapsed time is 26.013253 seconds.
Elapsed time is 25.754212 seconds.
Elapsed time is 26.114601 seconds.
Elapsed time is 25.178576 seconds.
Elapsed time is 25.532061 seconds.
Elapsed time is 26.951163 seconds.
Elapsed time is 25.330641 seconds.
Elapsed time is 25.293693 seconds.
Elapsed time is 29.580511 seconds.
Elapsed time is 28.509973 seconds.
Elapsed time is 25.426568 seconds.
Elapsed time is 26.629408 seconds.
Elapsed time is 25.827446 seconds.
Elapsed time is 25.647028 seconds.
Elapsed time is 26.302999 seconds.
Elapsed time is 27.751230 seconds.
Elapsed time is 24.696801 seconds.
Elapsed time is 25.281351 seconds.
Elapsed time is 25.612268 seconds.
Elapsed time is 28.493921 seconds.
Elapsed time is 24.960949 seconds.
Elapsed time is 30.691618 seconds.
Elapsed time is 26.169287 seconds.
Elapsed time is 25.876233 seconds.
Elapsed time is 25.814773 seconds.
Elapsed time is 26.678155 seconds.
Elapsed time is 24.917080 seconds.
Elapsed time is 25.331556 seconds.
Elapsed time is 27.455409 seconds.
Elapsed time is 27.170200 seconds.
Elapsed time is 25.592977 seconds.
Elapsed time is 25.765359 seconds.
Elapsed time is 27.128427 seconds.
Elapsed time is 25.342855 seconds.
Elapsed time is 27.691037 seconds.
Elapsed time is 26.404037 seconds.
Elapsed time is 25.403689 seconds.
Elapsed time is 26.262973 seconds.
Elapsed time is 26.034272 seconds.
Elapsed time is 24.547614 seconds.
Elapsed time is 26.684562 seconds.
Elapsed time is 25.319100 seconds.
Elapsed time is 26.567775 seconds.
Elapsed time is 25.183918 seconds.
Elapsed time is 25.901460 seconds.
Elapsed time is 24.682185 seconds.
Elapsed time is 25.739014 seconds.
Elapsed time is 29.493204 seconds.
Elapsed time is 25.588810 seconds.
Elapsed time is 25.322143 seconds.
Elapsed time is 26.670584 seconds.
Elapsed time is 26.420712 seconds.
Elapsed time is 25.291589 seconds.
Elapsed time is 26.916040 seconds.
Elapsed time is 25.048877 seconds.
Elapsed time is 25.217982 seconds.
Elapsed time is 25.552818 seconds.
Elapsed time is 26.477847 seconds.
Elapsed time is 24.919959 seconds.
Elapsed time is 28.650789 seconds.
Elapsed time is 26.549274 seconds.
Elapsed time is 26.563480 seconds.
Elapsed time is 24.965649 seconds.
Elapsed time is 27.251305 seconds.
Elapsed time is 25.187515 seconds.
Elapsed time is 26.201890 seconds.
Elapsed time is 25.539607 seconds.
Elapsed time is 26.938445 seconds.
Elapsed time is 25.209084 seconds.
Elapsed time is 28.852710 seconds.
Elapsed time is 26.814011 seconds.
Elapsed time is 25.226646 seconds.
Elapsed time is 25.368381 seconds.
Elapsed time is 26.360290 seconds.
Elapsed time is 25.246953 seconds.
Elapsed time is 25.763195 seconds.
Elapsed time is 25.604067 seconds.
Elapsed time is 25.142848 seconds.
Elapsed time is 26.274076 seconds.
Elapsed time is 27.617662 seconds.
Elapsed time is 26.603075 seconds.
Elapsed time is 25.458251 seconds.
Elapsed time is 27.636829 seconds.
Elapsed time is 26.604539 seconds.
Elapsed time is 25.401384 seconds.
Elapsed time is 25.247295 seconds.
Elapsed time is 26.554389 seconds.
Elapsed time is 25.227918 seconds.
Elapsed time is 26.156885 seconds.
Elapsed time is 25.888788 seconds.
Elapsed time is 25.497900 seconds.
Elapsed time is 26.714633 seconds.
Elapsed time is 25.656638 seconds.
Elapsed time is 25.372870 seconds.
Elapsed time is 25.101774 seconds.
Elapsed time is 27.478232 seconds.
Elapsed time is 24.980505 seconds.
Elapsed time is 25.657501 seconds.
Elapsed time is 25.385348 seconds.
     8        1125         6871.58         1.9e+05        1e-10      0.0117046
Elapsed time is 28.024861 seconds.
Elapsed time is 24.963034 seconds.
Elapsed time is 28.021758 seconds.
Elapsed time is 25.952697 seconds.
Elapsed time is 27.087473 seconds.
Elapsed time is 25.706750 seconds.
Elapsed time is 27.351049 seconds.
Elapsed time is 26.186506 seconds.
Elapsed time is 25.831557 seconds.
Elapsed time is 25.274833 seconds.
Elapsed time is 28.820019 seconds.
Elapsed time is 24.856391 seconds.
Elapsed time is 26.438020 seconds.
Elapsed time is 25.660168 seconds.
Elapsed time is 26.349500 seconds.
Elapsed time is 24.824169 seconds.
Elapsed time is 31.376450 seconds.
Elapsed time is 25.151036 seconds.
Elapsed time is 25.798981 seconds.
Elapsed time is 26.200649 seconds.
Elapsed time is 28.339028 seconds.
Elapsed time is 24.817352 seconds.
Elapsed time is 30.030335 seconds.
Elapsed time is 25.921000 seconds.
Elapsed time is 27.391902 seconds.
Elapsed time is 25.226603 seconds.
Elapsed time is 26.384700 seconds.
Elapsed time is 25.255863 seconds.
Elapsed time is 26.195401 seconds.
Elapsed time is 25.735418 seconds.
Elapsed time is 26.012657 seconds.
Elapsed time is 25.205452 seconds.
Elapsed time is 28.155061 seconds.
Elapsed time is 25.762010 seconds.
Elapsed time is 25.074246 seconds.
Elapsed time is 25.246920 seconds.
Elapsed time is 26.352860 seconds.
Elapsed time is 24.912441 seconds.
Elapsed time is 26.405352 seconds.
Elapsed time is 25.817539 seconds.
Elapsed time is 25.276562 seconds.
Elapsed time is 26.176523 seconds.
Elapsed time is 26.339758 seconds.
Elapsed time is 25.953030 seconds.
Elapsed time is 25.069159 seconds.
Elapsed time is 25.715415 seconds.
Elapsed time is 27.576247 seconds.
Elapsed time is 25.131008 seconds.
Elapsed time is 26.468493 seconds.
Elapsed time is 27.165596 seconds.
Elapsed time is 25.775505 seconds.
Elapsed time is 25.351498 seconds.
Elapsed time is 27.980707 seconds.
Elapsed time is 25.709351 seconds.
Elapsed time is 25.358532 seconds.
Elapsed time is 26.131959 seconds.
Elapsed time is 29.026650 seconds.
Elapsed time is 26.477521 seconds.
Elapsed time is 25.081310 seconds.
Elapsed time is 25.137976 seconds.
Elapsed time is 26.143427 seconds.
Elapsed time is 25.167411 seconds.
Elapsed time is 25.642343 seconds.
Elapsed time is 25.729829 seconds.
Elapsed time is 25.342605 seconds.
Elapsed time is 24.957998 seconds.
Elapsed time is 27.273259 seconds.
Elapsed time is 26.705581 seconds.
Elapsed time is 25.371010 seconds.
Elapsed time is 24.905518 seconds.
Elapsed time is 25.827279 seconds.
Elapsed time is 25.833040 seconds.
Elapsed time is 25.112510 seconds.
Elapsed time is 25.298904 seconds.
Elapsed time is 25.304971 seconds.
Elapsed time is 25.247066 seconds.
Elapsed time is 26.127395 seconds.
Elapsed time is 27.664668 seconds.
Elapsed time is 26.195008 seconds.
Elapsed time is 24.882907 seconds.
Elapsed time is 30.893100 seconds.
Elapsed time is 26.005811 seconds.
Elapsed time is 25.548197 seconds.
Elapsed time is 25.210895 seconds.
Elapsed time is 25.595995 seconds.
Elapsed time is 25.288089 seconds.
Elapsed time is 25.954955 seconds.
Elapsed time is 26.516617 seconds.
Elapsed time is 26.767418 seconds.
Elapsed time is 24.911979 seconds.
Elapsed time is 27.658239 seconds.
Elapsed time is 26.877254 seconds.
Elapsed time is 25.549364 seconds.
Elapsed time is 25.518380 seconds.
Elapsed time is 25.375616 seconds.
Elapsed time is 24.885987 seconds.
Elapsed time is 25.526457 seconds.
Elapsed time is 25.964944 seconds.
Elapsed time is 25.959128 seconds.
Elapsed time is 24.601596 seconds.
Elapsed time is 25.942652 seconds.
Elapsed time is 30.426032 seconds.
Elapsed time is 26.713504 seconds.
Elapsed time is 24.879460 seconds.
Elapsed time is 26.129339 seconds.
Elapsed time is 24.881852 seconds.
Elapsed time is 25.438681 seconds.
Elapsed time is 25.951368 seconds.
Elapsed time is 27.351180 seconds.
Elapsed time is 25.158799 seconds.
Elapsed time is 25.271782 seconds.
Elapsed time is 25.881088 seconds.
Elapsed time is 26.236275 seconds.
Elapsed time is 24.819068 seconds.
Elapsed time is 25.960590 seconds.
Elapsed time is 25.198053 seconds.
Elapsed time is 25.111415 seconds.
Elapsed time is 26.228324 seconds.
Elapsed time is 26.755143 seconds.
Elapsed time is 24.749142 seconds.
Elapsed time is 26.147402 seconds.
Elapsed time is 26.478557 seconds.
Elapsed time is 25.920510 seconds.
Elapsed time is 25.825380 seconds.
Elapsed time is 25.463870 seconds.
     9        1250         6781.72        4.84e+06        1e-11      0.0127913
Elapsed time is 24.879042 seconds.
Elapsed time is 25.680334 seconds.
Elapsed time is 25.990745 seconds.
Elapsed time is 26.541998 seconds.
Elapsed time is 24.977611 seconds.
Elapsed time is 26.060742 seconds.
Elapsed time is 26.507572 seconds.
Elapsed time is 25.788437 seconds.
Elapsed time is 25.933035 seconds.
Elapsed time is 26.199050 seconds.
Elapsed time is 25.485617 seconds.
Elapsed time is 25.436089 seconds.
Elapsed time is 27.518338 seconds.
Elapsed time is 24.690406 seconds.
Elapsed time is 25.401176 seconds.
Elapsed time is 25.621859 seconds.
Elapsed time is 26.266320 seconds.
Elapsed time is 24.817991 seconds.
Elapsed time is 25.925017 seconds.
Elapsed time is 25.736346 seconds.
Elapsed time is 26.450615 seconds.
Elapsed time is 26.172594 seconds.
Elapsed time is 26.287365 seconds.
Elapsed time is 24.979325 seconds.
Elapsed time is 27.803298 seconds.
Elapsed time is 26.241545 seconds.
Elapsed time is 25.855845 seconds.
Elapsed time is 24.632104 seconds.
Elapsed time is 26.203602 seconds.
Elapsed time is 25.910315 seconds.
Elapsed time is 25.852287 seconds.
Elapsed time is 26.827106 seconds.
Elapsed time is 26.606316 seconds.
Elapsed time is 25.181656 seconds.
Elapsed time is 25.687354 seconds.
Elapsed time is 26.284632 seconds.
Elapsed time is 25.309698 seconds.
Elapsed time is 24.888944 seconds.
Elapsed time is 28.094778 seconds.
Elapsed time is 26.260108 seconds.
Elapsed time is 25.479334 seconds.
Elapsed time is 25.765474 seconds.
Elapsed time is 25.671895 seconds.
Elapsed time is 25.226868 seconds.
Elapsed time is 26.272216 seconds.
Elapsed time is 25.853291 seconds.
Elapsed time is 25.191862 seconds.
Elapsed time is 25.166467 seconds.
Elapsed time is 27.245501 seconds.
Elapsed time is 25.247282 seconds.
Elapsed time is 25.748812 seconds.
Elapsed time is 25.573250 seconds.
Elapsed time is 26.915260 seconds.
Elapsed time is 25.218824 seconds.
Elapsed time is 26.475886 seconds.
Elapsed time is 25.261288 seconds.
Elapsed time is 25.369438 seconds.
Elapsed time is 26.887845 seconds.
Elapsed time is 25.976059 seconds.
Elapsed time is 25.159615 seconds.
Elapsed time is 26.303297 seconds.
Elapsed time is 29.509488 seconds.
Elapsed time is 26.176268 seconds.
Elapsed time is 25.357187 seconds.
Elapsed time is 25.308779 seconds.
Elapsed time is 26.030101 seconds.
Elapsed time is 24.750155 seconds.
Elapsed time is 25.909077 seconds.
Elapsed time is 25.147181 seconds.
Elapsed time is 27.003242 seconds.
Elapsed time is 25.780792 seconds.
Elapsed time is 28.233846 seconds.
Elapsed time is 25.273040 seconds.
Elapsed time is 26.265583 seconds.
Elapsed time is 26.273195 seconds.
Elapsed time is 29.809813 seconds.
Elapsed time is 24.822244 seconds.
Elapsed time is 25.391526 seconds.
Elapsed time is 26.145329 seconds.
Elapsed time is 26.516674 seconds.
Elapsed time is 25.795135 seconds.
Elapsed time is 27.740360 seconds.
Elapsed time is 25.588872 seconds.
Elapsed time is 25.341326 seconds.
Elapsed time is 25.495510 seconds.
Elapsed time is 28.325392 seconds.
Elapsed time is 24.761222 seconds.
Elapsed time is 25.697123 seconds.
Elapsed time is 26.073999 seconds.
Elapsed time is 26.395856 seconds.
Elapsed time is 24.667203 seconds.
Elapsed time is 26.816037 seconds.
Elapsed time is 24.874680 seconds.
Elapsed time is 26.165499 seconds.
Elapsed time is 25.981683 seconds.
Elapsed time is 26.499213 seconds.
Elapsed time is 24.855551 seconds.
Elapsed time is 26.544281 seconds.
Elapsed time is 25.968287 seconds.
Elapsed time is 25.662490 seconds.
Elapsed time is 25.868847 seconds.
Elapsed time is 27.035200 seconds.
Elapsed time is 25.527535 seconds.
Elapsed time is 25.407922 seconds.
Elapsed time is 25.713216 seconds.
Elapsed time is 26.848859 seconds.
Elapsed time is 26.258905 seconds.
Elapsed time is 26.092937 seconds.
Elapsed time is 25.953200 seconds.
Elapsed time is 24.811664 seconds.
Elapsed time is 27.300598 seconds.
Elapsed time is 26.228159 seconds.
Elapsed time is 25.783580 seconds.
Elapsed time is 24.705986 seconds.
Elapsed time is 27.950228 seconds.
Elapsed time is 26.632359 seconds.
Elapsed time is 26.459925 seconds.
Elapsed time is 24.998258 seconds.
Elapsed time is 27.434664 seconds.
Elapsed time is 24.667072 seconds.
Elapsed time is 26.910490 seconds.
Elapsed time is 25.048275 seconds.
Elapsed time is 25.852435 seconds.
Elapsed time is 24.803938 seconds.
Elapsed time is 32.378757 seconds.
    10        1375         6720.61        1.36e+05        1e-12     0.00819801
Elapsed time is 25.583239 seconds.
Elapsed time is 25.578953 seconds.
Elapsed time is 24.722299 seconds.
Elapsed time is 30.171481 seconds.
Elapsed time is 24.934429 seconds.
Elapsed time is 26.299220 seconds.
Elapsed time is 25.705232 seconds.
Elapsed time is 26.406534 seconds.
Elapsed time is 24.622484 seconds.
Elapsed time is 29.854079 seconds.
Elapsed time is 25.570542 seconds.
Elapsed time is 25.339044 seconds.
Elapsed time is 24.898914 seconds.
Elapsed time is 27.402387 seconds.
Elapsed time is 25.458231 seconds.
Elapsed time is 25.595117 seconds.
Elapsed time is 26.132088 seconds.
Elapsed time is 25.507926 seconds.
Elapsed time is 25.092079 seconds.
Elapsed time is 25.994660 seconds.
Elapsed time is 25.399292 seconds.
Elapsed time is 24.928931 seconds.
Elapsed time is 27.228221 seconds.
Elapsed time is 26.157907 seconds.
Elapsed time is 25.995023 seconds.
Elapsed time is 25.038311 seconds.
Elapsed time is 26.419292 seconds.
Elapsed time is 26.075966 seconds.
Elapsed time is 25.133175 seconds.
Elapsed time is 25.095613 seconds.
Elapsed time is 25.494140 seconds.
Elapsed time is 24.907119 seconds.
Elapsed time is 27.616728 seconds.
Elapsed time is 25.407526 seconds.
Elapsed time is 25.366219 seconds.
Elapsed time is 27.733706 seconds.
Elapsed time is 29.351304 seconds.
Elapsed time is 26.206294 seconds.
Elapsed time is 25.129667 seconds.
Elapsed time is 26.515153 seconds.
Elapsed time is 25.414371 seconds.
Elapsed time is 25.739286 seconds.
Elapsed time is 25.742619 seconds.
Elapsed time is 26.115588 seconds.
Elapsed time is 24.986449 seconds.
Elapsed time is 25.929918 seconds.
Elapsed time is 27.480189 seconds.
Elapsed time is 25.585158 seconds.
Elapsed time is 25.317143 seconds.
Elapsed time is 26.535136 seconds.
Elapsed time is 25.788032 seconds.
Elapsed time is 25.041375 seconds.
Elapsed time is 25.662404 seconds.
Elapsed time is 25.497743 seconds.
Elapsed time is 25.349426 seconds.
Elapsed time is 25.596110 seconds.
Elapsed time is 26.509935 seconds.
Elapsed time is 26.035135 seconds.
Elapsed time is 25.474681 seconds.
Elapsed time is 26.945821 seconds.
Elapsed time is 26.534733 seconds.
Elapsed time is 24.965836 seconds.
Elapsed time is 25.460814 seconds.
Elapsed time is 27.231682 seconds.
Elapsed time is 24.942985 seconds.
Elapsed time is 25.379489 seconds.
Elapsed time is 26.880574 seconds.
Elapsed time is 26.608461 seconds.
Elapsed time is 25.687780 seconds.
Elapsed time is 26.701285 seconds.
Elapsed time is 25.640325 seconds.
Elapsed time is 25.430262 seconds.
Elapsed time is 25.400244 seconds.
Elapsed time is 26.956570 seconds.
Elapsed time is 24.890959 seconds.
Elapsed time is 27.334279 seconds.
Elapsed time is 26.077078 seconds.
Elapsed time is 25.911966 seconds.
Elapsed time is 25.565826 seconds.
Elapsed time is 26.321686 seconds.
Elapsed time is 25.989129 seconds.
Elapsed time is 25.335586 seconds.
Elapsed time is 25.989354 seconds.
Elapsed time is 25.369711 seconds.
Elapsed time is 25.196110 seconds.
Elapsed time is 27.983803 seconds.
Elapsed time is 25.923617 seconds.
Elapsed time is 25.023098 seconds.
Elapsed time is 25.536065 seconds.
Elapsed time is 27.815578 seconds.
Elapsed time is 25.159123 seconds.
Elapsed time is 25.096655 seconds.
Elapsed time is 25.841994 seconds.
Elapsed time is 25.290447 seconds.
Elapsed time is 25.313997 seconds.
Elapsed time is 26.223579 seconds.
Elapsed time is 26.389491 seconds.
Elapsed time is 25.153300 seconds.
Elapsed time is 26.218806 seconds.
Elapsed time is 27.388337 seconds.
Elapsed time is 25.485641 seconds.
Elapsed time is 24.771923 seconds.
Elapsed time is 26.601443 seconds.
Elapsed time is 25.748965 seconds.
Elapsed time is 25.076026 seconds.
Elapsed time is 26.122146 seconds.
Elapsed time is 26.126675 seconds.
Elapsed time is 25.278562 seconds.
Elapsed time is 25.931083 seconds.
Elapsed time is 26.269836 seconds.
Elapsed time is 25.467046 seconds.
Elapsed time is 25.223818 seconds.
Elapsed time is 28.860395 seconds.
Elapsed time is 25.597829 seconds.
Elapsed time is 24.789702 seconds.
Elapsed time is 26.579854 seconds.
Elapsed time is 26.850712 seconds.
Elapsed time is 25.513859 seconds.
Elapsed time is 25.044473 seconds.
Elapsed time is 26.921430 seconds.
Elapsed time is 25.255717 seconds.
Elapsed time is 25.503424 seconds.
Elapsed time is 25.618718 seconds.
Elapsed time is 24.770970 seconds.
Elapsed time is 25.404750 seconds.
    11        1500         6656.58        8.76e+06        1e-13      0.0117601
Elapsed time is 26.340578 seconds.
Elapsed time is 28.886049 seconds.
Elapsed time is 25.233027 seconds.
Elapsed time is 25.093661 seconds.
Elapsed time is 26.664569 seconds.
Elapsed time is 26.571456 seconds.
Elapsed time is 25.309483 seconds.
Elapsed time is 25.403621 seconds.
Elapsed time is 24.973892 seconds.
Elapsed time is 25.039476 seconds.
Elapsed time is 26.450195 seconds.
Elapsed time is 26.196182 seconds.
Elapsed time is 24.792954 seconds.
Elapsed time is 25.493350 seconds.
Elapsed time is 27.999231 seconds.
Elapsed time is 29.508697 seconds.
Elapsed time is 24.877196 seconds.
Elapsed time is 25.639452 seconds.
Elapsed time is 25.689670 seconds.
Elapsed time is 25.063266 seconds.
Elapsed time is 25.424102 seconds.
Elapsed time is 25.455242 seconds.
Elapsed time is 25.306522 seconds.
Elapsed time is 25.861023 seconds.
Elapsed time is 29.904614 seconds.
Elapsed time is 25.933907 seconds.
Elapsed time is 25.173910 seconds.
Elapsed time is 26.013569 seconds.
Elapsed time is 26.252514 seconds.
Elapsed time is 24.706877 seconds.
Elapsed time is 25.674102 seconds.
Elapsed time is 25.708745 seconds.
Elapsed time is 25.531253 seconds.
Elapsed time is 26.208706 seconds.
Elapsed time is 26.258221 seconds.
Elapsed time is 25.533093 seconds.
Elapsed time is 25.533997 seconds.
Elapsed time is 27.908804 seconds.
Elapsed time is 25.997238 seconds.
Elapsed time is 24.839989 seconds.
Elapsed time is 25.731141 seconds.
Elapsed time is 27.429338 seconds.
Elapsed time is 25.404717 seconds.
Elapsed time is 25.613342 seconds.
Elapsed time is 25.378472 seconds.
Elapsed time is 26.176434 seconds.
Elapsed time is 25.850180 seconds.
Elapsed time is 27.214112 seconds.
Elapsed time is 25.704931 seconds.
Elapsed time is 24.978562 seconds.
Elapsed time is 25.916992 seconds.
Elapsed time is 26.254631 seconds.
Elapsed time is 25.402410 seconds.
Elapsed time is 25.250063 seconds.
Elapsed time is 26.323781 seconds.
Elapsed time is 26.379559 seconds.
Elapsed time is 25.461935 seconds.
Elapsed time is 25.678600 seconds.
Elapsed time is 26.889385 seconds.
Elapsed time is 25.005734 seconds.
Elapsed time is 27.182068 seconds.
Elapsed time is 26.800430 seconds.
Elapsed time is 24.815930 seconds.
Elapsed time is 25.659403 seconds.
Elapsed time is 25.970098 seconds.
Elapsed time is 26.237010 seconds.
Elapsed time is 24.649440 seconds.
Elapsed time is 26.200856 seconds.
Elapsed time is 25.437489 seconds.
Elapsed time is 25.522402 seconds.
Elapsed time is 25.939083 seconds.
Elapsed time is 26.207737 seconds.
Elapsed time is 24.755126 seconds.
Elapsed time is 25.755601 seconds.
Elapsed time is 26.330201 seconds.
Elapsed time is 25.595825 seconds.
Elapsed time is 24.912737 seconds.
Elapsed time is 30.185869 seconds.
Elapsed time is 26.459138 seconds.
Elapsed time is 27.397942 seconds.
Elapsed time is 25.296990 seconds.
Elapsed time is 28.066170 seconds.
Elapsed time is 25.445025 seconds.
Elapsed time is 25.935802 seconds.
Elapsed time is 26.077122 seconds.
Elapsed time is 24.833961 seconds.
Elapsed time is 25.741761 seconds.
Elapsed time is 25.592259 seconds.
Elapsed time is 29.272670 seconds.
Elapsed time is 24.729895 seconds.
Elapsed time is 26.203020 seconds.
Elapsed time is 26.380588 seconds.
Elapsed time is 27.595074 seconds.
Elapsed time is 25.001579 seconds.
Elapsed time is 27.276518 seconds.
Elapsed time is 25.815962 seconds.
Elapsed time is 25.784793 seconds.
Elapsed time is 24.874418 seconds.
Elapsed time is 26.268521 seconds.
Elapsed time is 25.069142 seconds.
Elapsed time is 30.885528 seconds.
Elapsed time is 25.380274 seconds.
Elapsed time is 25.944353 seconds.
Elapsed time is 25.093879 seconds.
Elapsed time is 29.966615 seconds.
Elapsed time is 25.181807 seconds.
Elapsed time is 24.889209 seconds.
Elapsed time is 25.546692 seconds.
Elapsed time is 27.061380 seconds.
Elapsed time is 25.025092 seconds.
Elapsed time is 25.433769 seconds.
Elapsed time is 25.839185 seconds.
Elapsed time is 25.776577 seconds.
Elapsed time is 26.099518 seconds.
Elapsed time is 27.078316 seconds.
Elapsed time is 25.533289 seconds.
Elapsed time is 24.911023 seconds.
Elapsed time is 27.797564 seconds.
Elapsed time is 26.145092 seconds.
Elapsed time is 25.339668 seconds.
Elapsed time is 25.713720 seconds.
Elapsed time is 28.160872 seconds.
Elapsed time is 25.063318 seconds.
Elapsed time is 26.054549 seconds.
Elapsed time is 25.263362 seconds.
    12        1625         6611.99        2.22e+06        1e-14     0.00991336
Elapsed time is 28.630224 seconds.
Elapsed time is 25.375308 seconds.
Elapsed time is 25.725963 seconds.
Elapsed time is 25.160129 seconds.
Elapsed time is 25.232405 seconds.
Elapsed time is 25.333229 seconds.
Elapsed time is 28.113002 seconds.
Elapsed time is 25.115042 seconds.
Elapsed time is 25.849738 seconds.
Elapsed time is 25.506002 seconds.
Elapsed time is 29.142889 seconds.
Elapsed time is 24.449387 seconds.
Elapsed time is 27.087443 seconds.
Elapsed time is 24.692440 seconds.
Elapsed time is 26.312980 seconds.
Elapsed time is 25.225160 seconds.
Elapsed time is 26.759405 seconds.
Elapsed time is 25.042032 seconds.
Elapsed time is 25.553862 seconds.
Elapsed time is 28.223145 seconds.
Elapsed time is 26.133672 seconds.
Elapsed time is 24.842447 seconds.
Elapsed time is 26.383204 seconds.
Elapsed time is 28.110752 seconds.
Elapsed time is 25.431484 seconds.
Elapsed time is 26.721599 seconds.
Elapsed time is 26.307513 seconds.
Elapsed time is 26.735889 seconds.
Elapsed time is 25.322783 seconds.
Elapsed time is 26.166888 seconds.
Elapsed time is 25.156683 seconds.
Elapsed time is 25.280506 seconds.
Elapsed time is 26.448092 seconds.
Elapsed time is 28.457012 seconds.
Elapsed time is 25.121631 seconds.
Elapsed time is 25.412147 seconds.
Elapsed time is 25.582221 seconds.
Elapsed time is 30.124831 seconds.
Elapsed time is 25.485294 seconds.
Elapsed time is 25.312325 seconds.
Elapsed time is 25.726930 seconds.
Elapsed time is 25.946278 seconds.
Elapsed time is 24.900779 seconds.
Elapsed time is 25.975199 seconds.
Elapsed time is 25.391703 seconds.
Elapsed time is 24.949187 seconds.
Elapsed time is 28.498598 seconds.
Elapsed time is 27.581211 seconds.
Elapsed time is 26.446539 seconds.
Elapsed time is 25.119162 seconds.
Elapsed time is 26.100723 seconds.
Elapsed time is 27.231783 seconds.
Elapsed time is 24.934865 seconds.
Elapsed time is 25.650298 seconds.
Elapsed time is 26.950959 seconds.
Elapsed time is 25.136873 seconds.
Elapsed time is 27.958581 seconds.
Elapsed time is 26.327478 seconds.
Elapsed time is 25.921883 seconds.
Elapsed time is 25.128053 seconds.
Elapsed time is 31.752734 seconds.
Elapsed time is 26.402515 seconds.
Elapsed time is 25.305703 seconds.
Elapsed time is 24.877125 seconds.
Elapsed time is 29.096721 seconds.
Elapsed time is 24.959136 seconds.
Elapsed time is 27.177085 seconds.
Elapsed time is 25.492373 seconds.
Elapsed time is 26.349921 seconds.
Elapsed time is 25.059787 seconds.
Elapsed time is 26.770993 seconds.
Elapsed time is 25.141949 seconds.
Elapsed time is 25.221721 seconds.
Elapsed time is 25.391647 seconds.
Elapsed time is 25.815427 seconds.
Elapsed time is 24.623603 seconds.
Elapsed time is 27.742979 seconds.
Elapsed time is 28.874518 seconds.
Elapsed time is 27.455648 seconds.
Elapsed time is 25.282521 seconds.
Elapsed time is 25.494426 seconds.
Elapsed time is 26.279632 seconds.
Elapsed time is 25.737761 seconds.
Elapsed time is 25.313012 seconds.
Elapsed time is 25.266274 seconds.
Elapsed time is 25.071503 seconds.
Elapsed time is 25.233173 seconds.
Elapsed time is 26.323020 seconds.
Elapsed time is 25.308734 seconds.
Elapsed time is 24.808365 seconds.
Elapsed time is 26.046859 seconds.
Elapsed time is 29.962094 seconds.
Elapsed time is 25.632035 seconds.
Elapsed time is 25.369201 seconds.
Elapsed time is 25.608630 seconds.
Elapsed time is 25.288544 seconds.
Elapsed time is 25.756770 seconds.
Elapsed time is 26.690870 seconds.
Elapsed time is 25.084819 seconds.
Elapsed time is 25.387312 seconds.
Elapsed time is 25.994715 seconds.
Elapsed time is 28.017903 seconds.
Elapsed time is 25.129507 seconds.
Elapsed time is 26.760736 seconds.
Elapsed time is 26.010599 seconds.
Elapsed time is 26.775681 seconds.
Elapsed time is 25.020982 seconds.
Elapsed time is 28.040069 seconds.
Elapsed time is 24.808999 seconds.
Elapsed time is 25.557968 seconds.
Elapsed time is 25.619387 seconds.
Elapsed time is 28.730277 seconds.
Elapsed time is 24.900399 seconds.
Elapsed time is 28.127463 seconds.
Elapsed time is 27.169952 seconds.
Elapsed time is 28.839605 seconds.
Elapsed time is 24.940371 seconds.
Elapsed time is 26.454802 seconds.
Elapsed time is 25.125342 seconds.
Elapsed time is 25.327465 seconds.
Elapsed time is 26.291221 seconds.
Elapsed time is 27.291259 seconds.
Elapsed time is 24.839837 seconds.
Elapsed time is 25.667639 seconds.
Elapsed time is 28.142239 seconds.
    13        1750         6569.61        2.71e+05        1e-15     0.00741905
Elapsed time is 28.490583 seconds.
Elapsed time is 24.730763 seconds.
Elapsed time is 26.310033 seconds.
Elapsed time is 26.503640 seconds.
Elapsed time is 25.392741 seconds.
Elapsed time is 25.094137 seconds.
Elapsed time is 27.439267 seconds.
Elapsed time is 25.089150 seconds.
Elapsed time is 25.640278 seconds.
Elapsed time is 25.552198 seconds.
Elapsed time is 26.093664 seconds.
Elapsed time is 26.324139 seconds.
Elapsed time is 26.301988 seconds.
Elapsed time is 26.765888 seconds.
Elapsed time is 24.950283 seconds.
Elapsed time is 26.000460 seconds.
Elapsed time is 26.095124 seconds.
Elapsed time is 25.981577 seconds.
Elapsed time is 24.913161 seconds.
Elapsed time is 26.265634 seconds.
Elapsed time is 25.938046 seconds.
Elapsed time is 26.077588 seconds.
Elapsed time is 25.714525 seconds.
Elapsed time is 27.480438 seconds.
Elapsed time is 25.635925 seconds.
Elapsed time is 25.096906 seconds.
Elapsed time is 25.435164 seconds.
Elapsed time is 25.945935 seconds.
Elapsed time is 25.104684 seconds.
Elapsed time is 25.824492 seconds.
Elapsed time is 26.910829 seconds.
Elapsed time is 26.220491 seconds.
Elapsed time is 25.568420 seconds.
Elapsed time is 26.234249 seconds.
Elapsed time is 26.142111 seconds.
Elapsed time is 25.067182 seconds.
Elapsed time is 25.962738 seconds.
Elapsed time is 25.280806 seconds.
Elapsed time is 24.988268 seconds.
Elapsed time is 26.387316 seconds.
Elapsed time is 27.523583 seconds.
Elapsed time is 25.521008 seconds.
Elapsed time is 25.286367 seconds.
Elapsed time is 25.982999 seconds.
Elapsed time is 26.143774 seconds.
Elapsed time is 25.305886 seconds.
Elapsed time is 25.593340 seconds.
Elapsed time is 25.939455 seconds.
Elapsed time is 25.240564 seconds.
Elapsed time is 26.672279 seconds.
Elapsed time is 25.840542 seconds.
Elapsed time is 25.462088 seconds.
Elapsed time is 25.390722 seconds.
Elapsed time is 29.166593 seconds.
Elapsed time is 26.171227 seconds.
Elapsed time is 25.175003 seconds.
Elapsed time is 25.387509 seconds.
Elapsed time is 26.784660 seconds.
Elapsed time is 25.587833 seconds.
Elapsed time is 25.390732 seconds.
Elapsed time is 26.234437 seconds.
Elapsed time is 24.915101 seconds.
Elapsed time is 25.440509 seconds.
Elapsed time is 25.764677 seconds.
Elapsed time is 25.844869 seconds.
Elapsed time is 24.917137 seconds.
Elapsed time is 27.000231 seconds.
Elapsed time is 27.625442 seconds.
Elapsed time is 25.483652 seconds.
Elapsed time is 25.243903 seconds.
Elapsed time is 25.663994 seconds.
Elapsed time is 25.054729 seconds.
Elapsed time is 25.543674 seconds.
Elapsed time is 29.906460 seconds.
Elapsed time is 25.327196 seconds.
Elapsed time is 25.017993 seconds.
Elapsed time is 26.271941 seconds.
Elapsed time is 27.399451 seconds.
Elapsed time is 24.974410 seconds.
Elapsed time is 25.543884 seconds.
Elapsed time is 26.617633 seconds.
Elapsed time is 25.322912 seconds.
Elapsed time is 26.390685 seconds.
Elapsed time is 25.570887 seconds.
Elapsed time is 25.580914 seconds.
Elapsed time is 25.017786 seconds.
Elapsed time is 30.104148 seconds.
Elapsed time is 25.475865 seconds.
Elapsed time is 25.175977 seconds.
Elapsed time is 25.592465 seconds.
Elapsed time is 28.160945 seconds.
Elapsed time is 25.098033 seconds.
Elapsed time is 25.727527 seconds.
Elapsed time is 25.808510 seconds.
Elapsed time is 25.335752 seconds.
Elapsed time is 25.518816 seconds.
Elapsed time is 27.720604 seconds.
Elapsed time is 25.710903 seconds.
Elapsed time is 25.096344 seconds.
Elapsed time is 26.807318 seconds.
Elapsed time is 27.094875 seconds.
Elapsed time is 24.965345 seconds.
Elapsed time is 25.108670 seconds.
Elapsed time is 25.416702 seconds.
Elapsed time is 26.445883 seconds.
Elapsed time is 24.939645 seconds.
Elapsed time is 27.384231 seconds.
Elapsed time is 25.663401 seconds.
Elapsed time is 25.445145 seconds.
Elapsed time is 25.373445 seconds.
Elapsed time is 28.454029 seconds.
Elapsed time is 26.186564 seconds.
Elapsed time is 24.849236 seconds.
Elapsed time is 25.277674 seconds.
Elapsed time is 27.609631 seconds.
Elapsed time is 25.078195 seconds.
Elapsed time is 25.466252 seconds.
Elapsed time is 25.942745 seconds.
Elapsed time is 26.332614 seconds.
Elapsed time is 25.474696 seconds.
Elapsed time is 26.131016 seconds.
Elapsed time is 26.393899 seconds.
Elapsed time is 25.043635 seconds.
Elapsed time is 26.847083 seconds.
Elapsed time is 25.846438 seconds.
    14        1875         6532.82        1.29e+05        1e-16        0.01157
Elapsed time is 25.716577 seconds.
Elapsed time is 24.890807 seconds.
Elapsed time is 28.763350 seconds.
Elapsed time is 25.628083 seconds.
Elapsed time is 25.173038 seconds.
Elapsed time is 25.571828 seconds.
Elapsed time is 25.624273 seconds.
Elapsed time is 25.500504 seconds.
Elapsed time is 26.155023 seconds.
Elapsed time is 26.683902 seconds.
Elapsed time is 25.943090 seconds.
Elapsed time is 25.246771 seconds.
Elapsed time is 28.160711 seconds.
Elapsed time is 26.058230 seconds.
Elapsed time is 24.905764 seconds.
Elapsed time is 25.366988 seconds.
Elapsed time is 27.754088 seconds.
Elapsed time is 25.351395 seconds.
Elapsed time is 27.678360 seconds.
Elapsed time is 26.844795 seconds.
Elapsed time is 25.981987 seconds.
Elapsed time is 25.214921 seconds.
Elapsed time is 28.128165 seconds.
Elapsed time is 25.365757 seconds.
Elapsed time is 25.263745 seconds.
Elapsed time is 26.472573 seconds.
Elapsed time is 26.620655 seconds.
Elapsed time is 25.413717 seconds.
Elapsed time is 25.366346 seconds.
Elapsed time is 26.827402 seconds.
Elapsed time is 26.104706 seconds.
Elapsed time is 25.417201 seconds.
Elapsed time is 25.266305 seconds.
Elapsed time is 25.665864 seconds.
Elapsed time is 25.007800 seconds.
Elapsed time is 25.675026 seconds.
Elapsed time is 25.343942 seconds.
Elapsed time is 26.262833 seconds.
Elapsed time is 25.470511 seconds.
Elapsed time is 29.198914 seconds.
Elapsed time is 25.275385 seconds.
Elapsed time is 25.035073 seconds.
Elapsed time is 25.545868 seconds.
Elapsed time is 26.817692 seconds.
Elapsed time is 24.722935 seconds.
Elapsed time is 26.775450 seconds.
Elapsed time is 25.700894 seconds.
Elapsed time is 25.770876 seconds.
Elapsed time is 25.282862 seconds.
Elapsed time is 26.210054 seconds.
Elapsed time is 24.855159 seconds.
Elapsed time is 26.372289 seconds.
Elapsed time is 26.056075 seconds.
Elapsed time is 25.122683 seconds.
Elapsed time is 24.884615 seconds.
Elapsed time is 26.924285 seconds.
Elapsed time is 25.638885 seconds.
Elapsed time is 25.116419 seconds.
Elapsed time is 25.510620 seconds.
Elapsed time is 26.880442 seconds.
Elapsed time is 25.018310 seconds.
Elapsed time is 26.479295 seconds.
Elapsed time is 25.203686 seconds.
Elapsed time is 25.477267 seconds.
Elapsed time is 25.673973 seconds.
Elapsed time is 29.375877 seconds.
Elapsed time is 25.520511 seconds.
Elapsed time is 25.562847 seconds.
Elapsed time is 25.947217 seconds.
Elapsed time is 30.029352 seconds.
Elapsed time is 25.103111 seconds.
Elapsed time is 25.568552 seconds.
Elapsed time is 27.053991 seconds.
Elapsed time is 25.682808 seconds.
Elapsed time is 25.090579 seconds.
Elapsed time is 25.720547 seconds.
Elapsed time is 26.232368 seconds.
Elapsed time is 25.574284 seconds.
Elapsed time is 26.280014 seconds.
Elapsed time is 25.900012 seconds.
Elapsed time is 25.268694 seconds.
Elapsed time is 25.739048 seconds.
Elapsed time is 25.722646 seconds.
Elapsed time is 24.618563 seconds.
Elapsed time is 25.622518 seconds.
Elapsed time is 25.614852 seconds.
Elapsed time is 25.505693 seconds.
Elapsed time is 25.166909 seconds.
Elapsed time is 26.104361 seconds.
Elapsed time is 24.774351 seconds.
Elapsed time is 28.753765 seconds.
Elapsed time is 25.694836 seconds.
Elapsed time is 26.489355 seconds.
Elapsed time is 24.601554 seconds.
Elapsed time is 28.405785 seconds.
Elapsed time is 26.137167 seconds.
Elapsed time is 25.841509 seconds.
Elapsed time is 25.053045 seconds.
Elapsed time is 28.282004 seconds.
Elapsed time is 24.806447 seconds.
Elapsed time is 26.887914 seconds.
Elapsed time is 25.298045 seconds.
Elapsed time is 25.249458 seconds.
Elapsed time is 24.949985 seconds.
Elapsed time is 27.167979 seconds.
Elapsed time is 25.415236 seconds.
Elapsed time is 25.264255 seconds.
Elapsed time is 29.132571 seconds.
Elapsed time is 27.777946 seconds.
Elapsed time is 26.210833 seconds.
Elapsed time is 25.341425 seconds.
Elapsed time is 26.529644 seconds.
Elapsed time is 24.883703 seconds.
Elapsed time is 27.566240 seconds.
Elapsed time is 26.039754 seconds.
Elapsed time is 26.008275 seconds.
Elapsed time is 24.640657 seconds.
Elapsed time is 27.447837 seconds.
Elapsed time is 25.616954 seconds.
Elapsed time is 25.950035 seconds.
Elapsed time is 25.444669 seconds.
Elapsed time is 26.231002 seconds.
Elapsed time is 24.869777 seconds.
Elapsed time is 25.686811 seconds.
Elapsed time is 25.397497 seconds.
    15        2000          6487.2        5.69e+05        1e-17      0.0150134
Elapsed time is 24.934238 seconds.
Elapsed time is 25.424837 seconds.
Elapsed time is 28.650132 seconds.
Elapsed time is 25.764271 seconds.
Elapsed time is 25.184029 seconds.
Elapsed time is 26.424395 seconds.
Elapsed time is 25.798503 seconds.
Elapsed time is 25.261547 seconds.
Elapsed time is 25.640458 seconds.
Elapsed time is 25.487225 seconds.
Elapsed time is 25.208095 seconds.
Elapsed time is 25.396147 seconds.
Elapsed time is 25.638262 seconds.
Elapsed time is 25.096934 seconds.
Elapsed time is 24.990987 seconds.
Elapsed time is 29.250868 seconds.
Elapsed time is 26.428759 seconds.
Elapsed time is 24.964409 seconds.
Elapsed time is 25.277623 seconds.
Elapsed time is 25.663654 seconds.
Elapsed time is 24.980769 seconds.
Elapsed time is 25.816798 seconds.
Elapsed time is 25.853011 seconds.
Elapsed time is 25.054454 seconds.
Elapsed time is 26.559067 seconds.
Elapsed time is 29.181150 seconds.
Elapsed time is 25.087990 seconds.
Elapsed time is 26.427301 seconds.
Elapsed time is 26.202077 seconds.
Elapsed time is 27.984519 seconds.
Elapsed time is 24.890888 seconds.
Elapsed time is 25.696531 seconds.
Elapsed time is 25.343106 seconds.
Elapsed time is 25.533966 seconds.
Elapsed time is 26.492880 seconds.
Elapsed time is 26.195437 seconds.
Elapsed time is 25.056879 seconds.
Elapsed time is 25.768571 seconds.
Elapsed time is 29.027372 seconds.
Elapsed time is 24.916607 seconds.
Elapsed time is 27.437049 seconds.
Elapsed time is 25.681111 seconds.
Elapsed time is 26.384922 seconds.
Elapsed time is 25.148675 seconds.
Elapsed time is 28.257979 seconds.
Elapsed time is 26.548767 seconds.
Elapsed time is 26.593133 seconds.
Elapsed time is 25.477305 seconds.
Elapsed time is 28.693063 seconds.
Elapsed time is 24.765684 seconds.
Elapsed time is 25.482348 seconds.
Elapsed time is 25.624825 seconds.
Elapsed time is 25.932573 seconds.
Elapsed time is 24.782189 seconds.
Elapsed time is 26.236343 seconds.
Elapsed time is 25.512141 seconds.
Elapsed time is 25.846648 seconds.
Elapsed time is 30.178254 seconds.
Elapsed time is 25.998599 seconds.
Elapsed time is 24.898181 seconds.
Elapsed time is 26.359007 seconds.
Elapsed time is 27.449287 seconds.
Elapsed time is 25.395838 seconds.
Elapsed time is 25.000090 seconds.
Elapsed time is 26.167917 seconds.
Elapsed time is 26.696082 seconds.
Elapsed time is 25.238973 seconds.
Elapsed time is 25.682547 seconds.
Elapsed time is 25.270731 seconds.
Elapsed time is 24.801301 seconds.
Elapsed time is 28.362752 seconds.
Elapsed time is 26.890447 seconds.
Elapsed time is 25.017857 seconds.
Elapsed time is 26.275024 seconds.
Elapsed time is 29.172385 seconds.
Elapsed time is 26.327094 seconds.
Elapsed time is 25.839136 seconds.
Elapsed time is 26.993948 seconds.
Elapsed time is 26.604374 seconds.
Elapsed time is 24.813258 seconds.
Elapsed time is 25.633555 seconds.
Elapsed time is 25.411414 seconds.
Elapsed time is 25.242082 seconds.
Elapsed time is 25.112546 seconds.
Elapsed time is 27.328090 seconds.
Elapsed time is 25.315018 seconds.
Elapsed time is 25.519836 seconds.
Elapsed time is 26.776177 seconds.
Elapsed time is 26.374355 seconds.
Elapsed time is 25.715470 seconds.
Elapsed time is 25.283286 seconds.
Elapsed time is 31.894873 seconds.
Elapsed time is 25.746759 seconds.
Elapsed time is 25.068911 seconds.
Elapsed time is 24.926919 seconds.
Elapsed time is 29.716613 seconds.
Elapsed time is 24.754078 seconds.
Elapsed time is 27.949099 seconds.
Elapsed time is 24.860245 seconds.
Elapsed time is 26.239054 seconds.
Elapsed time is 25.485150 seconds.
Elapsed time is 33.437331 seconds.
Elapsed time is 24.719278 seconds.
Elapsed time is 25.707041 seconds.
Elapsed time is 25.082284 seconds.
Elapsed time is 27.596696 seconds.
Elapsed time is 24.647178 seconds.
Elapsed time is 25.533027 seconds.
Elapsed time is 25.875108 seconds.
Elapsed time is 25.574191 seconds.
Elapsed time is 29.644939 seconds.
Elapsed time is 27.748743 seconds.
Elapsed time is 24.968816 seconds.
Elapsed time is 25.838478 seconds.
Elapsed time is 25.156758 seconds.
Elapsed time is 29.084427 seconds.
Elapsed time is 25.796975 seconds.
Elapsed time is 25.402062 seconds.
Elapsed time is 25.366802 seconds.
Elapsed time is 28.160941 seconds.
Elapsed time is 25.644742 seconds.
Elapsed time is 25.868251 seconds.
Elapsed time is 25.324988 seconds.
Elapsed time is 26.394115 seconds.
Elapsed time is 25.433146 seconds.
    16        2125         6458.83        4.92e+05        1e-18     0.00673583
Elapsed time is 28.645437 seconds.
Elapsed time is 27.644449 seconds.
Elapsed time is 25.509588 seconds.
Elapsed time is 25.329027 seconds.
Elapsed time is 26.051210 seconds.
Elapsed time is 26.135282 seconds.
Elapsed time is 24.839105 seconds.
Elapsed time is 25.715605 seconds.
Elapsed time is 25.815840 seconds.
Elapsed time is 25.377148 seconds.
Elapsed time is 25.777022 seconds.
Elapsed time is 30.144857 seconds.
Elapsed time is 25.174295 seconds.
Elapsed time is 25.544917 seconds.
Elapsed time is 28.070781 seconds.
Elapsed time is 25.878697 seconds.
Elapsed time is 25.351107 seconds.
Elapsed time is 25.894682 seconds.
Elapsed time is 25.201033 seconds.
Elapsed time is 25.049264 seconds.
Elapsed time is 25.756949 seconds.
Elapsed time is 25.391183 seconds.
Elapsed time is 25.280006 seconds.
Elapsed time is 25.507377 seconds.
Elapsed time is 28.018628 seconds.
Elapsed time is 25.221126 seconds.
Elapsed time is 25.604977 seconds.
Elapsed time is 26.290509 seconds.
Elapsed time is 26.386559 seconds.
Elapsed time is 24.798519 seconds.
Elapsed time is 26.121921 seconds.
Elapsed time is 33.425715 seconds.
Elapsed time is 25.490381 seconds.
Elapsed time is 25.614884 seconds.
Elapsed time is 25.947521 seconds.
Elapsed time is 25.992821 seconds.
Elapsed time is 25.495963 seconds.
Elapsed time is 27.903862 seconds.
Elapsed time is 31.159268 seconds.
Elapsed time is 30.428433 seconds.
Elapsed time is 25.832311 seconds.
Elapsed time is 25.491086 seconds.
Elapsed time is 26.036839 seconds.
Elapsed time is 24.918982 seconds.
Elapsed time is 27.751548 seconds.
Elapsed time is 25.778573 seconds.
Elapsed time is 25.215084 seconds.
Elapsed time is 28.390595 seconds.
Elapsed time is 28.336363 seconds.
Elapsed time is 26.582047 seconds.
Elapsed time is 25.072705 seconds.
Elapsed time is 26.584376 seconds.
Elapsed time is 25.803290 seconds.
Elapsed time is 24.862674 seconds.
Elapsed time is 25.257868 seconds.
Elapsed time is 25.585719 seconds.
Elapsed time is 25.353924 seconds.
Elapsed time is 26.169214 seconds.
Elapsed time is 26.966602 seconds.
Elapsed time is 24.837039 seconds.
Elapsed time is 27.029387 seconds.
Elapsed time is 26.075756 seconds.
Elapsed time is 25.294656 seconds.
Elapsed time is 24.976615 seconds.
Elapsed time is 26.551236 seconds.
Elapsed time is 25.133817 seconds.
Elapsed time is 25.649568 seconds.
Elapsed time is 26.068820 seconds.
Elapsed time is 26.334967 seconds.
Elapsed time is 25.147369 seconds.
Elapsed time is 27.403802 seconds.
Elapsed time is 25.661865 seconds.
Elapsed time is 24.842274 seconds.
Elapsed time is 27.869530 seconds.
Elapsed time is 26.423639 seconds.
Elapsed time is 24.863692 seconds.
Elapsed time is 25.219596 seconds.
Elapsed time is 25.887196 seconds.
Elapsed time is 26.623880 seconds.
Elapsed time is 25.822766 seconds.
Elapsed time is 25.698951 seconds.
Elapsed time is 24.948080 seconds.
Elapsed time is 25.337268 seconds.
Elapsed time is 25.712084 seconds.
Elapsed time is 26.648873 seconds.
Elapsed time is 25.039544 seconds.
Elapsed time is 27.449214 seconds.
Elapsed time is 28.159881 seconds.
Elapsed time is 27.191569 seconds.
Elapsed time is 25.327062 seconds.
Elapsed time is 25.829938 seconds.
Elapsed time is 25.800535 seconds.
Elapsed time is 25.082110 seconds.
Elapsed time is 26.006480 seconds.
Elapsed time is 25.217337 seconds.
Elapsed time is 25.210988 seconds.
Elapsed time is 26.426743 seconds.
Elapsed time is 28.561346 seconds.
Elapsed time is 25.423442 seconds.
Elapsed time is 25.425239 seconds.
Elapsed time is 27.362396 seconds.
Elapsed time is 25.972563 seconds.
Elapsed time is 24.871890 seconds.
Elapsed time is 25.295819 seconds.
Elapsed time is 25.787941 seconds.
Elapsed time is 26.286967 seconds.
Elapsed time is 27.410939 seconds.
Elapsed time is 25.853756 seconds.
Elapsed time is 24.965802 seconds.
Elapsed time is 26.299502 seconds.
Elapsed time is 27.023173 seconds.
Elapsed time is 25.722955 seconds.
Elapsed time is 25.023537 seconds.
Elapsed time is 25.928669 seconds.
Elapsed time is 26.460195 seconds.
Elapsed time is 24.703791 seconds.
Elapsed time is 25.285376 seconds.
Elapsed time is 25.733697 seconds.
Elapsed time is 25.249468 seconds.
Elapsed time is 28.290655 seconds.
Elapsed time is 26.989611 seconds.
Elapsed time is 24.929699 seconds.
Elapsed time is 25.476930 seconds.
Elapsed time is 26.087289 seconds.
Elapsed time is 25.135584 seconds.
    17        2250         6417.52        6.76e+05        1e-19      0.0111393
Elapsed time is 24.613261 seconds.
Elapsed time is 25.334818 seconds.
Elapsed time is 25.364438 seconds.
Elapsed time is 27.530465 seconds.
Elapsed time is 25.188845 seconds.
Elapsed time is 25.590718 seconds.
Elapsed time is 25.687984 seconds.
Elapsed time is 26.853572 seconds.
Elapsed time is 27.305972 seconds.
Elapsed time is 25.082382 seconds.
Elapsed time is 24.876248 seconds.
Elapsed time is 24.941311 seconds.
Elapsed time is 26.037832 seconds.
Elapsed time is 25.408493 seconds.
Elapsed time is 25.660870 seconds.
Elapsed time is 25.666692 seconds.
Elapsed time is 26.205650 seconds.
Elapsed time is 26.644488 seconds.
Elapsed time is 25.478197 seconds.
Elapsed time is 24.709714 seconds.
Elapsed time is 25.019703 seconds.
Elapsed time is 26.069604 seconds.
Elapsed time is 27.197107 seconds.
Elapsed time is 26.343478 seconds.
Elapsed time is 25.734735 seconds.
Elapsed time is 24.975642 seconds.
Elapsed time is 26.809191 seconds.
Elapsed time is 25.548400 seconds.
Elapsed time is 25.295991 seconds.
Elapsed time is 25.513484 seconds.
Elapsed time is 25.904468 seconds.
Elapsed time is 24.768524 seconds.
Elapsed time is 27.313542 seconds.
Elapsed time is 27.598767 seconds.
Elapsed time is 25.450526 seconds.
Elapsed time is 24.677371 seconds.
Elapsed time is 25.665804 seconds.
Elapsed time is 25.605105 seconds.
Elapsed time is 24.983859 seconds.
Elapsed time is 25.927397 seconds.
Elapsed time is 26.141102 seconds.
Elapsed time is 25.396864 seconds.
Elapsed time is 25.741023 seconds.
Elapsed time is 26.673782 seconds.
Elapsed time is 24.885860 seconds.
Elapsed time is 25.200827 seconds.
Elapsed time is 25.695008 seconds.
Elapsed time is 25.991123 seconds.
Elapsed time is 24.622482 seconds.
Elapsed time is 26.861482 seconds.
Elapsed time is 26.089250 seconds.
Elapsed time is 26.357230 seconds.
Elapsed time is 25.446105 seconds.
Elapsed time is 26.264209 seconds.
Elapsed time is 24.667765 seconds.
Elapsed time is 25.595492 seconds.
Elapsed time is 26.314906 seconds.
Elapsed time is 25.895837 seconds.
Elapsed time is 24.770873 seconds.
Elapsed time is 28.619184 seconds.
Elapsed time is 28.624388 seconds.
Elapsed time is 25.928684 seconds.
Elapsed time is 25.011974 seconds.
Elapsed time is 26.097914 seconds.
Elapsed time is 24.735177 seconds.
Elapsed time is 27.815972 seconds.
Elapsed time is 25.088827 seconds.
Elapsed time is 25.407898 seconds.
Elapsed time is 26.299451 seconds.
Elapsed time is 32.053221 seconds.
Elapsed time is 25.365419 seconds.
Elapsed time is 25.421794 seconds.
Elapsed time is 25.536378 seconds.
Elapsed time is 26.719674 seconds.
Elapsed time is 24.802920 seconds.
Elapsed time is 27.056744 seconds.
Elapsed time is 25.151535 seconds.
Elapsed time is 25.311364 seconds.
Elapsed time is 25.620591 seconds.
Elapsed time is 26.774651 seconds.
Elapsed time is 24.970709 seconds.
Elapsed time is 24.972712 seconds.
Elapsed time is 26.623045 seconds.
Elapsed time is 27.424998 seconds.
Elapsed time is 24.609276 seconds.
Elapsed time is 25.284565 seconds.
Elapsed time is 25.951375 seconds.
Elapsed time is 25.115679 seconds.
Elapsed time is 26.009352 seconds.
Elapsed time is 25.518656 seconds.
Elapsed time is 25.550421 seconds.
Elapsed time is 25.038841 seconds.
Elapsed time is 30.158207 seconds.
Elapsed time is 25.114465 seconds.
Elapsed time is 25.294406 seconds.
Elapsed time is 24.627400 seconds.
Elapsed time is 32.451115 seconds.
Elapsed time is 24.609650 seconds.
Elapsed time is 25.762296 seconds.
Elapsed time is 24.875354 seconds.
Elapsed time is 26.046269 seconds.
Elapsed time is 24.784665 seconds.
Elapsed time is 28.300127 seconds.
Elapsed time is 25.911215 seconds.
Elapsed time is 26.204425 seconds.
Elapsed time is 24.718979 seconds.
Elapsed time is 33.017166 seconds.
Elapsed time is 24.926014 seconds.
Elapsed time is 26.999666 seconds.
Elapsed time is 24.593217 seconds.
Elapsed time is 26.588021 seconds.
Elapsed time is 24.330708 seconds.
Elapsed time is 27.887551 seconds.
Elapsed time is 24.991465 seconds.
Elapsed time is 26.642166 seconds.
Elapsed time is 25.065155 seconds.
Elapsed time is 30.814942 seconds.
Elapsed time is 24.887491 seconds.
Elapsed time is 27.987636 seconds.
Elapsed time is 25.659783 seconds.
Elapsed time is 28.445389 seconds.
Elapsed time is 24.974044 seconds.
Elapsed time is 25.983970 seconds.
Elapsed time is 24.884324 seconds.
Elapsed time is 25.014539 seconds.
Elapsed time is 25.759144 seconds.
Elapsed time is 27.717087 seconds.
Elapsed time is 24.773497 seconds.
Elapsed time is 26.250660 seconds.
Elapsed time is 29.234132 seconds.
Elapsed time is 27.521965 seconds.
Elapsed time is 24.729294 seconds.
Elapsed time is 25.188461 seconds.
Elapsed time is 27.254268 seconds.
Elapsed time is 24.836666 seconds.
Elapsed time is 25.457420 seconds.
Elapsed time is 25.995431 seconds.
Elapsed time is 25.550154 seconds.
Elapsed time is 25.882193 seconds.
Elapsed time is 26.601449 seconds.
Elapsed time is 25.151412 seconds.
Elapsed time is 25.337104 seconds.
Elapsed time is 25.154247 seconds.
Elapsed time is 25.860834 seconds.
Elapsed time is 24.959660 seconds.
Elapsed time is 25.631947 seconds.
Elapsed time is 30.773470 seconds.
Elapsed time is 26.567822 seconds.
Elapsed time is 24.821597 seconds.
Elapsed time is 26.116575 seconds.
Elapsed time is 26.398711 seconds.
    18        2401         6408.34        9.27e+05        1e+07     0.00578243
Elapsed time is 25.661684 seconds.
Elapsed time is 25.689433 seconds.
Elapsed time is 27.412728 seconds.
Elapsed time is 24.790931 seconds.
Elapsed time is 24.787688 seconds.
Elapsed time is 27.831117 seconds.
Elapsed time is 27.739991 seconds.
Elapsed time is 24.832378 seconds.
Elapsed time is 25.469693 seconds.
Elapsed time is 26.991914 seconds.
Elapsed time is 25.590645 seconds.
Elapsed time is 25.663621 seconds.
Elapsed time is 25.552379 seconds.
Elapsed time is 25.692213 seconds.
Elapsed time is 25.012425 seconds.
Elapsed time is 25.720905 seconds.
Elapsed time is 24.901190 seconds.
Elapsed time is 25.044507 seconds.
Elapsed time is 29.568864 seconds.
Elapsed time is 29.562389 seconds.
Elapsed time is 24.946742 seconds.
Elapsed time is 25.814309 seconds.
Elapsed time is 27.491118 seconds.
Elapsed time is 26.000056 seconds.
Elapsed time is 25.089883 seconds.
Elapsed time is 26.238119 seconds.
Elapsed time is 24.784751 seconds.
Elapsed time is 25.250948 seconds.
Elapsed time is 27.628268 seconds.
Elapsed time is 27.405736 seconds.
Elapsed time is 24.620708 seconds.
Elapsed time is 25.335472 seconds.
Elapsed time is 26.619679 seconds.
Elapsed time is 24.962484 seconds.
Elapsed time is 25.305491 seconds.
Elapsed time is 25.809180 seconds.
Elapsed time is 25.305703 seconds.
Elapsed time is 25.471932 seconds.
Elapsed time is 27.193923 seconds.
Elapsed time is 25.209886 seconds.
Elapsed time is 25.434705 seconds.
Elapsed time is 26.708991 seconds.
Elapsed time is 27.681912 seconds.
Elapsed time is 24.682493 seconds.
Elapsed time is 26.906718 seconds.
Elapsed time is 25.799834 seconds.
Elapsed time is 25.539811 seconds.
Elapsed time is 25.499597 seconds.
Elapsed time is 26.841859 seconds.
Elapsed time is 25.350468 seconds.
Elapsed time is 26.662553 seconds.
Elapsed time is 27.100794 seconds.
Elapsed time is 25.405641 seconds.
Elapsed time is 25.153156 seconds.
Elapsed time is 26.082674 seconds.
Elapsed time is 26.087235 seconds.
Elapsed time is 24.840446 seconds.
Elapsed time is 28.102880 seconds.
Elapsed time is 27.067087 seconds.
Elapsed time is 25.843712 seconds.
Elapsed time is 24.970075 seconds.
Elapsed time is 25.984281 seconds.
Elapsed time is 24.975908 seconds.
Elapsed time is 25.333197 seconds.
Elapsed time is 25.375345 seconds.
Elapsed time is 25.500371 seconds.
Elapsed time is 25.034866 seconds.
Elapsed time is 27.967917 seconds.
Elapsed time is 25.741526 seconds.
Elapsed time is 25.041490 seconds.
Elapsed time is 25.149022 seconds.
Elapsed time is 29.804728 seconds.
Elapsed time is 25.632254 seconds.
Elapsed time is 25.114304 seconds.
Elapsed time is 25.605864 seconds.
Elapsed time is 25.567239 seconds.
Elapsed time is 25.039490 seconds.
Elapsed time is 31.782926 seconds.
Elapsed time is 28.094340 seconds.
Elapsed time is 25.731561 seconds.
Elapsed time is 24.960939 seconds.
Elapsed time is 25.642606 seconds.
Elapsed time is 27.208008 seconds.
Elapsed time is 25.442825 seconds.
Elapsed time is 25.302947 seconds.
Elapsed time is 26.396807 seconds.
Elapsed time is 24.887731 seconds.
Elapsed time is 28.917975 seconds.
Elapsed time is 25.900732 seconds.
Elapsed time is 25.447317 seconds.
Elapsed time is 24.738926 seconds.
Elapsed time is 27.733565 seconds.
Elapsed time is 25.166602 seconds.
Elapsed time is 25.211124 seconds.
Elapsed time is 25.058283 seconds.
Elapsed time is 29.071690 seconds.
Elapsed time is 24.815626 seconds.
Elapsed time is 27.004047 seconds.
Elapsed time is 25.358438 seconds.
Elapsed time is 27.094748 seconds.
Elapsed time is 24.833244 seconds.
Elapsed time is 28.760605 seconds.
Elapsed time is 24.789879 seconds.
Elapsed time is 25.823412 seconds.
Elapsed time is 26.791931 seconds.
Elapsed time is 27.068625 seconds.
Elapsed time is 24.591570 seconds.
Elapsed time is 25.845248 seconds.
Elapsed time is 26.248673 seconds.
Elapsed time is 29.276461 seconds.
Elapsed time is 24.931601 seconds.
Elapsed time is 26.240229 seconds.
Elapsed time is 26.087584 seconds.
Elapsed time is 25.105907 seconds.
Elapsed time is 26.276869 seconds.
Elapsed time is 25.700041 seconds.
Elapsed time is 25.201703 seconds.
Elapsed time is 26.129227 seconds.
Elapsed time is 29.902451 seconds.
Elapsed time is 28.174940 seconds.
Elapsed time is 25.147401 seconds.
Elapsed time is 25.524976 seconds.
Elapsed time is 27.203747 seconds.
Elapsed time is 24.996918 seconds.
Elapsed time is 25.872122 seconds.
    19        2526         6390.37        2.93e+06        1e+06    0.000947784

Local minimum possible.

lsqnonlin stopped because the relative size of the current step is less than
the default value of the step size tolerance.



map
   1.0e+03 *

    1.3783         0    0.9502
         0    1.3629    0.5382
         0         0    0.0010

Parallel pool using the 'local' profile is shutting down.
  message with properties:

    Identifier: 'MATLAB:connector:connector:ConnectorNotRunning'
     Arguments: {}

