MATLAB is selecting SOFTWARE OPENGL rendering.

                            < M A T L A B (R) >
                  Copyright 1984-2017 The MathWorks, Inc.
                   R2017b (9.3.0.713579) 64-bit (glnxa64)
                             September 14, 2017

 
To get started, type one of these: helpwin, helpdesk, or demo.
For product information, visit www.mathworks.com.
 

initres =

  54.190816201529941

Starting parallel pool (parpool) using the 'local' profile ...
connected to 20 workers.
Elapsed time is 56.502479 seconds.
Elapsed time is 49.153057 seconds.
Elapsed time is 51.522378 seconds.
Elapsed time is 52.215625 seconds.
Elapsed time is 50.661578 seconds.
Elapsed time is 50.964088 seconds.
Elapsed time is 51.905167 seconds.
Elapsed time is 52.169612 seconds.
Elapsed time is 51.092711 seconds.
Elapsed time is 51.525265 seconds.
Elapsed time is 51.793622 seconds.
Elapsed time is 51.645058 seconds.
Elapsed time is 50.885649 seconds.
Elapsed time is 51.009038 seconds.
Elapsed time is 54.164410 seconds.
Elapsed time is 53.449305 seconds.
Elapsed time is 56.283413 seconds.
Elapsed time is 55.576387 seconds.
Elapsed time is 54.545096 seconds.
Elapsed time is 54.224006 seconds.
Elapsed time is 52.596949 seconds.
Elapsed time is 54.774871 seconds.
Elapsed time is 47.908425 seconds.
Elapsed time is 48.319068 seconds.
Elapsed time is 49.009593 seconds.
Elapsed time is 48.107592 seconds.
Elapsed time is 47.056160 seconds.
Elapsed time is 46.603637 seconds.
Elapsed time is 44.543939 seconds.
Elapsed time is 43.254571 seconds.
Elapsed time is 42.478608 seconds.
Elapsed time is 41.226264 seconds.
Elapsed time is 43.391371 seconds.
Elapsed time is 42.075057 seconds.
Elapsed time is 39.882404 seconds.
Elapsed time is 38.873474 seconds.
Elapsed time is 40.210274 seconds.
Elapsed time is 40.672146 seconds.
Elapsed time is 36.554969 seconds.
Elapsed time is 37.576009 seconds.
Elapsed time is 39.713582 seconds.
Elapsed time is 38.514545 seconds.
Elapsed time is 38.171217 seconds.
Elapsed time is 40.052396 seconds.
Elapsed time is 35.467343 seconds.
Elapsed time is 36.552029 seconds.
Elapsed time is 40.089595 seconds.
Elapsed time is 40.264524 seconds.
Elapsed time is 40.277937 seconds.
Elapsed time is 42.030568 seconds.
Elapsed time is 39.259126 seconds.
Elapsed time is 42.110088 seconds.
Elapsed time is 40.708004 seconds.
Elapsed time is 41.326120 seconds.
Elapsed time is 41.954705 seconds.
Elapsed time is 38.259581 seconds.
Elapsed time is 41.538865 seconds.
Elapsed time is 41.421080 seconds.
Elapsed time is 42.119844 seconds.
Elapsed time is 40.142481 seconds.
Elapsed time is 42.861731 seconds.
Elapsed time is 41.726684 seconds.
Elapsed time is 41.434301 seconds.
Elapsed time is 41.193570 seconds.
Elapsed time is 42.789854 seconds.
Elapsed time is 41.422164 seconds.
Elapsed time is 42.409792 seconds.
Elapsed time is 40.827625 seconds.
Elapsed time is 39.684989 seconds.
Elapsed time is 40.740158 seconds.
Elapsed time is 42.916421 seconds.
Elapsed time is 42.926690 seconds.
Elapsed time is 41.585571 seconds.
Elapsed time is 41.605366 seconds.
Elapsed time is 40.836350 seconds.
Elapsed time is 39.983280 seconds.
Elapsed time is 43.988029 seconds.
Elapsed time is 39.900185 seconds.
Elapsed time is 42.018529 seconds.
Elapsed time is 42.290956 seconds.
Elapsed time is 40.074031 seconds.
Elapsed time is 41.820702 seconds.
Elapsed time is 41.897903 seconds.
Elapsed time is 42.877662 seconds.
Elapsed time is 41.845899 seconds.
Elapsed time is 42.734652 seconds.
Elapsed time is 42.732158 seconds.
Elapsed time is 38.294658 seconds.
Elapsed time is 40.722330 seconds.
Elapsed time is 43.000568 seconds.
Elapsed time is 38.502556 seconds.
Elapsed time is 43.070440 seconds.
Elapsed time is 42.489885 seconds.
Elapsed time is 42.676068 seconds.
Elapsed time is 42.992321 seconds.
Elapsed time is 41.728674 seconds.
Elapsed time is 40.544800 seconds.
Elapsed time is 41.192406 seconds.
Elapsed time is 39.965775 seconds.
Elapsed time is 42.315768 seconds.
Elapsed time is 41.890875 seconds.
Elapsed time is 42.516330 seconds.
Elapsed time is 41.253848 seconds.
Elapsed time is 41.303043 seconds.
Elapsed time is 42.542890 seconds.
Elapsed time is 40.848143 seconds.
Elapsed time is 41.416454 seconds.
Elapsed time is 40.851658 seconds.
Elapsed time is 41.334920 seconds.
Elapsed time is 43.235212 seconds.
Elapsed time is 43.639569 seconds.
Elapsed time is 42.027541 seconds.
Elapsed time is 41.160942 seconds.
Elapsed time is 39.865489 seconds.
Elapsed time is 42.391303 seconds.
Elapsed time is 40.998145 seconds.
Elapsed time is 38.645627 seconds.
Elapsed time is 38.750447 seconds.
Elapsed time is 40.266482 seconds.
Elapsed time is 40.828809 seconds.
Elapsed time is 37.167374 seconds.
Elapsed time is 40.355744 seconds.
Elapsed time is 42.773633 seconds.
Elapsed time is 39.717332 seconds.
Elapsed time is 41.507866 seconds.

                                        First-Order                    Norm of 
 Iteration  Func-count    Residual       optimality      Lambda           step
     0         125         2103.19        1.59e+05         0.01
Elapsed time is 40.903927 seconds.
Elapsed time is 41.545610 seconds.
Elapsed time is 43.176238 seconds.
Elapsed time is 40.208299 seconds.
Elapsed time is 39.860627 seconds.
Elapsed time is 42.281102 seconds.
Elapsed time is 39.524734 seconds.
Elapsed time is 43.391432 seconds.
Elapsed time is 42.648765 seconds.
Elapsed time is 40.092880 seconds.
Elapsed time is 44.050174 seconds.
Elapsed time is 42.778378 seconds.
Elapsed time is 40.576083 seconds.
Elapsed time is 36.602990 seconds.
Elapsed time is 41.511844 seconds.
Elapsed time is 42.834889 seconds.
Elapsed time is 40.767323 seconds.
Elapsed time is 39.864074 seconds.
Elapsed time is 41.420754 seconds.
Elapsed time is 40.984634 seconds.
Elapsed time is 38.536941 seconds.
Elapsed time is 41.481866 seconds.
Elapsed time is 42.356403 seconds.
Elapsed time is 39.591585 seconds.
Elapsed time is 43.855305 seconds.
Elapsed time is 40.415047 seconds.
Elapsed time is 41.025714 seconds.
Elapsed time is 42.300921 seconds.
Elapsed time is 40.815908 seconds.
Elapsed time is 41.765303 seconds.
Elapsed time is 40.955321 seconds.
Elapsed time is 41.733327 seconds.
Elapsed time is 42.072016 seconds.
Elapsed time is 43.460840 seconds.
Elapsed time is 42.217710 seconds.
Elapsed time is 42.240353 seconds.
Elapsed time is 41.731280 seconds.
Elapsed time is 39.802372 seconds.
Elapsed time is 41.720918 seconds.
Elapsed time is 41.449516 seconds.
Elapsed time is 42.781784 seconds.
Elapsed time is 38.033093 seconds.
Elapsed time is 39.352811 seconds.
Elapsed time is 41.194765 seconds.
Elapsed time is 43.198307 seconds.
Elapsed time is 42.456343 seconds.
Elapsed time is 42.329989 seconds.
Elapsed time is 41.867598 seconds.
Elapsed time is 42.957422 seconds.
Elapsed time is 40.614036 seconds.
Elapsed time is 41.775754 seconds.
Elapsed time is 42.829134 seconds.
Elapsed time is 43.533719 seconds.
Elapsed time is 40.273441 seconds.
Elapsed time is 39.365852 seconds.
Elapsed time is 40.331811 seconds.
Elapsed time is 42.559062 seconds.
Elapsed time is 42.775049 seconds.
Elapsed time is 42.408563 seconds.
Elapsed time is 39.738864 seconds.
Elapsed time is 41.628018 seconds.
Elapsed time is 40.383202 seconds.
Elapsed time is 41.277902 seconds.
Elapsed time is 42.076475 seconds.
Elapsed time is 37.491738 seconds.
Elapsed time is 39.596969 seconds.
Elapsed time is 39.570073 seconds.
Elapsed time is 39.654743 seconds.
Elapsed time is 32.931456 seconds.
Elapsed time is 34.413803 seconds.
Elapsed time is 34.687992 seconds.
Elapsed time is 38.893486 seconds.
Elapsed time is 37.798240 seconds.
Elapsed time is 34.685690 seconds.
Elapsed time is 39.938479 seconds.
Elapsed time is 39.350469 seconds.
Elapsed time is 36.552328 seconds.
Elapsed time is 38.631515 seconds.
Elapsed time is 39.404469 seconds.
Elapsed time is 39.084363 seconds.
Elapsed time is 38.103891 seconds.
Elapsed time is 35.945079 seconds.
Elapsed time is 36.146043 seconds.
Elapsed time is 35.277074 seconds.
Elapsed time is 39.306510 seconds.
Elapsed time is 34.075702 seconds.
Elapsed time is 38.972168 seconds.
Elapsed time is 37.356554 seconds.
Elapsed time is 36.192657 seconds.
Elapsed time is 34.681185 seconds.
Elapsed time is 35.122871 seconds.
Elapsed time is 38.849398 seconds.
Elapsed time is 36.039914 seconds.
Elapsed time is 37.768973 seconds.
Elapsed time is 35.143165 seconds.
Elapsed time is 34.474283 seconds.
Elapsed time is 33.098439 seconds.
Elapsed time is 32.330468 seconds.
Elapsed time is 37.347606 seconds.
Elapsed time is 36.004062 seconds.
Elapsed time is 36.084127 seconds.
Elapsed time is 38.722825 seconds.
Elapsed time is 39.618533 seconds.
Elapsed time is 37.425255 seconds.
Elapsed time is 36.381248 seconds.
Elapsed time is 39.690814 seconds.
Elapsed time is 39.841181 seconds.
Elapsed time is 36.407618 seconds.
Elapsed time is 35.379989 seconds.
Elapsed time is 39.498368 seconds.
Elapsed time is 38.134651 seconds.
Elapsed time is 39.587581 seconds.
Elapsed time is 36.146135 seconds.
Elapsed time is 36.597403 seconds.
Elapsed time is 40.354346 seconds.
Elapsed time is 34.922304 seconds.
Elapsed time is 35.683873 seconds.
Elapsed time is 39.438503 seconds.
Elapsed time is 36.418508 seconds.
Elapsed time is 37.322044 seconds.
Elapsed time is 37.444030 seconds.
Elapsed time is 39.149660 seconds.
Elapsed time is 33.562215 seconds.
Elapsed time is 34.780160 seconds.
Elapsed time is 32.279916 seconds.
     1         250          1736.6        4.93e+06        0.001      0.0138809
Elapsed time is 32.686783 seconds.
Elapsed time is 35.846449 seconds.
Elapsed time is 32.883907 seconds.
Elapsed time is 32.650881 seconds.
Elapsed time is 36.309010 seconds.
Elapsed time is 32.877111 seconds.
Elapsed time is 34.702224 seconds.
Elapsed time is 38.635913 seconds.
Elapsed time is 38.905315 seconds.
Elapsed time is 35.941637 seconds.
Elapsed time is 38.303524 seconds.
Elapsed time is 39.802137 seconds.
Elapsed time is 38.397413 seconds.
Elapsed time is 39.468950 seconds.
Elapsed time is 36.925190 seconds.
Elapsed time is 36.616047 seconds.
Elapsed time is 39.164577 seconds.
Elapsed time is 39.374761 seconds.
Elapsed time is 40.102787 seconds.
Elapsed time is 36.878861 seconds.
Elapsed time is 37.549397 seconds.
Elapsed time is 36.167759 seconds.
Elapsed time is 36.488844 seconds.
Elapsed time is 38.516737 seconds.
Elapsed time is 40.230253 seconds.
Elapsed time is 36.410690 seconds.
Elapsed time is 34.567520 seconds.
Elapsed time is 38.620783 seconds.
Elapsed time is 31.720494 seconds.
Elapsed time is 33.548981 seconds.
Elapsed time is 35.189535 seconds.
Elapsed time is 34.367152 seconds.
Elapsed time is 37.186672 seconds.
Elapsed time is 32.187339 seconds.
Elapsed time is 34.390107 seconds.
Elapsed time is 35.234442 seconds.
Elapsed time is 39.253954 seconds.
Elapsed time is 39.613868 seconds.
Elapsed time is 38.163742 seconds.
Elapsed time is 34.290053 seconds.
Elapsed time is 39.196776 seconds.
Elapsed time is 37.480252 seconds.
Elapsed time is 37.910317 seconds.
Elapsed time is 36.149369 seconds.
Elapsed time is 39.706010 seconds.
Elapsed time is 37.706903 seconds.
Elapsed time is 38.033797 seconds.
Elapsed time is 39.977569 seconds.
Elapsed time is 35.095017 seconds.
Elapsed time is 35.782006 seconds.
Elapsed time is 39.332172 seconds.
Elapsed time is 35.225958 seconds.
Elapsed time is 37.681379 seconds.
Elapsed time is 37.997125 seconds.
Elapsed time is 37.794626 seconds.
Elapsed time is 37.865527 seconds.
Elapsed time is 39.112982 seconds.
Elapsed time is 39.935662 seconds.
Elapsed time is 39.590983 seconds.
Elapsed time is 39.603115 seconds.
Elapsed time is 37.605152 seconds.
Elapsed time is 39.229468 seconds.
Elapsed time is 38.387662 seconds.
Elapsed time is 39.036569 seconds.
Elapsed time is 39.505088 seconds.
Elapsed time is 40.532674 seconds.
Elapsed time is 39.082676 seconds.
Elapsed time is 33.946741 seconds.
Elapsed time is 35.785232 seconds.
Elapsed time is 38.918971 seconds.
Elapsed time is 40.295184 seconds.
Elapsed time is 39.205402 seconds.
Elapsed time is 34.549952 seconds.
Elapsed time is 38.316583 seconds.
Elapsed time is 38.550740 seconds.
Elapsed time is 37.030097 seconds.
Elapsed time is 40.558155 seconds.
Elapsed time is 35.656903 seconds.
Elapsed time is 35.374512 seconds.
Elapsed time is 37.830921 seconds.
Elapsed time is 36.581155 seconds.
Elapsed time is 38.962713 seconds.
Elapsed time is 39.738167 seconds.
Elapsed time is 37.928827 seconds.
Elapsed time is 39.687297 seconds.
Elapsed time is 39.671378 seconds.
Elapsed time is 39.223602 seconds.
Elapsed time is 35.719427 seconds.
Elapsed time is 37.077027 seconds.
Elapsed time is 35.695909 seconds.
Elapsed time is 40.814197 seconds.
Elapsed time is 36.438583 seconds.
Elapsed time is 36.133603 seconds.
Elapsed time is 39.148733 seconds.
Elapsed time is 37.337413 seconds.
Elapsed time is 40.050285 seconds.
Elapsed time is 38.522829 seconds.
Elapsed time is 38.542038 seconds.
Elapsed time is 35.813655 seconds.
Elapsed time is 38.792789 seconds.
Elapsed time is 39.472369 seconds.
Elapsed time is 40.664850 seconds.
Elapsed time is 39.067475 seconds.
Elapsed time is 35.437296 seconds.
Elapsed time is 39.299587 seconds.
Elapsed time is 38.763735 seconds.
Elapsed time is 36.629082 seconds.
Elapsed time is 35.667337 seconds.
Elapsed time is 38.614752 seconds.
Elapsed time is 39.446932 seconds.
Elapsed time is 35.968587 seconds.
Elapsed time is 37.090152 seconds.
Elapsed time is 37.000412 seconds.
Elapsed time is 39.056276 seconds.
Elapsed time is 36.230263 seconds.
Elapsed time is 40.116688 seconds.
Elapsed time is 38.404671 seconds.
Elapsed time is 39.497598 seconds.
Elapsed time is 39.012153 seconds.
Elapsed time is 36.411351 seconds.
Elapsed time is 39.595666 seconds.
Elapsed time is 37.757573 seconds.
Elapsed time is 39.404870 seconds.
Elapsed time is 40.231548 seconds.
Elapsed time is 40.086280 seconds.
     2         375         1604.27        1.39e+06       0.0001      0.0217671
Elapsed time is 37.442606 seconds.
Elapsed time is 38.785862 seconds.
Elapsed time is 37.993011 seconds.
Elapsed time is 38.251819 seconds.
Elapsed time is 34.510010 seconds.
Elapsed time is 36.920229 seconds.
Elapsed time is 34.003734 seconds.
Elapsed time is 36.289796 seconds.
Elapsed time is 39.687046 seconds.
Elapsed time is 40.833648 seconds.
Elapsed time is 38.332066 seconds.
Elapsed time is 37.338841 seconds.
Elapsed time is 35.542423 seconds.
Elapsed time is 36.772511 seconds.
Elapsed time is 36.637541 seconds.
Elapsed time is 37.531852 seconds.
Elapsed time is 38.026395 seconds.
Elapsed time is 39.412988 seconds.
Elapsed time is 36.745412 seconds.
Elapsed time is 39.918495 seconds.
Elapsed time is 39.462890 seconds.
Elapsed time is 37.529279 seconds.
Elapsed time is 35.058539 seconds.
Elapsed time is 37.940985 seconds.
Elapsed time is 37.319093 seconds.
Elapsed time is 35.592000 seconds.
Elapsed time is 38.243939 seconds.
Elapsed time is 39.863383 seconds.
Elapsed time is 39.284443 seconds.
Elapsed time is 37.341060 seconds.
Elapsed time is 39.412397 seconds.
Elapsed time is 39.426443 seconds.
Elapsed time is 40.263133 seconds.
Elapsed time is 36.290690 seconds.
Elapsed time is 39.650998 seconds.
Elapsed time is 39.954799 seconds.
Elapsed time is 36.549707 seconds.
Elapsed time is 39.631546 seconds.
Elapsed time is 36.316186 seconds.
Elapsed time is 33.633101 seconds.
Elapsed time is 33.220988 seconds.
Elapsed time is 34.654018 seconds.
Elapsed time is 38.945934 seconds.
Elapsed time is 34.384625 seconds.
Elapsed time is 34.712924 seconds.
Elapsed time is 36.717758 seconds.
Elapsed time is 38.563572 seconds.
Elapsed time is 38.216278 seconds.
Elapsed time is 37.413761 seconds.
Elapsed time is 36.979692 seconds.
Elapsed time is 39.964283 seconds.
Elapsed time is 36.641862 seconds.
Elapsed time is 39.880475 seconds.
Elapsed time is 38.545832 seconds.
Elapsed time is 39.426224 seconds.
Elapsed time is 37.298118 seconds.
Elapsed time is 37.338290 seconds.
Elapsed time is 35.198926 seconds.
Elapsed time is 39.784655 seconds.
Elapsed time is 36.429380 seconds.
Elapsed time is 39.153095 seconds.
Elapsed time is 34.143254 seconds.
Elapsed time is 39.774368 seconds.
Elapsed time is 40.440486 seconds.
Elapsed time is 38.658942 seconds.
Elapsed time is 39.827214 seconds.
Elapsed time is 36.113722 seconds.
Elapsed time is 36.538259 seconds.
Elapsed time is 36.419616 seconds.
Elapsed time is 38.715523 seconds.
Elapsed time is 36.561744 seconds.
Elapsed time is 39.687287 seconds.
Elapsed time is 40.005554 seconds.
Elapsed time is 38.403463 seconds.
Elapsed time is 37.066291 seconds.
Elapsed time is 37.190067 seconds.
Elapsed time is 38.107198 seconds.
Elapsed time is 39.367454 seconds.
Elapsed time is 37.127535 seconds.
Elapsed time is 38.760794 seconds.
Elapsed time is 36.163955 seconds.
Elapsed time is 37.955791 seconds.
Elapsed time is 36.792225 seconds.
Elapsed time is 39.063382 seconds.
Elapsed time is 35.286841 seconds.
Elapsed time is 37.180214 seconds.
Elapsed time is 38.753705 seconds.
Elapsed time is 35.839355 seconds.
Elapsed time is 34.939954 seconds.
Elapsed time is 36.143767 seconds.
Elapsed time is 34.175173 seconds.
Elapsed time is 35.881578 seconds.
Elapsed time is 41.233156 seconds.
Elapsed time is 35.880842 seconds.
Elapsed time is 36.080541 seconds.
Elapsed time is 38.889190 seconds.
Elapsed time is 36.444420 seconds.
Elapsed time is 36.165475 seconds.
Elapsed time is 36.557932 seconds.
Elapsed time is 39.427552 seconds.
Elapsed time is 37.308502 seconds.
Elapsed time is 39.718142 seconds.
Elapsed time is 40.143260 seconds.
Elapsed time is 39.691381 seconds.
Elapsed time is 36.765619 seconds.
Elapsed time is 39.291820 seconds.
Elapsed time is 35.305505 seconds.
Elapsed time is 38.166690 seconds.
Elapsed time is 34.256548 seconds.
Elapsed time is 38.602229 seconds.
Elapsed time is 37.664100 seconds.
Elapsed time is 39.077373 seconds.
Elapsed time is 39.411488 seconds.
Elapsed time is 37.455035 seconds.
Elapsed time is 37.638971 seconds.
Elapsed time is 36.819561 seconds.
Elapsed time is 39.396117 seconds.
Elapsed time is 36.522475 seconds.
Elapsed time is 37.463102 seconds.
Elapsed time is 38.921099 seconds.
Elapsed time is 35.975248 seconds.
Elapsed time is 36.241674 seconds.
Elapsed time is 37.124195 seconds.
Elapsed time is 37.506270 seconds.
Elapsed time is 39.630233 seconds.
     3         500         1588.63        3.28e+05        1e-05      0.0132871
Elapsed time is 36.711139 seconds.
Elapsed time is 38.013478 seconds.
Elapsed time is 36.877799 seconds.
Elapsed time is 37.900271 seconds.
Elapsed time is 37.279558 seconds.
Elapsed time is 37.312416 seconds.
Elapsed time is 36.870466 seconds.
Elapsed time is 34.455144 seconds.
Elapsed time is 37.656993 seconds.
Elapsed time is 39.289156 seconds.
Elapsed time is 40.565420 seconds.
Elapsed time is 36.378107 seconds.
Elapsed time is 33.948872 seconds.
Elapsed time is 36.855370 seconds.
Elapsed time is 35.805632 seconds.
Elapsed time is 38.631081 seconds.
Elapsed time is 36.693391 seconds.
Elapsed time is 36.255364 seconds.
Elapsed time is 39.951851 seconds.
Elapsed time is 37.491451 seconds.
Elapsed time is 35.499644 seconds.
Elapsed time is 38.580104 seconds.
Elapsed time is 39.278075 seconds.
Elapsed time is 38.391531 seconds.
Elapsed time is 36.231001 seconds.
Elapsed time is 37.283440 seconds.
Elapsed time is 39.686473 seconds.
Elapsed time is 39.543215 seconds.
Elapsed time is 38.433551 seconds.
Elapsed time is 38.461757 seconds.
Elapsed time is 35.350404 seconds.
Elapsed time is 39.991679 seconds.
Elapsed time is 33.307979 seconds.
Elapsed time is 35.924326 seconds.
Elapsed time is 35.511036 seconds.
Elapsed time is 35.970511 seconds.
Elapsed time is 37.434463 seconds.
Elapsed time is 36.237430 seconds.
Elapsed time is 40.391056 seconds.
Elapsed time is 36.592698 seconds.
Elapsed time is 38.945834 seconds.
Elapsed time is 38.022623 seconds.
Elapsed time is 35.634474 seconds.
Elapsed time is 39.360262 seconds.
Elapsed time is 37.089377 seconds.
Elapsed time is 37.869369 seconds.
Elapsed time is 37.316702 seconds.
Elapsed time is 39.597735 seconds.
Elapsed time is 39.874348 seconds.
Elapsed time is 43.116483 seconds.
Elapsed time is 39.805590 seconds.
Elapsed time is 39.254127 seconds.
Elapsed time is 36.233064 seconds.
Elapsed time is 35.992917 seconds.
Elapsed time is 38.745723 seconds.
Elapsed time is 34.563046 seconds.
Elapsed time is 39.329606 seconds.
Elapsed time is 35.627238 seconds.
Elapsed time is 37.994615 seconds.
Elapsed time is 38.406941 seconds.
Elapsed time is 39.355348 seconds.
Elapsed time is 35.683981 seconds.
Elapsed time is 36.689608 seconds.
Elapsed time is 38.005375 seconds.
Elapsed time is 37.975315 seconds.
Elapsed time is 37.733802 seconds.
Elapsed time is 39.087984 seconds.
Elapsed time is 38.415801 seconds.
Elapsed time is 34.611297 seconds.
Elapsed time is 36.505636 seconds.
Elapsed time is 38.795438 seconds.
Elapsed time is 35.750955 seconds.
Elapsed time is 37.329774 seconds.
Elapsed time is 37.482311 seconds.
Elapsed time is 39.183506 seconds.
Elapsed time is 35.439338 seconds.
Elapsed time is 33.703775 seconds.
Elapsed time is 36.879693 seconds.
Elapsed time is 39.472122 seconds.
Elapsed time is 40.094523 seconds.
Elapsed time is 38.348110 seconds.
Elapsed time is 35.324035 seconds.
Elapsed time is 37.313376 seconds.
Elapsed time is 37.942471 seconds.
Elapsed time is 39.375125 seconds.
Elapsed time is 36.157620 seconds.
Elapsed time is 37.838515 seconds.
Elapsed time is 38.352274 seconds.
Elapsed time is 38.519888 seconds.
Elapsed time is 38.842732 seconds.
Elapsed time is 39.419340 seconds.
Elapsed time is 39.964467 seconds.
Elapsed time is 37.199882 seconds.
Elapsed time is 39.954589 seconds.
Elapsed time is 39.651688 seconds.
Elapsed time is 37.582339 seconds.
Elapsed time is 36.271252 seconds.
Elapsed time is 40.372676 seconds.
Elapsed time is 38.801992 seconds.
Elapsed time is 35.498874 seconds.
Elapsed time is 36.674305 seconds.
Elapsed time is 38.342546 seconds.
Elapsed time is 36.036850 seconds.
Elapsed time is 38.025927 seconds.
Elapsed time is 38.441153 seconds.
Elapsed time is 36.104749 seconds.
Elapsed time is 38.427929 seconds.
Elapsed time is 35.547205 seconds.
Elapsed time is 36.432839 seconds.
Elapsed time is 36.944756 seconds.
Elapsed time is 33.238729 seconds.
Elapsed time is 36.192399 seconds.
Elapsed time is 38.687579 seconds.
Elapsed time is 38.602405 seconds.
Elapsed time is 33.883213 seconds.
Elapsed time is 37.958788 seconds.
Elapsed time is 39.504039 seconds.
Elapsed time is 38.111483 seconds.
Elapsed time is 39.110667 seconds.
Elapsed time is 38.556047 seconds.
Elapsed time is 36.533872 seconds.
Elapsed time is 38.613378 seconds.
Elapsed time is 39.237458 seconds.
Elapsed time is 38.058926 seconds.
Elapsed time is 38.401503 seconds.
     4         625          1528.6         1.6e+06        1e-06      0.0140959
Elapsed time is 34.797134 seconds.
Elapsed time is 38.409051 seconds.
Elapsed time is 36.046935 seconds.
Elapsed time is 40.026377 seconds.
Elapsed time is 36.094200 seconds.
Elapsed time is 37.671203 seconds.
Elapsed time is 40.657429 seconds.
Elapsed time is 38.115045 seconds.
Elapsed time is 39.605535 seconds.
Elapsed time is 39.622380 seconds.
Elapsed time is 39.491383 seconds.
Elapsed time is 37.897388 seconds.
Elapsed time is 34.281688 seconds.
Elapsed time is 39.304913 seconds.
Elapsed time is 37.170616 seconds.
Elapsed time is 35.316569 seconds.
Elapsed time is 37.541375 seconds.
Elapsed time is 36.908197 seconds.
Elapsed time is 40.180779 seconds.
Elapsed time is 36.401619 seconds.
Elapsed time is 37.315969 seconds.
Elapsed time is 36.086733 seconds.
Elapsed time is 36.995521 seconds.
Elapsed time is 38.343630 seconds.
Elapsed time is 33.717311 seconds.
Elapsed time is 32.571424 seconds.
Elapsed time is 38.564971 seconds.
Elapsed time is 37.941688 seconds.
Elapsed time is 39.738202 seconds.
Elapsed time is 35.531374 seconds.
Elapsed time is 39.959767 seconds.
Elapsed time is 40.198586 seconds.
Elapsed time is 34.930627 seconds.
Elapsed time is 40.080927 seconds.
Elapsed time is 35.498299 seconds.
Elapsed time is 35.889112 seconds.
Elapsed time is 38.119436 seconds.
Elapsed time is 33.833673 seconds.
Elapsed time is 39.312112 seconds.
Elapsed time is 39.447237 seconds.
Elapsed time is 37.627625 seconds.
Elapsed time is 38.834476 seconds.
Elapsed time is 39.074700 seconds.
Elapsed time is 36.178016 seconds.
Elapsed time is 36.976393 seconds.
Elapsed time is 39.810139 seconds.
Elapsed time is 37.775136 seconds.
Elapsed time is 38.922226 seconds.
Elapsed time is 36.269030 seconds.
Elapsed time is 37.475268 seconds.
Elapsed time is 38.483251 seconds.
Elapsed time is 35.227647 seconds.
Elapsed time is 39.174830 seconds.
Elapsed time is 40.231396 seconds.
Elapsed time is 34.790680 seconds.
Elapsed time is 37.924695 seconds.
Elapsed time is 37.116196 seconds.
Elapsed time is 37.430482 seconds.
Elapsed time is 38.602806 seconds.
Elapsed time is 39.253492 seconds.
Elapsed time is 37.548972 seconds.
Elapsed time is 37.166058 seconds.
Elapsed time is 39.231817 seconds.
Elapsed time is 30.942498 seconds.
Elapsed time is 32.089619 seconds.
Elapsed time is 38.680210 seconds.
Elapsed time is 38.157804 seconds.
Elapsed time is 34.613970 seconds.
Elapsed time is 37.928306 seconds.
Elapsed time is 35.477194 seconds.
Elapsed time is 36.047790 seconds.
Elapsed time is 37.319796 seconds.
Elapsed time is 38.684381 seconds.
Elapsed time is 39.235786 seconds.
Elapsed time is 38.497136 seconds.
Elapsed time is 39.795791 seconds.
Elapsed time is 40.017378 seconds.
Elapsed time is 39.582038 seconds.
Elapsed time is 37.928095 seconds.
Elapsed time is 40.271041 seconds.
Elapsed time is 38.197368 seconds.
Elapsed time is 40.047795 seconds.
Elapsed time is 39.385333 seconds.
Elapsed time is 38.308573 seconds.
Elapsed time is 36.457700 seconds.
Elapsed time is 35.534442 seconds.
Elapsed time is 35.612617 seconds.
Elapsed time is 39.696117 seconds.
Elapsed time is 36.937751 seconds.
Elapsed time is 38.511341 seconds.
Elapsed time is 35.743010 seconds.
Elapsed time is 38.476524 seconds.
Elapsed time is 36.826394 seconds.
Elapsed time is 36.274555 seconds.
Elapsed time is 36.017590 seconds.
Elapsed time is 37.358243 seconds.
Elapsed time is 38.938764 seconds.
Elapsed time is 38.315854 seconds.
Elapsed time is 35.356672 seconds.
Elapsed time is 38.867966 seconds.
Elapsed time is 40.350188 seconds.
Elapsed time is 39.149350 seconds.
Elapsed time is 39.171341 seconds.
Elapsed time is 39.175616 seconds.
Elapsed time is 39.757657 seconds.
Elapsed time is 37.179140 seconds.
Elapsed time is 35.821849 seconds.
Elapsed time is 38.935022 seconds.
Elapsed time is 38.778377 seconds.
Elapsed time is 36.865732 seconds.
Elapsed time is 36.448190 seconds.
Elapsed time is 36.703134 seconds.
Elapsed time is 35.944372 seconds.
Elapsed time is 38.807914 seconds.
Elapsed time is 35.967759 seconds.
Elapsed time is 36.973676 seconds.
Elapsed time is 37.825702 seconds.
Elapsed time is 38.342790 seconds.
Elapsed time is 37.348920 seconds.
Elapsed time is 45.395162 seconds.
Elapsed time is 49.483200 seconds.
Elapsed time is 47.419868 seconds.
Elapsed time is 49.291620 seconds.
Elapsed time is 48.616734 seconds.
Elapsed time is 47.977730 seconds.
     5         750         1503.52        7.83e+05        1e-07      0.0126862
Elapsed time is 47.740432 seconds.
Elapsed time is 52.291189 seconds.
Elapsed time is 50.330093 seconds.
Elapsed time is 49.694082 seconds.
Elapsed time is 50.888705 seconds.
Elapsed time is 49.138584 seconds.
Elapsed time is 47.966021 seconds.
Elapsed time is 50.788977 seconds.
Elapsed time is 48.138210 seconds.
Elapsed time is 50.455230 seconds.
Elapsed time is 50.269108 seconds.
Elapsed time is 47.799229 seconds.
Elapsed time is 50.458750 seconds.
Elapsed time is 50.473069 seconds.
Elapsed time is 49.841619 seconds.
Elapsed time is 51.870453 seconds.
Elapsed time is 50.909435 seconds.
Elapsed time is 47.712429 seconds.
Elapsed time is 48.629176 seconds.
Elapsed time is 49.247805 seconds.
Elapsed time is 48.016020 seconds.
Elapsed time is 46.406739 seconds.
Elapsed time is 44.019712 seconds.
Elapsed time is 45.452322 seconds.
Elapsed time is 42.140545 seconds.
Elapsed time is 41.578641 seconds.
Elapsed time is 43.675658 seconds.
Elapsed time is 42.825480 seconds.
Elapsed time is 39.311183 seconds.
Elapsed time is 41.073384 seconds.
Elapsed time is 37.365857 seconds.
Elapsed time is 38.986057 seconds.
Elapsed time is 36.598807 seconds.
Elapsed time is 32.749637 seconds.
Elapsed time is 34.689650 seconds.
Elapsed time is 34.137225 seconds.
Elapsed time is 35.875730 seconds.
Elapsed time is 36.974311 seconds.
Elapsed time is 33.904096 seconds.
Elapsed time is 33.699487 seconds.
Elapsed time is 33.842467 seconds.
Elapsed time is 32.020991 seconds.
Elapsed time is 36.957036 seconds.
Elapsed time is 31.078752 seconds.
Elapsed time is 30.686759 seconds.
Elapsed time is 35.848186 seconds.
Elapsed time is 31.652642 seconds.
Elapsed time is 37.649148 seconds.
Elapsed time is 33.992665 seconds.
Elapsed time is 34.406418 seconds.
Elapsed time is 32.133274 seconds.
Elapsed time is 33.235573 seconds.
Elapsed time is 36.050774 seconds.
Elapsed time is 32.050009 seconds.
Elapsed time is 32.525177 seconds.
Elapsed time is 34.865027 seconds.
Elapsed time is 31.985952 seconds.
Elapsed time is 33.083453 seconds.
Elapsed time is 35.564553 seconds.
Elapsed time is 35.035847 seconds.
Elapsed time is 33.879479 seconds.
Elapsed time is 34.425838 seconds.
Elapsed time is 35.820488 seconds.
Elapsed time is 35.859645 seconds.
Elapsed time is 32.827472 seconds.
Elapsed time is 37.023707 seconds.
Elapsed time is 36.562102 seconds.
Elapsed time is 33.633479 seconds.
Elapsed time is 35.568607 seconds.
Elapsed time is 36.758574 seconds.
Elapsed time is 34.274031 seconds.
Elapsed time is 30.918807 seconds.
Elapsed time is 35.492530 seconds.
Elapsed time is 32.990184 seconds.
Elapsed time is 33.711465 seconds.
Elapsed time is 32.210889 seconds.
Elapsed time is 30.621501 seconds.
Elapsed time is 36.436171 seconds.
Elapsed time is 33.637287 seconds.
Elapsed time is 35.383893 seconds.
Elapsed time is 37.660830 seconds.
Elapsed time is 35.807709 seconds.
Elapsed time is 36.705048 seconds.
Elapsed time is 32.806208 seconds.
Elapsed time is 30.729476 seconds.
Elapsed time is 32.508960 seconds.
Elapsed time is 31.468907 seconds.
Elapsed time is 35.122236 seconds.
Elapsed time is 33.546854 seconds.
Elapsed time is 33.756301 seconds.
Elapsed time is 32.201745 seconds.
Elapsed time is 31.374918 seconds.
Elapsed time is 32.315347 seconds.
Elapsed time is 35.110424 seconds.
Elapsed time is 35.538473 seconds.
Elapsed time is 33.059062 seconds.
Elapsed time is 32.670389 seconds.
Elapsed time is 53.718821 seconds.
Elapsed time is 53.314076 seconds.
Elapsed time is 54.795820 seconds.
Elapsed time is 54.900766 seconds.
Elapsed time is 56.677241 seconds.
Elapsed time is 53.721021 seconds.
Elapsed time is 56.626269 seconds.
Elapsed time is 54.500673 seconds.
Elapsed time is 57.737343 seconds.
Elapsed time is 55.972058 seconds.
Elapsed time is 55.856049 seconds.
Elapsed time is 55.105300 seconds.
Elapsed time is 54.495327 seconds.
Elapsed time is 56.606137 seconds.
Elapsed time is 56.211593 seconds.
Elapsed time is 55.633444 seconds.
Elapsed time is 55.397223 seconds.
Elapsed time is 57.843215 seconds.
Elapsed time is 55.815569 seconds.
Elapsed time is 55.944376 seconds.
Elapsed time is 55.928982 seconds.
Elapsed time is 55.351546 seconds.
Elapsed time is 57.099678 seconds.
Elapsed time is 53.568700 seconds.
Elapsed time is 53.109373 seconds.
Elapsed time is 52.185552 seconds.
Elapsed time is 46.118382 seconds.
Elapsed time is 43.547617 seconds.
     6         875         1480.89        5.83e+05        1e-08      0.0112478
Elapsed time is 43.735742 seconds.
Elapsed time is 40.547170 seconds.
Elapsed time is 38.526533 seconds.
Elapsed time is 39.558203 seconds.
Elapsed time is 36.816729 seconds.
Elapsed time is 35.850199 seconds.
Elapsed time is 37.260991 seconds.
Elapsed time is 36.104549 seconds.
Elapsed time is 37.476477 seconds.
Elapsed time is 35.306986 seconds.
Elapsed time is 35.917900 seconds.
Elapsed time is 33.418832 seconds.
Elapsed time is 31.522809 seconds.
Elapsed time is 30.347371 seconds.
Elapsed time is 31.788991 seconds.
Elapsed time is 30.898026 seconds.
Elapsed time is 30.577377 seconds.
Elapsed time is 31.067287 seconds.
Elapsed time is 32.493792 seconds.
Elapsed time is 29.342951 seconds.
Elapsed time is 29.444732 seconds.
Elapsed time is 31.827801 seconds.
Elapsed time is 29.262002 seconds.
Elapsed time is 30.959360 seconds.
Elapsed time is 29.411003 seconds.
Elapsed time is 32.269032 seconds.
Elapsed time is 32.571323 seconds.
Elapsed time is 32.639412 seconds.
Elapsed time is 32.358853 seconds.
Elapsed time is 29.350550 seconds.
Elapsed time is 29.629047 seconds.
Elapsed time is 31.666389 seconds.
Elapsed time is 32.861173 seconds.
Elapsed time is 29.597224 seconds.
Elapsed time is 31.878017 seconds.
Elapsed time is 30.728229 seconds.
Elapsed time is 30.282131 seconds.
Elapsed time is 29.667274 seconds.
Elapsed time is 32.091481 seconds.
Elapsed time is 30.263966 seconds.
Elapsed time is 29.143630 seconds.
Elapsed time is 30.658098 seconds.
Elapsed time is 29.168981 seconds.
Elapsed time is 32.446767 seconds.
Elapsed time is 29.792013 seconds.
Elapsed time is 30.610838 seconds.
Elapsed time is 30.001624 seconds.
Elapsed time is 31.343067 seconds.
Elapsed time is 33.980009 seconds.
Elapsed time is 29.146840 seconds.
Elapsed time is 30.899790 seconds.
Elapsed time is 29.989535 seconds.
Elapsed time is 32.508491 seconds.
Elapsed time is 30.640126 seconds.
Elapsed time is 29.453497 seconds.
Elapsed time is 31.507106 seconds.
Elapsed time is 29.316060 seconds.
Elapsed time is 32.481546 seconds.
Elapsed time is 29.118064 seconds.
Elapsed time is 29.430542 seconds.
Elapsed time is 29.393519 seconds.
Elapsed time is 30.422365 seconds.
Elapsed time is 31.205395 seconds.
Elapsed time is 29.344691 seconds.
Elapsed time is 30.389491 seconds.
Elapsed time is 29.433474 seconds.
Elapsed time is 29.849907 seconds.
Elapsed time is 30.285317 seconds.
Elapsed time is 29.611418 seconds.
Elapsed time is 29.425108 seconds.
Elapsed time is 33.580048 seconds.
Elapsed time is 31.978653 seconds.
Elapsed time is 39.091378 seconds.
Elapsed time is 52.339903 seconds.
Elapsed time is 51.438784 seconds.
Elapsed time is 51.558239 seconds.
Elapsed time is 52.043176 seconds.
Elapsed time is 53.147361 seconds.
Elapsed time is 51.935630 seconds.
Elapsed time is 53.241943 seconds.
Elapsed time is 53.492082 seconds.
Elapsed time is 52.623284 seconds.
Elapsed time is 51.216120 seconds.
Elapsed time is 54.224060 seconds.
Elapsed time is 51.882255 seconds.
Elapsed time is 54.198222 seconds.
Elapsed time is 53.944173 seconds.
Elapsed time is 53.371046 seconds.
Elapsed time is 54.349267 seconds.
Elapsed time is 53.369087 seconds.
Elapsed time is 52.191066 seconds.
Elapsed time is 54.509848 seconds.
Elapsed time is 54.683343 seconds.
Elapsed time is 55.855985 seconds.
Elapsed time is 51.255997 seconds.
Elapsed time is 55.106184 seconds.
Elapsed time is 58.359086 seconds.
Elapsed time is 55.394950 seconds.
Elapsed time is 52.935264 seconds.
Elapsed time is 48.740004 seconds.
Elapsed time is 46.231882 seconds.
Elapsed time is 48.661246 seconds.
Elapsed time is 46.719117 seconds.
Elapsed time is 47.382709 seconds.
Elapsed time is 43.678829 seconds.
Elapsed time is 41.696852 seconds.
Elapsed time is 41.732130 seconds.
Elapsed time is 42.079826 seconds.
Elapsed time is 40.357489 seconds.
Elapsed time is 33.854504 seconds.
Elapsed time is 37.996235 seconds.
Elapsed time is 36.041674 seconds.
Elapsed time is 36.071391 seconds.
Elapsed time is 36.387015 seconds.
Elapsed time is 31.971184 seconds.
Elapsed time is 32.997394 seconds.
Elapsed time is 36.378226 seconds.
Elapsed time is 36.875195 seconds.
Elapsed time is 31.187004 seconds.
Elapsed time is 31.838390 seconds.
Elapsed time is 33.982266 seconds.
Elapsed time is 36.114509 seconds.
Elapsed time is 31.013494 seconds.
Elapsed time is 34.417082 seconds.
Elapsed time is 31.920803 seconds.
     7        1000         1460.39        4.82e+05        1e-09     0.00820639
Elapsed time is 32.819400 seconds.
Elapsed time is 33.521786 seconds.
Elapsed time is 32.136888 seconds.
Elapsed time is 32.608177 seconds.
Elapsed time is 36.525057 seconds.
Elapsed time is 32.244305 seconds.
Elapsed time is 30.645925 seconds.
Elapsed time is 33.261263 seconds.
Elapsed time is 31.669491 seconds.
Elapsed time is 33.759306 seconds.
Elapsed time is 33.099382 seconds.
Elapsed time is 31.330526 seconds.
Elapsed time is 31.325610 seconds.
Elapsed time is 30.806873 seconds.
Elapsed time is 30.395936 seconds.
Elapsed time is 32.456552 seconds.
Elapsed time is 35.898862 seconds.
Elapsed time is 33.878273 seconds.
Elapsed time is 31.009916 seconds.
Elapsed time is 30.090004 seconds.
Elapsed time is 36.334733 seconds.
Elapsed time is 33.886985 seconds.
Elapsed time is 31.961926 seconds.
Elapsed time is 30.089375 seconds.
Elapsed time is 35.908134 seconds.
Elapsed time is 35.218403 seconds.
Elapsed time is 31.250281 seconds.
Elapsed time is 31.868848 seconds.
Elapsed time is 31.969227 seconds.
Elapsed time is 30.734815 seconds.
Elapsed time is 33.269712 seconds.
Elapsed time is 30.571736 seconds.
Elapsed time is 30.038878 seconds.
Elapsed time is 31.734170 seconds.
Elapsed time is 31.545449 seconds.
Elapsed time is 32.444555 seconds.
Elapsed time is 32.623898 seconds.
Elapsed time is 33.590343 seconds.
Elapsed time is 29.751461 seconds.
Elapsed time is 30.166439 seconds.
Elapsed time is 32.763519 seconds.
Elapsed time is 31.963813 seconds.
Elapsed time is 35.358670 seconds.
Elapsed time is 31.935343 seconds.
Elapsed time is 29.555288 seconds.
Elapsed time is 32.349048 seconds.
Elapsed time is 32.696557 seconds.
Elapsed time is 29.858283 seconds.
Elapsed time is 31.911121 seconds.
Elapsed time is 31.012974 seconds.
Elapsed time is 30.729731 seconds.
Elapsed time is 32.127119 seconds.
Elapsed time is 35.740939 seconds.
Elapsed time is 30.836693 seconds.
Elapsed time is 30.034890 seconds.
Elapsed time is 33.810367 seconds.
Elapsed time is 32.819608 seconds.
Elapsed time is 31.924928 seconds.
Elapsed time is 32.362679 seconds.
Elapsed time is 31.967718 seconds.
Elapsed time is 33.924180 seconds.
Elapsed time is 34.338612 seconds.
Elapsed time is 31.573006 seconds.
Elapsed time is 31.020575 seconds.
Elapsed time is 36.349831 seconds.
Elapsed time is 31.943882 seconds.
Elapsed time is 33.567447 seconds.
Elapsed time is 34.652471 seconds.
Elapsed time is 35.741751 seconds.
Elapsed time is 34.195167 seconds.
Elapsed time is 32.489462 seconds.
Elapsed time is 29.997574 seconds.
Elapsed time is 30.941540 seconds.
Elapsed time is 30.227598 seconds.
Elapsed time is 30.988264 seconds.
Elapsed time is 34.340838 seconds.
Elapsed time is 35.680830 seconds.
Elapsed time is 31.511335 seconds.
Elapsed time is 32.267872 seconds.
Elapsed time is 31.562631 seconds.
Elapsed time is 31.439302 seconds.
Elapsed time is 30.486484 seconds.
Elapsed time is 29.829757 seconds.
Elapsed time is 30.026907 seconds.
Elapsed time is 34.813848 seconds.
Elapsed time is 32.816004 seconds.
Elapsed time is 34.927352 seconds.
Elapsed time is 31.448360 seconds.
Elapsed time is 30.723598 seconds.
Elapsed time is 32.304348 seconds.
Elapsed time is 36.318729 seconds.
Elapsed time is 31.555881 seconds.
Elapsed time is 31.786763 seconds.
Elapsed time is 30.461125 seconds.
Elapsed time is 32.794419 seconds.
Elapsed time is 35.987876 seconds.
Elapsed time is 29.830178 seconds.
Elapsed time is 30.360888 seconds.
Elapsed time is 29.995455 seconds.
Elapsed time is 32.855996 seconds.
Elapsed time is 31.441819 seconds.
Elapsed time is 32.672658 seconds.
Elapsed time is 32.760356 seconds.
Elapsed time is 30.555277 seconds.
Elapsed time is 32.549315 seconds.
Elapsed time is 32.175902 seconds.
Elapsed time is 32.162836 seconds.
Elapsed time is 31.546635 seconds.
Elapsed time is 30.064780 seconds.
Elapsed time is 34.686627 seconds.
Elapsed time is 36.184666 seconds.
Elapsed time is 33.714940 seconds.
Elapsed time is 29.858955 seconds.
Elapsed time is 31.873014 seconds.
Elapsed time is 36.580399 seconds.
Elapsed time is 31.375015 seconds.
Elapsed time is 31.709916 seconds.
Elapsed time is 30.642573 seconds.
Elapsed time is 32.523630 seconds.
Elapsed time is 32.914184 seconds.
Elapsed time is 33.043793 seconds.
Elapsed time is 30.222279 seconds.
Elapsed time is 29.535377 seconds.
Elapsed time is 32.532016 seconds.
Elapsed time is 33.888880 seconds.
     8        1125         1441.92        7.89e+05        1e-10     0.00875963
Elapsed time is 32.369693 seconds.
Elapsed time is 31.885149 seconds.
Elapsed time is 29.981994 seconds.
Elapsed time is 35.497885 seconds.
Elapsed time is 36.110695 seconds.
Elapsed time is 36.178370 seconds.
Elapsed time is 31.330451 seconds.
Elapsed time is 31.703634 seconds.
Elapsed time is 32.247706 seconds.
Elapsed time is 30.932785 seconds.
Elapsed time is 30.387320 seconds.
Elapsed time is 36.708911 seconds.
Elapsed time is 36.798275 seconds.
Elapsed time is 36.191573 seconds.
Elapsed time is 33.351072 seconds.
Elapsed time is 30.667185 seconds.
Elapsed time is 32.058895 seconds.
Elapsed time is 32.169964 seconds.
Elapsed time is 32.995190 seconds.
Elapsed time is 35.730794 seconds.
Elapsed time is 35.375904 seconds.
Elapsed time is 31.769410 seconds.
Elapsed time is 36.608735 seconds.
Elapsed time is 30.955214 seconds.
Elapsed time is 36.368077 seconds.
Elapsed time is 30.427591 seconds.
Elapsed time is 36.940590 seconds.
Elapsed time is 35.346971 seconds.
Elapsed time is 34.032253 seconds.
Elapsed time is 31.878844 seconds.
Elapsed time is 37.154804 seconds.
Elapsed time is 33.981498 seconds.
Elapsed time is 35.447864 seconds.
Elapsed time is 37.186520 seconds.
Elapsed time is 32.423163 seconds.
Elapsed time is 35.935245 seconds.
Elapsed time is 36.429572 seconds.
Elapsed time is 34.074932 seconds.
Elapsed time is 36.916574 seconds.
Elapsed time is 31.677220 seconds.
Elapsed time is 35.995287 seconds.
Elapsed time is 34.402541 seconds.
Elapsed time is 33.496973 seconds.
Elapsed time is 31.344609 seconds.
Elapsed time is 33.575877 seconds.
Elapsed time is 30.660889 seconds.
Elapsed time is 36.927625 seconds.
Elapsed time is 32.031194 seconds.
Elapsed time is 35.541695 seconds.
Elapsed time is 32.167866 seconds.
Elapsed time is 35.607483 seconds.
Elapsed time is 33.551262 seconds.
Elapsed time is 32.487026 seconds.
Elapsed time is 36.933604 seconds.
Elapsed time is 33.552665 seconds.
Elapsed time is 30.829894 seconds.
Elapsed time is 36.287034 seconds.
Elapsed time is 30.575543 seconds.
Elapsed time is 36.321221 seconds.
Elapsed time is 35.077915 seconds.
Elapsed time is 35.805174 seconds.
Elapsed time is 36.417962 seconds.
Elapsed time is 32.068537 seconds.
Elapsed time is 32.088583 seconds.
Elapsed time is 33.998126 seconds.
Elapsed time is 36.457927 seconds.
Elapsed time is 36.978488 seconds.
Elapsed time is 36.338195 seconds.
Elapsed time is 32.497390 seconds.
Elapsed time is 35.152191 seconds.
Elapsed time is 36.598035 seconds.
Elapsed time is 32.624785 seconds.
Elapsed time is 37.137590 seconds.
Elapsed time is 33.926741 seconds.
Elapsed time is 33.082175 seconds.
Elapsed time is 34.631793 seconds.
Elapsed time is 32.706476 seconds.
Elapsed time is 33.091076 seconds.
Elapsed time is 34.414001 seconds.
Elapsed time is 36.361511 seconds.
Elapsed time is 36.053509 seconds.
Elapsed time is 31.374962 seconds.
Elapsed time is 33.158178 seconds.
Elapsed time is 37.157370 seconds.
Elapsed time is 31.988279 seconds.
Elapsed time is 37.396661 seconds.
Elapsed time is 34.242769 seconds.
Elapsed time is 36.514224 seconds.
Elapsed time is 34.946240 seconds.
Elapsed time is 32.606445 seconds.
Elapsed time is 36.078417 seconds.
Elapsed time is 33.930600 seconds.
Elapsed time is 33.530205 seconds.
Elapsed time is 36.125625 seconds.
Elapsed time is 33.797721 seconds.
Elapsed time is 34.607548 seconds.
Elapsed time is 32.506315 seconds.
Elapsed time is 33.335476 seconds.
Elapsed time is 34.326193 seconds.
Elapsed time is 31.012276 seconds.
Elapsed time is 31.607205 seconds.
Elapsed time is 33.407893 seconds.
Elapsed time is 34.627908 seconds.
Elapsed time is 36.422566 seconds.
Elapsed time is 30.072848 seconds.
Elapsed time is 33.701380 seconds.
Elapsed time is 32.783187 seconds.
Elapsed time is 32.835644 seconds.
Elapsed time is 36.905602 seconds.
Elapsed time is 36.683568 seconds.
Elapsed time is 33.842452 seconds.
Elapsed time is 30.760859 seconds.
Elapsed time is 30.513812 seconds.
Elapsed time is 37.113227 seconds.
Elapsed time is 34.520835 seconds.
Elapsed time is 37.239200 seconds.
Elapsed time is 32.243797 seconds.
Elapsed time is 36.059284 seconds.
Elapsed time is 33.507984 seconds.
Elapsed time is 35.872334 seconds.
Elapsed time is 32.114812 seconds.
Elapsed time is 34.128132 seconds.
Elapsed time is 36.699933 seconds.
Elapsed time is 33.473788 seconds.
Elapsed time is 35.080548 seconds.
     9        1250         1423.99         6.6e+05        1e-11     0.00951287
Elapsed time is 34.894977 seconds.
Elapsed time is 33.206399 seconds.
Elapsed time is 32.324060 seconds.
Elapsed time is 36.690000 seconds.
Elapsed time is 36.346910 seconds.
Elapsed time is 32.023210 seconds.
Elapsed time is 35.481163 seconds.
Elapsed time is 36.127758 seconds.
Elapsed time is 35.740294 seconds.
Elapsed time is 36.069960 seconds.
Elapsed time is 30.995264 seconds.
Elapsed time is 31.989796 seconds.
Elapsed time is 31.710708 seconds.
Elapsed time is 32.134343 seconds.
Elapsed time is 33.049545 seconds.
Elapsed time is 34.549866 seconds.
Elapsed time is 33.549287 seconds.
Elapsed time is 33.523372 seconds.
Elapsed time is 33.585465 seconds.
Elapsed time is 36.517768 seconds.
Elapsed time is 32.844793 seconds.
Elapsed time is 31.813193 seconds.
Elapsed time is 29.856355 seconds.
Elapsed time is 31.998086 seconds.
Elapsed time is 35.870979 seconds.
Elapsed time is 35.040247 seconds.
Elapsed time is 36.751428 seconds.
Elapsed time is 32.011562 seconds.
Elapsed time is 35.138394 seconds.
Elapsed time is 31.232498 seconds.
Elapsed time is 34.465853 seconds.
Elapsed time is 33.565905 seconds.
Elapsed time is 37.115988 seconds.
Elapsed time is 33.217129 seconds.
Elapsed time is 32.215168 seconds.
Elapsed time is 38.757095 seconds.
Elapsed time is 34.156132 seconds.
Elapsed time is 37.911306 seconds.
Elapsed time is 32.398369 seconds.
Elapsed time is 34.679727 seconds.
Elapsed time is 30.447978 seconds.
Elapsed time is 30.444905 seconds.
Elapsed time is 32.374495 seconds.
Elapsed time is 36.359112 seconds.
Elapsed time is 39.048465 seconds.
Elapsed time is 34.105222 seconds.
Elapsed time is 33.343587 seconds.
Elapsed time is 33.488985 seconds.
Elapsed time is 32.868589 seconds.
Elapsed time is 32.713700 seconds.
Elapsed time is 33.274639 seconds.
Elapsed time is 36.144212 seconds.
Elapsed time is 33.788121 seconds.
Elapsed time is 31.603417 seconds.
Elapsed time is 35.701954 seconds.
Elapsed time is 32.660342 seconds.
Elapsed time is 34.010226 seconds.
Elapsed time is 34.078280 seconds.
Elapsed time is 36.692102 seconds.
Elapsed time is 30.886179 seconds.
Elapsed time is 35.812321 seconds.
Elapsed time is 33.064550 seconds.
Elapsed time is 32.011283 seconds.
Elapsed time is 36.912322 seconds.
Elapsed time is 34.860281 seconds.
Elapsed time is 34.868085 seconds.
Elapsed time is 36.948351 seconds.
Elapsed time is 36.522209 seconds.
Elapsed time is 30.402533 seconds.
Elapsed time is 36.903570 seconds.
Elapsed time is 33.406154 seconds.
Elapsed time is 36.669612 seconds.
Elapsed time is 33.003830 seconds.
Elapsed time is 36.056116 seconds.
Elapsed time is 36.350524 seconds.
Elapsed time is 31.973238 seconds.
Elapsed time is 34.128384 seconds.
Elapsed time is 32.321589 seconds.
Elapsed time is 34.367034 seconds.
Elapsed time is 35.504705 seconds.
Elapsed time is 31.713908 seconds.
Elapsed time is 36.820245 seconds.
Elapsed time is 35.463744 seconds.
Elapsed time is 35.996372 seconds.
Elapsed time is 32.383814 seconds.
Elapsed time is 31.929195 seconds.
Elapsed time is 32.507681 seconds.
Elapsed time is 30.140923 seconds.
Elapsed time is 36.004614 seconds.
Elapsed time is 30.386832 seconds.
Elapsed time is 35.647311 seconds.
Elapsed time is 31.487024 seconds.
Elapsed time is 35.606666 seconds.
Elapsed time is 36.316423 seconds.
Elapsed time is 33.713059 seconds.
Elapsed time is 36.729793 seconds.
Elapsed time is 35.026976 seconds.
Elapsed time is 34.282821 seconds.
Elapsed time is 34.302036 seconds.
Elapsed time is 30.170166 seconds.
Elapsed time is 32.389513 seconds.
Elapsed time is 35.289424 seconds.
Elapsed time is 31.858856 seconds.
Elapsed time is 35.510354 seconds.
Elapsed time is 37.184837 seconds.
Elapsed time is 32.146368 seconds.
Elapsed time is 35.705745 seconds.
Elapsed time is 36.306681 seconds.
Elapsed time is 33.371411 seconds.
Elapsed time is 33.707291 seconds.
Elapsed time is 32.897891 seconds.
Elapsed time is 31.581965 seconds.
Elapsed time is 32.176388 seconds.
Elapsed time is 35.470700 seconds.
Elapsed time is 36.467407 seconds.
Elapsed time is 34.078805 seconds.
Elapsed time is 33.302147 seconds.
Elapsed time is 35.557858 seconds.
Elapsed time is 36.583641 seconds.
Elapsed time is 34.522370 seconds.
Elapsed time is 32.596082 seconds.
Elapsed time is 36.983982 seconds.
Elapsed time is 34.777998 seconds.
Elapsed time is 36.539875 seconds.
Elapsed time is 30.578479 seconds.
    10        1375         1414.74        4.96e+05        1e-12     0.00560415
Elapsed time is 34.224086 seconds.
Elapsed time is 35.393055 seconds.
Elapsed time is 35.688464 seconds.
Elapsed time is 34.020981 seconds.
Elapsed time is 35.208910 seconds.
Elapsed time is 36.553332 seconds.
Elapsed time is 31.157919 seconds.
Elapsed time is 33.559933 seconds.
Elapsed time is 33.232116 seconds.
Elapsed time is 31.635681 seconds.
Elapsed time is 36.976738 seconds.
Elapsed time is 36.002580 seconds.
Elapsed time is 36.030811 seconds.
Elapsed time is 32.698420 seconds.
Elapsed time is 31.397079 seconds.
Elapsed time is 36.516054 seconds.
Elapsed time is 32.458143 seconds.
Elapsed time is 32.385047 seconds.
Elapsed time is 36.415892 seconds.
Elapsed time is 33.792743 seconds.
Elapsed time is 30.545850 seconds.
Elapsed time is 37.225733 seconds.
Elapsed time is 33.416587 seconds.
Elapsed time is 32.610704 seconds.
Elapsed time is 31.228610 seconds.
Elapsed time is 33.335989 seconds.
Elapsed time is 32.969076 seconds.
Elapsed time is 30.934505 seconds.
Elapsed time is 36.411913 seconds.
Elapsed time is 36.521062 seconds.
Elapsed time is 35.372306 seconds.
Elapsed time is 32.203871 seconds.
Elapsed time is 30.918335 seconds.
Elapsed time is 35.745233 seconds.
Elapsed time is 37.018814 seconds.
Elapsed time is 36.011444 seconds.
Elapsed time is 33.880980 seconds.
Elapsed time is 32.507172 seconds.
Elapsed time is 31.398192 seconds.
Elapsed time is 33.674454 seconds.
Elapsed time is 32.379698 seconds.
Elapsed time is 32.677505 seconds.
Elapsed time is 33.564308 seconds.
Elapsed time is 33.917840 seconds.
Elapsed time is 34.317108 seconds.
Elapsed time is 34.454761 seconds.
Elapsed time is 32.820227 seconds.
Elapsed time is 31.814971 seconds.
Elapsed time is 32.251507 seconds.
Elapsed time is 37.561099 seconds.
Elapsed time is 34.014026 seconds.
Elapsed time is 35.851477 seconds.
Elapsed time is 35.312428 seconds.
Elapsed time is 31.692547 seconds.
Elapsed time is 37.192318 seconds.
Elapsed time is 33.713691 seconds.
Elapsed time is 32.278969 seconds.
Elapsed time is 30.921672 seconds.
Elapsed time is 31.198223 seconds.
Elapsed time is 36.436656 seconds.
Elapsed time is 36.103587 seconds.
Elapsed time is 36.986170 seconds.
Elapsed time is 34.803004 seconds.
Elapsed time is 32.573372 seconds.
Elapsed time is 36.655233 seconds.
Elapsed time is 41.437027 seconds.
Elapsed time is 32.411578 seconds.
Elapsed time is 31.488366 seconds.
Elapsed time is 33.461131 seconds.
Elapsed time is 30.422835 seconds.
Elapsed time is 32.571846 seconds.
Elapsed time is 35.592783 seconds.
Elapsed time is 33.102982 seconds.
Elapsed time is 33.052156 seconds.
Elapsed time is 36.332356 seconds.
Elapsed time is 32.631273 seconds.
Elapsed time is 33.826711 seconds.
Elapsed time is 34.207336 seconds.
Elapsed time is 31.975148 seconds.
Elapsed time is 32.731856 seconds.
Elapsed time is 32.600022 seconds.
Elapsed time is 36.712069 seconds.
Elapsed time is 33.153275 seconds.
Elapsed time is 31.065703 seconds.
Elapsed time is 34.401388 seconds.
Elapsed time is 33.535877 seconds.
Elapsed time is 33.379547 seconds.
Elapsed time is 34.351068 seconds.
Elapsed time is 37.354895 seconds.
Elapsed time is 33.362198 seconds.
Elapsed time is 33.775098 seconds.
Elapsed time is 36.519097 seconds.
Elapsed time is 37.355898 seconds.
Elapsed time is 32.853399 seconds.
Elapsed time is 34.316995 seconds.
Elapsed time is 34.009466 seconds.
Elapsed time is 30.934659 seconds.
Elapsed time is 35.933341 seconds.
Elapsed time is 34.156842 seconds.
Elapsed time is 35.375934 seconds.
Elapsed time is 35.592760 seconds.
Elapsed time is 36.622945 seconds.
Elapsed time is 32.427351 seconds.
Elapsed time is 33.302776 seconds.
Elapsed time is 31.129584 seconds.
Elapsed time is 35.604965 seconds.
Elapsed time is 33.180075 seconds.
Elapsed time is 33.397607 seconds.
Elapsed time is 30.761346 seconds.
Elapsed time is 31.288099 seconds.
Elapsed time is 31.430452 seconds.
Elapsed time is 36.590605 seconds.
Elapsed time is 36.880282 seconds.
Elapsed time is 33.159835 seconds.
Elapsed time is 33.830116 seconds.
Elapsed time is 30.340831 seconds.
Elapsed time is 37.373205 seconds.
Elapsed time is 36.598017 seconds.
Elapsed time is 34.258585 seconds.
Elapsed time is 36.584913 seconds.
Elapsed time is 35.219119 seconds.
Elapsed time is 35.988237 seconds.
Elapsed time is 33.290490 seconds.
Elapsed time is 36.054308 seconds.
Elapsed time is 33.983185 seconds.
Elapsed time is 32.341172 seconds.
Elapsed time is 30.713733 seconds.
Elapsed time is 35.532819 seconds.
Elapsed time is 32.485490 seconds.
Elapsed time is 37.137864 seconds.
Elapsed time is 32.831719 seconds.
Elapsed time is 36.250646 seconds.
Elapsed time is 30.374404 seconds.
Elapsed time is 32.246838 seconds.
Elapsed time is 31.086832 seconds.
Elapsed time is 34.177335 seconds.
Elapsed time is 33.583297 seconds.
Elapsed time is 34.819597 seconds.
Elapsed time is 35.353417 seconds.
Elapsed time is 32.916055 seconds.
Elapsed time is 35.068853 seconds.
    11        1516         1414.43        2.15e+05        10000     0.00606961
Elapsed time is 34.407692 seconds.
Elapsed time is 32.820523 seconds.
Elapsed time is 34.690257 seconds.
Elapsed time is 37.891572 seconds.
Elapsed time is 34.019837 seconds.
Elapsed time is 31.842359 seconds.
Elapsed time is 32.823943 seconds.
Elapsed time is 33.881663 seconds.
Elapsed time is 35.733641 seconds.
Elapsed time is 32.344132 seconds.
Elapsed time is 33.559996 seconds.
Elapsed time is 36.558179 seconds.
Elapsed time is 36.975938 seconds.
Elapsed time is 32.379129 seconds.
Elapsed time is 31.196696 seconds.
Elapsed time is 32.292181 seconds.
Elapsed time is 36.670236 seconds.
Elapsed time is 33.758708 seconds.
Elapsed time is 36.529939 seconds.
Elapsed time is 31.191087 seconds.
Elapsed time is 37.080188 seconds.
Elapsed time is 34.086543 seconds.
Elapsed time is 35.060026 seconds.
Elapsed time is 36.521240 seconds.
Elapsed time is 37.376990 seconds.
Elapsed time is 32.102329 seconds.
Elapsed time is 36.253744 seconds.
Elapsed time is 34.969998 seconds.
Elapsed time is 33.483744 seconds.
Elapsed time is 32.562901 seconds.
Elapsed time is 35.808920 seconds.
Elapsed time is 35.257833 seconds.
Elapsed time is 30.783977 seconds.
Elapsed time is 33.024755 seconds.
Elapsed time is 34.069905 seconds.
Elapsed time is 33.252436 seconds.
Elapsed time is 34.230706 seconds.
Elapsed time is 35.885956 seconds.
Elapsed time is 34.075401 seconds.
Elapsed time is 35.602650 seconds.
Elapsed time is 35.562673 seconds.
Elapsed time is 36.186105 seconds.
Elapsed time is 33.546889 seconds.
Elapsed time is 33.872288 seconds.
Elapsed time is 35.057215 seconds.
Elapsed time is 33.127780 seconds.
Elapsed time is 33.582117 seconds.
Elapsed time is 36.046123 seconds.
Elapsed time is 35.726521 seconds.
Elapsed time is 35.147210 seconds.
Elapsed time is 36.737735 seconds.
Elapsed time is 33.698036 seconds.
Elapsed time is 37.891060 seconds.
Elapsed time is 37.052776 seconds.
Elapsed time is 35.352707 seconds.
Elapsed time is 35.128848 seconds.
Elapsed time is 37.573727 seconds.
Elapsed time is 36.802170 seconds.
Elapsed time is 38.615186 seconds.
Elapsed time is 34.492202 seconds.
Elapsed time is 38.262023 seconds.
Elapsed time is 34.076485 seconds.
Elapsed time is 34.901392 seconds.
Elapsed time is 33.964553 seconds.
Elapsed time is 33.313718 seconds.
Elapsed time is 32.616140 seconds.
Elapsed time is 32.283941 seconds.
Elapsed time is 33.139076 seconds.
Elapsed time is 37.932846 seconds.
Elapsed time is 34.655074 seconds.
Elapsed time is 34.364504 seconds.
Elapsed time is 33.348539 seconds.
Elapsed time is 33.642285 seconds.
Elapsed time is 37.566271 seconds.
Elapsed time is 33.190917 seconds.
Elapsed time is 33.841401 seconds.
Elapsed time is 33.127430 seconds.
Elapsed time is 33.535779 seconds.
Elapsed time is 33.659187 seconds.
Elapsed time is 35.375729 seconds.
Elapsed time is 35.406363 seconds.
Elapsed time is 33.604043 seconds.
Elapsed time is 34.032958 seconds.
Elapsed time is 36.890130 seconds.
Elapsed time is 33.242925 seconds.
Elapsed time is 33.318222 seconds.
Elapsed time is 34.957355 seconds.
Elapsed time is 38.483371 seconds.
Elapsed time is 39.273361 seconds.
Elapsed time is 36.164501 seconds.
Elapsed time is 38.648198 seconds.
Elapsed time is 39.925275 seconds.
Elapsed time is 34.574404 seconds.
Elapsed time is 40.310119 seconds.
Elapsed time is 38.685781 seconds.
Elapsed time is 39.621024 seconds.
Elapsed time is 38.053651 seconds.
Elapsed time is 37.238245 seconds.
Elapsed time is 34.562790 seconds.
Elapsed time is 36.049655 seconds.
Elapsed time is 36.269520 seconds.
Elapsed time is 37.284589 seconds.
Elapsed time is 39.366537 seconds.
Elapsed time is 35.899480 seconds.
Elapsed time is 38.481088 seconds.
Elapsed time is 35.897505 seconds.
Elapsed time is 39.476127 seconds.
Elapsed time is 38.253798 seconds.
Elapsed time is 39.590239 seconds.
Elapsed time is 37.263450 seconds.
Elapsed time is 39.345295 seconds.
Elapsed time is 40.840291 seconds.
Elapsed time is 41.320032 seconds.
Elapsed time is 39.462701 seconds.
Elapsed time is 39.060569 seconds.
Elapsed time is 38.015404 seconds.
Elapsed time is 37.298437 seconds.
Elapsed time is 35.565881 seconds.
Elapsed time is 39.733666 seconds.
Elapsed time is 38.188109 seconds.
Elapsed time is 39.029592 seconds.
Elapsed time is 38.401599 seconds.
Elapsed time is 36.782454 seconds.
Elapsed time is 36.115272 seconds.
Elapsed time is 40.418666 seconds.
    12        1641         1406.48        4.85e+05         1000     0.00636961
Elapsed time is 37.010309 seconds.
Elapsed time is 38.502490 seconds.
Elapsed time is 35.579988 seconds.
Elapsed time is 39.007348 seconds.
Elapsed time is 39.724258 seconds.
Elapsed time is 40.002043 seconds.
Elapsed time is 37.158446 seconds.
Elapsed time is 36.774106 seconds.
Elapsed time is 36.687678 seconds.
Elapsed time is 35.298577 seconds.
Elapsed time is 35.947760 seconds.
Elapsed time is 37.821260 seconds.
Elapsed time is 40.477078 seconds.
Elapsed time is 36.386120 seconds.
Elapsed time is 33.635807 seconds.
Elapsed time is 37.869441 seconds.
Elapsed time is 36.129364 seconds.
Elapsed time is 37.375853 seconds.
Elapsed time is 39.694828 seconds.
Elapsed time is 35.228608 seconds.
Elapsed time is 39.174020 seconds.
Elapsed time is 39.595804 seconds.
Elapsed time is 38.502586 seconds.
Elapsed time is 40.585019 seconds.
Elapsed time is 40.526543 seconds.
Elapsed time is 37.358169 seconds.
Elapsed time is 39.628468 seconds.
Elapsed time is 38.345933 seconds.
Elapsed time is 40.068236 seconds.
Elapsed time is 36.921251 seconds.
Elapsed time is 38.901692 seconds.
Elapsed time is 38.554045 seconds.
Elapsed time is 37.891403 seconds.
Elapsed time is 35.514712 seconds.
Elapsed time is 39.238202 seconds.
Elapsed time is 38.834981 seconds.
Elapsed time is 38.894820 seconds.
Elapsed time is 36.440451 seconds.
Elapsed time is 37.078632 seconds.
Elapsed time is 35.894484 seconds.
Elapsed time is 39.767093 seconds.
Elapsed time is 35.278713 seconds.
Elapsed time is 38.221400 seconds.
Elapsed time is 36.765611 seconds.
Elapsed time is 36.554696 seconds.
Elapsed time is 41.440115 seconds.
Elapsed time is 38.357251 seconds.
Elapsed time is 39.602436 seconds.
Elapsed time is 39.192082 seconds.
Elapsed time is 37.989011 seconds.
Elapsed time is 38.085658 seconds.
Elapsed time is 39.726562 seconds.
Elapsed time is 39.121836 seconds.
Elapsed time is 37.787465 seconds.
Elapsed time is 36.921889 seconds.
Elapsed time is 36.847513 seconds.
Elapsed time is 41.113596 seconds.
Elapsed time is 38.477996 seconds.
Elapsed time is 38.062005 seconds.
Elapsed time is 35.601852 seconds.
Elapsed time is 39.677497 seconds.
Elapsed time is 37.388261 seconds.
Elapsed time is 37.907491 seconds.
Elapsed time is 36.913736 seconds.
Elapsed time is 36.766484 seconds.
Elapsed time is 38.227805 seconds.
Elapsed time is 39.225771 seconds.
Elapsed time is 39.866920 seconds.
Elapsed time is 38.814060 seconds.
Elapsed time is 38.856957 seconds.
Elapsed time is 37.560162 seconds.
Elapsed time is 37.106023 seconds.
Elapsed time is 34.830171 seconds.
Elapsed time is 37.790303 seconds.
Elapsed time is 39.047391 seconds.
Elapsed time is 37.834577 seconds.
Elapsed time is 39.600309 seconds.
Elapsed time is 35.452567 seconds.
Elapsed time is 35.610412 seconds.
Elapsed time is 38.268188 seconds.
Elapsed time is 37.047355 seconds.
Elapsed time is 33.966427 seconds.
Elapsed time is 36.653379 seconds.
Elapsed time is 38.029897 seconds.
Elapsed time is 39.567944 seconds.
Elapsed time is 34.814381 seconds.
Elapsed time is 38.163255 seconds.
Elapsed time is 35.236351 seconds.
Elapsed time is 39.063009 seconds.
Elapsed time is 38.311223 seconds.
Elapsed time is 38.969981 seconds.
Elapsed time is 36.432933 seconds.
Elapsed time is 37.763253 seconds.
Elapsed time is 40.183381 seconds.
Elapsed time is 37.294532 seconds.
Elapsed time is 37.626209 seconds.
Elapsed time is 39.230713 seconds.
Elapsed time is 38.051684 seconds.
Elapsed time is 34.979454 seconds.
Elapsed time is 34.249674 seconds.
Elapsed time is 36.508944 seconds.
Elapsed time is 36.238526 seconds.
Elapsed time is 36.848657 seconds.
Elapsed time is 38.726470 seconds.
Elapsed time is 39.393780 seconds.
Elapsed time is 38.544389 seconds.
Elapsed time is 39.031714 seconds.
Elapsed time is 36.606255 seconds.
Elapsed time is 39.736284 seconds.
Elapsed time is 35.565685 seconds.
Elapsed time is 38.684778 seconds.
Elapsed time is 38.837820 seconds.
Elapsed time is 37.619208 seconds.
Elapsed time is 38.011346 seconds.
Elapsed time is 37.237094 seconds.
Elapsed time is 37.947812 seconds.
Elapsed time is 36.414801 seconds.
Elapsed time is 37.853536 seconds.
Elapsed time is 40.036099 seconds.
Elapsed time is 35.080039 seconds.
Elapsed time is 41.624180 seconds.
Elapsed time is 38.345448 seconds.
Elapsed time is 35.450391 seconds.
Elapsed time is 37.901098 seconds.
Elapsed time is 38.495856 seconds.
    13        1766         1396.38        1.57e+06          100      0.0079246
Elapsed time is 35.285682 seconds.
Elapsed time is 37.193740 seconds.
Elapsed time is 34.866795 seconds.
Elapsed time is 37.538700 seconds.
Elapsed time is 35.212569 seconds.
Elapsed time is 36.247119 seconds.
Elapsed time is 35.809270 seconds.
Elapsed time is 37.293328 seconds.
Elapsed time is 37.472608 seconds.
Elapsed time is 36.095098 seconds.
Elapsed time is 35.678394 seconds.
Elapsed time is 40.050239 seconds.
Elapsed time is 37.364793 seconds.
Elapsed time is 36.158974 seconds.
Elapsed time is 37.347290 seconds.
Elapsed time is 36.924186 seconds.
Elapsed time is 38.312694 seconds.
Elapsed time is 38.898183 seconds.
Elapsed time is 37.543252 seconds.
Elapsed time is 37.666407 seconds.
Elapsed time is 38.252558 seconds.
Elapsed time is 38.215608 seconds.
Elapsed time is 37.061513 seconds.
Elapsed time is 36.533818 seconds.
Elapsed time is 37.375062 seconds.
Elapsed time is 38.233695 seconds.
Elapsed time is 39.807673 seconds.
Elapsed time is 38.836293 seconds.
Elapsed time is 38.310686 seconds.
Elapsed time is 37.567044 seconds.
Elapsed time is 38.006333 seconds.
Elapsed time is 38.899038 seconds.
Elapsed time is 37.148589 seconds.
Elapsed time is 38.568552 seconds.
Elapsed time is 35.093929 seconds.
Elapsed time is 37.956758 seconds.
Elapsed time is 39.192188 seconds.
Elapsed time is 39.317748 seconds.
Elapsed time is 36.978867 seconds.
Elapsed time is 40.786461 seconds.
Elapsed time is 38.929982 seconds.
Elapsed time is 41.234126 seconds.
Elapsed time is 36.882647 seconds.
Elapsed time is 38.476136 seconds.
Elapsed time is 40.506859 seconds.
Elapsed time is 41.467960 seconds.
Elapsed time is 39.659861 seconds.
Elapsed time is 41.048611 seconds.
Elapsed time is 37.187563 seconds.
Elapsed time is 38.484911 seconds.
Elapsed time is 39.379802 seconds.
Elapsed time is 34.159441 seconds.
Elapsed time is 37.502169 seconds.
Elapsed time is 37.293946 seconds.
Elapsed time is 37.151573 seconds.
Elapsed time is 35.094442 seconds.
Elapsed time is 35.987056 seconds.
Elapsed time is 36.120799 seconds.
Elapsed time is 35.979996 seconds.
Elapsed time is 37.804243 seconds.
Elapsed time is 41.186240 seconds.
Elapsed time is 37.799666 seconds.
Elapsed time is 37.213987 seconds.
Elapsed time is 41.158665 seconds.
Elapsed time is 40.423159 seconds.
Elapsed time is 38.498158 seconds.
Elapsed time is 40.048937 seconds.
Elapsed time is 41.307846 seconds.
Elapsed time is 39.060829 seconds.
Elapsed time is 39.025482 seconds.
Elapsed time is 36.444020 seconds.
Elapsed time is 38.536866 seconds.
Elapsed time is 38.687881 seconds.
Elapsed time is 40.233468 seconds.
Elapsed time is 39.280938 seconds.
Elapsed time is 39.067052 seconds.
Elapsed time is 41.360798 seconds.
Elapsed time is 37.953959 seconds.
Elapsed time is 40.897595 seconds.
Elapsed time is 38.442906 seconds.
Elapsed time is 41.469177 seconds.
Elapsed time is 40.447114 seconds.
Elapsed time is 38.652562 seconds.
Elapsed time is 39.087721 seconds.
Elapsed time is 39.468083 seconds.
Elapsed time is 39.892239 seconds.
Elapsed time is 38.922321 seconds.
Elapsed time is 41.824944 seconds.
Elapsed time is 38.807964 seconds.
Elapsed time is 37.448822 seconds.
Elapsed time is 39.226799 seconds.
Elapsed time is 38.238470 seconds.
Elapsed time is 37.903110 seconds.
Elapsed time is 35.382478 seconds.
Elapsed time is 36.968119 seconds.
Elapsed time is 33.849296 seconds.
Elapsed time is 35.511657 seconds.
Elapsed time is 36.343628 seconds.
Elapsed time is 36.727238 seconds.
Elapsed time is 39.998209 seconds.
Elapsed time is 39.646381 seconds.
Elapsed time is 40.498293 seconds.
Elapsed time is 40.645410 seconds.
Elapsed time is 41.909728 seconds.
Elapsed time is 39.136522 seconds.
Elapsed time is 39.697518 seconds.
Elapsed time is 38.362153 seconds.
Elapsed time is 41.406541 seconds.
Elapsed time is 41.520726 seconds.
Elapsed time is 38.556898 seconds.
Elapsed time is 39.393039 seconds.
Elapsed time is 40.909699 seconds.
Elapsed time is 41.258778 seconds.
Elapsed time is 36.157353 seconds.
Elapsed time is 38.013809 seconds.
Elapsed time is 36.410103 seconds.
Elapsed time is 36.977026 seconds.
Elapsed time is 36.992638 seconds.
Elapsed time is 37.123251 seconds.
Elapsed time is 36.564138 seconds.
Elapsed time is 35.741338 seconds.
Elapsed time is 37.453475 seconds.
Elapsed time is 38.814467 seconds.
Elapsed time is 37.080186 seconds.
Elapsed time is 35.636074 seconds.
    14        1891         1391.21        1.52e+05           10     0.00671308
Elapsed time is 35.692556 seconds.
Elapsed time is 38.016885 seconds.
Elapsed time is 38.284480 seconds.
Elapsed time is 36.727618 seconds.
Elapsed time is 35.930542 seconds.
Elapsed time is 36.106776 seconds.
Elapsed time is 39.045539 seconds.
Elapsed time is 36.694444 seconds.
Elapsed time is 38.401440 seconds.
Elapsed time is 37.947196 seconds.
Elapsed time is 37.168190 seconds.
Elapsed time is 37.491754 seconds.
Elapsed time is 39.212063 seconds.
Elapsed time is 41.065780 seconds.
Elapsed time is 39.782134 seconds.
Elapsed time is 38.428185 seconds.
Elapsed time is 38.992489 seconds.
Elapsed time is 40.473378 seconds.
Elapsed time is 40.731011 seconds.
Elapsed time is 38.937236 seconds.
Elapsed time is 40.507608 seconds.
Elapsed time is 39.306240 seconds.
Elapsed time is 38.478471 seconds.
Elapsed time is 39.064028 seconds.
Elapsed time is 37.903596 seconds.
Elapsed time is 39.523152 seconds.
Elapsed time is 40.140558 seconds.
Elapsed time is 36.811464 seconds.
Elapsed time is 33.735254 seconds.
Elapsed time is 36.947670 seconds.
Elapsed time is 38.064401 seconds.
Elapsed time is 34.982248 seconds.
Elapsed time is 37.642119 seconds.
Elapsed time is 33.278156 seconds.
Elapsed time is 35.194458 seconds.
Elapsed time is 35.741725 seconds.
Elapsed time is 34.871629 seconds.
Elapsed time is 40.183872 seconds.
Elapsed time is 37.249157 seconds.
Elapsed time is 37.406575 seconds.
Elapsed time is 39.182676 seconds.
Elapsed time is 41.634933 seconds.
Elapsed time is 39.710316 seconds.
Elapsed time is 41.606168 seconds.
Elapsed time is 39.288076 seconds.
Elapsed time is 39.586839 seconds.
Elapsed time is 41.241477 seconds.
Elapsed time is 37.869761 seconds.
Elapsed time is 38.553932 seconds.
Elapsed time is 41.506843 seconds.
Elapsed time is 42.588150 seconds.
Elapsed time is 40.328997 seconds.
Elapsed time is 41.078276 seconds.
Elapsed time is 38.259835 seconds.
Elapsed time is 37.311143 seconds.
Elapsed time is 41.181191 seconds.
Elapsed time is 38.341242 seconds.
Elapsed time is 38.643071 seconds.
Elapsed time is 39.667871 seconds.
Elapsed time is 39.726125 seconds.
Elapsed time is 41.799415 seconds.
Elapsed time is 38.932668 seconds.
Elapsed time is 38.064217 seconds.
Elapsed time is 38.280684 seconds.
Elapsed time is 35.297658 seconds.
Elapsed time is 37.787287 seconds.
Elapsed time is 35.624156 seconds.
Elapsed time is 39.756190 seconds.
Elapsed time is 34.071958 seconds.
Elapsed time is 38.809645 seconds.
Elapsed time is 39.207205 seconds.
Elapsed time is 38.938192 seconds.
Elapsed time is 41.902169 seconds.
Elapsed time is 37.330942 seconds.
Elapsed time is 40.549803 seconds.
Elapsed time is 37.870976 seconds.
Elapsed time is 37.902497 seconds.
Elapsed time is 38.263349 seconds.
Elapsed time is 41.904774 seconds.
Elapsed time is 42.222022 seconds.
Elapsed time is 41.600084 seconds.
Elapsed time is 40.547420 seconds.
Elapsed time is 39.712254 seconds.
Elapsed time is 38.860381 seconds.
Elapsed time is 39.073201 seconds.
Elapsed time is 35.603406 seconds.
Elapsed time is 38.053350 seconds.
Elapsed time is 37.803971 seconds.
Elapsed time is 39.775716 seconds.
Elapsed time is 36.049995 seconds.
Elapsed time is 35.608556 seconds.
Elapsed time is 36.958520 seconds.
Elapsed time is 36.966959 seconds.
Elapsed time is 39.909900 seconds.
Elapsed time is 36.182796 seconds.
Elapsed time is 32.736117 seconds.
Elapsed time is 36.721771 seconds.
Elapsed time is 39.473445 seconds.
Elapsed time is 35.035153 seconds.
Elapsed time is 35.081740 seconds.
Elapsed time is 40.180737 seconds.
Elapsed time is 36.774447 seconds.
Elapsed time is 37.572474 seconds.
Elapsed time is 40.332788 seconds.
Elapsed time is 43.575767 seconds.
Elapsed time is 41.193096 seconds.
Elapsed time is 38.424398 seconds.
Elapsed time is 41.443321 seconds.
Elapsed time is 35.378980 seconds.
Elapsed time is 39.415392 seconds.
Elapsed time is 41.933860 seconds.
Elapsed time is 36.910244 seconds.
Elapsed time is 38.233240 seconds.
Elapsed time is 38.801653 seconds.
Elapsed time is 39.709096 seconds.
Elapsed time is 40.541855 seconds.
Elapsed time is 37.529997 seconds.
Elapsed time is 41.066339 seconds.
Elapsed time is 40.332251 seconds.
Elapsed time is 41.486249 seconds.
Elapsed time is 36.935592 seconds.
Elapsed time is 40.720297 seconds.
Elapsed time is 39.534432 seconds.
Elapsed time is 38.006045 seconds.
Elapsed time is 40.231736 seconds.
    15        2016         1386.25        3.96e+05            1      0.0156201
Elapsed time is 36.783052 seconds.
Elapsed time is 35.679463 seconds.
Elapsed time is 37.864771 seconds.
Elapsed time is 34.784367 seconds.
Elapsed time is 36.310973 seconds.
Elapsed time is 35.101208 seconds.
Elapsed time is 37.325513 seconds.

Local minimum possible.

lsqnonlin stopped because the relative size of the current step is less than
the default value of the step size tolerance.



map
   1.0e+03 *

   1.379055499516728                   0   0.949579706382272
                   0   1.363702656479463   0.538609820451163
                   0                   0   0.001000000000000

Parallel pool using the 'local' profile is shutting down.
  message with properties:

    Identifier: 'MATLAB:connector:connector:ConnectorNotRunning'
     Arguments: {}

