MATLAB is selecting SOFTWARE OPENGL rendering.

                            < M A T L A B (R) >
                  Copyright 1984-2017 The MathWorks, Inc.
                   R2017b (9.3.0.713579) 64-bit (glnxa64)
                             September 14, 2017

 
To get started, type one of these: helpwin, helpdesk, or demo.
For product information, visit www.mathworks.com.
 

initres =

   9.147593843781834

Starting parallel pool (parpool) using the 'local' profile ...
connected to 20 workers.
Elapsed time is 47.036952 seconds.
Elapsed time is 33.252110 seconds.
Elapsed time is 32.236181 seconds.
Elapsed time is 30.710876 seconds.
Elapsed time is 51.910556 seconds.
Elapsed time is 53.810484 seconds.
Elapsed time is 58.308343 seconds.
Elapsed time is 59.486753 seconds.
Elapsed time is 62.716197 seconds.
Elapsed time is 64.164954 seconds.
Elapsed time is 65.689319 seconds.
Elapsed time is 77.635136 seconds.
Elapsed time is 80.762542 seconds.
Elapsed time is 65.652598 seconds.
Elapsed time is 78.211781 seconds.
Elapsed time is 80.680856 seconds.
Elapsed time is 70.564399 seconds.
Elapsed time is 71.866644 seconds.
Elapsed time is 81.540846 seconds.
Elapsed time is 75.007363 seconds.
Elapsed time is 67.463588 seconds.
Elapsed time is 78.096443 seconds.
Elapsed time is 73.439224 seconds.
Elapsed time is 68.839391 seconds.
Elapsed time is 54.519490 seconds.
Elapsed time is 56.925803 seconds.
Elapsed time is 60.332383 seconds.
Elapsed time is 73.719974 seconds.
Elapsed time is 70.680417 seconds.
Elapsed time is 73.225475 seconds.
Elapsed time is 81.019404 seconds.
Elapsed time is 85.113897 seconds.
Elapsed time is 72.888845 seconds.
Elapsed time is 68.885535 seconds.
Elapsed time is 82.321026 seconds.
Elapsed time is 80.742514 seconds.
Elapsed time is 73.714397 seconds.
Elapsed time is 81.191002 seconds.
Elapsed time is 85.832595 seconds.
Elapsed time is 82.277930 seconds.
Elapsed time is 81.380214 seconds.
Elapsed time is 77.345883 seconds.
Elapsed time is 74.000574 seconds.
Elapsed time is 68.378329 seconds.
Elapsed time is 67.834641 seconds.
Elapsed time is 72.190493 seconds.
Elapsed time is 76.245908 seconds.
Elapsed time is 65.524898 seconds.
Elapsed time is 51.241793 seconds.
Elapsed time is 49.844712 seconds.
Elapsed time is 42.428003 seconds.
Elapsed time is 35.801288 seconds.
Elapsed time is 50.099586 seconds.
Elapsed time is 48.989388 seconds.
Elapsed time is 49.317655 seconds.
Elapsed time is 36.839583 seconds.
Elapsed time is 47.245610 seconds.
Elapsed time is 49.682134 seconds.
Elapsed time is 50.208228 seconds.
Elapsed time is 41.636624 seconds.
Elapsed time is 48.308097 seconds.
Elapsed time is 47.377083 seconds.
Elapsed time is 41.593956 seconds.
Elapsed time is 39.731265 seconds.
Elapsed time is 40.667423 seconds.
Elapsed time is 37.706561 seconds.
Elapsed time is 44.857879 seconds.
Elapsed time is 48.878294 seconds.
Elapsed time is 48.646512 seconds.
Elapsed time is 51.897315 seconds.
Elapsed time is 51.895625 seconds.
Elapsed time is 48.324517 seconds.
Elapsed time is 49.686184 seconds.
Elapsed time is 52.031837 seconds.
Elapsed time is 51.669250 seconds.
Elapsed time is 53.047123 seconds.
Elapsed time is 77.257960 seconds.
Elapsed time is 77.061837 seconds.
Elapsed time is 79.427396 seconds.
Elapsed time is 77.061578 seconds.
Elapsed time is 80.251959 seconds.
Elapsed time is 69.096894 seconds.
Elapsed time is 67.559609 seconds.
Elapsed time is 63.355922 seconds.
Elapsed time is 58.632230 seconds.
Elapsed time is 54.208510 seconds.
Elapsed time is 49.764282 seconds.
Elapsed time is 54.217105 seconds.
Elapsed time is 53.305429 seconds.
Elapsed time is 47.728877 seconds.
Elapsed time is 71.499657 seconds.
Elapsed time is 78.684282 seconds.
Elapsed time is 78.706162 seconds.
Elapsed time is 70.830040 seconds.
Elapsed time is 75.017237 seconds.
Elapsed time is 77.734203 seconds.
Elapsed time is 81.013170 seconds.
Elapsed time is 67.364537 seconds.
Elapsed time is 52.573553 seconds.
Elapsed time is 49.274343 seconds.
Elapsed time is 44.267004 seconds.
Elapsed time is 47.989783 seconds.
Elapsed time is 48.805213 seconds.
Elapsed time is 56.999614 seconds.
Elapsed time is 54.105149 seconds.
Elapsed time is 50.486937 seconds.
Elapsed time is 48.807321 seconds.
Elapsed time is 54.059403 seconds.
Elapsed time is 53.669576 seconds.
Elapsed time is 50.484910 seconds.
Elapsed time is 47.764781 seconds.
Elapsed time is 47.148643 seconds.
Elapsed time is 51.227797 seconds.
Elapsed time is 54.166679 seconds.
Elapsed time is 49.958908 seconds.
Elapsed time is 50.265384 seconds.
Elapsed time is 51.098428 seconds.
Elapsed time is 56.489926 seconds.
Elapsed time is 54.716494 seconds.
Elapsed time is 55.156292 seconds.
Elapsed time is 51.381059 seconds.
Elapsed time is 48.233516 seconds.
Elapsed time is 46.824707 seconds.
Elapsed time is 50.488458 seconds.
Elapsed time is 52.955285 seconds.

                                        First-Order                    Norm of 
 Iteration  Func-count    Residual       optimality      Lambda           step
     0         125         2247.51        3.22e+05         0.01
Elapsed time is 51.323036 seconds.
Elapsed time is 52.461369 seconds.
Elapsed time is 54.687756 seconds.
Elapsed time is 54.434221 seconds.
Elapsed time is 53.291517 seconds.
Elapsed time is 53.853948 seconds.
Elapsed time is 52.513401 seconds.
Elapsed time is 52.454696 seconds.
Elapsed time is 53.720765 seconds.
Elapsed time is 52.207414 seconds.
Elapsed time is 48.020540 seconds.
Elapsed time is 45.230126 seconds.
Elapsed time is 48.927439 seconds.
Elapsed time is 53.416098 seconds.
Elapsed time is 51.141726 seconds.
Elapsed time is 49.571407 seconds.
Elapsed time is 55.140812 seconds.
Elapsed time is 55.171775 seconds.
Elapsed time is 52.738305 seconds.
Elapsed time is 49.049230 seconds.
Elapsed time is 42.868947 seconds.
Elapsed time is 48.220987 seconds.
Elapsed time is 52.505878 seconds.
Elapsed time is 51.104052 seconds.
Elapsed time is 54.914852 seconds.
Elapsed time is 50.481860 seconds.
Elapsed time is 53.897430 seconds.
Elapsed time is 54.148876 seconds.
Elapsed time is 53.624307 seconds.
Elapsed time is 51.490417 seconds.
Elapsed time is 51.207809 seconds.
Elapsed time is 52.205016 seconds.
Elapsed time is 52.571425 seconds.
Elapsed time is 54.740028 seconds.
Elapsed time is 56.017037 seconds.
Elapsed time is 51.921516 seconds.
Elapsed time is 33.707030 seconds.
Elapsed time is 36.483824 seconds.
Elapsed time is 36.012992 seconds.
Elapsed time is 34.372523 seconds.
Elapsed time is 35.241582 seconds.
Elapsed time is 36.736727 seconds.
Elapsed time is 33.799711 seconds.
Elapsed time is 37.104704 seconds.
Elapsed time is 37.942686 seconds.
Elapsed time is 35.710554 seconds.
Elapsed time is 36.679568 seconds.
Elapsed time is 35.458854 seconds.
Elapsed time is 37.172216 seconds.
Elapsed time is 38.321062 seconds.
Elapsed time is 37.010347 seconds.
Elapsed time is 35.462151 seconds.
Elapsed time is 39.851028 seconds.
Elapsed time is 37.399055 seconds.
Elapsed time is 37.385617 seconds.
Elapsed time is 40.427540 seconds.
Elapsed time is 39.505415 seconds.
Elapsed time is 38.947437 seconds.
Elapsed time is 38.432440 seconds.
Elapsed time is 35.125360 seconds.
Elapsed time is 39.787945 seconds.
Elapsed time is 40.212384 seconds.
Elapsed time is 39.647954 seconds.
Elapsed time is 38.150818 seconds.
Elapsed time is 40.699549 seconds.
Elapsed time is 37.764232 seconds.
Elapsed time is 37.802085 seconds.
Elapsed time is 39.222158 seconds.
Elapsed time is 37.546523 seconds.
Elapsed time is 36.828890 seconds.
Elapsed time is 38.162071 seconds.
Elapsed time is 35.691206 seconds.
Elapsed time is 39.846511 seconds.
Elapsed time is 37.298917 seconds.
Elapsed time is 38.690810 seconds.
Elapsed time is 37.767747 seconds.
Elapsed time is 40.002393 seconds.
Elapsed time is 33.703061 seconds.
Elapsed time is 35.141122 seconds.
Elapsed time is 35.764375 seconds.
Elapsed time is 36.130034 seconds.
Elapsed time is 34.921759 seconds.
Elapsed time is 36.641984 seconds.
Elapsed time is 37.094052 seconds.
Elapsed time is 37.541575 seconds.
Elapsed time is 39.003453 seconds.
Elapsed time is 37.053666 seconds.
Elapsed time is 38.116397 seconds.
Elapsed time is 32.915836 seconds.
Elapsed time is 32.849380 seconds.
Elapsed time is 35.185247 seconds.
Elapsed time is 35.051601 seconds.
Elapsed time is 31.452899 seconds.
Elapsed time is 34.470612 seconds.
Elapsed time is 37.092776 seconds.
Elapsed time is 35.952026 seconds.
Elapsed time is 36.097882 seconds.
Elapsed time is 35.705365 seconds.
Elapsed time is 38.123422 seconds.
Elapsed time is 35.848883 seconds.
Elapsed time is 35.452239 seconds.
Elapsed time is 38.128097 seconds.
Elapsed time is 35.917528 seconds.
Elapsed time is 37.566959 seconds.
Elapsed time is 36.810083 seconds.
Elapsed time is 35.490520 seconds.
Elapsed time is 35.233116 seconds.
Elapsed time is 35.228099 seconds.
Elapsed time is 34.231970 seconds.
Elapsed time is 31.721455 seconds.
Elapsed time is 35.764276 seconds.
Elapsed time is 34.017920 seconds.
Elapsed time is 33.611407 seconds.
Elapsed time is 34.132963 seconds.
Elapsed time is 32.551034 seconds.
Elapsed time is 35.154852 seconds.
Elapsed time is 31.907276 seconds.
Elapsed time is 31.936258 seconds.
Elapsed time is 34.553204 seconds.
Elapsed time is 32.939232 seconds.
Elapsed time is 35.622434 seconds.
Elapsed time is 34.416744 seconds.
Elapsed time is 32.739586 seconds.
Elapsed time is 33.642098 seconds.
Elapsed time is 33.997289 seconds.
     1         250         1846.29        7.58e+05        0.001       0.017714
Elapsed time is 31.816781 seconds.
Elapsed time is 33.399990 seconds.
Elapsed time is 35.105507 seconds.
Elapsed time is 37.852341 seconds.
Elapsed time is 32.030488 seconds.
Elapsed time is 35.781089 seconds.
Elapsed time is 33.640624 seconds.
Elapsed time is 30.341604 seconds.
Elapsed time is 31.465567 seconds.
Elapsed time is 30.411949 seconds.
Elapsed time is 32.227516 seconds.
Elapsed time is 32.394585 seconds.
Elapsed time is 33.467370 seconds.
Elapsed time is 32.854916 seconds.
Elapsed time is 31.798975 seconds.
Elapsed time is 33.809674 seconds.
Elapsed time is 31.076395 seconds.
Elapsed time is 33.438656 seconds.
Elapsed time is 34.091276 seconds.
Elapsed time is 32.145292 seconds.
Elapsed time is 31.942246 seconds.
Elapsed time is 32.047979 seconds.
Elapsed time is 32.523365 seconds.
Elapsed time is 32.619700 seconds.
Elapsed time is 30.947003 seconds.
Elapsed time is 33.586471 seconds.
Elapsed time is 31.237088 seconds.
Elapsed time is 34.345399 seconds.
Elapsed time is 30.738789 seconds.
Elapsed time is 32.313265 seconds.
Elapsed time is 33.658897 seconds.
Elapsed time is 35.842112 seconds.
Elapsed time is 31.552798 seconds.
Elapsed time is 34.560111 seconds.
Elapsed time is 33.839073 seconds.
Elapsed time is 34.920210 seconds.
Elapsed time is 32.479340 seconds.
Elapsed time is 33.820488 seconds.
Elapsed time is 33.932094 seconds.
Elapsed time is 31.523503 seconds.
Elapsed time is 33.737827 seconds.
Elapsed time is 33.923923 seconds.
Elapsed time is 33.359120 seconds.
Elapsed time is 33.537163 seconds.
Elapsed time is 31.865438 seconds.
Elapsed time is 32.877289 seconds.
Elapsed time is 31.454594 seconds.
Elapsed time is 33.293336 seconds.
Elapsed time is 31.254178 seconds.
Elapsed time is 33.424003 seconds.
Elapsed time is 29.203388 seconds.
Elapsed time is 32.298035 seconds.
Elapsed time is 31.594785 seconds.
Elapsed time is 30.585724 seconds.
Elapsed time is 31.952623 seconds.
Elapsed time is 33.048077 seconds.
Elapsed time is 34.566253 seconds.
Elapsed time is 33.444978 seconds.
Elapsed time is 34.500639 seconds.
Elapsed time is 31.956413 seconds.
Elapsed time is 32.347767 seconds.
Elapsed time is 32.551106 seconds.
Elapsed time is 33.562770 seconds.
Elapsed time is 30.551115 seconds.
Elapsed time is 33.690066 seconds.
Elapsed time is 29.520775 seconds.
Elapsed time is 29.955338 seconds.
Elapsed time is 32.357276 seconds.
Elapsed time is 33.557589 seconds.
Elapsed time is 33.818880 seconds.
Elapsed time is 32.040875 seconds.
Elapsed time is 32.539458 seconds.
Elapsed time is 31.358046 seconds.
Elapsed time is 33.213956 seconds.
Elapsed time is 32.365336 seconds.
Elapsed time is 32.915386 seconds.
Elapsed time is 33.565432 seconds.
Elapsed time is 33.344897 seconds.
Elapsed time is 31.521424 seconds.
Elapsed time is 33.417598 seconds.
Elapsed time is 33.457168 seconds.
Elapsed time is 31.275886 seconds.
Elapsed time is 31.780380 seconds.
Elapsed time is 34.119951 seconds.
Elapsed time is 32.311951 seconds.
Elapsed time is 35.755282 seconds.
Elapsed time is 33.164936 seconds.
Elapsed time is 30.032478 seconds.
Elapsed time is 32.310848 seconds.
Elapsed time is 34.229120 seconds.
Elapsed time is 35.074232 seconds.
Elapsed time is 34.899513 seconds.
Elapsed time is 35.069569 seconds.
Elapsed time is 34.131828 seconds.
Elapsed time is 33.229804 seconds.
Elapsed time is 34.947405 seconds.
Elapsed time is 45.139768 seconds.
Elapsed time is 43.077382 seconds.
Elapsed time is 42.322010 seconds.
Elapsed time is 43.492496 seconds.
Elapsed time is 43.212123 seconds.
Elapsed time is 40.909307 seconds.
Elapsed time is 42.185893 seconds.
Elapsed time is 41.368898 seconds.
Elapsed time is 39.233178 seconds.
Elapsed time is 39.489735 seconds.
Elapsed time is 41.969802 seconds.
Elapsed time is 41.517686 seconds.
Elapsed time is 40.366484 seconds.
Elapsed time is 41.776831 seconds.
Elapsed time is 40.724810 seconds.
Elapsed time is 39.227651 seconds.
Elapsed time is 39.445498 seconds.
Elapsed time is 39.316449 seconds.
Elapsed time is 42.157637 seconds.
Elapsed time is 40.730528 seconds.
Elapsed time is 41.040665 seconds.
Elapsed time is 43.042155 seconds.
Elapsed time is 44.322620 seconds.
Elapsed time is 43.364864 seconds.
Elapsed time is 43.987029 seconds.
Elapsed time is 45.669028 seconds.
Elapsed time is 47.213819 seconds.
Elapsed time is 43.912361 seconds.
Elapsed time is 45.579393 seconds.
     2         375         1660.89        3.57e+05       0.0001      0.0111635
Elapsed time is 40.072682 seconds.
Elapsed time is 35.495595 seconds.
Elapsed time is 43.383951 seconds.
Elapsed time is 42.986246 seconds.
Elapsed time is 41.686351 seconds.
Elapsed time is 42.760936 seconds.
Elapsed time is 37.886452 seconds.
Elapsed time is 31.712146 seconds.
Elapsed time is 34.319237 seconds.
Elapsed time is 42.175562 seconds.
Elapsed time is 38.719238 seconds.
Elapsed time is 39.893091 seconds.
Elapsed time is 43.047933 seconds.
Elapsed time is 44.079476 seconds.
Elapsed time is 41.852926 seconds.
Elapsed time is 37.811399 seconds.
Elapsed time is 37.586661 seconds.
Elapsed time is 38.286957 seconds.
Elapsed time is 42.322864 seconds.
Elapsed time is 45.616259 seconds.
Elapsed time is 43.503541 seconds.
Elapsed time is 40.273846 seconds.
Elapsed time is 39.699176 seconds.
Elapsed time is 41.488221 seconds.
Elapsed time is 45.206038 seconds.
Elapsed time is 44.394540 seconds.
Elapsed time is 42.599199 seconds.
Elapsed time is 39.338445 seconds.
Elapsed time is 40.442359 seconds.
Elapsed time is 42.104089 seconds.
Elapsed time is 44.683685 seconds.
Elapsed time is 44.375741 seconds.
Elapsed time is 41.259600 seconds.
Elapsed time is 38.216786 seconds.
Elapsed time is 40.125593 seconds.
Elapsed time is 41.260164 seconds.
Elapsed time is 44.663678 seconds.
Elapsed time is 44.330751 seconds.
Elapsed time is 38.087431 seconds.
Elapsed time is 37.944776 seconds.
Elapsed time is 39.445324 seconds.
Elapsed time is 43.036318 seconds.
Elapsed time is 44.899868 seconds.
Elapsed time is 42.768067 seconds.
Elapsed time is 37.163424 seconds.
Elapsed time is 42.723119 seconds.
Elapsed time is 41.451600 seconds.
Elapsed time is 43.517607 seconds.
Elapsed time is 42.465745 seconds.
Elapsed time is 39.826068 seconds.
Elapsed time is 33.894641 seconds.
Elapsed time is 41.051290 seconds.
Elapsed time is 41.696289 seconds.
Elapsed time is 43.314913 seconds.
Elapsed time is 44.175488 seconds.
Elapsed time is 41.109290 seconds.
Elapsed time is 37.618291 seconds.
Elapsed time is 38.266549 seconds.
Elapsed time is 41.374088 seconds.
Elapsed time is 43.678491 seconds.
Elapsed time is 43.069129 seconds.
Elapsed time is 40.928065 seconds.
Elapsed time is 38.958442 seconds.
Elapsed time is 42.776027 seconds.
Elapsed time is 41.372782 seconds.
Elapsed time is 43.766477 seconds.
Elapsed time is 44.923645 seconds.
Elapsed time is 41.375487 seconds.
Elapsed time is 39.513330 seconds.
Elapsed time is 41.200435 seconds.
Elapsed time is 44.535985 seconds.
Elapsed time is 45.888646 seconds.
Elapsed time is 43.313771 seconds.
Elapsed time is 40.705671 seconds.
Elapsed time is 42.146207 seconds.
Elapsed time is 45.122180 seconds.
Elapsed time is 44.351248 seconds.
Elapsed time is 43.106480 seconds.
Elapsed time is 40.486982 seconds.
Elapsed time is 41.809818 seconds.
Elapsed time is 43.811403 seconds.
Elapsed time is 44.756661 seconds.
Elapsed time is 46.500379 seconds.
Elapsed time is 43.231549 seconds.
Elapsed time is 41.945829 seconds.
Elapsed time is 40.918782 seconds.
Elapsed time is 42.564879 seconds.
Elapsed time is 43.521736 seconds.
Elapsed time is 44.701409 seconds.
Elapsed time is 41.770728 seconds.
Elapsed time is 41.435978 seconds.
Elapsed time is 46.156912 seconds.
Elapsed time is 43.190520 seconds.
Elapsed time is 39.262107 seconds.
Elapsed time is 39.772411 seconds.
Elapsed time is 41.124794 seconds.
Elapsed time is 46.120706 seconds.
Elapsed time is 46.788353 seconds.
Elapsed time is 41.292976 seconds.
Elapsed time is 40.825882 seconds.
Elapsed time is 38.294702 seconds.
Elapsed time is 40.903101 seconds.
Elapsed time is 44.320236 seconds.
Elapsed time is 44.848749 seconds.
Elapsed time is 41.397372 seconds.
Elapsed time is 40.189667 seconds.
Elapsed time is 38.994962 seconds.
Elapsed time is 41.015046 seconds.
Elapsed time is 43.244796 seconds.
Elapsed time is 44.623030 seconds.
Elapsed time is 42.876474 seconds.
Elapsed time is 37.506287 seconds.
Elapsed time is 34.497882 seconds.
Elapsed time is 39.189529 seconds.
Elapsed time is 41.807756 seconds.
Elapsed time is 44.801994 seconds.
Elapsed time is 44.166397 seconds.
Elapsed time is 42.768980 seconds.
Elapsed time is 39.698218 seconds.
Elapsed time is 38.466045 seconds.
Elapsed time is 36.669382 seconds.
Elapsed time is 39.816817 seconds.
Elapsed time is 43.108691 seconds.
Elapsed time is 43.743212 seconds.
Elapsed time is 44.558149 seconds.
     3         500         1540.92        7.79e+05        1e-05       0.015389
Elapsed time is 41.807836 seconds.
Elapsed time is 40.916373 seconds.
Elapsed time is 42.929389 seconds.
Elapsed time is 45.709223 seconds.
Elapsed time is 45.934183 seconds.
Elapsed time is 43.491397 seconds.
Elapsed time is 42.039490 seconds.
Elapsed time is 42.553525 seconds.
Elapsed time is 45.265740 seconds.
Elapsed time is 44.295326 seconds.
Elapsed time is 42.347461 seconds.
Elapsed time is 41.577580 seconds.
Elapsed time is 38.516884 seconds.
Elapsed time is 41.257998 seconds.
Elapsed time is 44.206306 seconds.
Elapsed time is 43.480765 seconds.
Elapsed time is 44.453365 seconds.
Elapsed time is 40.863689 seconds.
Elapsed time is 40.092733 seconds.
Elapsed time is 41.220852 seconds.
Elapsed time is 44.174037 seconds.
Elapsed time is 44.239660 seconds.
Elapsed time is 38.786602 seconds.
Elapsed time is 39.277435 seconds.
Elapsed time is 41.774239 seconds.
Elapsed time is 44.555563 seconds.
Elapsed time is 46.150573 seconds.
Elapsed time is 42.310368 seconds.
Elapsed time is 40.129600 seconds.
Elapsed time is 39.365903 seconds.
Elapsed time is 40.113074 seconds.
Elapsed time is 43.449529 seconds.
Elapsed time is 45.089033 seconds.
Elapsed time is 43.531590 seconds.
Elapsed time is 38.033340 seconds.
Elapsed time is 42.260717 seconds.
Elapsed time is 43.515146 seconds.
Elapsed time is 43.310007 seconds.
Elapsed time is 42.931772 seconds.
Elapsed time is 39.718724 seconds.
Elapsed time is 36.759154 seconds.
Elapsed time is 35.921582 seconds.
Elapsed time is 39.005231 seconds.
Elapsed time is 42.378501 seconds.
Elapsed time is 44.209046 seconds.
Elapsed time is 43.046774 seconds.
Elapsed time is 41.728634 seconds.
Elapsed time is 38.032999 seconds.
Elapsed time is 42.971912 seconds.
Elapsed time is 42.883335 seconds.
Elapsed time is 42.985271 seconds.
Elapsed time is 44.711619 seconds.
Elapsed time is 44.550527 seconds.
Elapsed time is 42.812795 seconds.
Elapsed time is 41.768380 seconds.
Elapsed time is 41.183933 seconds.
Elapsed time is 40.233069 seconds.
Elapsed time is 43.960398 seconds.
Elapsed time is 44.827461 seconds.
Elapsed time is 44.837801 seconds.
Elapsed time is 43.780695 seconds.
Elapsed time is 40.908675 seconds.
Elapsed time is 39.356029 seconds.
Elapsed time is 39.892725 seconds.
Elapsed time is 39.881578 seconds.
Elapsed time is 44.146735 seconds.
Elapsed time is 46.083760 seconds.
Elapsed time is 41.606246 seconds.
Elapsed time is 37.507112 seconds.
Elapsed time is 39.780340 seconds.
Elapsed time is 42.946574 seconds.
Elapsed time is 44.352791 seconds.
Elapsed time is 42.946416 seconds.
Elapsed time is 39.916972 seconds.
Elapsed time is 37.430926 seconds.
Elapsed time is 40.727140 seconds.
Elapsed time is 44.011095 seconds.
Elapsed time is 45.136472 seconds.
Elapsed time is 42.625340 seconds.
Elapsed time is 39.934671 seconds.
Elapsed time is 39.885830 seconds.
Elapsed time is 40.895228 seconds.
Elapsed time is 43.585983 seconds.
Elapsed time is 42.384682 seconds.
Elapsed time is 43.169104 seconds.
Elapsed time is 38.923551 seconds.
Elapsed time is 40.482453 seconds.
Elapsed time is 42.388118 seconds.
Elapsed time is 44.825514 seconds.
Elapsed time is 42.805674 seconds.
Elapsed time is 39.437097 seconds.
Elapsed time is 36.479139 seconds.
Elapsed time is 35.790665 seconds.
Elapsed time is 42.950744 seconds.
Elapsed time is 42.704003 seconds.
Elapsed time is 43.693432 seconds.
Elapsed time is 40.618820 seconds.
Elapsed time is 36.264696 seconds.
Elapsed time is 34.642081 seconds.
Elapsed time is 38.910291 seconds.
Elapsed time is 42.372129 seconds.
Elapsed time is 44.177108 seconds.
Elapsed time is 44.664783 seconds.
Elapsed time is 44.059526 seconds.
Elapsed time is 39.666984 seconds.
Elapsed time is 40.703594 seconds.
Elapsed time is 37.698114 seconds.
Elapsed time is 37.953931 seconds.
Elapsed time is 42.857357 seconds.
Elapsed time is 42.177585 seconds.
Elapsed time is 42.733548 seconds.
Elapsed time is 44.288975 seconds.
Elapsed time is 42.114448 seconds.
Elapsed time is 40.042883 seconds.
Elapsed time is 39.255688 seconds.
Elapsed time is 41.214107 seconds.
Elapsed time is 43.764935 seconds.
Elapsed time is 43.293281 seconds.
Elapsed time is 39.906127 seconds.
Elapsed time is 37.441915 seconds.
Elapsed time is 41.467930 seconds.
Elapsed time is 42.624181 seconds.
Elapsed time is 43.142416 seconds.
Elapsed time is 42.722391 seconds.
Elapsed time is 38.488045 seconds.
     4         625         1481.09        2.58e+05        1e-06      0.0118332
Elapsed time is 40.729206 seconds.
Elapsed time is 41.505188 seconds.
Elapsed time is 44.779192 seconds.
Elapsed time is 42.931676 seconds.
Elapsed time is 39.007044 seconds.
Elapsed time is 42.716958 seconds.
Elapsed time is 41.756571 seconds.
Elapsed time is 41.746668 seconds.
Elapsed time is 44.294391 seconds.
Elapsed time is 48.367331 seconds.
Elapsed time is 39.040773 seconds.
Elapsed time is 37.909166 seconds.
Elapsed time is 40.358394 seconds.
Elapsed time is 45.031520 seconds.
Elapsed time is 44.184936 seconds.
Elapsed time is 41.615655 seconds.
Elapsed time is 34.166680 seconds.
Elapsed time is 37.935386 seconds.
Elapsed time is 41.668196 seconds.
Elapsed time is 40.599365 seconds.
Elapsed time is 41.618703 seconds.
Elapsed time is 43.694622 seconds.
Elapsed time is 42.695225 seconds.
Elapsed time is 38.421903 seconds.
Elapsed time is 40.568496 seconds.
Elapsed time is 41.574143 seconds.
Elapsed time is 44.247495 seconds.
Elapsed time is 43.929406 seconds.
Elapsed time is 43.797194 seconds.
Elapsed time is 42.444035 seconds.
Elapsed time is 38.489361 seconds.
Elapsed time is 40.305767 seconds.
Elapsed time is 42.462403 seconds.
Elapsed time is 43.437697 seconds.
Elapsed time is 44.346360 seconds.
Elapsed time is 45.487254 seconds.
Elapsed time is 43.601828 seconds.
Elapsed time is 41.383367 seconds.
Elapsed time is 37.187495 seconds.
Elapsed time is 40.972968 seconds.
Elapsed time is 40.215798 seconds.
Elapsed time is 43.685458 seconds.
Elapsed time is 43.481544 seconds.
Elapsed time is 43.103092 seconds.
Elapsed time is 40.807154 seconds.
Elapsed time is 41.892827 seconds.
Elapsed time is 44.494419 seconds.
Elapsed time is 43.823810 seconds.
Elapsed time is 43.309380 seconds.
Elapsed time is 41.189812 seconds.
Elapsed time is 37.480733 seconds.
Elapsed time is 40.994260 seconds.
Elapsed time is 41.787711 seconds.
Elapsed time is 44.516611 seconds.
Elapsed time is 43.068706 seconds.
Elapsed time is 40.349402 seconds.
Elapsed time is 40.702527 seconds.
Elapsed time is 41.972150 seconds.
Elapsed time is 43.160882 seconds.
Elapsed time is 43.832108 seconds.
Elapsed time is 41.299382 seconds.
Elapsed time is 38.415484 seconds.
Elapsed time is 40.178184 seconds.
Elapsed time is 42.749481 seconds.
Elapsed time is 45.202178 seconds.
Elapsed time is 43.070821 seconds.
Elapsed time is 42.239560 seconds.
Elapsed time is 38.595050 seconds.
Elapsed time is 44.018312 seconds.
Elapsed time is 44.447280 seconds.
Elapsed time is 42.072595 seconds.
Elapsed time is 41.734876 seconds.
Elapsed time is 43.494289 seconds.
Elapsed time is 44.468659 seconds.
Elapsed time is 43.918075 seconds.
Elapsed time is 39.689750 seconds.
Elapsed time is 40.533869 seconds.
Elapsed time is 42.576511 seconds.
Elapsed time is 45.240055 seconds.
Elapsed time is 44.885114 seconds.
Elapsed time is 43.621631 seconds.
Elapsed time is 42.964300 seconds.
Elapsed time is 41.736250 seconds.
Elapsed time is 43.368037 seconds.
Elapsed time is 42.603570 seconds.
Elapsed time is 43.896676 seconds.
Elapsed time is 45.100964 seconds.
Elapsed time is 43.523836 seconds.
Elapsed time is 40.295325 seconds.
Elapsed time is 43.771800 seconds.
Elapsed time is 43.644033 seconds.
Elapsed time is 44.273033 seconds.
Elapsed time is 39.974061 seconds.
Elapsed time is 39.189039 seconds.
Elapsed time is 41.685596 seconds.
Elapsed time is 44.886624 seconds.
Elapsed time is 43.298354 seconds.
Elapsed time is 41.222297 seconds.
Elapsed time is 41.722139 seconds.
Elapsed time is 43.541641 seconds.
Elapsed time is 45.746218 seconds.
Elapsed time is 41.840878 seconds.
Elapsed time is 41.266142 seconds.
Elapsed time is 42.707289 seconds.
Elapsed time is 43.589851 seconds.
Elapsed time is 44.320122 seconds.
Elapsed time is 42.158115 seconds.
Elapsed time is 41.635549 seconds.
Elapsed time is 43.578670 seconds.
Elapsed time is 45.670611 seconds.
Elapsed time is 42.414523 seconds.
Elapsed time is 40.598342 seconds.
Elapsed time is 38.609534 seconds.
Elapsed time is 42.827739 seconds.
Elapsed time is 44.732956 seconds.
Elapsed time is 44.011711 seconds.
Elapsed time is 40.557686 seconds.
Elapsed time is 39.918088 seconds.
Elapsed time is 40.835284 seconds.
Elapsed time is 44.131317 seconds.
Elapsed time is 44.452661 seconds.
Elapsed time is 40.509982 seconds.
Elapsed time is 36.791604 seconds.
Elapsed time is 38.816167 seconds.
Elapsed time is 42.153605 seconds.
     5         750         1433.41        4.56e+05        1e-07     0.00778637
Elapsed time is 43.931581 seconds.
Elapsed time is 40.024835 seconds.
Elapsed time is 40.555788 seconds.
Elapsed time is 40.791247 seconds.
Elapsed time is 42.854835 seconds.
Elapsed time is 44.565976 seconds.
Elapsed time is 44.772024 seconds.
Elapsed time is 42.978212 seconds.
Elapsed time is 40.363767 seconds.
Elapsed time is 39.853178 seconds.
Elapsed time is 43.653298 seconds.
Elapsed time is 44.365563 seconds.
Elapsed time is 45.010916 seconds.
Elapsed time is 43.135664 seconds.
Elapsed time is 41.319518 seconds.
Elapsed time is 42.377285 seconds.
Elapsed time is 40.878606 seconds.
Elapsed time is 44.840942 seconds.
Elapsed time is 44.698863 seconds.
Elapsed time is 41.857063 seconds.
Elapsed time is 40.148924 seconds.
Elapsed time is 39.687730 seconds.
Elapsed time is 43.711878 seconds.
Elapsed time is 43.553907 seconds.
Elapsed time is 43.970152 seconds.
Elapsed time is 39.429129 seconds.
Elapsed time is 36.299424 seconds.
Elapsed time is 39.665167 seconds.
Elapsed time is 36.676361 seconds.
Elapsed time is 38.216734 seconds.
Elapsed time is 41.331917 seconds.
Elapsed time is 46.305012 seconds.
Elapsed time is 43.910517 seconds.
Elapsed time is 39.759705 seconds.
Elapsed time is 40.252770 seconds.
Elapsed time is 43.500327 seconds.
Elapsed time is 44.735602 seconds.
Elapsed time is 41.975310 seconds.
Elapsed time is 40.002117 seconds.
Elapsed time is 38.896954 seconds.
Elapsed time is 39.997476 seconds.
Elapsed time is 41.266228 seconds.
Elapsed time is 41.451643 seconds.
Elapsed time is 44.030937 seconds.
Elapsed time is 43.875092 seconds.
Elapsed time is 39.756881 seconds.
Elapsed time is 37.939835 seconds.
Elapsed time is 41.357939 seconds.
Elapsed time is 42.338985 seconds.
Elapsed time is 42.782925 seconds.
Elapsed time is 44.910614 seconds.
Elapsed time is 36.946699 seconds.
Elapsed time is 38.555281 seconds.
Elapsed time is 39.936852 seconds.
Elapsed time is 40.966850 seconds.
Elapsed time is 44.788370 seconds.
Elapsed time is 44.784393 seconds.
Elapsed time is 41.037695 seconds.
Elapsed time is 40.201852 seconds.
Elapsed time is 39.966905 seconds.
Elapsed time is 42.953158 seconds.
Elapsed time is 45.119246 seconds.
Elapsed time is 44.380591 seconds.
Elapsed time is 45.235301 seconds.
Elapsed time is 44.924773 seconds.
Elapsed time is 43.570045 seconds.
Elapsed time is 42.756940 seconds.
Elapsed time is 41.220870 seconds.
Elapsed time is 42.679778 seconds.
Elapsed time is 44.377414 seconds.
Elapsed time is 41.834320 seconds.
Elapsed time is 40.335273 seconds.
Elapsed time is 42.254825 seconds.
Elapsed time is 43.681543 seconds.
Elapsed time is 44.325632 seconds.
Elapsed time is 41.141003 seconds.
Elapsed time is 37.790020 seconds.
Elapsed time is 40.772261 seconds.
Elapsed time is 45.003888 seconds.
Elapsed time is 45.531445 seconds.
Elapsed time is 41.161265 seconds.
Elapsed time is 40.408698 seconds.
Elapsed time is 40.674795 seconds.
Elapsed time is 42.938518 seconds.
Elapsed time is 44.368008 seconds.
Elapsed time is 41.141948 seconds.
Elapsed time is 36.934136 seconds.
Elapsed time is 38.801377 seconds.
Elapsed time is 43.323050 seconds.
Elapsed time is 43.995102 seconds.
Elapsed time is 44.520905 seconds.
Elapsed time is 36.907271 seconds.
Elapsed time is 41.487587 seconds.
Elapsed time is 41.099853 seconds.
Elapsed time is 41.072894 seconds.
Elapsed time is 43.028542 seconds.
Elapsed time is 43.905109 seconds.
Elapsed time is 40.017897 seconds.
Elapsed time is 37.809052 seconds.
Elapsed time is 41.478592 seconds.
Elapsed time is 42.590377 seconds.
Elapsed time is 44.532978 seconds.
Elapsed time is 43.261440 seconds.
Elapsed time is 38.827160 seconds.
Elapsed time is 39.215112 seconds.
Elapsed time is 40.991527 seconds.
Elapsed time is 43.662149 seconds.
Elapsed time is 44.042178 seconds.
Elapsed time is 42.403816 seconds.
Elapsed time is 41.076937 seconds.
Elapsed time is 37.402782 seconds.
Elapsed time is 41.699667 seconds.
Elapsed time is 44.124297 seconds.
Elapsed time is 44.463586 seconds.
Elapsed time is 43.572681 seconds.
Elapsed time is 43.020957 seconds.
Elapsed time is 39.135712 seconds.
Elapsed time is 42.379848 seconds.
Elapsed time is 43.096322 seconds.
Elapsed time is 44.957078 seconds.
Elapsed time is 44.481208 seconds.
Elapsed time is 42.388185 seconds.
Elapsed time is 38.604988 seconds.
Elapsed time is 39.333693 seconds.
Elapsed time is 40.885553 seconds.
     6         875         1405.39        9.22e+05        1e-08     0.00831833
Elapsed time is 44.418569 seconds.
Elapsed time is 41.876938 seconds.
Elapsed time is 37.490542 seconds.
Elapsed time is 41.633247 seconds.
Elapsed time is 42.743134 seconds.
Elapsed time is 45.252060 seconds.
Elapsed time is 40.421977 seconds.
Elapsed time is 36.687372 seconds.
Elapsed time is 39.899651 seconds.
Elapsed time is 45.562423 seconds.
Elapsed time is 44.462758 seconds.
Elapsed time is 41.079510 seconds.
Elapsed time is 37.948954 seconds.
Elapsed time is 41.186947 seconds.
Elapsed time is 42.588147 seconds.
Elapsed time is 43.571850 seconds.
Elapsed time is 44.861766 seconds.
Elapsed time is 40.270150 seconds.
Elapsed time is 36.312341 seconds.
Elapsed time is 43.802455 seconds.
Elapsed time is 45.954310 seconds.
Elapsed time is 42.066269 seconds.
Elapsed time is 37.227363 seconds.
Elapsed time is 39.222144 seconds.
Elapsed time is 40.456379 seconds.
Elapsed time is 43.718530 seconds.
Elapsed time is 44.734398 seconds.
Elapsed time is 42.116987 seconds.
Elapsed time is 39.677643 seconds.
Elapsed time is 39.534330 seconds.
Elapsed time is 41.512192 seconds.
Elapsed time is 43.781431 seconds.
Elapsed time is 43.539111 seconds.
Elapsed time is 41.166202 seconds.
Elapsed time is 39.565546 seconds.
Elapsed time is 40.965418 seconds.
Elapsed time is 43.229108 seconds.
Elapsed time is 41.616783 seconds.
Elapsed time is 41.757832 seconds.
Elapsed time is 44.410750 seconds.
Elapsed time is 44.348139 seconds.
Elapsed time is 41.784274 seconds.
Elapsed time is 40.793987 seconds.
Elapsed time is 41.467657 seconds.
Elapsed time is 44.279259 seconds.
Elapsed time is 45.519355 seconds.
Elapsed time is 45.117658 seconds.
Elapsed time is 41.415737 seconds.
Elapsed time is 38.859991 seconds.
Elapsed time is 42.187562 seconds.
Elapsed time is 44.513411 seconds.
Elapsed time is 43.501436 seconds.
Elapsed time is 39.262118 seconds.
Elapsed time is 41.413819 seconds.
Elapsed time is 43.304976 seconds.
Elapsed time is 46.826532 seconds.
Elapsed time is 40.477736 seconds.
Elapsed time is 37.541454 seconds.
Elapsed time is 41.309860 seconds.
Elapsed time is 43.208043 seconds.
Elapsed time is 43.552841 seconds.
Elapsed time is 41.726230 seconds.
Elapsed time is 40.050988 seconds.
Elapsed time is 39.715519 seconds.
Elapsed time is 42.333381 seconds.
Elapsed time is 43.149317 seconds.
Elapsed time is 42.797059 seconds.
Elapsed time is 39.034040 seconds.
Elapsed time is 38.312791 seconds.
Elapsed time is 41.408494 seconds.
Elapsed time is 42.308498 seconds.
Elapsed time is 43.972020 seconds.
Elapsed time is 43.161980 seconds.
Elapsed time is 41.319355 seconds.
Elapsed time is 40.372344 seconds.
Elapsed time is 41.476644 seconds.
Elapsed time is 40.784558 seconds.
Elapsed time is 42.973218 seconds.
Elapsed time is 44.600026 seconds.
Elapsed time is 42.516636 seconds.
Elapsed time is 40.211669 seconds.
Elapsed time is 41.503535 seconds.
Elapsed time is 41.576328 seconds.
Elapsed time is 43.002344 seconds.
Elapsed time is 41.915757 seconds.
Elapsed time is 39.146476 seconds.
Elapsed time is 39.799136 seconds.
Elapsed time is 40.959315 seconds.
Elapsed time is 42.035729 seconds.
Elapsed time is 44.267218 seconds.
Elapsed time is 45.378337 seconds.
Elapsed time is 42.568082 seconds.
Elapsed time is 41.937627 seconds.
Elapsed time is 41.962162 seconds.
Elapsed time is 43.690686 seconds.
Elapsed time is 44.899785 seconds.
Elapsed time is 44.495001 seconds.
Elapsed time is 41.716402 seconds.
Elapsed time is 38.245437 seconds.
Elapsed time is 41.840517 seconds.
Elapsed time is 46.695308 seconds.
Elapsed time is 42.438464 seconds.
Elapsed time is 40.132731 seconds.
Elapsed time is 41.287713 seconds.
Elapsed time is 40.918633 seconds.
Elapsed time is 42.171952 seconds.
Elapsed time is 46.272607 seconds.
Elapsed time is 41.299005 seconds.
Elapsed time is 40.896868 seconds.
Elapsed time is 42.925452 seconds.
Elapsed time is 44.468991 seconds.
Elapsed time is 43.598701 seconds.
Elapsed time is 39.299044 seconds.
Elapsed time is 35.868522 seconds.
Elapsed time is 41.581520 seconds.
Elapsed time is 45.462577 seconds.
Elapsed time is 43.996180 seconds.
Elapsed time is 41.980616 seconds.
Elapsed time is 35.318711 seconds.
Elapsed time is 41.491527 seconds.
Elapsed time is 43.686687 seconds.
Elapsed time is 44.421140 seconds.
Elapsed time is 40.747220 seconds.
Elapsed time is 38.667688 seconds.
Elapsed time is 41.273738 seconds.
     7        1000         1383.99        6.36e+06        1e-09      0.0186483
Elapsed time is 45.012645 seconds.
Elapsed time is 41.388952 seconds.
Elapsed time is 32.739025 seconds.
Elapsed time is 40.552874 seconds.
Elapsed time is 41.533546 seconds.
Elapsed time is 45.634440 seconds.
Elapsed time is 42.969024 seconds.
Elapsed time is 40.595522 seconds.
Elapsed time is 34.874488 seconds.
Elapsed time is 39.971100 seconds.
Elapsed time is 44.726604 seconds.
Elapsed time is 45.523319 seconds.
Elapsed time is 40.768989 seconds.
Elapsed time is 34.485324 seconds.
Elapsed time is 40.099458 seconds.
Elapsed time is 42.190128 seconds.
Elapsed time is 42.932999 seconds.
Elapsed time is 43.407459 seconds.
Elapsed time is 46.138143 seconds.
Elapsed time is 43.269404 seconds.
Elapsed time is 38.799799 seconds.
Elapsed time is 40.980454 seconds.
Elapsed time is 45.348367 seconds.
Elapsed time is 47.407161 seconds.
Elapsed time is 45.303136 seconds.
Elapsed time is 41.739445 seconds.
Elapsed time is 39.137876 seconds.
Elapsed time is 42.258788 seconds.
Elapsed time is 46.572006 seconds.
Elapsed time is 43.690436 seconds.
Elapsed time is 36.796765 seconds.
Elapsed time is 40.738741 seconds.
Elapsed time is 44.438326 seconds.
Elapsed time is 45.619839 seconds.
Elapsed time is 43.001457 seconds.
Elapsed time is 34.960361 seconds.
Elapsed time is 36.743125 seconds.
Elapsed time is 41.860421 seconds.
Elapsed time is 44.393992 seconds.
Elapsed time is 46.592515 seconds.
Elapsed time is 41.069126 seconds.
Elapsed time is 38.163954 seconds.
Elapsed time is 38.056984 seconds.
Elapsed time is 41.607181 seconds.
Elapsed time is 43.826079 seconds.
Elapsed time is 45.641262 seconds.
Elapsed time is 40.528810 seconds.
Elapsed time is 35.233280 seconds.
Elapsed time is 40.505108 seconds.
Elapsed time is 42.614700 seconds.
Elapsed time is 42.809980 seconds.
Elapsed time is 45.272484 seconds.
Elapsed time is 39.783059 seconds.
Elapsed time is 38.204465 seconds.
Elapsed time is 42.036484 seconds.
Elapsed time is 45.948172 seconds.
Elapsed time is 43.764297 seconds.
Elapsed time is 36.398850 seconds.
Elapsed time is 37.017492 seconds.
Elapsed time is 40.874639 seconds.
Elapsed time is 42.517205 seconds.
Elapsed time is 44.238135 seconds.
Elapsed time is 40.957394 seconds.
Elapsed time is 37.692454 seconds.
Elapsed time is 40.525992 seconds.
Elapsed time is 42.706432 seconds.
Elapsed time is 44.859859 seconds.
Elapsed time is 43.725501 seconds.
Elapsed time is 41.505492 seconds.
Elapsed time is 39.947853 seconds.
Elapsed time is 40.183847 seconds.
Elapsed time is 45.558738 seconds.
Elapsed time is 44.870236 seconds.
Elapsed time is 44.232828 seconds.
Elapsed time is 38.736730 seconds.
Elapsed time is 35.639928 seconds.
Elapsed time is 39.972958 seconds.
Elapsed time is 41.800968 seconds.
Elapsed time is 44.367781 seconds.
Elapsed time is 44.102056 seconds.
Elapsed time is 42.637143 seconds.
Elapsed time is 36.713434 seconds.
Elapsed time is 38.045236 seconds.
Elapsed time is 40.939942 seconds.
Elapsed time is 46.008814 seconds.
Elapsed time is 43.603330 seconds.
Elapsed time is 38.479026 seconds.
Elapsed time is 37.280497 seconds.
Elapsed time is 42.533654 seconds.
Elapsed time is 44.602161 seconds.
Elapsed time is 45.319262 seconds.
Elapsed time is 42.866900 seconds.
Elapsed time is 39.154560 seconds.
Elapsed time is 40.097135 seconds.
Elapsed time is 40.620412 seconds.
Elapsed time is 45.699095 seconds.
Elapsed time is 41.942439 seconds.
Elapsed time is 40.547226 seconds.
Elapsed time is 37.329790 seconds.
Elapsed time is 40.307464 seconds.
Elapsed time is 40.683268 seconds.
Elapsed time is 40.556986 seconds.
Elapsed time is 41.832077 seconds.
Elapsed time is 44.800170 seconds.
Elapsed time is 42.615770 seconds.
Elapsed time is 38.566276 seconds.
Elapsed time is 39.620995 seconds.
Elapsed time is 41.813718 seconds.
Elapsed time is 44.083561 seconds.
Elapsed time is 42.867369 seconds.
Elapsed time is 39.024135 seconds.
Elapsed time is 41.308106 seconds.
Elapsed time is 40.282638 seconds.
Elapsed time is 42.326921 seconds.
Elapsed time is 43.080474 seconds.
Elapsed time is 43.714259 seconds.
Elapsed time is 42.239823 seconds.
Elapsed time is 38.425854 seconds.
Elapsed time is 39.624277 seconds.
Elapsed time is 43.544085 seconds.
Elapsed time is 46.089849 seconds.
Elapsed time is 45.416205 seconds.
Elapsed time is 43.275411 seconds.
Elapsed time is 41.444026 seconds.
Elapsed time is 44.327159 seconds.
     8        1125          1366.8        6.96e+05        1e-10       0.010394
Elapsed time is 45.061469 seconds.
Elapsed time is 43.306977 seconds.
Elapsed time is 40.278311 seconds.
Elapsed time is 40.816422 seconds.
Elapsed time is 44.366509 seconds.
Elapsed time is 41.538691 seconds.
Elapsed time is 43.233005 seconds.
Elapsed time is 44.093040 seconds.
Elapsed time is 41.366774 seconds.
Elapsed time is 39.179534 seconds.
Elapsed time is 42.882186 seconds.
Elapsed time is 44.283884 seconds.
Elapsed time is 43.131161 seconds.
Elapsed time is 37.828749 seconds.
Elapsed time is 38.157691 seconds.
Elapsed time is 41.640427 seconds.
Elapsed time is 39.586776 seconds.
Elapsed time is 45.662837 seconds.
Elapsed time is 42.878427 seconds.
Elapsed time is 40.403906 seconds.
Elapsed time is 39.062659 seconds.
Elapsed time is 41.046731 seconds.
Elapsed time is 47.383065 seconds.
Elapsed time is 42.415709 seconds.
Elapsed time is 36.207038 seconds.
Elapsed time is 40.326416 seconds.
Elapsed time is 41.412560 seconds.
Elapsed time is 42.414927 seconds.
Elapsed time is 44.053476 seconds.
Elapsed time is 43.391112 seconds.
Elapsed time is 39.930071 seconds.
Elapsed time is 37.622331 seconds.
Elapsed time is 41.458219 seconds.
Elapsed time is 42.916965 seconds.
Elapsed time is 44.605087 seconds.
Elapsed time is 41.789689 seconds.
Elapsed time is 35.996701 seconds.
Elapsed time is 38.626322 seconds.
Elapsed time is 39.951769 seconds.
Elapsed time is 42.805120 seconds.
Elapsed time is 44.101743 seconds.
Elapsed time is 41.744551 seconds.
Elapsed time is 37.398885 seconds.
Elapsed time is 41.248880 seconds.
Elapsed time is 42.402925 seconds.
Elapsed time is 45.047907 seconds.
Elapsed time is 43.486416 seconds.
Elapsed time is 38.812436 seconds.
Elapsed time is 37.489639 seconds.
Elapsed time is 41.479930 seconds.
Elapsed time is 45.381274 seconds.
Elapsed time is 44.806977 seconds.
Elapsed time is 45.379550 seconds.
Elapsed time is 41.335989 seconds.
Elapsed time is 40.837927 seconds.
Elapsed time is 39.836357 seconds.
Elapsed time is 44.784824 seconds.
Elapsed time is 45.750038 seconds.
Elapsed time is 43.351206 seconds.
Elapsed time is 42.778209 seconds.
Elapsed time is 38.192239 seconds.
Elapsed time is 39.271398 seconds.
Elapsed time is 44.023788 seconds.
Elapsed time is 45.100877 seconds.
Elapsed time is 42.297825 seconds.
Elapsed time is 36.221419 seconds.
Elapsed time is 39.101867 seconds.
Elapsed time is 44.866394 seconds.
Elapsed time is 44.229417 seconds.
Elapsed time is 42.325671 seconds.
Elapsed time is 42.507627 seconds.
Elapsed time is 40.121851 seconds.
Elapsed time is 41.595980 seconds.
Elapsed time is 45.789379 seconds.
Elapsed time is 42.281415 seconds.
Elapsed time is 38.782058 seconds.
Elapsed time is 41.056557 seconds.
Elapsed time is 42.922432 seconds.
Elapsed time is 43.647048 seconds.
Elapsed time is 43.854472 seconds.
Elapsed time is 39.822252 seconds.
Elapsed time is 40.531254 seconds.
Elapsed time is 42.534757 seconds.
Elapsed time is 45.664620 seconds.
Elapsed time is 41.811170 seconds.
Elapsed time is 33.117557 seconds.
Elapsed time is 37.945184 seconds.
Elapsed time is 41.598141 seconds.
Elapsed time is 43.420707 seconds.
Elapsed time is 44.300327 seconds.
Elapsed time is 42.356741 seconds.
Elapsed time is 40.388669 seconds.
Elapsed time is 38.589464 seconds.
Elapsed time is 43.704736 seconds.
Elapsed time is 44.679830 seconds.
Elapsed time is 43.828802 seconds.
Elapsed time is 39.510174 seconds.
Elapsed time is 36.876590 seconds.
Elapsed time is 40.448561 seconds.
Elapsed time is 41.688904 seconds.
Elapsed time is 44.121203 seconds.
Elapsed time is 45.747670 seconds.
Elapsed time is 42.403905 seconds.
Elapsed time is 40.436015 seconds.
Elapsed time is 42.103555 seconds.
Elapsed time is 44.290662 seconds.
Elapsed time is 46.253326 seconds.
Elapsed time is 44.137355 seconds.
Elapsed time is 42.804569 seconds.
Elapsed time is 42.695238 seconds.
Elapsed time is 42.991367 seconds.
Elapsed time is 43.576873 seconds.
Elapsed time is 44.107870 seconds.
Elapsed time is 42.875489 seconds.
Elapsed time is 41.610895 seconds.
Elapsed time is 43.716362 seconds.
Elapsed time is 44.442258 seconds.
Elapsed time is 42.639382 seconds.
Elapsed time is 39.743551 seconds.
Elapsed time is 38.754815 seconds.
Elapsed time is 38.907132 seconds.
Elapsed time is 42.455044 seconds.
Elapsed time is 45.485634 seconds.
Elapsed time is 43.752616 seconds.
Elapsed time is 41.662898 seconds.
     9        1250         1355.09        1.18e+06        1e-11     0.00555168
Elapsed time is 42.432071 seconds.
Elapsed time is 44.851837 seconds.
Elapsed time is 43.323808 seconds.
Elapsed time is 39.265097 seconds.
Elapsed time is 41.324285 seconds.
Elapsed time is 44.100255 seconds.
Elapsed time is 44.334726 seconds.
Elapsed time is 42.665098 seconds.
Elapsed time is 38.660194 seconds.
Elapsed time is 40.015225 seconds.
Elapsed time is 44.381915 seconds.
Elapsed time is 43.698618 seconds.
Elapsed time is 39.435007 seconds.
Elapsed time is 38.891873 seconds.
Elapsed time is 41.157085 seconds.
Elapsed time is 41.644176 seconds.
Elapsed time is 44.420921 seconds.
Elapsed time is 40.439006 seconds.
Elapsed time is 40.673451 seconds.
Elapsed time is 39.008945 seconds.
Elapsed time is 40.026399 seconds.
Elapsed time is 43.555898 seconds.
Elapsed time is 44.347817 seconds.
Elapsed time is 40.277277 seconds.
Elapsed time is 39.051653 seconds.
Elapsed time is 42.020047 seconds.
Elapsed time is 44.669407 seconds.
Elapsed time is 46.218771 seconds.
Elapsed time is 45.836302 seconds.
Elapsed time is 40.739017 seconds.
Elapsed time is 41.136089 seconds.
Elapsed time is 43.182968 seconds.
Elapsed time is 44.374219 seconds.
Elapsed time is 45.263795 seconds.
Elapsed time is 44.657428 seconds.
Elapsed time is 42.249032 seconds.
Elapsed time is 41.651310 seconds.
Elapsed time is 42.311972 seconds.
Elapsed time is 45.368535 seconds.
Elapsed time is 45.731276 seconds.
Elapsed time is 41.339045 seconds.
Elapsed time is 41.143244 seconds.
Elapsed time is 41.798287 seconds.
Elapsed time is 45.606923 seconds.
Elapsed time is 43.799843 seconds.
Elapsed time is 38.970359 seconds.
Elapsed time is 37.777801 seconds.
Elapsed time is 40.738315 seconds.
Elapsed time is 43.648743 seconds.
Elapsed time is 47.159508 seconds.
Elapsed time is 41.228813 seconds.
Elapsed time is 37.734014 seconds.
Elapsed time is 39.572308 seconds.
Elapsed time is 42.673908 seconds.
Elapsed time is 44.214421 seconds.
Elapsed time is 43.154405 seconds.
Elapsed time is 39.725333 seconds.
Elapsed time is 35.030983 seconds.
Elapsed time is 37.804200 seconds.
Elapsed time is 40.878653 seconds.
Elapsed time is 40.852257 seconds.
Elapsed time is 44.567038 seconds.
Elapsed time is 43.823008 seconds.
Elapsed time is 39.810973 seconds.
Elapsed time is 35.255112 seconds.
Elapsed time is 37.532612 seconds.
Elapsed time is 41.070888 seconds.
Elapsed time is 43.054044 seconds.
Elapsed time is 44.588684 seconds.
Elapsed time is 41.460509 seconds.
Elapsed time is 42.012968 seconds.
Elapsed time is 41.091384 seconds.
Elapsed time is 46.288299 seconds.
Elapsed time is 43.117967 seconds.
Elapsed time is 39.608421 seconds.
Elapsed time is 40.519538 seconds.
Elapsed time is 42.987221 seconds.
Elapsed time is 43.769293 seconds.
Elapsed time is 44.881834 seconds.
Elapsed time is 43.846992 seconds.
Elapsed time is 42.322431 seconds.
Elapsed time is 39.933174 seconds.
Elapsed time is 42.070985 seconds.
Elapsed time is 43.050747 seconds.
Elapsed time is 44.649784 seconds.
Elapsed time is 45.123306 seconds.
Elapsed time is 41.594819 seconds.
Elapsed time is 38.138031 seconds.
Elapsed time is 37.175676 seconds.
Elapsed time is 41.492507 seconds.
Elapsed time is 44.149562 seconds.
Elapsed time is 44.205887 seconds.
Elapsed time is 42.458690 seconds.
Elapsed time is 40.856141 seconds.
Elapsed time is 38.320329 seconds.
Elapsed time is 40.855465 seconds.
Elapsed time is 41.444690 seconds.
Elapsed time is 42.771117 seconds.
Elapsed time is 43.335326 seconds.
Elapsed time is 41.923986 seconds.
Elapsed time is 36.439483 seconds.
Elapsed time is 42.305660 seconds.
Elapsed time is 44.325683 seconds.
Elapsed time is 44.731724 seconds.
Elapsed time is 41.079184 seconds.
Elapsed time is 38.530070 seconds.
Elapsed time is 41.528523 seconds.
Elapsed time is 43.201198 seconds.
Elapsed time is 45.173497 seconds.
Elapsed time is 42.230952 seconds.
Elapsed time is 41.439817 seconds.
Elapsed time is 42.154094 seconds.
Elapsed time is 44.133018 seconds.
Elapsed time is 44.496115 seconds.
Elapsed time is 38.103252 seconds.
Elapsed time is 36.233207 seconds.
Elapsed time is 39.640610 seconds.
Elapsed time is 41.275819 seconds.
Elapsed time is 44.723471 seconds.
Elapsed time is 44.025504 seconds.
Elapsed time is 39.047093 seconds.
Elapsed time is 39.952416 seconds.
Elapsed time is 43.117305 seconds.
Elapsed time is 43.893602 seconds.
Elapsed time is 42.795340 seconds.
    10        1375         1310.97        1.97e+06        1e-12     0.00686685
Elapsed time is 37.543958 seconds.
Elapsed time is 43.575835 seconds.
Elapsed time is 44.201141 seconds.
Elapsed time is 39.783854 seconds.
Elapsed time is 44.853564 seconds.
Elapsed time is 46.123929 seconds.
Elapsed time is 40.088138 seconds.
Elapsed time is 41.519850 seconds.
Elapsed time is 43.742829 seconds.
Elapsed time is 43.708587 seconds.
Elapsed time is 39.767558 seconds.
Elapsed time is 42.390707 seconds.
Elapsed time is 43.930988 seconds.
Elapsed time is 40.953661 seconds.
Elapsed time is 42.228508 seconds.
Elapsed time is 43.945818 seconds.
Elapsed time is 40.991103 seconds.
Elapsed time is 39.795849 seconds.
Elapsed time is 45.173581 seconds.

Local minimum possible.

lsqnonlin stopped because the relative size of the current step is less than
the default value of the step size tolerance.



map
   1.0e+03 *

   1.378946430142895                   0   0.949485343758169
                   0   1.363480375642607   0.538209224710784
                   0                   0   0.001000000000000

Parallel pool using the 'local' profile is shutting down.
  message with properties:

    Identifier: 'MATLAB:connector:connector:ConnectorNotRunning'
     Arguments: {}

MATLAB is selecting SOFTWARE OPENGL rendering.

                            < M A T L A B (R) >
                  Copyright 1984-2017 The MathWorks, Inc.
                   R2017b (9.3.0.713579) 64-bit (glnxa64)
                             September 14, 2017

 
To get started, type one of these: helpwin, helpdesk, or demo.
For product information, visit www.mathworks.com.
 
{Error using load
Unable to read file 'pata_temp_1.txt'. No such file or directory.

Error in fun_test (line 7)
para = load(file);

Error in fun_test_all (line 1)
fun_test(['pata_temp_1.txt']);
} 
>> MATLAB is selecting SOFTWARE OPENGL rendering.

                            < M A T L A B (R) >
                  Copyright 1984-2017 The MathWorks, Inc.
                   R2017b (9.3.0.713579) 64-bit (glnxa64)
                             September 14, 2017

 
To get started, type one of these: helpwin, helpdesk, or demo.
For product information, visit www.mathworks.com.
 
Elapsed time is 68.742083 seconds.
Starting parallel pool (parpool) using the 'local' profile ...
MATLAB is selecting SOFTWARE OPENGL rendering.

                            < M A T L A B (R) >
                  Copyright 1984-2017 The MathWorks, Inc.
                   R2017b (9.3.0.713579) 64-bit (glnxa64)
                             September 14, 2017

 
To get started, type one of these: helpwin, helpdesk, or demo.
For product information, visit www.mathworks.com.
 
Elapsed time is 67.198682 seconds.
Starting parallel pool (parpool) using the 'local' profile ...
connected to 20 workers.
