MATLAB is selecting SOFTWARE OPENGL rendering.

                            < M A T L A B (R) >
                  Copyright 1984-2017 The MathWorks, Inc.
                   R2017b (9.3.0.713579) 64-bit (glnxa64)
                             September 14, 2017

 
To get started, type one of these: helpwin, helpdesk, or demo.
For product information, visit www.mathworks.com.
 

initres =

    9.5671

Starting parallel pool (parpool) using the 'local' profile ...
connected to 20 workers.
Elapsed time is 22.639113 seconds.
Elapsed time is 19.807947 seconds.
Elapsed time is 19.073860 seconds.
Elapsed time is 21.042087 seconds.
Elapsed time is 20.975194 seconds.
Elapsed time is 20.029764 seconds.
Elapsed time is 20.277203 seconds.
Elapsed time is 19.300725 seconds.
Elapsed time is 19.702295 seconds.
Elapsed time is 23.114861 seconds.
Elapsed time is 20.941457 seconds.
Elapsed time is 20.615159 seconds.
Elapsed time is 23.046545 seconds.
Elapsed time is 22.567786 seconds.
Elapsed time is 20.625446 seconds.
Elapsed time is 21.014399 seconds.
Elapsed time is 20.276737 seconds.
Elapsed time is 19.139374 seconds.
Elapsed time is 23.277844 seconds.
Elapsed time is 23.767225 seconds.
Elapsed time is 24.749029 seconds.
Elapsed time is 25.029100 seconds.
Elapsed time is 22.725425 seconds.
Elapsed time is 22.105547 seconds.
Elapsed time is 22.842318 seconds.
Elapsed time is 23.644340 seconds.
Elapsed time is 26.147120 seconds.
Elapsed time is 24.192120 seconds.
Elapsed time is 23.818643 seconds.
Elapsed time is 25.449325 seconds.
Elapsed time is 22.911548 seconds.
Elapsed time is 23.034191 seconds.
Elapsed time is 22.267067 seconds.
Elapsed time is 24.733921 seconds.
Elapsed time is 22.369435 seconds.
Elapsed time is 23.674154 seconds.
Elapsed time is 21.338285 seconds.
Elapsed time is 24.689838 seconds.
Elapsed time is 24.042033 seconds.
Elapsed time is 26.064536 seconds.
Elapsed time is 23.908184 seconds.
Elapsed time is 24.177437 seconds.
Elapsed time is 23.305569 seconds.
Elapsed time is 23.161095 seconds.
Elapsed time is 23.213913 seconds.
Elapsed time is 27.414984 seconds.
Elapsed time is 22.254968 seconds.
Elapsed time is 21.475106 seconds.
Elapsed time is 24.757551 seconds.
Elapsed time is 23.338611 seconds.
Elapsed time is 23.002543 seconds.
Elapsed time is 22.987799 seconds.
Elapsed time is 23.341785 seconds.
Elapsed time is 23.713036 seconds.
Elapsed time is 22.977722 seconds.
Elapsed time is 23.582368 seconds.
Elapsed time is 25.236335 seconds.
Elapsed time is 25.883937 seconds.
Elapsed time is 22.530874 seconds.
Elapsed time is 24.124312 seconds.
Elapsed time is 23.001889 seconds.
Elapsed time is 25.034428 seconds.
Elapsed time is 25.632706 seconds.
Elapsed time is 24.732888 seconds.
Elapsed time is 25.796041 seconds.
Elapsed time is 26.411518 seconds.
Elapsed time is 23.620316 seconds.
Elapsed time is 22.218016 seconds.
Elapsed time is 23.171166 seconds.
Elapsed time is 26.940815 seconds.
Elapsed time is 21.125691 seconds.
Elapsed time is 24.567291 seconds.
Elapsed time is 25.149133 seconds.
Elapsed time is 27.253755 seconds.
Elapsed time is 22.212065 seconds.
Elapsed time is 22.199355 seconds.
Elapsed time is 26.430728 seconds.
Elapsed time is 22.047157 seconds.
Elapsed time is 24.311077 seconds.
Elapsed time is 20.980900 seconds.
Elapsed time is 23.981633 seconds.
Elapsed time is 22.279195 seconds.
Elapsed time is 21.197891 seconds.
Elapsed time is 21.417733 seconds.
Elapsed time is 21.127396 seconds.
Elapsed time is 20.411130 seconds.
Elapsed time is 21.652052 seconds.
Elapsed time is 19.304325 seconds.
Elapsed time is 23.177777 seconds.
Elapsed time is 20.788530 seconds.
Elapsed time is 22.045072 seconds.
Elapsed time is 17.814602 seconds.
Elapsed time is 24.587969 seconds.
Elapsed time is 18.894137 seconds.
Elapsed time is 21.063962 seconds.
Elapsed time is 20.724775 seconds.
Elapsed time is 19.428334 seconds.
Elapsed time is 18.470509 seconds.
Elapsed time is 18.835789 seconds.
Elapsed time is 17.429995 seconds.
Elapsed time is 20.138035 seconds.
Elapsed time is 17.894082 seconds.
Elapsed time is 17.285396 seconds.
Elapsed time is 18.533889 seconds.
Elapsed time is 17.576000 seconds.
Elapsed time is 17.692196 seconds.
Elapsed time is 18.188537 seconds.
Elapsed time is 17.680737 seconds.
Elapsed time is 17.273509 seconds.
Elapsed time is 22.262712 seconds.
Elapsed time is 17.488162 seconds.
Elapsed time is 17.065432 seconds.
Elapsed time is 17.280708 seconds.
Elapsed time is 17.282073 seconds.
Elapsed time is 17.015871 seconds.
Elapsed time is 17.182198 seconds.
Elapsed time is 17.026243 seconds.
Elapsed time is 16.784374 seconds.
Elapsed time is 16.997214 seconds.
Elapsed time is 16.893628 seconds.
Elapsed time is 16.760898 seconds.
Elapsed time is 16.856724 seconds.
Elapsed time is 16.920649 seconds.
Elapsed time is 16.665239 seconds.
Elapsed time is 16.761327 seconds.

                                        First-Order                    Norm of 
 Iteration  Func-count    Residual       optimality      Lambda           step
     0         125         17550.8        9.08e+05         0.01
Elapsed time is 16.721070 seconds.
Elapsed time is 16.871005 seconds.
Elapsed time is 16.916832 seconds.
Elapsed time is 16.673065 seconds.
Elapsed time is 16.650787 seconds.
Elapsed time is 16.617786 seconds.
Elapsed time is 16.710515 seconds.
Elapsed time is 16.677217 seconds.
Elapsed time is 16.515830 seconds.
Elapsed time is 16.642310 seconds.
Elapsed time is 16.652558 seconds.
Elapsed time is 16.785175 seconds.
Elapsed time is 16.533905 seconds.
Elapsed time is 16.496183 seconds.
Elapsed time is 16.633409 seconds.
Elapsed time is 16.626719 seconds.
Elapsed time is 16.541507 seconds.
Elapsed time is 16.535332 seconds.
Elapsed time is 16.484793 seconds.
Elapsed time is 16.584452 seconds.
Elapsed time is 16.552556 seconds.
Elapsed time is 16.654602 seconds.
Elapsed time is 16.499181 seconds.
Elapsed time is 16.561863 seconds.
Elapsed time is 16.598475 seconds.
Elapsed time is 16.654230 seconds.
Elapsed time is 16.595073 seconds.
Elapsed time is 16.489426 seconds.
Elapsed time is 16.422344 seconds.
Elapsed time is 16.473310 seconds.
Elapsed time is 16.508850 seconds.
Elapsed time is 16.507365 seconds.
Elapsed time is 16.619170 seconds.
Elapsed time is 16.443941 seconds.
Elapsed time is 16.509092 seconds.
Elapsed time is 16.481902 seconds.
Elapsed time is 16.553839 seconds.
Elapsed time is 16.657218 seconds.
Elapsed time is 16.453312 seconds.
Elapsed time is 16.434549 seconds.
Elapsed time is 16.530266 seconds.
Elapsed time is 16.533803 seconds.
Elapsed time is 16.600935 seconds.
Elapsed time is 16.592794 seconds.
Elapsed time is 16.506586 seconds.
Elapsed time is 16.599388 seconds.
Elapsed time is 16.541411 seconds.
Elapsed time is 16.527512 seconds.
Elapsed time is 16.532941 seconds.
Elapsed time is 16.544760 seconds.
Elapsed time is 16.495047 seconds.
Elapsed time is 16.608228 seconds.
Elapsed time is 16.462071 seconds.
Elapsed time is 16.478293 seconds.
Elapsed time is 16.463858 seconds.
Elapsed time is 16.444862 seconds.
Elapsed time is 16.454154 seconds.
Elapsed time is 16.716338 seconds.
Elapsed time is 16.571664 seconds.
Elapsed time is 16.581505 seconds.
Elapsed time is 16.436116 seconds.
Elapsed time is 16.453398 seconds.
Elapsed time is 16.436395 seconds.
Elapsed time is 16.458070 seconds.
Elapsed time is 16.427762 seconds.
Elapsed time is 16.503813 seconds.
Elapsed time is 16.563760 seconds.
Elapsed time is 16.467468 seconds.
Elapsed time is 16.447246 seconds.
Elapsed time is 16.499792 seconds.
Elapsed time is 16.437714 seconds.
Elapsed time is 16.569857 seconds.
Elapsed time is 16.424645 seconds.
Elapsed time is 16.493085 seconds.
Elapsed time is 16.525066 seconds.
Elapsed time is 16.485125 seconds.
Elapsed time is 16.664265 seconds.
Elapsed time is 16.424834 seconds.
Elapsed time is 16.989336 seconds.
Elapsed time is 16.581104 seconds.
Elapsed time is 16.564821 seconds.
Elapsed time is 16.502312 seconds.
Elapsed time is 16.509495 seconds.
Elapsed time is 16.519285 seconds.
Elapsed time is 16.608383 seconds.
Elapsed time is 16.531845 seconds.
Elapsed time is 16.524666 seconds.
Elapsed time is 16.664157 seconds.
Elapsed time is 16.474286 seconds.
Elapsed time is 16.565693 seconds.
Elapsed time is 16.473007 seconds.
Elapsed time is 16.621315 seconds.
Elapsed time is 16.532917 seconds.
Elapsed time is 16.539260 seconds.
Elapsed time is 16.615756 seconds.
Elapsed time is 16.619763 seconds.
Elapsed time is 16.492842 seconds.
Elapsed time is 16.673964 seconds.
Elapsed time is 16.557084 seconds.
Elapsed time is 16.607944 seconds.
Elapsed time is 16.579313 seconds.
Elapsed time is 16.627603 seconds.
Elapsed time is 16.563513 seconds.
Elapsed time is 16.457579 seconds.
Elapsed time is 16.465350 seconds.
Elapsed time is 16.506090 seconds.
Elapsed time is 16.478602 seconds.
Elapsed time is 16.428912 seconds.
Elapsed time is 16.450100 seconds.
Elapsed time is 16.480120 seconds.
Elapsed time is 16.572947 seconds.
Elapsed time is 16.444460 seconds.
Elapsed time is 16.458101 seconds.
Elapsed time is 16.460178 seconds.
Elapsed time is 16.453097 seconds.
Elapsed time is 16.416369 seconds.
Elapsed time is 16.400719 seconds.
Elapsed time is 16.392954 seconds.
Elapsed time is 16.474714 seconds.
Elapsed time is 16.471907 seconds.
Elapsed time is 16.433491 seconds.
Elapsed time is 16.439448 seconds.
Elapsed time is 16.552988 seconds.
Elapsed time is 16.539177 seconds.
Elapsed time is 16.694830 seconds.
     1         250         14733.7        1.38e+07        0.001     0.00977793
Elapsed time is 16.521980 seconds.
Elapsed time is 16.481287 seconds.
Elapsed time is 16.677019 seconds.
Elapsed time is 16.518679 seconds.
Elapsed time is 16.541733 seconds.
Elapsed time is 16.493065 seconds.
Elapsed time is 16.579345 seconds.
Elapsed time is 16.464131 seconds.
Elapsed time is 16.455680 seconds.
Elapsed time is 16.494607 seconds.
Elapsed time is 16.463291 seconds.
Elapsed time is 16.476026 seconds.
Elapsed time is 16.421007 seconds.
Elapsed time is 16.489810 seconds.
Elapsed time is 16.453557 seconds.
Elapsed time is 16.501686 seconds.
Elapsed time is 16.820296 seconds.
Elapsed time is 17.201448 seconds.
Elapsed time is 22.066550 seconds.
Elapsed time is 24.273259 seconds.
Elapsed time is 27.581365 seconds.
Elapsed time is 27.293144 seconds.
Elapsed time is 27.870871 seconds.
Elapsed time is 24.767125 seconds.
Elapsed time is 23.773329 seconds.
Elapsed time is 25.273951 seconds.
Elapsed time is 30.280961 seconds.
Elapsed time is 25.208773 seconds.
Elapsed time is 24.948962 seconds.
Elapsed time is 24.294555 seconds.
Elapsed time is 26.035024 seconds.
Elapsed time is 25.715284 seconds.
Elapsed time is 27.152246 seconds.
Elapsed time is 26.586843 seconds.
Elapsed time is 26.640683 seconds.
Elapsed time is 27.587496 seconds.
Elapsed time is 28.707937 seconds.
Elapsed time is 23.637319 seconds.
Elapsed time is 24.464127 seconds.
Elapsed time is 28.862590 seconds.
Elapsed time is 22.458360 seconds.
Elapsed time is 27.449031 seconds.
Elapsed time is 26.122653 seconds.
Elapsed time is 22.378282 seconds.
Elapsed time is 29.445991 seconds.
Elapsed time is 25.935222 seconds.
Elapsed time is 25.358800 seconds.
Elapsed time is 25.884251 seconds.
Elapsed time is 26.821550 seconds.
Elapsed time is 26.535689 seconds.
Elapsed time is 26.841266 seconds.
Elapsed time is 28.298899 seconds.
Elapsed time is 26.610845 seconds.
Elapsed time is 29.596065 seconds.
Elapsed time is 23.693744 seconds.
Elapsed time is 28.642220 seconds.
Elapsed time is 28.649000 seconds.
Elapsed time is 27.582097 seconds.
Elapsed time is 29.061132 seconds.
Elapsed time is 28.085828 seconds.
Elapsed time is 25.059119 seconds.
Elapsed time is 27.055841 seconds.
Elapsed time is 28.260542 seconds.
Elapsed time is 25.080716 seconds.
Elapsed time is 26.177990 seconds.
Elapsed time is 26.569079 seconds.
Elapsed time is 27.193146 seconds.
Elapsed time is 26.292772 seconds.
Elapsed time is 24.939114 seconds.
Elapsed time is 26.839142 seconds.
Elapsed time is 24.394449 seconds.
Elapsed time is 25.961233 seconds.
Elapsed time is 24.969712 seconds.
Elapsed time is 26.041661 seconds.
Elapsed time is 27.783217 seconds.
Elapsed time is 28.303303 seconds.
Elapsed time is 25.516506 seconds.
Elapsed time is 33.469316 seconds.
Elapsed time is 23.789007 seconds.
Elapsed time is 29.409992 seconds.
Elapsed time is 28.355024 seconds.
Elapsed time is 21.530163 seconds.
Elapsed time is 28.816097 seconds.
Elapsed time is 24.966725 seconds.
Elapsed time is 24.564221 seconds.
Elapsed time is 28.508255 seconds.
Elapsed time is 25.925195 seconds.
Elapsed time is 28.515457 seconds.
Elapsed time is 27.397999 seconds.
Elapsed time is 24.673385 seconds.
Elapsed time is 26.575548 seconds.
Elapsed time is 27.356174 seconds.
Elapsed time is 25.437969 seconds.
Elapsed time is 27.025369 seconds.
Elapsed time is 22.983120 seconds.
Elapsed time is 25.533584 seconds.
Elapsed time is 27.392676 seconds.
Elapsed time is 23.639030 seconds.
Elapsed time is 27.214001 seconds.
Elapsed time is 28.634789 seconds.
Elapsed time is 22.876449 seconds.
Elapsed time is 28.695273 seconds.
Elapsed time is 27.079654 seconds.
Elapsed time is 25.823342 seconds.
Elapsed time is 27.255798 seconds.
Elapsed time is 24.473437 seconds.
Elapsed time is 25.992901 seconds.
Elapsed time is 23.952504 seconds.
Elapsed time is 27.350236 seconds.
Elapsed time is 27.791167 seconds.
Elapsed time is 27.973201 seconds.
Elapsed time is 27.332798 seconds.
Elapsed time is 25.000368 seconds.
Elapsed time is 26.409302 seconds.
Elapsed time is 27.538904 seconds.
Elapsed time is 24.087164 seconds.
Elapsed time is 28.072415 seconds.
Elapsed time is 25.594496 seconds.
Elapsed time is 24.410794 seconds.
Elapsed time is 27.214887 seconds.
Elapsed time is 26.200363 seconds.
Elapsed time is 27.510774 seconds.
Elapsed time is 29.812879 seconds.
Elapsed time is 21.709641 seconds.
Elapsed time is 26.597324 seconds.
     2         375         12799.6        2.75e+06       0.0001      0.0130006
Elapsed time is 22.997901 seconds.
Elapsed time is 23.940572 seconds.
Elapsed time is 24.062334 seconds.
Elapsed time is 21.145375 seconds.
Elapsed time is 25.871163 seconds.
Elapsed time is 22.431216 seconds.
Elapsed time is 20.812328 seconds.
Elapsed time is 25.011323 seconds.
Elapsed time is 21.792278 seconds.
Elapsed time is 23.018178 seconds.
Elapsed time is 24.358036 seconds.
Elapsed time is 21.413361 seconds.
Elapsed time is 22.798274 seconds.
Elapsed time is 21.887484 seconds.
Elapsed time is 21.023426 seconds.
Elapsed time is 21.982806 seconds.
Elapsed time is 18.510000 seconds.
Elapsed time is 18.838820 seconds.
Elapsed time is 21.267726 seconds.
Elapsed time is 18.355243 seconds.
Elapsed time is 17.306065 seconds.
Elapsed time is 19.644030 seconds.
Elapsed time is 17.401244 seconds.
Elapsed time is 17.536162 seconds.
Elapsed time is 20.092736 seconds.
Elapsed time is 17.779563 seconds.
Elapsed time is 16.914703 seconds.
Elapsed time is 17.884536 seconds.
Elapsed time is 17.130578 seconds.
Elapsed time is 18.123973 seconds.
Elapsed time is 18.879823 seconds.
Elapsed time is 17.340482 seconds.
Elapsed time is 18.550214 seconds.
Elapsed time is 16.821969 seconds.
Elapsed time is 20.045175 seconds.
Elapsed time is 18.122557 seconds.
Elapsed time is 16.926566 seconds.
Elapsed time is 17.988726 seconds.
Elapsed time is 17.328036 seconds.
Elapsed time is 17.813846 seconds.
Elapsed time is 18.025627 seconds.
Elapsed time is 16.856688 seconds.
Elapsed time is 17.736844 seconds.
Elapsed time is 17.763358 seconds.
Elapsed time is 17.041287 seconds.
Elapsed time is 17.061496 seconds.
Elapsed time is 16.881072 seconds.
Elapsed time is 17.014781 seconds.
Elapsed time is 16.981783 seconds.
Elapsed time is 16.776093 seconds.
Elapsed time is 16.708108 seconds.
Elapsed time is 16.959341 seconds.
Elapsed time is 16.751393 seconds.
Elapsed time is 16.586160 seconds.
Elapsed time is 17.047237 seconds.
Elapsed time is 16.646267 seconds.
Elapsed time is 17.023662 seconds.
Elapsed time is 16.715982 seconds.
Elapsed time is 16.717696 seconds.
Elapsed time is 16.961356 seconds.
Elapsed time is 16.938647 seconds.
Elapsed time is 16.747119 seconds.
Elapsed time is 16.603777 seconds.
Elapsed time is 16.594846 seconds.
Elapsed time is 17.114734 seconds.
Elapsed time is 16.782946 seconds.
Elapsed time is 16.698928 seconds.
Elapsed time is 16.575516 seconds.
Elapsed time is 16.519213 seconds.
Elapsed time is 16.952792 seconds.
Elapsed time is 16.766610 seconds.
Elapsed time is 16.660711 seconds.
Elapsed time is 16.791128 seconds.
Elapsed time is 16.518279 seconds.
Elapsed time is 16.726152 seconds.
Elapsed time is 16.754933 seconds.
Elapsed time is 16.578128 seconds.
Elapsed time is 16.913119 seconds.
Elapsed time is 16.742539 seconds.
Elapsed time is 16.583068 seconds.
Elapsed time is 16.601421 seconds.
Elapsed time is 16.520858 seconds.
Elapsed time is 17.262379 seconds.
Elapsed time is 16.885368 seconds.
Elapsed time is 16.669461 seconds.
Elapsed time is 17.138664 seconds.
Elapsed time is 16.600473 seconds.
Elapsed time is 16.611485 seconds.
Elapsed time is 16.685758 seconds.
Elapsed time is 16.521791 seconds.
Elapsed time is 16.890657 seconds.
Elapsed time is 16.546972 seconds.
Elapsed time is 16.658612 seconds.
Elapsed time is 16.857943 seconds.
Elapsed time is 16.577120 seconds.
Elapsed time is 16.621261 seconds.
Elapsed time is 16.604659 seconds.
Elapsed time is 16.692199 seconds.
Elapsed time is 16.904800 seconds.
Elapsed time is 16.558579 seconds.
Elapsed time is 16.510700 seconds.
Elapsed time is 16.585411 seconds.
Elapsed time is 16.548207 seconds.
Elapsed time is 16.635659 seconds.
Elapsed time is 16.573661 seconds.
Elapsed time is 16.568162 seconds.
Elapsed time is 16.748526 seconds.
Elapsed time is 16.524451 seconds.
Elapsed time is 16.588265 seconds.
Elapsed time is 16.601344 seconds.
Elapsed time is 16.644087 seconds.
Elapsed time is 16.526741 seconds.
Elapsed time is 16.740058 seconds.
Elapsed time is 16.490253 seconds.
Elapsed time is 16.601879 seconds.
Elapsed time is 16.509629 seconds.
Elapsed time is 16.411516 seconds.
Elapsed time is 16.561475 seconds.
Elapsed time is 16.495784 seconds.
Elapsed time is 16.492257 seconds.
Elapsed time is 16.694475 seconds.
Elapsed time is 16.523944 seconds.
Elapsed time is 16.553465 seconds.
Elapsed time is 16.465269 seconds.
Elapsed time is 16.464957 seconds.
     3         500         11637.4         4.9e+05        1e-05      0.0130811
Elapsed time is 16.565829 seconds.
Elapsed time is 16.577928 seconds.
Elapsed time is 16.589784 seconds.
Elapsed time is 16.530079 seconds.
Elapsed time is 16.576735 seconds.
Elapsed time is 16.674349 seconds.
Elapsed time is 16.514487 seconds.
Elapsed time is 16.517844 seconds.
Elapsed time is 16.594142 seconds.
Elapsed time is 16.466461 seconds.
Elapsed time is 16.608367 seconds.
Elapsed time is 16.644525 seconds.
Elapsed time is 16.522206 seconds.
Elapsed time is 16.680165 seconds.
Elapsed time is 16.549451 seconds.
Elapsed time is 16.531984 seconds.
Elapsed time is 16.546504 seconds.
Elapsed time is 16.499119 seconds.
Elapsed time is 16.637246 seconds.
Elapsed time is 16.484208 seconds.
Elapsed time is 16.536468 seconds.
Elapsed time is 16.578293 seconds.
Elapsed time is 16.480729 seconds.
Elapsed time is 16.523648 seconds.
Elapsed time is 16.438771 seconds.
Elapsed time is 16.420706 seconds.
Elapsed time is 16.541110 seconds.
Elapsed time is 16.557359 seconds.
Elapsed time is 16.960883 seconds.
Elapsed time is 17.024991 seconds.
Elapsed time is 16.582199 seconds.
Elapsed time is 16.872565 seconds.
Elapsed time is 16.634114 seconds.
Elapsed time is 16.715372 seconds.
Elapsed time is 16.937149 seconds.
Elapsed time is 16.759679 seconds.
Elapsed time is 17.032937 seconds.
Elapsed time is 17.031467 seconds.
Elapsed time is 16.790339 seconds.
Elapsed time is 16.665372 seconds.
Elapsed time is 16.811219 seconds.
Elapsed time is 16.642264 seconds.
Elapsed time is 16.775531 seconds.
Elapsed time is 16.979414 seconds.
Elapsed time is 17.112179 seconds.
Elapsed time is 17.849652 seconds.
Elapsed time is 16.876644 seconds.
Elapsed time is 16.773924 seconds.
Elapsed time is 16.765357 seconds.
Elapsed time is 16.721418 seconds.
Elapsed time is 16.797292 seconds.
Elapsed time is 17.032358 seconds.
Elapsed time is 17.136054 seconds.
Elapsed time is 17.139211 seconds.
Elapsed time is 17.093515 seconds.
Elapsed time is 17.075429 seconds.
Elapsed time is 16.953282 seconds.
Elapsed time is 17.253416 seconds.
Elapsed time is 16.667397 seconds.
Elapsed time is 16.637445 seconds.
Elapsed time is 16.833827 seconds.
Elapsed time is 16.951447 seconds.
Elapsed time is 17.171621 seconds.
Elapsed time is 17.094219 seconds.
Elapsed time is 16.969118 seconds.
Elapsed time is 17.439466 seconds.
Elapsed time is 16.827542 seconds.
Elapsed time is 16.677949 seconds.
Elapsed time is 16.788891 seconds.
Elapsed time is 16.899159 seconds.
Elapsed time is 17.281493 seconds.
Elapsed time is 16.922833 seconds.
Elapsed time is 16.941233 seconds.
Elapsed time is 17.067829 seconds.
Elapsed time is 16.588657 seconds.
Elapsed time is 16.675991 seconds.
Elapsed time is 16.918385 seconds.
Elapsed time is 16.835108 seconds.
Elapsed time is 17.403446 seconds.
Elapsed time is 16.991169 seconds.
Elapsed time is 16.849010 seconds.
Elapsed time is 16.859049 seconds.
Elapsed time is 16.587790 seconds.
Elapsed time is 16.886568 seconds.
Elapsed time is 16.895337 seconds.
Elapsed time is 17.095723 seconds.
Elapsed time is 17.127703 seconds.
Elapsed time is 17.009204 seconds.
Elapsed time is 16.913284 seconds.
Elapsed time is 16.843943 seconds.
Elapsed time is 16.828696 seconds.
Elapsed time is 16.725757 seconds.
Elapsed time is 18.749230 seconds.
Elapsed time is 17.051306 seconds.
Elapsed time is 16.915103 seconds.
Elapsed time is 17.951240 seconds.
Elapsed time is 16.646296 seconds.
Elapsed time is 16.736132 seconds.
Elapsed time is 17.031979 seconds.
Elapsed time is 16.618773 seconds.
Elapsed time is 17.239442 seconds.
Elapsed time is 17.474442 seconds.
Elapsed time is 16.798672 seconds.
Elapsed time is 17.399403 seconds.
Elapsed time is 16.774193 seconds.
Elapsed time is 16.886197 seconds.
Elapsed time is 17.158888 seconds.
Elapsed time is 16.678469 seconds.
Elapsed time is 16.996308 seconds.
Elapsed time is 17.067028 seconds.
Elapsed time is 16.869678 seconds.
Elapsed time is 17.431157 seconds.
Elapsed time is 16.681653 seconds.
Elapsed time is 16.746527 seconds.
Elapsed time is 17.206178 seconds.
Elapsed time is 16.936570 seconds.
Elapsed time is 19.521105 seconds.
Elapsed time is 16.940044 seconds.
Elapsed time is 16.712287 seconds.
Elapsed time is 17.310657 seconds.
Elapsed time is 16.994728 seconds.
Elapsed time is 16.888108 seconds.
Elapsed time is 16.997177 seconds.
Elapsed time is 16.889180 seconds.
Elapsed time is 17.143268 seconds.
     4         625         10725.7        1.86e+06        1e-06     0.00803704
Elapsed time is 16.822687 seconds.
Elapsed time is 16.673431 seconds.
Elapsed time is 17.614697 seconds.
Elapsed time is 16.611529 seconds.
Elapsed time is 17.061906 seconds.
Elapsed time is 16.765360 seconds.
Elapsed time is 16.515125 seconds.
Elapsed time is 17.101852 seconds.
Elapsed time is 16.549252 seconds.
Elapsed time is 16.538111 seconds.
Elapsed time is 16.795152 seconds.
Elapsed time is 16.618685 seconds.
Elapsed time is 16.769715 seconds.
Elapsed time is 16.640583 seconds.
Elapsed time is 16.503291 seconds.
Elapsed time is 16.571149 seconds.
Elapsed time is 16.497733 seconds.
Elapsed time is 16.585568 seconds.
Elapsed time is 16.537832 seconds.
Elapsed time is 16.504394 seconds.
Elapsed time is 16.610205 seconds.
Elapsed time is 16.517334 seconds.
Elapsed time is 16.488371 seconds.
Elapsed time is 16.477802 seconds.
Elapsed time is 16.617298 seconds.
Elapsed time is 17.134848 seconds.
Elapsed time is 16.542670 seconds.
Elapsed time is 16.519625 seconds.
Elapsed time is 16.464744 seconds.
Elapsed time is 16.538563 seconds.
Elapsed time is 16.485994 seconds.
Elapsed time is 16.560554 seconds.
Elapsed time is 16.614846 seconds.
Elapsed time is 16.537678 seconds.
Elapsed time is 16.723010 seconds.
Elapsed time is 16.611919 seconds.
Elapsed time is 16.505872 seconds.
Elapsed time is 16.672393 seconds.
Elapsed time is 16.476319 seconds.
Elapsed time is 16.662790 seconds.
Elapsed time is 16.581333 seconds.
Elapsed time is 16.547191 seconds.
Elapsed time is 16.650598 seconds.
Elapsed time is 16.469844 seconds.
Elapsed time is 16.514242 seconds.
Elapsed time is 16.510566 seconds.
Elapsed time is 16.553860 seconds.
Elapsed time is 16.673404 seconds.
Elapsed time is 16.538914 seconds.
Elapsed time is 16.557582 seconds.
Elapsed time is 16.533115 seconds.
Elapsed time is 16.534686 seconds.
Elapsed time is 16.518669 seconds.
Elapsed time is 16.572860 seconds.
Elapsed time is 16.526216 seconds.
Elapsed time is 16.578453 seconds.
Elapsed time is 16.663961 seconds.
Elapsed time is 16.864328 seconds.
Elapsed time is 16.665682 seconds.
Elapsed time is 16.623439 seconds.
Elapsed time is 16.955540 seconds.
Elapsed time is 16.647078 seconds.
Elapsed time is 16.950691 seconds.
Elapsed time is 16.610389 seconds.
Elapsed time is 16.734970 seconds.
Elapsed time is 16.675483 seconds.
Elapsed time is 16.771591 seconds.
Elapsed time is 16.604748 seconds.
Elapsed time is 16.591669 seconds.
Elapsed time is 16.628649 seconds.
Elapsed time is 16.829020 seconds.
Elapsed time is 16.833598 seconds.
Elapsed time is 16.748216 seconds.
Elapsed time is 16.673140 seconds.
Elapsed time is 16.752984 seconds.
Elapsed time is 16.601225 seconds.
Elapsed time is 16.602366 seconds.
Elapsed time is 16.634925 seconds.
Elapsed time is 16.576655 seconds.
Elapsed time is 16.572807 seconds.
Elapsed time is 16.637505 seconds.
Elapsed time is 16.578657 seconds.
Elapsed time is 16.619158 seconds.
Elapsed time is 16.789030 seconds.
Elapsed time is 16.593294 seconds.
Elapsed time is 16.687834 seconds.
Elapsed time is 16.553973 seconds.
Elapsed time is 16.640502 seconds.
Elapsed time is 16.716612 seconds.
Elapsed time is 16.595090 seconds.
Elapsed time is 16.723813 seconds.
Elapsed time is 16.546267 seconds.
Elapsed time is 16.554931 seconds.
Elapsed time is 16.511187 seconds.
Elapsed time is 16.500976 seconds.
Elapsed time is 17.029076 seconds.
Elapsed time is 16.489799 seconds.
Elapsed time is 16.530362 seconds.
Elapsed time is 16.561718 seconds.
Elapsed time is 16.625711 seconds.
Elapsed time is 16.632634 seconds.
Elapsed time is 16.532527 seconds.
Elapsed time is 16.628915 seconds.
Elapsed time is 16.492152 seconds.
Elapsed time is 16.504632 seconds.
Elapsed time is 16.697855 seconds.
Elapsed time is 16.640370 seconds.
Elapsed time is 16.675383 seconds.
Elapsed time is 16.767423 seconds.
Elapsed time is 16.666187 seconds.
Elapsed time is 16.521783 seconds.
Elapsed time is 16.645813 seconds.
Elapsed time is 16.597633 seconds.
Elapsed time is 16.490940 seconds.
Elapsed time is 16.639582 seconds.
Elapsed time is 16.652011 seconds.
Elapsed time is 16.545554 seconds.
Elapsed time is 16.650920 seconds.
Elapsed time is 16.595193 seconds.
Elapsed time is 16.496009 seconds.
Elapsed time is 16.624715 seconds.
Elapsed time is 16.587612 seconds.
Elapsed time is 16.591768 seconds.
Elapsed time is 16.506204 seconds.
Elapsed time is 16.536733 seconds.
     5         750         10045.9        2.01e+07        1e-07      0.0201793
Elapsed time is 16.587155 seconds.
Elapsed time is 16.535013 seconds.
Elapsed time is 16.844036 seconds.
Elapsed time is 16.843584 seconds.
Elapsed time is 16.529920 seconds.
Elapsed time is 16.643585 seconds.
Elapsed time is 16.577855 seconds.
Elapsed time is 16.791938 seconds.
Elapsed time is 17.257897 seconds.
Elapsed time is 16.542942 seconds.
Elapsed time is 16.907565 seconds.
Elapsed time is 16.597490 seconds.
Elapsed time is 16.451479 seconds.
Elapsed time is 16.592181 seconds.
Elapsed time is 16.525927 seconds.
Elapsed time is 16.527503 seconds.
Elapsed time is 16.588959 seconds.
Elapsed time is 16.807668 seconds.
Elapsed time is 17.199395 seconds.
Elapsed time is 16.691488 seconds.
Elapsed time is 16.549575 seconds.
Elapsed time is 16.620715 seconds.
Elapsed time is 16.549469 seconds.
Elapsed time is 16.508242 seconds.
Elapsed time is 16.457398 seconds.
Elapsed time is 16.511659 seconds.
Elapsed time is 16.637513 seconds.
Elapsed time is 16.641475 seconds.
Elapsed time is 16.498029 seconds.
Elapsed time is 16.544331 seconds.
Elapsed time is 16.576278 seconds.
Elapsed time is 16.389680 seconds.
Elapsed time is 16.516118 seconds.
Elapsed time is 16.523677 seconds.
Elapsed time is 16.568517 seconds.
Elapsed time is 16.659744 seconds.
Elapsed time is 16.461788 seconds.
Elapsed time is 16.554506 seconds.
Elapsed time is 16.549129 seconds.
Elapsed time is 16.441866 seconds.
Elapsed time is 16.613246 seconds.
Elapsed time is 16.513907 seconds.
Elapsed time is 16.551155 seconds.
Elapsed time is 16.674436 seconds.
Elapsed time is 16.436536 seconds.
Elapsed time is 16.570615 seconds.
Elapsed time is 16.567896 seconds.
Elapsed time is 16.441802 seconds.
Elapsed time is 16.599848 seconds.
Elapsed time is 16.446801 seconds.
Elapsed time is 16.489620 seconds.
Elapsed time is 16.530660 seconds.
Elapsed time is 16.434342 seconds.
Elapsed time is 16.616199 seconds.
Elapsed time is 16.497893 seconds.
Elapsed time is 16.454095 seconds.
Elapsed time is 16.477572 seconds.
Elapsed time is 16.451511 seconds.
Elapsed time is 16.504190 seconds.
Elapsed time is 16.568326 seconds.
Elapsed time is 16.480282 seconds.
Elapsed time is 16.527443 seconds.
Elapsed time is 16.554517 seconds.
Elapsed time is 16.448520 seconds.
Elapsed time is 16.480378 seconds.
Elapsed time is 16.504475 seconds.
Elapsed time is 16.494810 seconds.
Elapsed time is 16.593520 seconds.
Elapsed time is 16.497228 seconds.
Elapsed time is 16.596302 seconds.
Elapsed time is 16.534589 seconds.
Elapsed time is 16.462500 seconds.
Elapsed time is 16.567804 seconds.
Elapsed time is 16.530709 seconds.
Elapsed time is 16.405388 seconds.
Elapsed time is 16.585890 seconds.
Elapsed time is 16.434134 seconds.
Elapsed time is 16.488804 seconds.
Elapsed time is 16.498376 seconds.
Elapsed time is 16.466911 seconds.
Elapsed time is 16.569283 seconds.
Elapsed time is 16.476488 seconds.
Elapsed time is 16.435043 seconds.
Elapsed time is 16.479307 seconds.
Elapsed time is 16.483050 seconds.
Elapsed time is 16.822410 seconds.
Elapsed time is 16.506919 seconds.
Elapsed time is 16.442925 seconds.
Elapsed time is 16.595467 seconds.
Elapsed time is 16.450210 seconds.
Elapsed time is 16.450301 seconds.
Elapsed time is 16.448296 seconds.
Elapsed time is 16.506847 seconds.
Elapsed time is 16.516234 seconds.
Elapsed time is 16.601050 seconds.
Elapsed time is 17.156390 seconds.
Elapsed time is 16.468490 seconds.
Elapsed time is 16.570863 seconds.
Elapsed time is 16.478150 seconds.
Elapsed time is 16.464853 seconds.
Elapsed time is 16.552627 seconds.
Elapsed time is 16.482849 seconds.
Elapsed time is 16.548828 seconds.
Elapsed time is 16.506068 seconds.
Elapsed time is 16.509826 seconds.
Elapsed time is 16.494023 seconds.
Elapsed time is 16.397358 seconds.
Elapsed time is 16.455520 seconds.
Elapsed time is 16.475536 seconds.
Elapsed time is 16.457604 seconds.
Elapsed time is 16.612908 seconds.
Elapsed time is 16.627925 seconds.
Elapsed time is 16.440880 seconds.
Elapsed time is 16.635047 seconds.
Elapsed time is 17.032312 seconds.
Elapsed time is 16.532018 seconds.
Elapsed time is 16.528153 seconds.
Elapsed time is 16.468969 seconds.
Elapsed time is 16.500261 seconds.
Elapsed time is 16.525265 seconds.
Elapsed time is 16.457774 seconds.
Elapsed time is 16.658971 seconds.
Elapsed time is 16.458742 seconds.
Elapsed time is 16.498314 seconds.
Elapsed time is 16.588782 seconds.
     6         875         9665.18        3.52e+05        1e-08      0.0114541
Elapsed time is 16.458867 seconds.
Elapsed time is 16.601012 seconds.
Elapsed time is 16.610971 seconds.
Elapsed time is 16.604547 seconds.
Elapsed time is 16.508521 seconds.
Elapsed time is 16.598785 seconds.
Elapsed time is 16.500173 seconds.
Elapsed time is 16.503561 seconds.
Elapsed time is 16.530899 seconds.
Elapsed time is 16.537731 seconds.
Elapsed time is 16.577678 seconds.
Elapsed time is 16.482553 seconds.
Elapsed time is 16.525055 seconds.
Elapsed time is 16.582735 seconds.
Elapsed time is 16.441164 seconds.
Elapsed time is 16.688807 seconds.
Elapsed time is 16.557607 seconds.
Elapsed time is 16.515129 seconds.
Elapsed time is 16.688347 seconds.
Elapsed time is 16.521821 seconds.
Elapsed time is 16.624238 seconds.
Elapsed time is 16.537814 seconds.
Elapsed time is 16.616525 seconds.
Elapsed time is 16.545923 seconds.
Elapsed time is 16.497866 seconds.
Elapsed time is 16.526915 seconds.
Elapsed time is 16.584142 seconds.
Elapsed time is 16.477721 seconds.
Elapsed time is 16.608096 seconds.
Elapsed time is 16.503880 seconds.
Elapsed time is 16.439062 seconds.
Elapsed time is 16.579914 seconds.
Elapsed time is 16.522070 seconds.
Elapsed time is 16.568577 seconds.
Elapsed time is 16.530728 seconds.
Elapsed time is 16.584788 seconds.
Elapsed time is 16.535865 seconds.
Elapsed time is 16.502892 seconds.
Elapsed time is 16.675870 seconds.
Elapsed time is 16.578971 seconds.
Elapsed time is 16.616916 seconds.
Elapsed time is 16.589918 seconds.
Elapsed time is 16.611557 seconds.
Elapsed time is 16.518858 seconds.
Elapsed time is 16.487371 seconds.
Elapsed time is 16.539306 seconds.
Elapsed time is 16.470220 seconds.
Elapsed time is 16.601913 seconds.
Elapsed time is 16.639082 seconds.
Elapsed time is 16.551570 seconds.
Elapsed time is 16.691604 seconds.
Elapsed time is 16.520382 seconds.
Elapsed time is 16.486595 seconds.
Elapsed time is 16.544264 seconds.
Elapsed time is 16.433217 seconds.
Elapsed time is 16.597149 seconds.
Elapsed time is 16.580757 seconds.
Elapsed time is 16.561749 seconds.
Elapsed time is 16.696189 seconds.
Elapsed time is 16.746546 seconds.
Elapsed time is 16.644065 seconds.
Elapsed time is 16.811121 seconds.
Elapsed time is 16.588804 seconds.
Elapsed time is 16.766104 seconds.
Elapsed time is 16.558568 seconds.
Elapsed time is 16.713923 seconds.
Elapsed time is 16.555481 seconds.
Elapsed time is 16.826538 seconds.
Elapsed time is 16.514459 seconds.
Elapsed time is 16.519995 seconds.
Elapsed time is 16.517642 seconds.
Elapsed time is 16.566852 seconds.
Elapsed time is 16.505281 seconds.
Elapsed time is 16.718123 seconds.
Elapsed time is 16.750898 seconds.
Elapsed time is 16.584224 seconds.
Elapsed time is 16.507234 seconds.
Elapsed time is 16.540081 seconds.
Elapsed time is 16.481136 seconds.
Elapsed time is 16.443363 seconds.
Elapsed time is 16.585572 seconds.
Elapsed time is 16.614762 seconds.
Elapsed time is 16.682316 seconds.
Elapsed time is 16.740341 seconds.
Elapsed time is 16.697811 seconds.
Elapsed time is 16.700196 seconds.
Elapsed time is 16.513321 seconds.
Elapsed time is 16.733260 seconds.
Elapsed time is 16.959438 seconds.
Elapsed time is 16.630945 seconds.
Elapsed time is 16.632132 seconds.
Elapsed time is 16.626510 seconds.
Elapsed time is 16.852071 seconds.
Elapsed time is 16.592574 seconds.
Elapsed time is 16.598760 seconds.
Elapsed time is 16.497207 seconds.
Elapsed time is 16.531841 seconds.
Elapsed time is 16.438591 seconds.
Elapsed time is 16.527434 seconds.
Elapsed time is 16.502702 seconds.
Elapsed time is 16.473350 seconds.
Elapsed time is 16.539581 seconds.
Elapsed time is 16.498979 seconds.
Elapsed time is 16.444461 seconds.
Elapsed time is 16.462660 seconds.
Elapsed time is 16.562210 seconds.
Elapsed time is 16.485828 seconds.
Elapsed time is 16.494350 seconds.
Elapsed time is 16.451510 seconds.
Elapsed time is 16.453705 seconds.
Elapsed time is 16.577004 seconds.
Elapsed time is 16.529268 seconds.
Elapsed time is 16.711094 seconds.
Elapsed time is 16.579381 seconds.
Elapsed time is 16.549844 seconds.
Elapsed time is 16.538613 seconds.
Elapsed time is 16.480753 seconds.
Elapsed time is 16.495504 seconds.
Elapsed time is 16.466203 seconds.
Elapsed time is 16.445790 seconds.
Elapsed time is 16.564112 seconds.
Elapsed time is 16.513412 seconds.
Elapsed time is 16.536364 seconds.
Elapsed time is 16.579795 seconds.
Elapsed time is 16.524339 seconds.
     7        1000         9352.12        4.48e+05        1e-09     0.00521816
Elapsed time is 16.561085 seconds.
Elapsed time is 16.511890 seconds.
Elapsed time is 16.474915 seconds.
Elapsed time is 16.568382 seconds.
Elapsed time is 16.529068 seconds.
Elapsed time is 16.485178 seconds.
Elapsed time is 16.513711 seconds.
Elapsed time is 16.537243 seconds.
Elapsed time is 16.653317 seconds.
Elapsed time is 16.529610 seconds.
Elapsed time is 16.579921 seconds.
Elapsed time is 16.507773 seconds.
Elapsed time is 16.444523 seconds.
Elapsed time is 16.496708 seconds.
Elapsed time is 16.525073 seconds.
Elapsed time is 16.710259 seconds.
Elapsed time is 16.527782 seconds.
Elapsed time is 16.540463 seconds.
Elapsed time is 16.434017 seconds.
Elapsed time is 16.498938 seconds.
Elapsed time is 16.484619 seconds.
Elapsed time is 16.447358 seconds.
Elapsed time is 16.539448 seconds.
Elapsed time is 16.517974 seconds.
Elapsed time is 16.540607 seconds.
Elapsed time is 16.597432 seconds.
Elapsed time is 16.426803 seconds.
Elapsed time is 16.546682 seconds.
Elapsed time is 16.436408 seconds.
Elapsed time is 16.475613 seconds.
Elapsed time is 16.651982 seconds.
Elapsed time is 16.521494 seconds.
Elapsed time is 16.648149 seconds.
Elapsed time is 16.688574 seconds.
Elapsed time is 16.500867 seconds.
Elapsed time is 16.520783 seconds.
Elapsed time is 16.576594 seconds.
Elapsed time is 16.634470 seconds.
Elapsed time is 16.680803 seconds.
Elapsed time is 16.570155 seconds.
Elapsed time is 16.615556 seconds.
Elapsed time is 16.592339 seconds.
Elapsed time is 16.513357 seconds.
Elapsed time is 16.603988 seconds.
Elapsed time is 16.538256 seconds.
Elapsed time is 16.449342 seconds.
Elapsed time is 16.527631 seconds.
Elapsed time is 16.442730 seconds.
Elapsed time is 16.517015 seconds.
Elapsed time is 16.482001 seconds.
Elapsed time is 16.440040 seconds.
Elapsed time is 16.506405 seconds.
Elapsed time is 16.431538 seconds.
Elapsed time is 16.436352 seconds.
Elapsed time is 16.482444 seconds.
Elapsed time is 16.522307 seconds.
Elapsed time is 16.559209 seconds.
Elapsed time is 16.459614 seconds.
Elapsed time is 16.363927 seconds.
Elapsed time is 16.495622 seconds.
Elapsed time is 16.450340 seconds.
Elapsed time is 16.458449 seconds.
Elapsed time is 16.456183 seconds.
Elapsed time is 16.524380 seconds.
Elapsed time is 16.567068 seconds.
Elapsed time is 16.512678 seconds.
Elapsed time is 16.465133 seconds.
Elapsed time is 16.544102 seconds.
Elapsed time is 16.414732 seconds.
Elapsed time is 16.451523 seconds.
Elapsed time is 16.413283 seconds.
Elapsed time is 16.510768 seconds.
Elapsed time is 16.476878 seconds.
Elapsed time is 16.495196 seconds.
Elapsed time is 16.464477 seconds.
Elapsed time is 16.530131 seconds.
Elapsed time is 16.629814 seconds.
Elapsed time is 16.488276 seconds.
Elapsed time is 16.522150 seconds.
Elapsed time is 16.447410 seconds.
Elapsed time is 16.485839 seconds.
Elapsed time is 16.585220 seconds.
Elapsed time is 16.583939 seconds.
Elapsed time is 16.804314 seconds.
Elapsed time is 16.552188 seconds.
Elapsed time is 16.572776 seconds.
Elapsed time is 16.490269 seconds.
Elapsed time is 16.620267 seconds.
Elapsed time is 16.672671 seconds.
Elapsed time is 16.443289 seconds.
Elapsed time is 16.560465 seconds.
Elapsed time is 16.615058 seconds.
Elapsed time is 16.492551 seconds.
Elapsed time is 16.596191 seconds.
Elapsed time is 16.661258 seconds.
Elapsed time is 16.621483 seconds.
Elapsed time is 16.616932 seconds.
Elapsed time is 17.091137 seconds.
Elapsed time is 16.724665 seconds.
Elapsed time is 16.518365 seconds.
Elapsed time is 16.764879 seconds.
Elapsed time is 16.466411 seconds.
Elapsed time is 16.532968 seconds.
Elapsed time is 16.592889 seconds.
Elapsed time is 16.433302 seconds.
Elapsed time is 16.498804 seconds.
Elapsed time is 16.470059 seconds.
Elapsed time is 16.447169 seconds.
Elapsed time is 16.471969 seconds.
Elapsed time is 16.536286 seconds.
Elapsed time is 16.541089 seconds.
Elapsed time is 16.616313 seconds.
Elapsed time is 16.559501 seconds.
Elapsed time is 16.532677 seconds.
Elapsed time is 16.566753 seconds.
Elapsed time is 16.454577 seconds.
Elapsed time is 16.457512 seconds.
Elapsed time is 16.446052 seconds.
Elapsed time is 16.674518 seconds.
Elapsed time is 16.599551 seconds.
Elapsed time is 16.603594 seconds.
Elapsed time is 16.564863 seconds.
Elapsed time is 16.490949 seconds.
Elapsed time is 16.489846 seconds.
Elapsed time is 16.477788 seconds.
     8        1125         9057.14        6.66e+06        1e-10      0.0256673
Elapsed time is 16.507899 seconds.
Elapsed time is 16.623806 seconds.
Elapsed time is 16.593623 seconds.
Elapsed time is 16.513350 seconds.
Elapsed time is 16.531707 seconds.
Elapsed time is 16.545013 seconds.
Elapsed time is 16.529476 seconds.
Elapsed time is 16.616073 seconds.
Elapsed time is 16.491176 seconds.
Elapsed time is 16.571057 seconds.
Elapsed time is 16.581675 seconds.
Elapsed time is 16.511847 seconds.
Elapsed time is 16.596984 seconds.
Elapsed time is 16.471237 seconds.
Elapsed time is 16.569702 seconds.
Elapsed time is 16.542203 seconds.
Elapsed time is 16.470192 seconds.
Elapsed time is 16.486342 seconds.
Elapsed time is 16.470393 seconds.
Elapsed time is 16.530488 seconds.
Elapsed time is 16.564187 seconds.
Elapsed time is 16.491562 seconds.
Elapsed time is 16.651812 seconds.
Elapsed time is 16.608339 seconds.
Elapsed time is 16.543527 seconds.
Elapsed time is 16.470702 seconds.
Elapsed time is 16.521209 seconds.
Elapsed time is 16.555469 seconds.
Elapsed time is 16.523021 seconds.
Elapsed time is 16.455644 seconds.
Elapsed time is 16.525085 seconds.
Elapsed time is 16.613605 seconds.
Elapsed time is 16.528083 seconds.
Elapsed time is 16.608400 seconds.
Elapsed time is 16.533281 seconds.
Elapsed time is 16.516791 seconds.
Elapsed time is 16.488109 seconds.
Elapsed time is 16.537488 seconds.
Elapsed time is 16.473524 seconds.
Elapsed time is 16.469962 seconds.
Elapsed time is 16.452557 seconds.
Elapsed time is 16.469666 seconds.
Elapsed time is 16.686066 seconds.
Elapsed time is 16.507187 seconds.
Elapsed time is 16.515470 seconds.
Elapsed time is 16.608577 seconds.
Elapsed time is 16.492887 seconds.
Elapsed time is 16.560631 seconds.
Elapsed time is 16.483659 seconds.
Elapsed time is 16.444625 seconds.
Elapsed time is 16.663303 seconds.
Elapsed time is 16.509485 seconds.
Elapsed time is 16.482197 seconds.
Elapsed time is 16.522537 seconds.
Elapsed time is 16.479528 seconds.
Elapsed time is 16.466951 seconds.
Elapsed time is 16.468866 seconds.
Elapsed time is 16.688589 seconds.
Elapsed time is 16.505160 seconds.
Elapsed time is 16.476079 seconds.
Elapsed time is 16.654304 seconds.
Elapsed time is 16.647465 seconds.
Elapsed time is 16.422761 seconds.
Elapsed time is 16.594699 seconds.
Elapsed time is 16.493103 seconds.
Elapsed time is 16.516502 seconds.
Elapsed time is 16.767374 seconds.
Elapsed time is 16.589061 seconds.
Elapsed time is 16.579095 seconds.
Elapsed time is 16.587336 seconds.
Elapsed time is 16.482066 seconds.
Elapsed time is 16.458579 seconds.
Elapsed time is 16.507405 seconds.
Elapsed time is 16.440456 seconds.
Elapsed time is 16.451228 seconds.
Elapsed time is 16.501605 seconds.
Elapsed time is 16.488477 seconds.
Elapsed time is 16.480391 seconds.
Elapsed time is 16.501750 seconds.
Elapsed time is 16.416455 seconds.
Elapsed time is 16.512506 seconds.
Elapsed time is 16.452201 seconds.
Elapsed time is 16.587793 seconds.
Elapsed time is 16.422643 seconds.
Elapsed time is 16.450455 seconds.
Elapsed time is 16.482616 seconds.
Elapsed time is 16.519825 seconds.
Elapsed time is 16.522227 seconds.
Elapsed time is 16.477669 seconds.
Elapsed time is 16.512565 seconds.
Elapsed time is 16.544843 seconds.
Elapsed time is 16.502658 seconds.
Elapsed time is 16.509088 seconds.
Elapsed time is 16.478505 seconds.
Elapsed time is 16.467549 seconds.
Elapsed time is 16.490994 seconds.
Elapsed time is 16.519075 seconds.
Elapsed time is 16.434513 seconds.
Elapsed time is 16.494692 seconds.
Elapsed time is 16.516651 seconds.
Elapsed time is 16.466477 seconds.
Elapsed time is 16.444154 seconds.
Elapsed time is 16.454079 seconds.
Elapsed time is 16.530924 seconds.
Elapsed time is 16.561405 seconds.
Elapsed time is 16.629706 seconds.
Elapsed time is 16.488475 seconds.
Elapsed time is 16.469828 seconds.
Elapsed time is 16.484679 seconds.
Elapsed time is 16.446063 seconds.
Elapsed time is 16.425857 seconds.
Elapsed time is 16.484623 seconds.
Elapsed time is 16.554555 seconds.
Elapsed time is 16.581767 seconds.
Elapsed time is 16.568949 seconds.
Elapsed time is 16.465501 seconds.
Elapsed time is 16.456168 seconds.
Elapsed time is 16.464821 seconds.
Elapsed time is 16.471387 seconds.
Elapsed time is 16.533486 seconds.
Elapsed time is 16.694387 seconds.
Elapsed time is 16.461492 seconds.
Elapsed time is 16.517152 seconds.
Elapsed time is 16.471189 seconds.
Elapsed time is 16.425029 seconds.
     9        1250         8919.73        5.34e+06        1e-11      0.0066059
Elapsed time is 16.575308 seconds.
Elapsed time is 16.398891 seconds.
Elapsed time is 16.516323 seconds.
Elapsed time is 16.467797 seconds.
Elapsed time is 16.462359 seconds.
Elapsed time is 16.561678 seconds.
Elapsed time is 16.530567 seconds.
Elapsed time is 16.441294 seconds.
Elapsed time is 16.553847 seconds.
Elapsed time is 16.468691 seconds.
Elapsed time is 16.428369 seconds.
Elapsed time is 16.473682 seconds.
Elapsed time is 16.570702 seconds.
Elapsed time is 16.486986 seconds.
Elapsed time is 16.521063 seconds.
Elapsed time is 16.540431 seconds.
Elapsed time is 16.737304 seconds.
Elapsed time is 16.497732 seconds.
Elapsed time is 16.506410 seconds.
Elapsed time is 16.583334 seconds.
Elapsed time is 16.663202 seconds.
Elapsed time is 16.842140 seconds.
Elapsed time is 16.627918 seconds.
Elapsed time is 16.781313 seconds.
Elapsed time is 16.646298 seconds.
Elapsed time is 16.566012 seconds.
Elapsed time is 16.819435 seconds.
Elapsed time is 16.631977 seconds.
Elapsed time is 16.793240 seconds.
Elapsed time is 16.554735 seconds.
Elapsed time is 16.533035 seconds.
Elapsed time is 16.592334 seconds.
Elapsed time is 16.612911 seconds.
Elapsed time is 16.584544 seconds.
Elapsed time is 16.555705 seconds.
Elapsed time is 16.534483 seconds.
Elapsed time is 16.499964 seconds.
Elapsed time is 16.567594 seconds.
Elapsed time is 16.544042 seconds.
Elapsed time is 16.590589 seconds.
Elapsed time is 16.569086 seconds.
Elapsed time is 16.691704 seconds.
Elapsed time is 16.541051 seconds.
Elapsed time is 16.554949 seconds.
Elapsed time is 16.528015 seconds.
Elapsed time is 16.560690 seconds.
Elapsed time is 16.456901 seconds.
Elapsed time is 16.426822 seconds.
Elapsed time is 16.427730 seconds.
Elapsed time is 16.508413 seconds.
Elapsed time is 16.397285 seconds.
Elapsed time is 16.465270 seconds.
Elapsed time is 16.624854 seconds.
Elapsed time is 16.498945 seconds.
Elapsed time is 16.502561 seconds.
Elapsed time is 16.605391 seconds.
Elapsed time is 16.615919 seconds.
Elapsed time is 16.635935 seconds.
Elapsed time is 16.501738 seconds.
Elapsed time is 16.552535 seconds.
Elapsed time is 16.603911 seconds.
Elapsed time is 16.555605 seconds.
Elapsed time is 16.598432 seconds.
Elapsed time is 16.444601 seconds.
Elapsed time is 16.519118 seconds.
Elapsed time is 16.519627 seconds.
Elapsed time is 16.564698 seconds.
Elapsed time is 16.545333 seconds.
Elapsed time is 16.496096 seconds.
Elapsed time is 16.477118 seconds.
Elapsed time is 16.567205 seconds.
Elapsed time is 16.497117 seconds.
Elapsed time is 16.500441 seconds.
Elapsed time is 16.595148 seconds.
Elapsed time is 16.518007 seconds.
Elapsed time is 16.589023 seconds.
Elapsed time is 16.790794 seconds.
Elapsed time is 16.790910 seconds.
Elapsed time is 16.509618 seconds.
Elapsed time is 16.579387 seconds.
Elapsed time is 16.530120 seconds.
Elapsed time is 16.543824 seconds.
Elapsed time is 16.457886 seconds.
Elapsed time is 16.476498 seconds.
Elapsed time is 16.538156 seconds.
Elapsed time is 16.504954 seconds.
Elapsed time is 16.522316 seconds.
Elapsed time is 16.445880 seconds.
Elapsed time is 16.398768 seconds.
Elapsed time is 16.585235 seconds.
Elapsed time is 16.432530 seconds.
Elapsed time is 16.568661 seconds.
Elapsed time is 16.692793 seconds.
Elapsed time is 16.549840 seconds.
Elapsed time is 16.518585 seconds.
Elapsed time is 16.489727 seconds.
Elapsed time is 16.437982 seconds.
Elapsed time is 16.497331 seconds.
Elapsed time is 16.476766 seconds.
Elapsed time is 16.449220 seconds.
Elapsed time is 16.449151 seconds.
Elapsed time is 16.407793 seconds.
Elapsed time is 16.441999 seconds.
Elapsed time is 16.393518 seconds.
Elapsed time is 16.374373 seconds.
Elapsed time is 16.409187 seconds.
Elapsed time is 16.389307 seconds.
Elapsed time is 16.516270 seconds.
Elapsed time is 16.474960 seconds.
Elapsed time is 16.399198 seconds.
Elapsed time is 16.489103 seconds.
Elapsed time is 16.485441 seconds.
Elapsed time is 16.361060 seconds.
Elapsed time is 16.471882 seconds.
Elapsed time is 16.449489 seconds.
Elapsed time is 16.421889 seconds.
Elapsed time is 16.463065 seconds.
Elapsed time is 16.478568 seconds.
Elapsed time is 16.414182 seconds.
Elapsed time is 16.469633 seconds.
Elapsed time is 16.392994 seconds.
Elapsed time is 16.402377 seconds.
Elapsed time is 16.455878 seconds.
Elapsed time is 16.396604 seconds.
Elapsed time is 16.409824 seconds.
    10        1375         8780.27        8.07e+05        1e-12     0.00937197
Elapsed time is 16.403003 seconds.
Elapsed time is 16.425624 seconds.
Elapsed time is 16.405363 seconds.
Elapsed time is 16.417502 seconds.
Elapsed time is 16.383386 seconds.
Elapsed time is 16.434465 seconds.
Elapsed time is 16.424774 seconds.
Elapsed time is 16.426269 seconds.
Elapsed time is 16.460599 seconds.
Elapsed time is 16.389228 seconds.
Elapsed time is 16.425155 seconds.
Elapsed time is 16.371992 seconds.
Elapsed time is 19.838602 seconds.
Elapsed time is 16.445489 seconds.
Elapsed time is 16.358892 seconds.
Elapsed time is 16.423500 seconds.
Elapsed time is 16.423676 seconds.
Elapsed time is 16.455782 seconds.
Elapsed time is 16.434816 seconds.
Elapsed time is 16.397342 seconds.
Elapsed time is 16.407751 seconds.
Elapsed time is 16.431328 seconds.
Elapsed time is 16.462995 seconds.
Elapsed time is 16.428571 seconds.
Elapsed time is 16.434473 seconds.
Elapsed time is 16.389462 seconds.
Elapsed time is 16.419940 seconds.
Elapsed time is 16.442870 seconds.
Elapsed time is 16.428550 seconds.
Elapsed time is 16.410925 seconds.
Elapsed time is 16.414327 seconds.
Elapsed time is 16.469210 seconds.
Elapsed time is 16.459147 seconds.
Elapsed time is 16.381067 seconds.
Elapsed time is 16.401799 seconds.
Elapsed time is 16.680723 seconds.
Elapsed time is 16.475195 seconds.
Elapsed time is 16.525112 seconds.
Elapsed time is 16.520883 seconds.
Elapsed time is 16.809533 seconds.
Elapsed time is 16.435241 seconds.
Elapsed time is 16.633501 seconds.
Elapsed time is 16.519400 seconds.
Elapsed time is 16.583290 seconds.
Elapsed time is 16.475322 seconds.
Elapsed time is 16.556218 seconds.
Elapsed time is 16.447558 seconds.
Elapsed time is 16.502882 seconds.
Elapsed time is 16.538087 seconds.
Elapsed time is 16.406320 seconds.
Elapsed time is 16.510061 seconds.
Elapsed time is 16.482450 seconds.
Elapsed time is 16.557542 seconds.
Elapsed time is 16.580203 seconds.
Elapsed time is 16.564658 seconds.
Elapsed time is 16.485596 seconds.
Elapsed time is 16.534043 seconds.
Elapsed time is 16.459144 seconds.
Elapsed time is 16.568252 seconds.
Elapsed time is 16.682831 seconds.
Elapsed time is 16.562960 seconds.
Elapsed time is 16.478615 seconds.
Elapsed time is 16.544350 seconds.
Elapsed time is 16.495817 seconds.
Elapsed time is 16.479181 seconds.
Elapsed time is 16.444553 seconds.
Elapsed time is 16.547315 seconds.
Elapsed time is 16.445984 seconds.
Elapsed time is 16.485212 seconds.
Elapsed time is 16.476050 seconds.
Elapsed time is 16.459873 seconds.
Elapsed time is 16.576953 seconds.
Elapsed time is 16.492789 seconds.
Elapsed time is 16.710167 seconds.
Elapsed time is 16.508118 seconds.
Elapsed time is 16.543078 seconds.
Elapsed time is 16.578395 seconds.
Elapsed time is 16.690649 seconds.
Elapsed time is 16.486107 seconds.
Elapsed time is 16.456152 seconds.
Elapsed time is 16.465710 seconds.
Elapsed time is 16.459436 seconds.
Elapsed time is 16.434516 seconds.
Elapsed time is 16.563516 seconds.
Elapsed time is 16.377767 seconds.
Elapsed time is 16.470083 seconds.
Elapsed time is 16.475541 seconds.
Elapsed time is 16.659014 seconds.
Elapsed time is 16.505545 seconds.
Elapsed time is 16.512952 seconds.
Elapsed time is 16.455826 seconds.
Elapsed time is 16.569091 seconds.
Elapsed time is 16.455548 seconds.
Elapsed time is 16.413673 seconds.
Elapsed time is 16.387467 seconds.
Elapsed time is 16.476342 seconds.
Elapsed time is 16.450227 seconds.
Elapsed time is 16.396039 seconds.
Elapsed time is 16.381068 seconds.
Elapsed time is 16.487967 seconds.
Elapsed time is 16.424824 seconds.
Elapsed time is 16.499230 seconds.
Elapsed time is 16.487376 seconds.
Elapsed time is 16.430493 seconds.
Elapsed time is 16.528231 seconds.
Elapsed time is 16.442041 seconds.
Elapsed time is 16.460669 seconds.
Elapsed time is 16.438184 seconds.
Elapsed time is 16.486692 seconds.
Elapsed time is 16.593458 seconds.
Elapsed time is 16.644324 seconds.
Elapsed time is 16.484501 seconds.
Elapsed time is 16.474416 seconds.
Elapsed time is 16.490726 seconds.
Elapsed time is 16.423624 seconds.
Elapsed time is 16.734783 seconds.
Elapsed time is 16.497070 seconds.
Elapsed time is 16.432880 seconds.
Elapsed time is 16.396614 seconds.
Elapsed time is 16.361138 seconds.
Elapsed time is 16.422785 seconds.
Elapsed time is 16.491667 seconds.
Elapsed time is 16.472535 seconds.
Elapsed time is 16.514580 seconds.
Elapsed time is 16.437991 seconds.
    11        1500         8691.69        8.92e+05        1e-13     0.00768155
Elapsed time is 16.446874 seconds.
Elapsed time is 16.490455 seconds.
Elapsed time is 16.456145 seconds.
Elapsed time is 16.446100 seconds.
Elapsed time is 16.456997 seconds.
Elapsed time is 16.444120 seconds.
Elapsed time is 16.520072 seconds.
Elapsed time is 16.453179 seconds.
Elapsed time is 16.443148 seconds.
Elapsed time is 16.495946 seconds.
Elapsed time is 16.502401 seconds.
Elapsed time is 16.439562 seconds.
Elapsed time is 16.587520 seconds.
Elapsed time is 16.450182 seconds.
Elapsed time is 16.525877 seconds.
Elapsed time is 16.513804 seconds.
Elapsed time is 16.627351 seconds.
Elapsed time is 16.457768 seconds.
Elapsed time is 16.457373 seconds.
Elapsed time is 16.490990 seconds.
Elapsed time is 16.456909 seconds.
Elapsed time is 16.424319 seconds.
Elapsed time is 16.479649 seconds.
Elapsed time is 16.435988 seconds.
Elapsed time is 16.384212 seconds.
Elapsed time is 16.374529 seconds.
Elapsed time is 16.399937 seconds.
Elapsed time is 16.327074 seconds.
Elapsed time is 16.398664 seconds.
Elapsed time is 16.338919 seconds.
Elapsed time is 16.360083 seconds.
Elapsed time is 16.369312 seconds.
Elapsed time is 16.361754 seconds.
Elapsed time is 16.413220 seconds.
Elapsed time is 16.366228 seconds.
Elapsed time is 16.380597 seconds.
Elapsed time is 16.390985 seconds.
Elapsed time is 16.402320 seconds.
Elapsed time is 16.422143 seconds.
Elapsed time is 16.428548 seconds.
Elapsed time is 16.390115 seconds.
Elapsed time is 16.449617 seconds.
Elapsed time is 16.413008 seconds.
Elapsed time is 16.460674 seconds.
Elapsed time is 16.425421 seconds.
Elapsed time is 16.442890 seconds.
Elapsed time is 16.442238 seconds.
Elapsed time is 16.483378 seconds.
Elapsed time is 16.372946 seconds.
Elapsed time is 16.392438 seconds.
Elapsed time is 16.466166 seconds.
Elapsed time is 16.391955 seconds.
Elapsed time is 16.452332 seconds.
Elapsed time is 16.343038 seconds.
Elapsed time is 16.337443 seconds.
Elapsed time is 16.450747 seconds.
Elapsed time is 16.395193 seconds.
Elapsed time is 16.359762 seconds.
Elapsed time is 16.377499 seconds.
Elapsed time is 16.371526 seconds.
Elapsed time is 16.470956 seconds.
Elapsed time is 16.425823 seconds.
Elapsed time is 16.415235 seconds.
Elapsed time is 16.394770 seconds.
Elapsed time is 16.396616 seconds.
Elapsed time is 16.418586 seconds.
Elapsed time is 16.382685 seconds.
Elapsed time is 16.376400 seconds.
Elapsed time is 16.406773 seconds.
Elapsed time is 16.433688 seconds.
Elapsed time is 16.414947 seconds.
Elapsed time is 16.459808 seconds.
Elapsed time is 16.338906 seconds.
Elapsed time is 16.379738 seconds.
Elapsed time is 16.419303 seconds.
Elapsed time is 16.383856 seconds.
Elapsed time is 16.379236 seconds.
Elapsed time is 16.405297 seconds.
Elapsed time is 16.398889 seconds.
Elapsed time is 16.399868 seconds.
Elapsed time is 16.434323 seconds.
Elapsed time is 16.378036 seconds.
Elapsed time is 16.420816 seconds.
Elapsed time is 16.421070 seconds.
Elapsed time is 16.379643 seconds.
Elapsed time is 16.401975 seconds.
Elapsed time is 16.593975 seconds.
Elapsed time is 16.537170 seconds.
Elapsed time is 16.414196 seconds.
Elapsed time is 16.560444 seconds.
Elapsed time is 16.634386 seconds.
Elapsed time is 16.448957 seconds.
Elapsed time is 16.558530 seconds.
Elapsed time is 16.778605 seconds.
Elapsed time is 16.645009 seconds.
Elapsed time is 16.589521 seconds.
Elapsed time is 16.516332 seconds.
Elapsed time is 16.469757 seconds.
Elapsed time is 16.614739 seconds.
Elapsed time is 16.714895 seconds.
Elapsed time is 16.734962 seconds.
Elapsed time is 16.525311 seconds.
Elapsed time is 16.432006 seconds.
Elapsed time is 16.620524 seconds.
Elapsed time is 16.650086 seconds.
Elapsed time is 16.500137 seconds.
Elapsed time is 16.539872 seconds.
Elapsed time is 16.699710 seconds.
Elapsed time is 16.613670 seconds.
Elapsed time is 16.901322 seconds.
Elapsed time is 16.503952 seconds.
Elapsed time is 16.585768 seconds.
Elapsed time is 16.562007 seconds.
Elapsed time is 16.492804 seconds.
Elapsed time is 16.539986 seconds.
Elapsed time is 16.510057 seconds.
Elapsed time is 16.514478 seconds.
Elapsed time is 16.506600 seconds.
Elapsed time is 16.414078 seconds.
Elapsed time is 16.459011 seconds.
Elapsed time is 16.471280 seconds.
Elapsed time is 16.496640 seconds.
Elapsed time is 16.538435 seconds.
Elapsed time is 16.449884 seconds.
Elapsed time is 16.403624 seconds.
    12        1625         8614.28        9.37e+05        1e-14      0.0101962
Elapsed time is 16.425908 seconds.
Elapsed time is 16.383157 seconds.
Elapsed time is 16.425838 seconds.
Elapsed time is 16.521893 seconds.
Elapsed time is 16.385922 seconds.
Elapsed time is 16.454552 seconds.
Elapsed time is 16.509699 seconds.
Elapsed time is 16.420488 seconds.
Elapsed time is 16.515838 seconds.
Elapsed time is 16.450751 seconds.
Elapsed time is 16.396516 seconds.
Elapsed time is 16.425098 seconds.
Elapsed time is 16.481460 seconds.
Elapsed time is 16.460838 seconds.
Elapsed time is 16.436825 seconds.
Elapsed time is 16.409706 seconds.
Elapsed time is 16.440228 seconds.
Elapsed time is 16.498422 seconds.
Elapsed time is 16.541710 seconds.
Elapsed time is 16.705609 seconds.
Elapsed time is 16.476935 seconds.
Elapsed time is 16.635308 seconds.
Elapsed time is 16.596327 seconds.
Elapsed time is 16.660240 seconds.
Elapsed time is 16.809730 seconds.
Elapsed time is 16.481234 seconds.
Elapsed time is 16.453040 seconds.
Elapsed time is 16.488875 seconds.
Elapsed time is 16.524821 seconds.
Elapsed time is 16.468062 seconds.
Elapsed time is 16.448025 seconds.
Elapsed time is 16.496025 seconds.
Elapsed time is 16.529624 seconds.
Elapsed time is 16.424454 seconds.
Elapsed time is 16.387793 seconds.
Elapsed time is 16.536893 seconds.
Elapsed time is 16.758728 seconds.
Elapsed time is 16.482050 seconds.
Elapsed time is 16.465362 seconds.
Elapsed time is 16.634927 seconds.
Elapsed time is 16.535746 seconds.
Elapsed time is 16.569254 seconds.
Elapsed time is 16.439529 seconds.
Elapsed time is 16.516030 seconds.
Elapsed time is 16.469105 seconds.
Elapsed time is 16.435678 seconds.
Elapsed time is 16.433957 seconds.
Elapsed time is 16.420826 seconds.
Elapsed time is 16.527542 seconds.
Elapsed time is 16.577149 seconds.
Elapsed time is 16.441151 seconds.
Elapsed time is 16.483829 seconds.
Elapsed time is 16.449888 seconds.
Elapsed time is 16.454929 seconds.
Elapsed time is 16.427983 seconds.
Elapsed time is 16.382974 seconds.
Elapsed time is 16.370511 seconds.
Elapsed time is 16.428356 seconds.
Elapsed time is 16.418569 seconds.
Elapsed time is 16.458472 seconds.
Elapsed time is 16.419596 seconds.
Elapsed time is 16.443132 seconds.
Elapsed time is 16.447315 seconds.
Elapsed time is 16.414416 seconds.
Elapsed time is 16.429197 seconds.
Elapsed time is 16.459294 seconds.
Elapsed time is 16.432753 seconds.
Elapsed time is 16.467823 seconds.
Elapsed time is 16.551138 seconds.
Elapsed time is 16.663549 seconds.
Elapsed time is 16.490845 seconds.
Elapsed time is 16.477776 seconds.
Elapsed time is 16.442000 seconds.
Elapsed time is 16.470968 seconds.
Elapsed time is 16.442583 seconds.
Elapsed time is 16.475793 seconds.
Elapsed time is 16.443100 seconds.
Elapsed time is 16.386156 seconds.
Elapsed time is 16.407664 seconds.
Elapsed time is 16.496033 seconds.
Elapsed time is 16.396951 seconds.
Elapsed time is 16.451581 seconds.
Elapsed time is 16.498695 seconds.
Elapsed time is 16.422752 seconds.
Elapsed time is 16.385334 seconds.
Elapsed time is 16.501927 seconds.
Elapsed time is 16.461761 seconds.
Elapsed time is 16.434980 seconds.
Elapsed time is 16.419479 seconds.
Elapsed time is 16.398209 seconds.
Elapsed time is 16.579074 seconds.
Elapsed time is 16.465606 seconds.
Elapsed time is 16.473223 seconds.
Elapsed time is 16.460650 seconds.
Elapsed time is 16.452532 seconds.
Elapsed time is 16.497641 seconds.
Elapsed time is 16.440507 seconds.
Elapsed time is 16.454427 seconds.
Elapsed time is 16.512607 seconds.
Elapsed time is 16.369289 seconds.
Elapsed time is 16.440557 seconds.
Elapsed time is 16.427517 seconds.
Elapsed time is 16.542183 seconds.
Elapsed time is 16.429078 seconds.
Elapsed time is 16.444614 seconds.
Elapsed time is 16.464505 seconds.
Elapsed time is 16.424679 seconds.
Elapsed time is 16.378730 seconds.
Elapsed time is 16.503753 seconds.
Elapsed time is 16.421394 seconds.
Elapsed time is 16.517904 seconds.
Elapsed time is 16.509907 seconds.
Elapsed time is 16.463092 seconds.
Elapsed time is 16.456529 seconds.
Elapsed time is 16.507418 seconds.
Elapsed time is 16.601112 seconds.
Elapsed time is 16.490028 seconds.
Elapsed time is 16.644860 seconds.
Elapsed time is 16.619004 seconds.
Elapsed time is 16.521855 seconds.
Elapsed time is 16.518984 seconds.
Elapsed time is 16.466793 seconds.
Elapsed time is 16.462307 seconds.
Elapsed time is 16.727196 seconds.
Elapsed time is 16.505207 seconds.
    13        1750         8534.77        1.82e+07        1e-15     0.00870008
Elapsed time is 16.468875 seconds.
Elapsed time is 16.507820 seconds.
Elapsed time is 16.433233 seconds.
Elapsed time is 16.425966 seconds.
Elapsed time is 16.441157 seconds.
Elapsed time is 16.444014 seconds.
Elapsed time is 16.453728 seconds.
Elapsed time is 16.512467 seconds.
Elapsed time is 16.409588 seconds.
Elapsed time is 16.405836 seconds.
Elapsed time is 16.423604 seconds.
Elapsed time is 16.436240 seconds.
Elapsed time is 16.428380 seconds.
Elapsed time is 16.455036 seconds.
Elapsed time is 16.419132 seconds.
Elapsed time is 16.455095 seconds.
Elapsed time is 16.472975 seconds.
Elapsed time is 16.422887 seconds.
Elapsed time is 16.444857 seconds.
Elapsed time is 16.424010 seconds.
Elapsed time is 16.396795 seconds.
Elapsed time is 16.434025 seconds.
Elapsed time is 16.666077 seconds.
Elapsed time is 16.426373 seconds.
Elapsed time is 16.543361 seconds.
Elapsed time is 16.782061 seconds.
Elapsed time is 16.475656 seconds.
Elapsed time is 16.483174 seconds.
Elapsed time is 16.430475 seconds.
Elapsed time is 16.464272 seconds.
Elapsed time is 16.465082 seconds.
Elapsed time is 16.479757 seconds.
Elapsed time is 16.382264 seconds.
Elapsed time is 16.456011 seconds.
Elapsed time is 16.422349 seconds.
Elapsed time is 16.576683 seconds.
Elapsed time is 16.443626 seconds.
Elapsed time is 16.454101 seconds.
Elapsed time is 16.430263 seconds.
Elapsed time is 16.420822 seconds.
Elapsed time is 16.460804 seconds.
Elapsed time is 16.400489 seconds.
Elapsed time is 16.409302 seconds.
Elapsed time is 16.404834 seconds.
Elapsed time is 16.436069 seconds.
Elapsed time is 16.548563 seconds.
Elapsed time is 16.464402 seconds.
Elapsed time is 16.476666 seconds.
Elapsed time is 16.432466 seconds.
Elapsed time is 16.558398 seconds.
Elapsed time is 16.645789 seconds.
Elapsed time is 16.465730 seconds.
Elapsed time is 16.459770 seconds.
Elapsed time is 16.481604 seconds.
Elapsed time is 16.421556 seconds.
Elapsed time is 16.422197 seconds.
Elapsed time is 16.454582 seconds.
Elapsed time is 16.567121 seconds.
Elapsed time is 16.440720 seconds.
Elapsed time is 16.497614 seconds.
Elapsed time is 16.534389 seconds.
Elapsed time is 16.428444 seconds.
Elapsed time is 16.466562 seconds.
Elapsed time is 16.433269 seconds.
Elapsed time is 16.593514 seconds.
Elapsed time is 16.402420 seconds.
Elapsed time is 16.427924 seconds.
Elapsed time is 16.436574 seconds.
Elapsed time is 16.408236 seconds.
Elapsed time is 16.396470 seconds.
Elapsed time is 16.455755 seconds.
Elapsed time is 16.489781 seconds.
Elapsed time is 16.448047 seconds.
Elapsed time is 16.441909 seconds.
Elapsed time is 16.447590 seconds.
Elapsed time is 16.476399 seconds.
Elapsed time is 16.423900 seconds.
Elapsed time is 16.479537 seconds.
Elapsed time is 16.721565 seconds.
Elapsed time is 16.600748 seconds.
Elapsed time is 16.524796 seconds.
Elapsed time is 16.501999 seconds.
Elapsed time is 16.427088 seconds.
Elapsed time is 16.518829 seconds.
Elapsed time is 16.511650 seconds.
Elapsed time is 16.519244 seconds.
Elapsed time is 16.455943 seconds.
Elapsed time is 16.563694 seconds.
Elapsed time is 16.442287 seconds.
Elapsed time is 16.463297 seconds.
Elapsed time is 16.430169 seconds.
Elapsed time is 16.448801 seconds.
Elapsed time is 16.422976 seconds.
Elapsed time is 16.413507 seconds.
Elapsed time is 16.434158 seconds.
Elapsed time is 16.459057 seconds.
Elapsed time is 16.449357 seconds.
Elapsed time is 16.516320 seconds.
Elapsed time is 16.365307 seconds.
Elapsed time is 16.478954 seconds.
Elapsed time is 16.411544 seconds.
Elapsed time is 16.536889 seconds.
Elapsed time is 16.525377 seconds.
Elapsed time is 16.553825 seconds.
Elapsed time is 16.454866 seconds.
Elapsed time is 16.449565 seconds.
Elapsed time is 16.535963 seconds.
Elapsed time is 16.472171 seconds.
Elapsed time is 16.462385 seconds.
Elapsed time is 16.465117 seconds.
Elapsed time is 16.425499 seconds.
Elapsed time is 16.408676 seconds.
Elapsed time is 16.444288 seconds.
Elapsed time is 16.462455 seconds.
Elapsed time is 16.436767 seconds.
Elapsed time is 16.523801 seconds.
Elapsed time is 16.483243 seconds.
Elapsed time is 16.526554 seconds.
Elapsed time is 16.647652 seconds.
Elapsed time is 16.428917 seconds.
Elapsed time is 16.521394 seconds.
Elapsed time is 16.659006 seconds.
Elapsed time is 16.416729 seconds.
Elapsed time is 16.441750 seconds.
Elapsed time is 16.480791 seconds.
    14        1875         8480.01        1.33e+05        1e-16     0.00614955
Elapsed time is 16.768335 seconds.
Elapsed time is 16.693305 seconds.
Elapsed time is 16.446539 seconds.
Elapsed time is 16.688408 seconds.
Elapsed time is 16.544569 seconds.
Elapsed time is 16.661662 seconds.
Elapsed time is 16.550176 seconds.
Elapsed time is 16.653275 seconds.
Elapsed time is 16.543513 seconds.
Elapsed time is 16.443517 seconds.
Elapsed time is 16.429521 seconds.
Elapsed time is 16.566804 seconds.
Elapsed time is 16.468778 seconds.
Elapsed time is 16.464463 seconds.
Elapsed time is 16.514858 seconds.
Elapsed time is 16.472920 seconds.
Elapsed time is 16.433533 seconds.
Elapsed time is 16.452033 seconds.
Elapsed time is 16.630226 seconds.
Elapsed time is 16.413726 seconds.
Elapsed time is 16.396400 seconds.
Elapsed time is 16.414295 seconds.
Elapsed time is 16.395764 seconds.
Elapsed time is 16.585742 seconds.
Elapsed time is 16.371062 seconds.
Elapsed time is 16.497161 seconds.
Elapsed time is 16.390292 seconds.
Elapsed time is 16.404843 seconds.
Elapsed time is 16.426670 seconds.
Elapsed time is 16.425904 seconds.
Elapsed time is 16.374879 seconds.
Elapsed time is 16.385009 seconds.
Elapsed time is 16.365055 seconds.
Elapsed time is 16.411095 seconds.
Elapsed time is 16.326199 seconds.
Elapsed time is 16.395352 seconds.
Elapsed time is 16.421530 seconds.
Elapsed time is 16.386952 seconds.
Elapsed time is 16.376283 seconds.
Elapsed time is 16.450096 seconds.
Elapsed time is 16.395084 seconds.
Elapsed time is 16.503694 seconds.
Elapsed time is 16.450003 seconds.
Elapsed time is 16.383932 seconds.
Elapsed time is 16.433930 seconds.
Elapsed time is 16.425684 seconds.
Elapsed time is 16.564072 seconds.
Elapsed time is 16.655699 seconds.
Elapsed time is 16.615163 seconds.
Elapsed time is 16.461679 seconds.
Elapsed time is 16.482315 seconds.
Elapsed time is 16.466151 seconds.
Elapsed time is 16.435914 seconds.
Elapsed time is 16.520162 seconds.
Elapsed time is 16.442978 seconds.
Elapsed time is 16.485351 seconds.
Elapsed time is 16.419019 seconds.
Elapsed time is 16.396147 seconds.
Elapsed time is 16.486623 seconds.
Elapsed time is 16.373472 seconds.
Elapsed time is 16.389479 seconds.
Elapsed time is 16.399170 seconds.
Elapsed time is 16.371658 seconds.
Elapsed time is 16.418609 seconds.
Elapsed time is 16.365370 seconds.
Elapsed time is 16.345627 seconds.
Elapsed time is 16.372545 seconds.
Elapsed time is 16.395619 seconds.
Elapsed time is 16.387030 seconds.
Elapsed time is 16.375069 seconds.
Elapsed time is 16.364744 seconds.
Elapsed time is 16.396016 seconds.
Elapsed time is 16.331758 seconds.
Elapsed time is 16.357235 seconds.
Elapsed time is 16.377845 seconds.
Elapsed time is 16.368395 seconds.
Elapsed time is 16.428242 seconds.
Elapsed time is 16.364336 seconds.
Elapsed time is 16.487568 seconds.
Elapsed time is 16.463421 seconds.
Elapsed time is 16.488293 seconds.
Elapsed time is 16.435581 seconds.
Elapsed time is 16.401325 seconds.
Elapsed time is 16.448927 seconds.
Elapsed time is 16.437447 seconds.
Elapsed time is 16.408378 seconds.
Elapsed time is 16.410647 seconds.
Elapsed time is 16.356846 seconds.
Elapsed time is 16.395943 seconds.
Elapsed time is 16.368231 seconds.
Elapsed time is 16.348475 seconds.
Elapsed time is 16.430744 seconds.
Elapsed time is 16.514108 seconds.
Elapsed time is 16.349582 seconds.
Elapsed time is 16.367882 seconds.
Elapsed time is 16.902872 seconds.
Elapsed time is 16.417443 seconds.
Elapsed time is 16.500668 seconds.
Elapsed time is 16.418069 seconds.
Elapsed time is 16.359250 seconds.
Elapsed time is 16.491611 seconds.
Elapsed time is 16.437951 seconds.
Elapsed time is 16.543146 seconds.
Elapsed time is 16.464523 seconds.
Elapsed time is 16.487207 seconds.
Elapsed time is 16.505502 seconds.
Elapsed time is 16.394769 seconds.
Elapsed time is 16.432491 seconds.
Elapsed time is 16.418038 seconds.
Elapsed time is 16.394382 seconds.
Elapsed time is 16.442382 seconds.
Elapsed time is 16.399549 seconds.
Elapsed time is 16.462588 seconds.
Elapsed time is 16.421290 seconds.
Elapsed time is 16.388378 seconds.
Elapsed time is 16.393755 seconds.
Elapsed time is 16.434714 seconds.
Elapsed time is 16.424106 seconds.
Elapsed time is 16.385259 seconds.
Elapsed time is 16.381406 seconds.
Elapsed time is 16.367130 seconds.
Elapsed time is 16.386542 seconds.
Elapsed time is 16.454746 seconds.
Elapsed time is 16.404527 seconds.
Elapsed time is 16.459130 seconds.
    15        2000         8419.97        1.03e+05        1e-17     0.00862979
Elapsed time is 16.668171 seconds.
Elapsed time is 16.419217 seconds.
Elapsed time is 16.408182 seconds.
Elapsed time is 16.422046 seconds.
Elapsed time is 16.419421 seconds.
Elapsed time is 16.382733 seconds.
Elapsed time is 16.507866 seconds.
Elapsed time is 16.423146 seconds.
Elapsed time is 16.687214 seconds.
Elapsed time is 16.777662 seconds.
Elapsed time is 16.472244 seconds.
Elapsed time is 16.564034 seconds.
Elapsed time is 16.929564 seconds.
Elapsed time is 16.533888 seconds.
Elapsed time is 16.526560 seconds.
Elapsed time is 16.792130 seconds.
Elapsed time is 16.691249 seconds.
Elapsed time is 16.447189 seconds.
Elapsed time is 16.710719 seconds.
Elapsed time is 17.014437 seconds.
Elapsed time is 16.622136 seconds.
Elapsed time is 16.630969 seconds.
Elapsed time is 17.911836 seconds.
Elapsed time is 17.513723 seconds.
Elapsed time is 16.701861 seconds.
