MATLAB is selecting SOFTWARE OPENGL rendering.

                            < M A T L A B (R) >
                  Copyright 1984-2017 The MathWorks, Inc.
                   R2017b (9.3.0.713579) 64-bit (glnxa64)
                             September 14, 2017

 
To get started, type one of these: helpwin, helpdesk, or demo.
For product information, visit www.mathworks.com.
 

initres =

    9.5671

Starting parallel pool (parpool) using the 'local' profile ...
connected to 20 workers.
Elapsed time is 75.836347 seconds.
Elapsed time is 76.545366 seconds.
Elapsed time is 77.228006 seconds.
Elapsed time is 77.135195 seconds.
Elapsed time is 74.683941 seconds.
Elapsed time is 70.955560 seconds.
Elapsed time is 66.637862 seconds.
Elapsed time is 68.466844 seconds.
Elapsed time is 72.827944 seconds.
Elapsed time is 75.922951 seconds.
Elapsed time is 77.596759 seconds.
Elapsed time is 79.021361 seconds.
Elapsed time is 77.235558 seconds.
Elapsed time is 73.242880 seconds.
Elapsed time is 68.281761 seconds.
Elapsed time is 67.412030 seconds.
Elapsed time is 71.154938 seconds.
Elapsed time is 73.583441 seconds.
Elapsed time is 75.224829 seconds.
Elapsed time is 79.005265 seconds.
Elapsed time is 79.050570 seconds.
Elapsed time is 78.551083 seconds.
Elapsed time is 75.631894 seconds.
Elapsed time is 70.894837 seconds.
Elapsed time is 67.418015 seconds.
Elapsed time is 68.763143 seconds.
Elapsed time is 73.066507 seconds.
Elapsed time is 75.109843 seconds.
Elapsed time is 76.124122 seconds.
Elapsed time is 77.781056 seconds.
Elapsed time is 78.081140 seconds.
Elapsed time is 79.445642 seconds.
Elapsed time is 79.839774 seconds.
Elapsed time is 77.573164 seconds.
Elapsed time is 74.682330 seconds.
Elapsed time is 69.735897 seconds.
Elapsed time is 67.543827 seconds.
Elapsed time is 68.441988 seconds.
Elapsed time is 73.728496 seconds.
Elapsed time is 76.294767 seconds.
Elapsed time is 77.451699 seconds.
Elapsed time is 78.799678 seconds.
Elapsed time is 79.798348 seconds.
Elapsed time is 78.971319 seconds.
Elapsed time is 75.823752 seconds.
Elapsed time is 72.438193 seconds.
Elapsed time is 67.209015 seconds.
Elapsed time is 68.898853 seconds.
Elapsed time is 70.480104 seconds.
Elapsed time is 75.895359 seconds.
Elapsed time is 75.548121 seconds.
Elapsed time is 78.278329 seconds.
Elapsed time is 79.026953 seconds.
Elapsed time is 79.618887 seconds.
Elapsed time is 79.586623 seconds.
Elapsed time is 77.775793 seconds.
Elapsed time is 74.665825 seconds.
Elapsed time is 69.728241 seconds.
Elapsed time is 66.930884 seconds.
Elapsed time is 68.959613 seconds.
Elapsed time is 73.073682 seconds.
Elapsed time is 74.521707 seconds.
Elapsed time is 77.322100 seconds.
Elapsed time is 79.466625 seconds.
Elapsed time is 77.040366 seconds.
Elapsed time is 72.474583 seconds.
Elapsed time is 68.121906 seconds.
Elapsed time is 66.994078 seconds.
Elapsed time is 75.664304 seconds.
Elapsed time is 75.881620 seconds.
Elapsed time is 76.143143 seconds.
Elapsed time is 76.361403 seconds.
Elapsed time is 77.700651 seconds.
Elapsed time is 78.810969 seconds.
Elapsed time is 79.049505 seconds.
Elapsed time is 75.955912 seconds.
Elapsed time is 71.376115 seconds.
Elapsed time is 67.398230 seconds.
Elapsed time is 67.468943 seconds.
Elapsed time is 71.543080 seconds.
Elapsed time is 74.525121 seconds.
Elapsed time is 75.654424 seconds.
Elapsed time is 78.510918 seconds.
Elapsed time is 77.955794 seconds.
Elapsed time is 75.549568 seconds.
Elapsed time is 72.540795 seconds.
Elapsed time is 68.925906 seconds.
Elapsed time is 67.067729 seconds.
Elapsed time is 71.645836 seconds.
Elapsed time is 76.003871 seconds.
Elapsed time is 77.979385 seconds.
Elapsed time is 79.100010 seconds.
Elapsed time is 77.093232 seconds.
Elapsed time is 73.320295 seconds.
Elapsed time is 68.680962 seconds.
Elapsed time is 67.037410 seconds.
Elapsed time is 69.186750 seconds.
Elapsed time is 72.533769 seconds.
Elapsed time is 74.905326 seconds.
Elapsed time is 78.824050 seconds.
Elapsed time is 79.324045 seconds.
Elapsed time is 77.252024 seconds.
Elapsed time is 72.943329 seconds.
Elapsed time is 67.725170 seconds.
Elapsed time is 68.036130 seconds.
Elapsed time is 70.851096 seconds.
Elapsed time is 74.519419 seconds.
Elapsed time is 77.421146 seconds.
Elapsed time is 76.611247 seconds.
Elapsed time is 78.416494 seconds.
Elapsed time is 79.743805 seconds.
Elapsed time is 75.592889 seconds.
Elapsed time is 72.197828 seconds.
Elapsed time is 67.892267 seconds.
Elapsed time is 68.286291 seconds.
Elapsed time is 70.348761 seconds.
Elapsed time is 88.539724 seconds.
Elapsed time is 70.213224 seconds.
Elapsed time is 74.112541 seconds.
Elapsed time is 76.181534 seconds.
Elapsed time is 78.091015 seconds.
Elapsed time is 78.662588 seconds.
Elapsed time is 79.247235 seconds.
Elapsed time is 77.254394 seconds.
Elapsed time is 74.780109 seconds.

                                        First-Order                    Norm of 
 Iteration  Func-count    Residual       optimality      Lambda           step
     0         125         9168.75        3.44e+07         0.01
Elapsed time is 69.972121 seconds.
Elapsed time is 67.483642 seconds.
Elapsed time is 68.127946 seconds.
Elapsed time is 72.392559 seconds.
Elapsed time is 79.890413 seconds.
Elapsed time is 79.684494 seconds.
Elapsed time is 76.660435 seconds.
Elapsed time is 73.865956 seconds.
Elapsed time is 68.574995 seconds.
Elapsed time is 67.240496 seconds.
Elapsed time is 68.935631 seconds.
Elapsed time is 74.076039 seconds.
Elapsed time is 75.881469 seconds.
Elapsed time is 75.427287 seconds.
Elapsed time is 77.548456 seconds.
Elapsed time is 79.284810 seconds.
Elapsed time is 78.762404 seconds.
Elapsed time is 77.752343 seconds.
Elapsed time is 74.463371 seconds.
Elapsed time is 69.117535 seconds.
Elapsed time is 66.296558 seconds.
Elapsed time is 69.505331 seconds.
Elapsed time is 72.944033 seconds.
Elapsed time is 75.318986 seconds.
Elapsed time is 78.634947 seconds.
Elapsed time is 78.278697 seconds.
Elapsed time is 75.131042 seconds.
Elapsed time is 70.997023 seconds.
Elapsed time is 67.116433 seconds.
Elapsed time is 68.752368 seconds.
Elapsed time is 72.706183 seconds.
Elapsed time is 74.538184 seconds.
Elapsed time is 77.310970 seconds.
Elapsed time is 78.503771 seconds.
Elapsed time is 75.137190 seconds.
Elapsed time is 72.868355 seconds.
Elapsed time is 68.954407 seconds.
Elapsed time is 67.415003 seconds.
Elapsed time is 70.094850 seconds.
Elapsed time is 73.627739 seconds.
Elapsed time is 76.765444 seconds.
Elapsed time is 80.459143 seconds.
Elapsed time is 79.661852 seconds.
Elapsed time is 79.698774 seconds.
Elapsed time is 78.251851 seconds.
Elapsed time is 73.311040 seconds.
Elapsed time is 68.658748 seconds.
Elapsed time is 67.381166 seconds.
Elapsed time is 69.450653 seconds.
Elapsed time is 74.511037 seconds.
Elapsed time is 76.258351 seconds.
Elapsed time is 76.604825 seconds.
Elapsed time is 77.547972 seconds.
Elapsed time is 78.541482 seconds.
Elapsed time is 77.724204 seconds.
Elapsed time is 75.526389 seconds.
Elapsed time is 71.975948 seconds.
Elapsed time is 67.934850 seconds.
Elapsed time is 66.955755 seconds.
Elapsed time is 71.594757 seconds.
Elapsed time is 74.479402 seconds.
Elapsed time is 75.240614 seconds.
Elapsed time is 71.533912 seconds.
Elapsed time is 69.017612 seconds.
Elapsed time is 67.384746 seconds.
Elapsed time is 70.896918 seconds.
Elapsed time is 73.290540 seconds.
Elapsed time is 75.732030 seconds.
Elapsed time is 77.641940 seconds.
Elapsed time is 77.959194 seconds.
Elapsed time is 74.556481 seconds.
Elapsed time is 70.658978 seconds.
Elapsed time is 66.836229 seconds.
Elapsed time is 68.112173 seconds.
Elapsed time is 72.178941 seconds.
Elapsed time is 75.546708 seconds.
Elapsed time is 77.579679 seconds.
Elapsed time is 78.607059 seconds.
Elapsed time is 77.814163 seconds.
Elapsed time is 73.156200 seconds.
Elapsed time is 68.144181 seconds.
Elapsed time is 67.263132 seconds.
Elapsed time is 69.547373 seconds.
Elapsed time is 73.241842 seconds.
Elapsed time is 75.742972 seconds.
Elapsed time is 78.401812 seconds.
Elapsed time is 79.992122 seconds.
Elapsed time is 77.523291 seconds.
Elapsed time is 74.794641 seconds.
Elapsed time is 69.570345 seconds.
Elapsed time is 66.857665 seconds.
Elapsed time is 68.301409 seconds.
Elapsed time is 74.290949 seconds.
Elapsed time is 77.100674 seconds.
Elapsed time is 77.748522 seconds.
Elapsed time is 77.524929 seconds.
Elapsed time is 79.003711 seconds.
Elapsed time is 79.504166 seconds.
Elapsed time is 79.057106 seconds.
Elapsed time is 76.854795 seconds.
Elapsed time is 73.665494 seconds.
Elapsed time is 70.133621 seconds.
Elapsed time is 66.417688 seconds.
Elapsed time is 70.548238 seconds.
Elapsed time is 74.133034 seconds.
Elapsed time is 77.507194 seconds.
Elapsed time is 77.609871 seconds.
Elapsed time is 79.085833 seconds.
Elapsed time is 78.609882 seconds.
Elapsed time is 78.675875 seconds.
Elapsed time is 77.724704 seconds.
Elapsed time is 73.453776 seconds.
Elapsed time is 67.870259 seconds.
Elapsed time is 67.036197 seconds.
Elapsed time is 71.898912 seconds.
Elapsed time is 73.686688 seconds.
Elapsed time is 78.631604 seconds.
Elapsed time is 77.491907 seconds.
Elapsed time is 79.775724 seconds.
Elapsed time is 79.496293 seconds.
Elapsed time is 78.957957 seconds.
Elapsed time is 76.776904 seconds.
Elapsed time is 73.578377 seconds.
Elapsed time is 68.275321 seconds.
Elapsed time is 66.479637 seconds.
     1         250         3626.36        7.73e+06        0.001      0.0588996
Elapsed time is 68.988396 seconds.
Elapsed time is 72.747206 seconds.
Elapsed time is 75.107983 seconds.
Elapsed time is 76.066629 seconds.
Elapsed time is 78.716176 seconds.
Elapsed time is 79.486699 seconds.
Elapsed time is 78.203342 seconds.
Elapsed time is 74.144143 seconds.
Elapsed time is 69.426010 seconds.
Elapsed time is 67.454089 seconds.
Elapsed time is 69.664641 seconds.
Elapsed time is 73.531014 seconds.
Elapsed time is 74.833194 seconds.
Elapsed time is 77.203106 seconds.
Elapsed time is 77.372892 seconds.
Elapsed time is 78.507329 seconds.
Elapsed time is 76.965480 seconds.
Elapsed time is 73.270045 seconds.
Elapsed time is 68.741610 seconds.
Elapsed time is 67.178515 seconds.
Elapsed time is 70.406002 seconds.
Elapsed time is 75.773367 seconds.
Elapsed time is 76.600866 seconds.
Elapsed time is 77.864773 seconds.
Elapsed time is 78.442862 seconds.
Elapsed time is 78.887532 seconds.
Elapsed time is 79.437691 seconds.
Elapsed time is 76.348035 seconds.
Elapsed time is 71.740120 seconds.
Elapsed time is 67.122133 seconds.
Elapsed time is 67.768333 seconds.
Elapsed time is 72.509246 seconds.
Elapsed time is 74.220423 seconds.
Elapsed time is 78.036643 seconds.
Elapsed time is 78.813788 seconds.
Elapsed time is 79.550236 seconds.
Elapsed time is 79.217045 seconds.
Elapsed time is 75.373712 seconds.
Elapsed time is 71.608599 seconds.
Elapsed time is 67.036238 seconds.
Elapsed time is 68.458230 seconds.
Elapsed time is 71.820308 seconds.
Elapsed time is 73.890170 seconds.
Elapsed time is 78.026348 seconds.
Elapsed time is 77.742391 seconds.
Elapsed time is 76.236989 seconds.
Elapsed time is 73.183632 seconds.
Elapsed time is 70.228968 seconds.
Elapsed time is 67.017395 seconds.
Elapsed time is 69.100827 seconds.
Elapsed time is 71.955849 seconds.
Elapsed time is 75.602994 seconds.
Elapsed time is 77.066395 seconds.
Elapsed time is 77.342246 seconds.
Elapsed time is 77.153444 seconds.
Elapsed time is 75.028185 seconds.
Elapsed time is 70.367742 seconds.
Elapsed time is 66.549764 seconds.
Elapsed time is 68.300506 seconds.
Elapsed time is 71.873153 seconds.
Elapsed time is 75.120740 seconds.
Elapsed time is 75.734512 seconds.
Elapsed time is 78.005077 seconds.
Elapsed time is 78.070936 seconds.
Elapsed time is 75.646539 seconds.
Elapsed time is 71.399982 seconds.
Elapsed time is 67.264539 seconds.
Elapsed time is 67.692081 seconds.
Elapsed time is 70.731907 seconds.
Elapsed time is 75.261393 seconds.
Elapsed time is 78.086373 seconds.
Elapsed time is 76.293923 seconds.
Elapsed time is 72.778533 seconds.
Elapsed time is 68.527509 seconds.
Elapsed time is 67.174334 seconds.
Elapsed time is 69.251338 seconds.
Elapsed time is 75.049550 seconds.
Elapsed time is 75.712533 seconds.
Elapsed time is 78.251510 seconds.
Elapsed time is 79.271097 seconds.
Elapsed time is 77.996226 seconds.
Elapsed time is 75.828728 seconds.
Elapsed time is 72.625642 seconds.
Elapsed time is 67.731912 seconds.
Elapsed time is 67.913745 seconds.
Elapsed time is 71.207920 seconds.
Elapsed time is 75.455320 seconds.
Elapsed time is 76.151770 seconds.
Elapsed time is 77.427265 seconds.
Elapsed time is 78.175885 seconds.
Elapsed time is 79.261675 seconds.
Elapsed time is 78.444377 seconds.
Elapsed time is 74.325579 seconds.
Elapsed time is 68.979812 seconds.
Elapsed time is 67.311686 seconds.
Elapsed time is 69.234885 seconds.
Elapsed time is 73.061467 seconds.
Elapsed time is 76.329248 seconds.
Elapsed time is 78.132901 seconds.
Elapsed time is 79.776315 seconds.
Elapsed time is 80.484758 seconds.
Elapsed time is 79.895149 seconds.
Elapsed time is 77.086589 seconds.
Elapsed time is 73.797298 seconds.
Elapsed time is 69.341851 seconds.
Elapsed time is 67.149302 seconds.
Elapsed time is 70.270901 seconds.
Elapsed time is 72.598910 seconds.
Elapsed time is 77.021534 seconds.
Elapsed time is 76.379369 seconds.
Elapsed time is 76.982954 seconds.
Elapsed time is 78.115620 seconds.
Elapsed time is 79.153229 seconds.
Elapsed time is 75.892032 seconds.
Elapsed time is 73.295521 seconds.
Elapsed time is 68.306615 seconds.
Elapsed time is 67.182281 seconds.
Elapsed time is 71.473729 seconds.
Elapsed time is 72.579295 seconds.
Elapsed time is 74.751103 seconds.
Elapsed time is 77.602834 seconds.
Elapsed time is 78.617507 seconds.
Elapsed time is 79.805931 seconds.
Elapsed time is 77.950624 seconds.
Elapsed time is 75.233914 seconds.
     2         375         2168.19        6.88e+06       0.0001      0.0331554
Elapsed time is 72.884568 seconds.
Elapsed time is 68.240765 seconds.
Elapsed time is 66.841449 seconds.
Elapsed time is 70.033913 seconds.
Elapsed time is 72.575255 seconds.
Elapsed time is 77.502944 seconds.
Elapsed time is 78.571306 seconds.
Elapsed time is 79.119895 seconds.
Elapsed time is 79.254763 seconds.
Elapsed time is 77.786871 seconds.
Elapsed time is 75.783892 seconds.
Elapsed time is 69.855620 seconds.
Elapsed time is 66.757444 seconds.
Elapsed time is 69.033990 seconds.
Elapsed time is 74.493012 seconds.
Elapsed time is 76.038888 seconds.
Elapsed time is 77.007528 seconds.
Elapsed time is 77.361678 seconds.
Elapsed time is 78.838822 seconds.
Elapsed time is 79.106809 seconds.
Elapsed time is 78.285754 seconds.
Elapsed time is 74.859485 seconds.
Elapsed time is 69.436205 seconds.
Elapsed time is 67.244759 seconds.
Elapsed time is 68.660164 seconds.
Elapsed time is 74.392274 seconds.
Elapsed time is 76.745562 seconds.
Elapsed time is 76.878242 seconds.
Elapsed time is 76.580612 seconds.
Elapsed time is 78.861118 seconds.
Elapsed time is 76.861990 seconds.
Elapsed time is 73.735730 seconds.
Elapsed time is 69.125581 seconds.
Elapsed time is 67.833584 seconds.
Elapsed time is 69.081400 seconds.
Elapsed time is 88.013546 seconds.
Elapsed time is 69.641674 seconds.
Elapsed time is 73.413312 seconds.
Elapsed time is 75.422967 seconds.
Elapsed time is 77.192175 seconds.
Elapsed time is 79.320020 seconds.
Elapsed time is 77.292714 seconds.
Elapsed time is 74.572091 seconds.
Elapsed time is 71.070176 seconds.
Elapsed time is 67.514061 seconds.
Elapsed time is 68.056965 seconds.
Elapsed time is 71.572464 seconds.
Elapsed time is 76.082819 seconds.
Elapsed time is 74.524384 seconds.
Elapsed time is 76.840261 seconds.
Elapsed time is 78.001202 seconds.
Elapsed time is 75.194073 seconds.
Elapsed time is 71.534893 seconds.
Elapsed time is 66.964558 seconds.
Elapsed time is 68.315203 seconds.
Elapsed time is 71.521457 seconds.
Elapsed time is 74.708823 seconds.
Elapsed time is 77.558176 seconds.
Elapsed time is 78.084121 seconds.
Elapsed time is 77.085230 seconds.
Elapsed time is 74.483462 seconds.
Elapsed time is 70.340697 seconds.
Elapsed time is 67.125605 seconds.
Elapsed time is 69.631600 seconds.
Elapsed time is 71.761380 seconds.
Elapsed time is 75.687934 seconds.
Elapsed time is 75.827455 seconds.
Elapsed time is 77.837927 seconds.
Elapsed time is 78.178933 seconds.
Elapsed time is 77.762281 seconds.
Elapsed time is 74.939739 seconds.
Elapsed time is 70.844755 seconds.
Elapsed time is 67.234324 seconds.
Elapsed time is 69.278044 seconds.
Elapsed time is 73.226473 seconds.
Elapsed time is 76.409845 seconds.
Elapsed time is 77.773295 seconds.
Elapsed time is 77.680545 seconds.
Elapsed time is 79.930796 seconds.
Elapsed time is 76.463964 seconds.
Elapsed time is 72.724520 seconds.
Elapsed time is 68.809883 seconds.
Elapsed time is 66.739146 seconds.
Elapsed time is 70.561797 seconds.
Elapsed time is 73.958193 seconds.
Elapsed time is 75.436033 seconds.
Elapsed time is 78.602477 seconds.
Elapsed time is 78.751572 seconds.
Elapsed time is 77.106915 seconds.
Elapsed time is 75.390337 seconds.
Elapsed time is 71.405515 seconds.
Elapsed time is 67.339095 seconds.
Elapsed time is 70.991522 seconds.
Elapsed time is 71.508860 seconds.
Elapsed time is 73.592961 seconds.
Elapsed time is 76.408705 seconds.
Elapsed time is 78.323499 seconds.
Elapsed time is 78.132945 seconds.
Elapsed time is 74.741602 seconds.
Elapsed time is 70.456833 seconds.
Elapsed time is 66.747285 seconds.
Elapsed time is 69.501501 seconds.
Elapsed time is 71.280716 seconds.
Elapsed time is 74.074260 seconds.
Elapsed time is 76.043677 seconds.
Elapsed time is 77.072502 seconds.
Elapsed time is 76.850665 seconds.
Elapsed time is 74.264881 seconds.
Elapsed time is 70.862628 seconds.
Elapsed time is 67.154933 seconds.
Elapsed time is 68.313469 seconds.
Elapsed time is 71.715823 seconds.
Elapsed time is 74.259773 seconds.
Elapsed time is 77.940810 seconds.
Elapsed time is 77.469874 seconds.
Elapsed time is 76.497792 seconds.
Elapsed time is 73.046996 seconds.
Elapsed time is 68.399700 seconds.
Elapsed time is 66.773888 seconds.
Elapsed time is 70.181528 seconds.
Elapsed time is 73.848929 seconds.
Elapsed time is 77.391179 seconds.
Elapsed time is 76.843224 seconds.
Elapsed time is 78.818691 seconds.
Elapsed time is 79.633568 seconds.
     3         500         1781.01        1.31e+05        1e-05      0.0187045
Elapsed time is 80.643681 seconds.
Elapsed time is 77.941292 seconds.
Elapsed time is 75.673478 seconds.
Elapsed time is 72.384384 seconds.
Elapsed time is 67.839806 seconds.
Elapsed time is 67.284845 seconds.
Elapsed time is 73.793336 seconds.
Elapsed time is 76.344614 seconds.
Elapsed time is 77.011477 seconds.
Elapsed time is 77.030697 seconds.
Elapsed time is 78.958054 seconds.
Elapsed time is 79.077984 seconds.
Elapsed time is 78.773142 seconds.
Elapsed time is 75.788024 seconds.
Elapsed time is 73.464459 seconds.
Elapsed time is 68.323838 seconds.
Elapsed time is 68.314976 seconds.
Elapsed time is 70.558329 seconds.
Elapsed time is 74.559927 seconds.
Elapsed time is 75.687076 seconds.
Elapsed time is 78.952788 seconds.
Elapsed time is 77.241586 seconds.
Elapsed time is 75.764134 seconds.
Elapsed time is 71.434860 seconds.
Elapsed time is 68.046218 seconds.
Elapsed time is 67.794700 seconds.
Elapsed time is 71.202195 seconds.
Elapsed time is 74.136916 seconds.
Elapsed time is 76.849358 seconds.
Elapsed time is 77.896943 seconds.
Elapsed time is 77.846659 seconds.
Elapsed time is 74.678294 seconds.
Elapsed time is 71.879983 seconds.
Elapsed time is 67.118082 seconds.
Elapsed time is 68.663044 seconds.
Elapsed time is 71.232453 seconds.
Elapsed time is 73.748404 seconds.
Elapsed time is 76.720581 seconds.
Elapsed time is 78.064311 seconds.
Elapsed time is 76.845032 seconds.
Elapsed time is 74.174714 seconds.
Elapsed time is 69.190965 seconds.
Elapsed time is 68.346155 seconds.
Elapsed time is 71.174563 seconds.
Elapsed time is 71.675074 seconds.
Elapsed time is 78.514840 seconds.
Elapsed time is 78.246943 seconds.
Elapsed time is 76.666532 seconds.
Elapsed time is 73.297803 seconds.
Elapsed time is 68.640562 seconds.
Elapsed time is 66.369528 seconds.
Elapsed time is 70.528762 seconds.
Elapsed time is 73.740421 seconds.
Elapsed time is 75.606638 seconds.
Elapsed time is 77.835217 seconds.
Elapsed time is 77.158363 seconds.
Elapsed time is 75.610783 seconds.
Elapsed time is 70.626019 seconds.
Elapsed time is 67.785396 seconds.
Elapsed time is 67.420185 seconds.
Elapsed time is 71.856790 seconds.
Elapsed time is 73.541734 seconds.
Elapsed time is 76.902242 seconds.
Elapsed time is 77.468665 seconds.
Elapsed time is 79.460952 seconds.
Elapsed time is 77.365319 seconds.
Elapsed time is 74.389867 seconds.
Elapsed time is 70.001804 seconds.
Elapsed time is 66.744155 seconds.
Elapsed time is 68.687526 seconds.
Elapsed time is 72.153090 seconds.
Elapsed time is 74.781539 seconds.
Elapsed time is 78.418748 seconds.
Elapsed time is 77.898843 seconds.
Elapsed time is 75.564718 seconds.
Elapsed time is 72.078403 seconds.
Elapsed time is 68.211331 seconds.
Elapsed time is 67.155909 seconds.
Elapsed time is 70.585018 seconds.
Elapsed time is 73.412333 seconds.
Elapsed time is 76.405028 seconds.
Elapsed time is 78.107383 seconds.
Elapsed time is 78.518539 seconds.
Elapsed time is 74.926876 seconds.
Elapsed time is 71.385317 seconds.
Elapsed time is 67.009972 seconds.
Elapsed time is 68.238659 seconds.
Elapsed time is 72.236618 seconds.
Elapsed time is 76.378722 seconds.
Elapsed time is 78.015785 seconds.
Elapsed time is 78.418150 seconds.
Elapsed time is 78.486823 seconds.
Elapsed time is 76.179102 seconds.
Elapsed time is 73.752696 seconds.
Elapsed time is 68.229845 seconds.
Elapsed time is 66.789964 seconds.
Elapsed time is 72.222026 seconds.
Elapsed time is 75.597684 seconds.
Elapsed time is 77.497895 seconds.
Elapsed time is 77.745850 seconds.
Elapsed time is 77.206654 seconds.
Elapsed time is 75.579868 seconds.
Elapsed time is 71.017080 seconds.
Elapsed time is 66.349465 seconds.
Elapsed time is 69.271404 seconds.
Elapsed time is 73.677659 seconds.
Elapsed time is 76.995008 seconds.
Elapsed time is 77.528787 seconds.
Elapsed time is 79.791839 seconds.
Elapsed time is 78.326795 seconds.
Elapsed time is 75.356951 seconds.
Elapsed time is 71.097272 seconds.
Elapsed time is 67.539857 seconds.
Elapsed time is 68.621079 seconds.
Elapsed time is 71.425427 seconds.
Elapsed time is 72.905900 seconds.
Elapsed time is 74.548475 seconds.
Elapsed time is 77.396131 seconds.
Elapsed time is 76.298141 seconds.
Elapsed time is 73.980613 seconds.
Elapsed time is 68.476733 seconds.
Elapsed time is 67.642344 seconds.
Elapsed time is 69.493548 seconds.
Elapsed time is 73.853348 seconds.
Elapsed time is 76.567860 seconds.
     4         625         1648.72        1.23e+05        1e-06      0.0256707
Elapsed time is 75.619058 seconds.
Elapsed time is 77.410324 seconds.
Elapsed time is 77.328233 seconds.
Elapsed time is 79.542104 seconds.
Elapsed time is 79.378339 seconds.
Elapsed time is 77.242637 seconds.
Elapsed time is 73.393118 seconds.
Elapsed time is 69.168777 seconds.
Elapsed time is 66.642982 seconds.
Elapsed time is 68.716916 seconds.
Elapsed time is 73.095756 seconds.
Elapsed time is 74.633656 seconds.
Elapsed time is 76.364610 seconds.
Elapsed time is 78.016495 seconds.
Elapsed time is 77.472507 seconds.
Elapsed time is 75.820527 seconds.
Elapsed time is 71.712531 seconds.
Elapsed time is 67.935796 seconds.
Elapsed time is 67.107034 seconds.
Elapsed time is 71.412369 seconds.
Elapsed time is 74.417159 seconds.
Elapsed time is 75.932079 seconds.
Elapsed time is 79.146290 seconds.
Elapsed time is 79.363372 seconds.
Elapsed time is 77.979265 seconds.
Elapsed time is 74.290913 seconds.
Elapsed time is 69.711960 seconds.
Elapsed time is 66.858421 seconds.
Elapsed time is 69.944256 seconds.
Elapsed time is 73.813461 seconds.
Elapsed time is 74.927800 seconds.
Elapsed time is 76.497016 seconds.
Elapsed time is 78.407119 seconds.
Elapsed time is 79.736275 seconds.
Elapsed time is 80.656024 seconds.
Elapsed time is 79.660203 seconds.
Elapsed time is 76.645125 seconds.
Elapsed time is 73.705283 seconds.
Elapsed time is 68.301754 seconds.
Elapsed time is 67.003457 seconds.
Elapsed time is 70.736585 seconds.
Elapsed time is 75.959013 seconds.
Elapsed time is 75.449011 seconds.
Elapsed time is 77.868122 seconds.
Elapsed time is 77.875242 seconds.
Elapsed time is 78.167759 seconds.
Elapsed time is 75.428688 seconds.
Elapsed time is 71.003125 seconds.
Elapsed time is 68.629258 seconds.
Elapsed time is 68.051895 seconds.
Elapsed time is 72.525616 seconds.
Elapsed time is 76.964149 seconds.
Elapsed time is 76.730270 seconds.
Elapsed time is 78.051501 seconds.
Elapsed time is 77.106914 seconds.
Elapsed time is 79.076856 seconds.
Elapsed time is 78.122906 seconds.
Elapsed time is 74.992605 seconds.
Elapsed time is 71.389844 seconds.
Elapsed time is 68.030069 seconds.
Elapsed time is 67.185292 seconds.
Elapsed time is 73.548159 seconds.
Elapsed time is 72.949646 seconds.
Elapsed time is 75.282723 seconds.
Elapsed time is 76.924105 seconds.
Elapsed time is 79.925367 seconds.
Elapsed time is 77.426474 seconds.
Elapsed time is 73.860764 seconds.
Elapsed time is 69.094134 seconds.
Elapsed time is 68.090296 seconds.
Elapsed time is 68.716645 seconds.
Elapsed time is 74.847788 seconds.
Elapsed time is 76.014191 seconds.
Elapsed time is 79.430521 seconds.
Elapsed time is 80.382475 seconds.
Elapsed time is 79.886396 seconds.
Elapsed time is 79.013784 seconds.
Elapsed time is 75.294996 seconds.
Elapsed time is 70.850733 seconds.
Elapsed time is 67.368054 seconds.
Elapsed time is 68.015183 seconds.
Elapsed time is 71.248291 seconds.
Elapsed time is 74.252838 seconds.
Elapsed time is 77.071525 seconds.
Elapsed time is 78.010619 seconds.
Elapsed time is 75.424214 seconds.
Elapsed time is 69.637985 seconds.
Elapsed time is 66.891403 seconds.
Elapsed time is 69.916010 seconds.
Elapsed time is 72.579514 seconds.
Elapsed time is 74.027166 seconds.
Elapsed time is 77.549368 seconds.
Elapsed time is 79.770021 seconds.
Elapsed time is 79.049245 seconds.
Elapsed time is 74.715840 seconds.
Elapsed time is 70.753579 seconds.
Elapsed time is 68.063903 seconds.
Elapsed time is 68.197272 seconds.
Elapsed time is 71.863240 seconds.
Elapsed time is 73.959220 seconds.
Elapsed time is 77.546369 seconds.
Elapsed time is 76.536807 seconds.
Elapsed time is 77.358362 seconds.
Elapsed time is 79.889677 seconds.
Elapsed time is 77.229511 seconds.
Elapsed time is 73.296598 seconds.
Elapsed time is 67.657702 seconds.
Elapsed time is 70.236641 seconds.
Elapsed time is 70.410414 seconds.
Elapsed time is 73.245185 seconds.
Elapsed time is 76.245528 seconds.
Elapsed time is 78.800804 seconds.
Elapsed time is 80.249544 seconds.
Elapsed time is 79.394222 seconds.
Elapsed time is 76.021251 seconds.
Elapsed time is 72.291160 seconds.
Elapsed time is 67.262149 seconds.
Elapsed time is 67.382901 seconds.
Elapsed time is 70.973277 seconds.
Elapsed time is 74.046199 seconds.
Elapsed time is 76.292189 seconds.
Elapsed time is 77.391716 seconds.
Elapsed time is 74.921377 seconds.
Elapsed time is 72.770417 seconds.
Elapsed time is 67.598356 seconds.
     5         750         1513.31        1.54e+06        1e-07      0.0267146
Elapsed time is 66.750109 seconds.
Elapsed time is 69.712572 seconds.
Elapsed time is 73.164893 seconds.
Elapsed time is 74.966187 seconds.
Elapsed time is 76.936210 seconds.
Elapsed time is 78.236055 seconds.
Elapsed time is 77.021931 seconds.
Elapsed time is 74.098330 seconds.
Elapsed time is 70.632138 seconds.
Elapsed time is 66.726268 seconds.
Elapsed time is 69.127368 seconds.
Elapsed time is 72.246586 seconds.
Elapsed time is 75.835510 seconds.
Elapsed time is 77.698050 seconds.
Elapsed time is 79.593514 seconds.
Elapsed time is 79.931317 seconds.
Elapsed time is 79.353857 seconds.
Elapsed time is 74.632149 seconds.
Elapsed time is 71.924959 seconds.
Elapsed time is 68.049826 seconds.
Elapsed time is 67.851444 seconds.
Elapsed time is 73.647290 seconds.
Elapsed time is 74.866616 seconds.
Elapsed time is 75.005137 seconds.
Elapsed time is 76.870205 seconds.
Elapsed time is 78.134771 seconds.
Elapsed time is 77.803883 seconds.
Elapsed time is 73.425487 seconds.
Elapsed time is 69.589980 seconds.
Elapsed time is 66.922321 seconds.
Elapsed time is 68.658517 seconds.
Elapsed time is 72.344218 seconds.
Elapsed time is 75.664239 seconds.
Elapsed time is 75.819684 seconds.
Elapsed time is 77.617154 seconds.
Elapsed time is 78.401930 seconds.
Elapsed time is 74.827815 seconds.
Elapsed time is 69.204538 seconds.
Elapsed time is 67.032585 seconds.
Elapsed time is 69.004182 seconds.
Elapsed time is 75.186657 seconds.
Elapsed time is 74.247746 seconds.
Elapsed time is 75.743204 seconds.
Elapsed time is 77.423968 seconds.
Elapsed time is 77.267543 seconds.
Elapsed time is 78.008642 seconds.
Elapsed time is 72.308291 seconds.
Elapsed time is 67.923976 seconds.
Elapsed time is 66.692277 seconds.
Elapsed time is 72.291882 seconds.
Elapsed time is 78.052625 seconds.
Elapsed time is 78.876828 seconds.
Elapsed time is 78.962591 seconds.
Elapsed time is 73.639605 seconds.
Elapsed time is 70.448673 seconds.
Elapsed time is 67.520907 seconds.
Elapsed time is 68.546418 seconds.
Elapsed time is 71.896864 seconds.
Elapsed time is 74.383742 seconds.
Elapsed time is 77.142215 seconds.
Elapsed time is 77.963777 seconds.
Elapsed time is 76.773728 seconds.
Elapsed time is 73.968768 seconds.
Elapsed time is 70.479457 seconds.
Elapsed time is 68.047176 seconds.
Elapsed time is 68.459241 seconds.
Elapsed time is 71.337930 seconds.
Elapsed time is 74.419466 seconds.
Elapsed time is 75.951433 seconds.
Elapsed time is 77.445246 seconds.
Elapsed time is 77.762270 seconds.
Elapsed time is 78.115511 seconds.
Elapsed time is 75.349203 seconds.
Elapsed time is 70.822518 seconds.
Elapsed time is 67.824080 seconds.
Elapsed time is 68.702009 seconds.
Elapsed time is 73.686567 seconds.
Elapsed time is 75.055472 seconds.
Elapsed time is 78.587489 seconds.
Elapsed time is 79.741434 seconds.
Elapsed time is 79.859896 seconds.
Elapsed time is 77.710889 seconds.
Elapsed time is 74.545370 seconds.
Elapsed time is 70.234603 seconds.
Elapsed time is 68.186888 seconds.
Elapsed time is 67.950203 seconds.
Elapsed time is 71.903857 seconds.
Elapsed time is 74.071102 seconds.
Elapsed time is 76.676252 seconds.
Elapsed time is 76.292320 seconds.
Elapsed time is 77.548212 seconds.
Elapsed time is 75.234015 seconds.
Elapsed time is 71.628726 seconds.
Elapsed time is 67.678390 seconds.
Elapsed time is 67.637665 seconds.
Elapsed time is 71.607166 seconds.
Elapsed time is 75.110412 seconds.
Elapsed time is 78.549815 seconds.
Elapsed time is 80.244799 seconds.
Elapsed time is 81.068527 seconds.
Elapsed time is 80.037577 seconds.
Elapsed time is 77.961411 seconds.
Elapsed time is 73.509249 seconds.
Elapsed time is 69.496689 seconds.
Elapsed time is 66.903138 seconds.
Elapsed time is 70.189523 seconds.
Elapsed time is 73.043851 seconds.
Elapsed time is 74.770136 seconds.
Elapsed time is 77.314029 seconds.
Elapsed time is 79.326510 seconds.
Elapsed time is 79.346922 seconds.
Elapsed time is 76.797121 seconds.
Elapsed time is 74.530093 seconds.
Elapsed time is 68.825969 seconds.
Elapsed time is 66.879772 seconds.
Elapsed time is 69.305623 seconds.
Elapsed time is 74.132849 seconds.
Elapsed time is 75.901900 seconds.
Elapsed time is 77.405726 seconds.
Elapsed time is 76.347358 seconds.
Elapsed time is 72.632420 seconds.
Elapsed time is 71.645681 seconds.
Elapsed time is 66.914520 seconds.
Elapsed time is 68.778073 seconds.
Elapsed time is 73.019700 seconds.
     6         875         1456.61        1.16e+06        1e-08      0.0255496
Elapsed time is 74.400278 seconds.
Elapsed time is 76.828131 seconds.
Elapsed time is 78.099441 seconds.
Elapsed time is 78.852944 seconds.
Elapsed time is 75.264504 seconds.
Elapsed time is 70.086042 seconds.
Elapsed time is 66.827560 seconds.
Elapsed time is 68.234204 seconds.
Elapsed time is 73.223988 seconds.
Elapsed time is 74.789950 seconds.
Elapsed time is 76.034322 seconds.
Elapsed time is 78.529816 seconds.
Elapsed time is 78.663344 seconds.
Elapsed time is 76.651957 seconds.
Elapsed time is 72.832279 seconds.
Elapsed time is 68.924282 seconds.
Elapsed time is 66.957040 seconds.
Elapsed time is 69.865154 seconds.
Elapsed time is 73.091948 seconds.
Elapsed time is 75.473602 seconds.
Elapsed time is 77.681291 seconds.
Elapsed time is 80.017923 seconds.
Elapsed time is 77.234213 seconds.
Elapsed time is 75.685571 seconds.
Elapsed time is 70.478207 seconds.
Elapsed time is 67.021194 seconds.
Elapsed time is 68.512187 seconds.
Elapsed time is 74.579029 seconds.
Elapsed time is 75.012700 seconds.
Elapsed time is 77.210433 seconds.
Elapsed time is 76.347819 seconds.
Elapsed time is 77.314873 seconds.
Elapsed time is 77.248573 seconds.
Elapsed time is 77.442544 seconds.
Elapsed time is 74.801908 seconds.
Elapsed time is 72.601790 seconds.
Elapsed time is 67.585202 seconds.
Elapsed time is 67.888210 seconds.
Elapsed time is 71.479532 seconds.
Elapsed time is 74.211573 seconds.
Elapsed time is 76.564299 seconds.
Elapsed time is 79.377276 seconds.
Elapsed time is 79.515392 seconds.
Elapsed time is 80.338420 seconds.
Elapsed time is 77.122421 seconds.
Elapsed time is 74.262974 seconds.
Elapsed time is 69.280086 seconds.
Elapsed time is 67.121819 seconds.
Elapsed time is 73.592980 seconds.
Elapsed time is 73.176607 seconds.
Elapsed time is 75.148757 seconds.
Elapsed time is 75.671756 seconds.
Elapsed time is 76.846494 seconds.
Elapsed time is 79.419355 seconds.
Elapsed time is 79.939830 seconds.
Elapsed time is 79.674539 seconds.
Elapsed time is 75.975805 seconds.
Elapsed time is 71.737205 seconds.
Elapsed time is 67.977021 seconds.
Elapsed time is 67.675535 seconds.
Elapsed time is 71.584719 seconds.
Elapsed time is 75.657374 seconds.
Elapsed time is 76.782968 seconds.
Elapsed time is 79.304095 seconds.
Elapsed time is 78.558605 seconds.
Elapsed time is 79.182922 seconds.
Elapsed time is 78.298561 seconds.
Elapsed time is 75.100950 seconds.
Elapsed time is 69.976866 seconds.
Elapsed time is 67.074989 seconds.
Elapsed time is 67.949073 seconds.
Elapsed time is 71.821549 seconds.
Elapsed time is 74.542450 seconds.
Elapsed time is 75.937381 seconds.
Elapsed time is 79.054141 seconds.
Elapsed time is 74.954002 seconds.
Elapsed time is 72.175710 seconds.
Elapsed time is 68.141900 seconds.
Elapsed time is 67.887085 seconds.
Elapsed time is 72.318954 seconds.
Elapsed time is 74.843714 seconds.
Elapsed time is 77.508215 seconds.
Elapsed time is 78.781661 seconds.
Elapsed time is 76.984453 seconds.
Elapsed time is 73.891325 seconds.
Elapsed time is 69.004893 seconds.
Elapsed time is 67.283824 seconds.
Elapsed time is 69.674511 seconds.
Elapsed time is 72.155018 seconds.
Elapsed time is 74.990846 seconds.
Elapsed time is 76.197571 seconds.
Elapsed time is 77.850282 seconds.
Elapsed time is 78.871687 seconds.
Elapsed time is 76.486798 seconds.
Elapsed time is 70.665938 seconds.
Elapsed time is 67.558225 seconds.
Elapsed time is 67.826868 seconds.
Elapsed time is 71.115023 seconds.
Elapsed time is 75.666685 seconds.
Elapsed time is 77.536474 seconds.
Elapsed time is 78.767256 seconds.
Elapsed time is 79.968393 seconds.
Elapsed time is 77.849302 seconds.
Elapsed time is 76.742602 seconds.
Elapsed time is 70.398401 seconds.
Elapsed time is 69.654995 seconds.
Elapsed time is 67.319513 seconds.
Elapsed time is 71.286031 seconds.
Elapsed time is 75.008091 seconds.
Elapsed time is 76.739931 seconds.
Elapsed time is 77.347508 seconds.
Elapsed time is 79.220517 seconds.
Elapsed time is 79.056247 seconds.
Elapsed time is 78.809278 seconds.
Elapsed time is 78.462973 seconds.
Elapsed time is 77.440115 seconds.
Elapsed time is 71.902788 seconds.
Elapsed time is 67.743256 seconds.
Elapsed time is 68.098955 seconds.
Elapsed time is 70.806481 seconds.
Elapsed time is 72.876437 seconds.
Elapsed time is 75.772267 seconds.
Elapsed time is 84.703362 seconds.
Elapsed time is 79.771208 seconds.
Elapsed time is 77.984396 seconds.
     7        1000         1377.69        2.73e+08        1e-09      0.0377502
Elapsed time is 77.829767 seconds.
Elapsed time is 76.249193 seconds.
Elapsed time is 73.687734 seconds.
Elapsed time is 69.102129 seconds.
Elapsed time is 67.613592 seconds.
Elapsed time is 68.549149 seconds.
Elapsed time is 71.417849 seconds.
Elapsed time is 73.405213 seconds.
Elapsed time is 76.288359 seconds.
Elapsed time is 78.695762 seconds.
Elapsed time is 75.743713 seconds.
Elapsed time is 73.235466 seconds.
Elapsed time is 69.163951 seconds.
Elapsed time is 66.618912 seconds.
Elapsed time is 69.566647 seconds.
Elapsed time is 74.023714 seconds.
Elapsed time is 76.521152 seconds.
Elapsed time is 80.105980 seconds.
Elapsed time is 79.604182 seconds.
Elapsed time is 75.524476 seconds.
Elapsed time is 72.953114 seconds.
Elapsed time is 69.786413 seconds.
Elapsed time is 66.908373 seconds.
Elapsed time is 71.373204 seconds.
Elapsed time is 74.995499 seconds.
Elapsed time is 77.596892 seconds.
Elapsed time is 76.916239 seconds.
Elapsed time is 77.595515 seconds.
Elapsed time is 78.405005 seconds.
Elapsed time is 78.457155 seconds.
Elapsed time is 75.866512 seconds.
Elapsed time is 73.387412 seconds.
Elapsed time is 69.870103 seconds.
Elapsed time is 66.599215 seconds.
Elapsed time is 71.225337 seconds.
Elapsed time is 72.808990 seconds.
Elapsed time is 77.465569 seconds.
Elapsed time is 77.562854 seconds.
Elapsed time is 78.751091 seconds.
Elapsed time is 78.427535 seconds.
Elapsed time is 76.749312 seconds.
Elapsed time is 73.720456 seconds.
Elapsed time is 68.428315 seconds.
Elapsed time is 66.982295 seconds.
Elapsed time is 69.605736 seconds.
Elapsed time is 72.826755 seconds.
Elapsed time is 78.255071 seconds.
Elapsed time is 76.887600 seconds.
Elapsed time is 79.703333 seconds.
Elapsed time is 78.771153 seconds.
Elapsed time is 76.616083 seconds.
Elapsed time is 72.482173 seconds.
Elapsed time is 68.878578 seconds.
Elapsed time is 66.996892 seconds.
Elapsed time is 70.787113 seconds.
Elapsed time is 73.817714 seconds.
Elapsed time is 75.710292 seconds.
Elapsed time is 77.669395 seconds.
Elapsed time is 77.348130 seconds.
Elapsed time is 73.754724 seconds.
Elapsed time is 70.229432 seconds.
Elapsed time is 67.208214 seconds.
Elapsed time is 68.902505 seconds.
Elapsed time is 71.710915 seconds.
Elapsed time is 75.814519 seconds.
Elapsed time is 76.851905 seconds.
Elapsed time is 76.481203 seconds.
Elapsed time is 73.612721 seconds.
Elapsed time is 69.823986 seconds.
Elapsed time is 66.743915 seconds.
Elapsed time is 69.174055 seconds.
Elapsed time is 72.910421 seconds.
Elapsed time is 75.027235 seconds.
Elapsed time is 75.877410 seconds.
Elapsed time is 77.321528 seconds.
Elapsed time is 77.860402 seconds.
Elapsed time is 76.147228 seconds.
Elapsed time is 72.573521 seconds.
Elapsed time is 68.464130 seconds.
Elapsed time is 66.957219 seconds.
Elapsed time is 70.196898 seconds.
Elapsed time is 72.510643 seconds.
Elapsed time is 75.441122 seconds.
Elapsed time is 76.997250 seconds.
Elapsed time is 77.756197 seconds.
Elapsed time is 78.834598 seconds.
Elapsed time is 75.149049 seconds.
Elapsed time is 70.762930 seconds.
Elapsed time is 68.368251 seconds.
Elapsed time is 67.547553 seconds.
Elapsed time is 74.435394 seconds.
Elapsed time is 73.586900 seconds.
Elapsed time is 74.874694 seconds.
Elapsed time is 75.451357 seconds.
Elapsed time is 77.789716 seconds.
Elapsed time is 76.324346 seconds.
Elapsed time is 73.062685 seconds.
Elapsed time is 68.874301 seconds.
Elapsed time is 66.974812 seconds.
Elapsed time is 69.522553 seconds.
Elapsed time is 71.996646 seconds.
Elapsed time is 74.615633 seconds.
Elapsed time is 76.867721 seconds.
Elapsed time is 77.493716 seconds.
Elapsed time is 77.201003 seconds.
Elapsed time is 73.818972 seconds.
Elapsed time is 71.081155 seconds.
Elapsed time is 66.678396 seconds.
Elapsed time is 69.223766 seconds.
Elapsed time is 73.686830 seconds.
Elapsed time is 75.421399 seconds.
Elapsed time is 77.372750 seconds.
Elapsed time is 77.567535 seconds.
Elapsed time is 73.727223 seconds.
Elapsed time is 69.166686 seconds.
Elapsed time is 66.693970 seconds.
Elapsed time is 69.296706 seconds.
Elapsed time is 72.564456 seconds.
Elapsed time is 75.378929 seconds.
Elapsed time is 77.039127 seconds.
Elapsed time is 77.901459 seconds.
Elapsed time is 74.428743 seconds.
Elapsed time is 70.513772 seconds.
Elapsed time is 67.227007 seconds.
Elapsed time is 68.676414 seconds.
     8        1125         1362.39         5.3e+05        1e-10      0.0247859
Elapsed time is 70.204953 seconds.
Elapsed time is 73.834044 seconds.
Elapsed time is 76.614172 seconds.
Elapsed time is 79.539820 seconds.
Elapsed time is 77.649285 seconds.
Elapsed time is 74.532539 seconds.
Elapsed time is 70.934788 seconds.
Elapsed time is 66.419203 seconds.
Elapsed time is 69.672110 seconds.
Elapsed time is 75.499308 seconds.
Elapsed time is 74.060087 seconds.
Elapsed time is 75.730673 seconds.
Elapsed time is 78.023862 seconds.
Elapsed time is 77.350984 seconds.
Elapsed time is 74.205792 seconds.
Elapsed time is 69.920246 seconds.
Elapsed time is 66.869944 seconds.
Elapsed time is 69.404759 seconds.
Elapsed time is 75.412370 seconds.
Elapsed time is 75.437956 seconds.
Elapsed time is 77.191334 seconds.
Elapsed time is 79.008245 seconds.
Elapsed time is 78.328934 seconds.
Elapsed time is 73.927030 seconds.
Elapsed time is 70.868246 seconds.
Elapsed time is 67.607918 seconds.
Elapsed time is 68.540319 seconds.
Elapsed time is 71.054274 seconds.
Elapsed time is 74.408969 seconds.
Elapsed time is 76.674183 seconds.
Elapsed time is 79.731281 seconds.
Elapsed time is 79.413262 seconds.
Elapsed time is 76.934218 seconds.
Elapsed time is 73.633251 seconds.
Elapsed time is 68.284117 seconds.
Elapsed time is 66.900286 seconds.
Elapsed time is 71.461038 seconds.
Elapsed time is 73.931480 seconds.
Elapsed time is 77.022715 seconds.
Elapsed time is 77.267471 seconds.
Elapsed time is 77.494420 seconds.
Elapsed time is 74.655133 seconds.
Elapsed time is 71.199832 seconds.
Elapsed time is 67.474583 seconds.
Elapsed time is 68.068411 seconds.
Elapsed time is 72.678169 seconds.
Elapsed time is 75.184707 seconds.
Elapsed time is 76.733010 seconds.
Elapsed time is 78.449746 seconds.
Elapsed time is 77.149179 seconds.
Elapsed time is 73.927695 seconds.
Elapsed time is 70.394062 seconds.
Elapsed time is 66.782083 seconds.
Elapsed time is 68.515258 seconds.
Elapsed time is 71.754797 seconds.
Elapsed time is 75.546821 seconds.
Elapsed time is 78.587136 seconds.
Elapsed time is 78.990165 seconds.
Elapsed time is 77.762575 seconds.
Elapsed time is 75.156385 seconds.
Elapsed time is 72.595018 seconds.
Elapsed time is 68.255426 seconds.
Elapsed time is 67.215641 seconds.
Elapsed time is 72.033157 seconds.
Elapsed time is 72.788084 seconds.
Elapsed time is 74.900555 seconds.
Elapsed time is 76.289021 seconds.
Elapsed time is 78.190258 seconds.
Elapsed time is 77.236554 seconds.
Elapsed time is 74.117737 seconds.
Elapsed time is 69.824665 seconds.
Elapsed time is 67.493421 seconds.
Elapsed time is 68.579481 seconds.
Elapsed time is 73.291318 seconds.
Elapsed time is 76.707704 seconds.
Elapsed time is 78.415319 seconds.
Elapsed time is 78.835164 seconds.
Elapsed time is 78.693188 seconds.
Elapsed time is 75.517138 seconds.
Elapsed time is 71.177181 seconds.
Elapsed time is 67.084226 seconds.
Elapsed time is 68.450785 seconds.
Elapsed time is 75.045212 seconds.
Elapsed time is 74.841584 seconds.
Elapsed time is 77.281745 seconds.
Elapsed time is 78.587228 seconds.
Elapsed time is 79.792005 seconds.
Elapsed time is 79.634287 seconds.
Elapsed time is 77.897594 seconds.
Elapsed time is 75.215011 seconds.
Elapsed time is 69.671303 seconds.
Elapsed time is 67.575617 seconds.
Elapsed time is 68.043299 seconds.
Elapsed time is 72.965823 seconds.
Elapsed time is 74.386487 seconds.
Elapsed time is 76.071921 seconds.
Elapsed time is 78.671453 seconds.
Elapsed time is 77.528840 seconds.
Elapsed time is 74.822152 seconds.
Elapsed time is 70.402834 seconds.
Elapsed time is 67.419166 seconds.
Elapsed time is 68.843844 seconds.
Elapsed time is 71.303843 seconds.
Elapsed time is 74.458788 seconds.
Elapsed time is 76.303712 seconds.
Elapsed time is 78.835532 seconds.
Elapsed time is 78.350991 seconds.
Elapsed time is 74.959478 seconds.
Elapsed time is 70.050342 seconds.
Elapsed time is 68.077991 seconds.
Elapsed time is 67.182742 seconds.
Elapsed time is 70.934589 seconds.
Elapsed time is 73.885920 seconds.
Elapsed time is 78.118878 seconds.
Elapsed time is 77.985443 seconds.
Elapsed time is 76.991148 seconds.
Elapsed time is 73.818652 seconds.
Elapsed time is 70.421928 seconds.
Elapsed time is 66.703261 seconds.
Elapsed time is 68.916354 seconds.
Elapsed time is 75.646664 seconds.
Elapsed time is 72.308219 seconds.
Elapsed time is 75.397981 seconds.
Elapsed time is 76.847564 seconds.
Elapsed time is 78.034017 seconds.
     9        1250         1320.08        2.72e+05        1e-11      0.0144151
Elapsed time is 77.906954 seconds.
Elapsed time is 74.476955 seconds.
Elapsed time is 71.368553 seconds.
Elapsed time is 67.908870 seconds.
Elapsed time is 67.813496 seconds.
Elapsed time is 70.409011 seconds.
Elapsed time is 74.314614 seconds.
Elapsed time is 76.427791 seconds.
Elapsed time is 78.045404 seconds.
Elapsed time is 75.929296 seconds.
Elapsed time is 73.506634 seconds.
Elapsed time is 68.866662 seconds.
Elapsed time is 66.701606 seconds.
Elapsed time is 69.739732 seconds.
Elapsed time is 73.478088 seconds.
Elapsed time is 77.185164 seconds.
Elapsed time is 78.596158 seconds.
Elapsed time is 77.082800 seconds.
Elapsed time is 75.756638 seconds.
Elapsed time is 69.569066 seconds.
Elapsed time is 67.124373 seconds.
Elapsed time is 69.319104 seconds.
Elapsed time is 73.138391 seconds.
Elapsed time is 75.112454 seconds.
Elapsed time is 77.556589 seconds.
Elapsed time is 77.951613 seconds.
Elapsed time is 75.284584 seconds.
Elapsed time is 71.918095 seconds.
Elapsed time is 67.435333 seconds.
Elapsed time is 67.108424 seconds.
Elapsed time is 71.668378 seconds.
Elapsed time is 74.151473 seconds.
Elapsed time is 76.834162 seconds.
Elapsed time is 77.273301 seconds.
Elapsed time is 77.620115 seconds.
Elapsed time is 74.805054 seconds.
Elapsed time is 70.195467 seconds.
Elapsed time is 67.082242 seconds.
Elapsed time is 67.783623 seconds.
Elapsed time is 72.060726 seconds.
Elapsed time is 74.120824 seconds.
Elapsed time is 76.125650 seconds.
Elapsed time is 77.731482 seconds.
Elapsed time is 75.876147 seconds.
Elapsed time is 73.064051 seconds.
Elapsed time is 68.322791 seconds.
Elapsed time is 67.052709 seconds.
Elapsed time is 70.338957 seconds.
Elapsed time is 73.504560 seconds.
Elapsed time is 76.624078 seconds.
Elapsed time is 78.062486 seconds.
Elapsed time is 77.909056 seconds.
Elapsed time is 78.528107 seconds.
Elapsed time is 75.546659 seconds.
Elapsed time is 71.017586 seconds.
Elapsed time is 67.421912 seconds.
Elapsed time is 67.711222 seconds.
Elapsed time is 71.834099 seconds.
Elapsed time is 74.339999 seconds.
Elapsed time is 76.768650 seconds.
Elapsed time is 78.275056 seconds.
Elapsed time is 76.863763 seconds.
Elapsed time is 74.233386 seconds.
Elapsed time is 69.634293 seconds.
Elapsed time is 66.691255 seconds.
Elapsed time is 69.092192 seconds.
Elapsed time is 71.714609 seconds.
Elapsed time is 74.200107 seconds.
Elapsed time is 77.549060 seconds.
Elapsed time is 79.020706 seconds.
Elapsed time is 79.442743 seconds.
Elapsed time is 76.250360 seconds.
Elapsed time is 72.671225 seconds.
Elapsed time is 67.907669 seconds.
Elapsed time is 67.713444 seconds.
Elapsed time is 70.860532 seconds.
Elapsed time is 73.040891 seconds.
Elapsed time is 75.457807 seconds.
Elapsed time is 76.896028 seconds.
Elapsed time is 78.037973 seconds.
Elapsed time is 77.981239 seconds.
Elapsed time is 74.651298 seconds.
Elapsed time is 69.948686 seconds.
Elapsed time is 67.222097 seconds.
Elapsed time is 68.580211 seconds.
Elapsed time is 71.893053 seconds.
Elapsed time is 74.078003 seconds.
Elapsed time is 77.762654 seconds.
Elapsed time is 77.413598 seconds.
Elapsed time is 78.687960 seconds.
Elapsed time is 75.719475 seconds.
Elapsed time is 72.813641 seconds.
Elapsed time is 69.154703 seconds.
Elapsed time is 67.069055 seconds.
Elapsed time is 69.853817 seconds.
Elapsed time is 73.935691 seconds.
Elapsed time is 76.117951 seconds.
Elapsed time is 77.552523 seconds.
Elapsed time is 79.617828 seconds.
Elapsed time is 77.260630 seconds.
Elapsed time is 75.310086 seconds.
Elapsed time is 69.440293 seconds.
Elapsed time is 67.558886 seconds.
Elapsed time is 68.684968 seconds.
Elapsed time is 72.031258 seconds.
Elapsed time is 74.406660 seconds.
Elapsed time is 77.570030 seconds.
Elapsed time is 78.588173 seconds.
Elapsed time is 78.035636 seconds.
Elapsed time is 78.262471 seconds.
Elapsed time is 72.976698 seconds.
Elapsed time is 68.974380 seconds.
Elapsed time is 68.843764 seconds.
Elapsed time is 69.205438 seconds.
Elapsed time is 72.971857 seconds.
Elapsed time is 75.495482 seconds.
Elapsed time is 78.012821 seconds.
Elapsed time is 78.162734 seconds.
Elapsed time is 78.631548 seconds.
Elapsed time is 75.872471 seconds.
Elapsed time is 73.243254 seconds.
Elapsed time is 67.701534 seconds.
Elapsed time is 68.035983 seconds.
Elapsed time is 69.904624 seconds.
Elapsed time is 73.310990 seconds.
    10        1375         1281.67        2.45e+05        1e-12      0.0174487
Elapsed time is 74.129532 seconds.
Elapsed time is 77.403933 seconds.
Elapsed time is 77.379016 seconds.
Elapsed time is 77.684938 seconds.
Elapsed time is 74.470692 seconds.
Elapsed time is 69.265914 seconds.
Elapsed time is 66.941288 seconds.
Elapsed time is 68.099126 seconds.
Elapsed time is 71.573313 seconds.
Elapsed time is 74.569269 seconds.
Elapsed time is 76.134911 seconds.
Elapsed time is 77.622661 seconds.
Elapsed time is 77.025321 seconds.
Elapsed time is 73.423992 seconds.
Elapsed time is 69.350701 seconds.
Elapsed time is 67.550786 seconds.
Elapsed time is 69.109845 seconds.
Elapsed time is 72.505270 seconds.
Elapsed time is 75.361551 seconds.
Elapsed time is 79.128453 seconds.
Elapsed time is 78.952868 seconds.
Elapsed time is 78.245722 seconds.
Elapsed time is 76.767233 seconds.
Elapsed time is 72.838087 seconds.
Elapsed time is 68.593156 seconds.
Elapsed time is 66.922097 seconds.
Elapsed time is 70.778761 seconds.
Elapsed time is 73.717467 seconds.
Elapsed time is 76.437143 seconds.
Elapsed time is 78.355974 seconds.
Elapsed time is 80.399409 seconds.
Elapsed time is 78.018511 seconds.
Elapsed time is 74.550087 seconds.
Elapsed time is 71.696617 seconds.
Elapsed time is 67.819692 seconds.
Elapsed time is 67.261967 seconds.
Elapsed time is 72.518042 seconds.
Elapsed time is 76.767807 seconds.
Elapsed time is 78.353532 seconds.
Elapsed time is 79.181783 seconds.
Elapsed time is 78.138184 seconds.
Elapsed time is 73.913469 seconds.
Elapsed time is 70.159046 seconds.
Elapsed time is 66.586906 seconds.
Elapsed time is 69.553669 seconds.
Elapsed time is 73.331688 seconds.
Elapsed time is 75.579583 seconds.
Elapsed time is 78.664388 seconds.
Elapsed time is 78.804033 seconds.
Elapsed time is 77.906689 seconds.
Elapsed time is 74.852424 seconds.
Elapsed time is 71.304073 seconds.
Elapsed time is 67.951123 seconds.
Elapsed time is 69.399941 seconds.
Elapsed time is 69.659142 seconds.
Elapsed time is 74.920984 seconds.
Elapsed time is 76.545148 seconds.
Elapsed time is 79.216224 seconds.
Elapsed time is 79.341269 seconds.
Elapsed time is 79.822006 seconds.
Elapsed time is 78.530076 seconds.
Elapsed time is 77.889418 seconds.
Elapsed time is 73.038577 seconds.
Elapsed time is 67.673738 seconds.
Elapsed time is 66.900974 seconds.
Elapsed time is 70.233269 seconds.
Elapsed time is 75.781370 seconds.
Elapsed time is 76.090542 seconds.
Elapsed time is 78.844558 seconds.
Elapsed time is 80.200686 seconds.
Elapsed time is 78.475184 seconds.
Elapsed time is 77.717636 seconds.
Elapsed time is 74.079524 seconds.
Elapsed time is 70.532256 seconds.
Elapsed time is 66.466411 seconds.
Elapsed time is 68.632498 seconds.
Elapsed time is 71.712657 seconds.
Elapsed time is 74.801681 seconds.
Elapsed time is 75.656468 seconds.
Elapsed time is 77.486986 seconds.
Elapsed time is 77.284300 seconds.
Elapsed time is 74.151890 seconds.
Elapsed time is 69.833897 seconds.
Elapsed time is 67.141420 seconds.
Elapsed time is 68.113184 seconds.
Elapsed time is 71.333105 seconds.
Elapsed time is 75.657878 seconds.
Elapsed time is 78.400021 seconds.
Elapsed time is 79.310946 seconds.
Elapsed time is 79.555186 seconds.
Elapsed time is 79.149253 seconds.
Elapsed time is 77.131434 seconds.
Elapsed time is 71.932264 seconds.
Elapsed time is 68.238664 seconds.
Elapsed time is 66.885113 seconds.
Elapsed time is 73.131973 seconds.
Elapsed time is 75.559625 seconds.
Elapsed time is 76.255978 seconds.
Elapsed time is 78.280317 seconds.
Elapsed time is 78.960116 seconds.
Elapsed time is 77.424379 seconds.
Elapsed time is 75.583720 seconds.
Elapsed time is 71.209832 seconds.
Elapsed time is 67.703354 seconds.
Elapsed time is 67.239741 seconds.
Elapsed time is 71.727839 seconds.
Elapsed time is 73.660803 seconds.
Elapsed time is 76.894049 seconds.
Elapsed time is 76.918189 seconds.
Elapsed time is 78.685151 seconds.
Elapsed time is 77.126798 seconds.
Elapsed time is 73.898469 seconds.
Elapsed time is 69.344292 seconds.
Elapsed time is 67.154650 seconds.
Elapsed time is 69.879637 seconds.
Elapsed time is 73.919638 seconds.
Elapsed time is 78.006637 seconds.
Elapsed time is 77.821595 seconds.
Elapsed time is 77.611496 seconds.
Elapsed time is 78.632553 seconds.
Elapsed time is 76.908008 seconds.
Elapsed time is 73.890122 seconds.
Elapsed time is 69.455473 seconds.
Elapsed time is 66.841384 seconds.
Elapsed time is 69.202129 seconds.
    11        1500         1276.08        7.55e+04        1e-13      0.0122969
Elapsed time is 70.000412 seconds.
Elapsed time is 73.342780 seconds.
Elapsed time is 74.152277 seconds.
Elapsed time is 77.331687 seconds.
Elapsed time is 78.391995 seconds.
Elapsed time is 79.318741 seconds.
Elapsed time is 75.722127 seconds.
Elapsed time is 71.490538 seconds.
Elapsed time is 67.229442 seconds.
Elapsed time is 67.600458 seconds.
Elapsed time is 71.530830 seconds.
Elapsed time is 75.878057 seconds.
Elapsed time is 75.899532 seconds.
Elapsed time is 78.021099 seconds.
Elapsed time is 78.647170 seconds.
Elapsed time is 76.429569 seconds.
Elapsed time is 73.627631 seconds.
Elapsed time is 68.280374 seconds.
Elapsed time is 66.744838 seconds.
Elapsed time is 69.448885 seconds.
Elapsed time is 73.002282 seconds.
Elapsed time is 76.087798 seconds.
Elapsed time is 78.104458 seconds.
Elapsed time is 78.720094 seconds.
Elapsed time is 76.756127 seconds.
Elapsed time is 71.774431 seconds.
Elapsed time is 68.147605 seconds.
Elapsed time is 68.044641 seconds.
Elapsed time is 70.430059 seconds.
Elapsed time is 75.324178 seconds.
Elapsed time is 76.699444 seconds.
Elapsed time is 77.900340 seconds.
Elapsed time is 77.136685 seconds.
Elapsed time is 77.767613 seconds.
Elapsed time is 76.830217 seconds.
Elapsed time is 73.967485 seconds.
Elapsed time is 71.211489 seconds.
Elapsed time is 66.558965 seconds.
Elapsed time is 69.023673 seconds.
Elapsed time is 72.626507 seconds.
Elapsed time is 75.114533 seconds.
Elapsed time is 75.976098 seconds.
Elapsed time is 78.465659 seconds.
Elapsed time is 78.534648 seconds.
Elapsed time is 77.417788 seconds.
Elapsed time is 73.167100 seconds.
Elapsed time is 69.604150 seconds.
Elapsed time is 66.569667 seconds.
Elapsed time is 70.388802 seconds.
Elapsed time is 72.699075 seconds.
Elapsed time is 76.935518 seconds.
Elapsed time is 78.201815 seconds.
Elapsed time is 75.699156 seconds.
Elapsed time is 71.352550 seconds.
Elapsed time is 68.687623 seconds.
Elapsed time is 66.915764 seconds.
Elapsed time is 71.049346 seconds.
Elapsed time is 73.627801 seconds.
Elapsed time is 76.133559 seconds.
Elapsed time is 77.516331 seconds.
Elapsed time is 76.588485 seconds.
Elapsed time is 73.902108 seconds.
Elapsed time is 70.168643 seconds.
Elapsed time is 66.843569 seconds.
Elapsed time is 69.224867 seconds.
Elapsed time is 73.340629 seconds.
Elapsed time is 74.262898 seconds.
Elapsed time is 76.357029 seconds.
Elapsed time is 78.464281 seconds.
Elapsed time is 76.819134 seconds.
Elapsed time is 73.004399 seconds.
Elapsed time is 70.310749 seconds.
Elapsed time is 67.123559 seconds.
Elapsed time is 69.716655 seconds.
Elapsed time is 72.951566 seconds.
Elapsed time is 74.647974 seconds.
Elapsed time is 77.181801 seconds.
Elapsed time is 77.356347 seconds.
Elapsed time is 77.218484 seconds.
Elapsed time is 73.901018 seconds.
Elapsed time is 70.272758 seconds.
Elapsed time is 67.155785 seconds.
Elapsed time is 68.843758 seconds.
Elapsed time is 72.864373 seconds.
Elapsed time is 74.521698 seconds.
Elapsed time is 76.606434 seconds.
Elapsed time is 78.033246 seconds.
Elapsed time is 76.570166 seconds.
Elapsed time is 73.876040 seconds.
Elapsed time is 67.632912 seconds.
Elapsed time is 67.990644 seconds.
Elapsed time is 69.734458 seconds.
Elapsed time is 73.871210 seconds.
Elapsed time is 74.963809 seconds.
Elapsed time is 78.734470 seconds.
Elapsed time is 78.944136 seconds.
Elapsed time is 79.769231 seconds.
Elapsed time is 78.068329 seconds.
Elapsed time is 75.342591 seconds.
Elapsed time is 70.077272 seconds.
Elapsed time is 66.755033 seconds.
Elapsed time is 68.504416 seconds.
Elapsed time is 72.246304 seconds.
Elapsed time is 76.139014 seconds.
Elapsed time is 78.103558 seconds.
Elapsed time is 79.825651 seconds.
Elapsed time is 78.141595 seconds.
Elapsed time is 75.038956 seconds.
Elapsed time is 70.307740 seconds.
Elapsed time is 67.329640 seconds.
Elapsed time is 68.050789 seconds.
Elapsed time is 70.857644 seconds.
Elapsed time is 74.022397 seconds.
Elapsed time is 76.328592 seconds.
Elapsed time is 77.344128 seconds.
Elapsed time is 75.994671 seconds.
Elapsed time is 72.924242 seconds.
Elapsed time is 68.556352 seconds.
Elapsed time is 67.167446 seconds.
Elapsed time is 70.155117 seconds.
Elapsed time is 73.492270 seconds.
Elapsed time is 75.319526 seconds.
Elapsed time is 75.799225 seconds.
Elapsed time is 77.213898 seconds.
Elapsed time is 78.354515 seconds.
    12        1625         1230.43        6.11e+04        1e-14      0.0240573
Elapsed time is 76.202483 seconds.
Elapsed time is 75.023698 seconds.
Elapsed time is 72.271493 seconds.
Elapsed time is 69.374810 seconds.
Elapsed time is 66.888685 seconds.
Elapsed time is 66.911970 seconds.
Elapsed time is 69.262492 seconds.
Elapsed time is 70.342487 seconds.
Elapsed time is 70.885993 seconds.
Elapsed time is 72.019341 seconds.
Elapsed time is 72.338636 seconds.
Elapsed time is 72.466097 seconds.
Elapsed time is 73.036304 seconds.
Elapsed time is 74.578604 seconds.
Elapsed time is 76.216396 seconds.
Elapsed time is 77.055781 seconds.
Elapsed time is 76.189600 seconds.
Elapsed time is 75.731220 seconds.
Elapsed time is 78.167935 seconds.
Elapsed time is 77.792172 seconds.
Elapsed time is 77.874377 seconds.
Elapsed time is 76.973522 seconds.
Elapsed time is 73.303621 seconds.
Elapsed time is 67.925944 seconds.
Elapsed time is 66.997061 seconds.
Elapsed time is 70.958047 seconds.
Elapsed time is 74.070525 seconds.
Elapsed time is 74.696911 seconds.
Elapsed time is 77.209325 seconds.
Elapsed time is 78.079375 seconds.
Elapsed time is 75.525700 seconds.
Elapsed time is 71.442401 seconds.
Elapsed time is 67.493458 seconds.
Elapsed time is 67.619777 seconds.
Elapsed time is 70.732165 seconds.
Elapsed time is 73.515274 seconds.
Elapsed time is 76.495366 seconds.
Elapsed time is 78.278051 seconds.
Elapsed time is 77.443525 seconds.
Elapsed time is 74.568817 seconds.
Elapsed time is 69.440612 seconds.
Elapsed time is 66.667839 seconds.
Elapsed time is 68.537800 seconds.
Elapsed time is 71.720694 seconds.
Elapsed time is 74.063396 seconds.
Elapsed time is 76.243569 seconds.
Elapsed time is 77.925959 seconds.
Elapsed time is 76.839237 seconds.
Elapsed time is 76.310756 seconds.
Elapsed time is 70.961645 seconds.
Elapsed time is 66.770905 seconds.
Elapsed time is 68.269970 seconds.
Elapsed time is 71.032940 seconds.
Elapsed time is 73.485486 seconds.
Elapsed time is 76.085696 seconds.
Elapsed time is 78.302523 seconds.
Elapsed time is 77.898958 seconds.
Elapsed time is 74.735105 seconds.
Elapsed time is 69.463989 seconds.
Elapsed time is 67.411323 seconds.
Elapsed time is 68.763163 seconds.
Elapsed time is 72.632081 seconds.
Elapsed time is 77.779581 seconds.
Elapsed time is 78.873425 seconds.
Elapsed time is 74.188533 seconds.
Elapsed time is 67.594493 seconds.
Elapsed time is 67.930510 seconds.
Elapsed time is 71.284451 seconds.
Elapsed time is 75.289236 seconds.
Elapsed time is 77.054217 seconds.
Elapsed time is 77.507983 seconds.
Elapsed time is 76.547501 seconds.
Elapsed time is 72.682569 seconds.
Elapsed time is 68.396107 seconds.
Elapsed time is 67.874106 seconds.
Elapsed time is 71.861972 seconds.
Elapsed time is 74.622790 seconds.
Elapsed time is 77.261953 seconds.
Elapsed time is 80.407858 seconds.
Elapsed time is 78.183709 seconds.
Elapsed time is 72.915621 seconds.
Elapsed time is 68.650891 seconds.
Elapsed time is 66.880607 seconds.
Elapsed time is 70.466768 seconds.
Elapsed time is 73.941567 seconds.
Elapsed time is 77.418365 seconds.
Elapsed time is 78.215801 seconds.
Elapsed time is 71.545936 seconds.
Elapsed time is 68.175427 seconds.
Elapsed time is 67.734078 seconds.
Elapsed time is 71.199725 seconds.
Elapsed time is 74.119710 seconds.
Elapsed time is 76.918516 seconds.
Elapsed time is 76.281917 seconds.
Elapsed time is 73.776749 seconds.
Elapsed time is 67.901871 seconds.
Elapsed time is 67.034520 seconds.
Elapsed time is 70.695878 seconds.
Elapsed time is 73.252151 seconds.
Elapsed time is 76.460346 seconds.
Elapsed time is 79.329920 seconds.
Elapsed time is 78.382790 seconds.
Elapsed time is 77.648987 seconds.
Elapsed time is 75.195530 seconds.
Elapsed time is 71.156670 seconds.
Elapsed time is 68.309062 seconds.
Elapsed time is 67.489196 seconds.
Elapsed time is 73.362908 seconds.
Elapsed time is 75.314924 seconds.
Elapsed time is 78.268748 seconds.
Elapsed time is 78.717698 seconds.
Elapsed time is 77.745989 seconds.
Elapsed time is 75.556662 seconds.
Elapsed time is 70.552510 seconds.
Elapsed time is 67.026483 seconds.
Elapsed time is 68.115042 seconds.
Elapsed time is 71.763383 seconds.
Elapsed time is 76.388543 seconds.
Elapsed time is 79.482717 seconds.
Elapsed time is 78.663238 seconds.
Elapsed time is 77.410424 seconds.
Elapsed time is 74.062910 seconds.
Elapsed time is 70.200946 seconds.
Elapsed time is 67.353031 seconds.
Elapsed time is 68.350786 seconds.
Elapsed time is 72.700071 seconds.
Elapsed time is 77.521108 seconds.
Elapsed time is 77.916824 seconds.
Elapsed time is 79.499205 seconds.
Elapsed time is 79.695096 seconds.
Elapsed time is 79.253014 seconds.
Elapsed time is 75.920338 seconds.
Elapsed time is 74.074308 seconds.
Elapsed time is 68.228307 seconds.
Elapsed time is 66.930376 seconds.
Elapsed time is 71.125557 seconds.
Elapsed time is 74.163624 seconds.
Elapsed time is 75.865670 seconds.
Elapsed time is 78.336024 seconds.
Elapsed time is 77.417831 seconds.
Elapsed time is 74.008707 seconds.
Elapsed time is 69.802462 seconds.
Elapsed time is 66.839025 seconds.
    13        1768         1215.33        6.18e+05        10000      0.0128593
Elapsed time is 67.463998 seconds.
Elapsed time is 69.505988 seconds.
Elapsed time is 71.542482 seconds.
Elapsed time is 73.790533 seconds.
Elapsed time is 76.932568 seconds.
Elapsed time is 78.236221 seconds.
Elapsed time is 76.973031 seconds.
Elapsed time is 73.875711 seconds.
Elapsed time is 70.843478 seconds.
Elapsed time is 66.826270 seconds.
Elapsed time is 68.908610 seconds.
Elapsed time is 72.979438 seconds.
Elapsed time is 76.238950 seconds.
Elapsed time is 79.337449 seconds.
Elapsed time is 78.289904 seconds.
Elapsed time is 79.879467 seconds.
Elapsed time is 80.553096 seconds.
Elapsed time is 78.107124 seconds.
Elapsed time is 75.838228 seconds.
Elapsed time is 70.634206 seconds.
Elapsed time is 68.088878 seconds.
Elapsed time is 68.452759 seconds.
Elapsed time is 71.540287 seconds.
Elapsed time is 74.078937 seconds.
Elapsed time is 76.184938 seconds.
Elapsed time is 78.226122 seconds.
Elapsed time is 79.164603 seconds.
Elapsed time is 78.236928 seconds.
Elapsed time is 75.927994 seconds.
Elapsed time is 72.126380 seconds.
Elapsed time is 68.308817 seconds.
Elapsed time is 67.512869 seconds.
Elapsed time is 72.229868 seconds.
Elapsed time is 73.753367 seconds.
Elapsed time is 76.184838 seconds.
Elapsed time is 77.912129 seconds.
Elapsed time is 76.532756 seconds.
Elapsed time is 72.920023 seconds.
Elapsed time is 68.771792 seconds.
Elapsed time is 65.938952 seconds.
Elapsed time is 77.874044 seconds.
Elapsed time is 73.403988 seconds.
Elapsed time is 68.857000 seconds.
Elapsed time is 67.647424 seconds.
Elapsed time is 70.641654 seconds.
Elapsed time is 73.435255 seconds.
Elapsed time is 76.520682 seconds.
Elapsed time is 78.621969 seconds.
Elapsed time is 79.264333 seconds.
Elapsed time is 75.608087 seconds.
Elapsed time is 71.662796 seconds.
Elapsed time is 67.835399 seconds.
Elapsed time is 67.664899 seconds.
Elapsed time is 71.101275 seconds.
Elapsed time is 74.604181 seconds.
Elapsed time is 76.152583 seconds.
Elapsed time is 78.183618 seconds.
Elapsed time is 76.734583 seconds.
Elapsed time is 73.374209 seconds.
Elapsed time is 68.078302 seconds.
Elapsed time is 66.627622 seconds.
Elapsed time is 70.179052 seconds.
Elapsed time is 75.467867 seconds.
Elapsed time is 78.706239 seconds.
Elapsed time is 78.890845 seconds.
Elapsed time is 79.163495 seconds.
Elapsed time is 77.520520 seconds.
Elapsed time is 73.702623 seconds.
Elapsed time is 69.097158 seconds.
Elapsed time is 66.996806 seconds.
Elapsed time is 69.506077 seconds.
Elapsed time is 74.560215 seconds.
Elapsed time is 76.117562 seconds.
Elapsed time is 77.026934 seconds.
Elapsed time is 78.427777 seconds.
Elapsed time is 79.777755 seconds.
Elapsed time is 76.326051 seconds.
Elapsed time is 72.395060 seconds.
Elapsed time is 83.293080 seconds.
Elapsed time is 66.842558 seconds.
Elapsed time is 67.490867 seconds.
Elapsed time is 72.429052 seconds.
Elapsed time is 74.452446 seconds.
Elapsed time is 75.830861 seconds.
Elapsed time is 78.263396 seconds.
Elapsed time is 78.545845 seconds.
Elapsed time is 74.613205 seconds.
Elapsed time is 69.114608 seconds.
Elapsed time is 66.932949 seconds.
Elapsed time is 69.239178 seconds.
Elapsed time is 72.604647 seconds.
Elapsed time is 73.969534 seconds.
Elapsed time is 77.177715 seconds.
Elapsed time is 79.413264 seconds.
Elapsed time is 79.029643 seconds.
Elapsed time is 76.519952 seconds.
Elapsed time is 72.294462 seconds.
Elapsed time is 69.114202 seconds.
Elapsed time is 67.344741 seconds.
Elapsed time is 70.610728 seconds.
Elapsed time is 73.865811 seconds.
Elapsed time is 76.723812 seconds.
Elapsed time is 78.934969 seconds.
Elapsed time is 79.491445 seconds.
Elapsed time is 78.455673 seconds.
Elapsed time is 74.952900 seconds.
Elapsed time is 70.174048 seconds.
Elapsed time is 69.481734 seconds.
Elapsed time is 67.019863 seconds.
Elapsed time is 70.460432 seconds.
Elapsed time is 75.012447 seconds.
Elapsed time is 76.544891 seconds.
Elapsed time is 79.459937 seconds.
Elapsed time is 80.215364 seconds.
Elapsed time is 78.657608 seconds.
Elapsed time is 78.064533 seconds.
Elapsed time is 73.657207 seconds.
Elapsed time is 68.589000 seconds.
Elapsed time is 66.828777 seconds.
Elapsed time is 69.821121 seconds.
Elapsed time is 74.353157 seconds.
Elapsed time is 74.861798 seconds.
Elapsed time is 76.300093 seconds.
Elapsed time is 78.758935 seconds.
Elapsed time is 78.224499 seconds.
Elapsed time is 76.045143 seconds.
Elapsed time is 70.453402 seconds.
    14        1895         1203.74        1.19e+07        1e+06     0.00256634
Elapsed time is 67.901955 seconds.

Local minimum possible.

lsqnonlin stopped because the relative size of the current step is less than
the default value of the step size tolerance.



map
   1.0e+03 *

    1.3784         0    0.9502
         0    1.3628    0.5382
         0         0    0.0010

Parallel pool using the 'local' profile is shutting down.
  message with properties:

    Identifier: 'MATLAB:connector:connector:ConnectorNotRunning'
     Arguments: {}

MATLAB is selecting SOFTWARE OPENGL rendering.

                            < M A T L A B (R) >
                  Copyright 1984-2017 The MathWorks, Inc.
                   R2017b (9.3.0.713579) 64-bit (glnxa64)
                             September 14, 2017

 
To get started, type one of these: helpwin, helpdesk, or demo.
For product information, visit www.mathworks.com.
 
Elapsed time is 62.991737 seconds.
Starting parallel pool (parpool) using the 'local' profile ...
connected to 20 workers.
Elapsed time is 2353.982434 seconds.
Elapsed time is 2757.377457 seconds.
Elapsed time is 2842.506233 seconds.
Elapsed time is 2963.409565 seconds.
Elapsed time is 3137.829659 seconds.
Elapsed time is 3139.604878 seconds.
Elapsed time is 3264.057161 seconds.
Elapsed time is 3397.085941 seconds.
Elapsed time is 3433.290676 seconds.
Elapsed time is 3469.362869 seconds.
Elapsed time is 3551.527954 seconds.
Elapsed time is 3580.879005 seconds.
Elapsed time is 3792.432697 seconds.
Elapsed time is 4013.016864 seconds.
Elapsed time is 4161.500672 seconds.
Elapsed time is 4297.207528 seconds.
Elapsed time is 4342.755581 seconds.
Elapsed time is 4438.094739 seconds.
Elapsed time is 4832.811246 seconds.
Elapsed time is 5458.716568 seconds.
Parallel pool using the 'local' profile is shutting down.
Starting parallel pool (parpool) using the 'local' profile ...
connected to 20 workers.
Elapsed time is 3002.966656 seconds.
Elapsed time is 3275.540532 seconds.
Elapsed time is 3314.362117 seconds.
Elapsed time is 3360.807028 seconds.
Elapsed time is 3395.022365 seconds.
Elapsed time is 3672.017357 seconds.
Elapsed time is 3710.030715 seconds.
Elapsed time is 3801.999475 seconds.
Elapsed time is 3865.389826 seconds.
Elapsed time is 3904.748689 seconds.
Elapsed time is 4228.379962 seconds.
Elapsed time is 4254.241301 seconds.
Elapsed time is 4386.501200 seconds.
Elapsed time is 4514.315553 seconds.
Elapsed time is 4568.799758 seconds.
Elapsed time is 4871.647773 seconds.
Elapsed time is 5822.945262 seconds.
Elapsed time is 5847.320672 seconds.
Elapsed time is 6105.736651 seconds.
Elapsed time is 6284.531699 seconds.
Parallel pool using the 'local' profile is shutting down.

Local minimum possible.

lsqnonlin stopped because the relative size of the current step is less than
the default value of the step size tolerance.




Local minimum possible.

lsqnonlin stopped because the relative size of the current step is less than
the default value of the step size tolerance.




Local minimum possible.

lsqnonlin stopped because the relative size of the current step is less than
the default value of the step size tolerance.




Local minimum possible.

lsqnonlin stopped because the relative size of the current step is less than
the default value of the step size tolerance.




Local minimum possible.

lsqnonlin stopped because the relative size of the current step is less than
the default value of the step size tolerance.




Local minimum possible.

lsqnonlin stopped because the relative size of the current step is less than
the default value of the step size tolerance.




Local minimum possible.

lsqnonlin stopped because the relative size of the current step is less than
the default value of the step size tolerance.




Local minimum possible.

lsqnonlin stopped because the relative size of the current step is less than
the default value of the step size tolerance.




Local minimum possible.

lsqnonlin stopped because the relative size of the current step is less than
the default value of the step size tolerance.




Local minimum possible.

lsqnonlin stopped because the relative size of the current step is less than
the default value of the step size tolerance.




Local minimum possible.

lsqnonlin stopped because the final change in the sum of squares relative to 
its initial value is less than the default value of the function tolerance.




Local minimum possible.

lsqnonlin stopped because the relative size of the current step is less than
the default value of the step size tolerance.




Local minimum possible.

lsqnonlin stopped because the relative size of the current step is less than
the default value of the step size tolerance.




Local minimum possible.

lsqnonlin stopped because the relative size of the current step is less than
the default value of the step size tolerance.




Local minimum possible.

lsqnonlin stopped because the relative size of the current step is less than
the default value of the step size tolerance.




Local minimum possible.

lsqnonlin stopped because the relative size of the current step is less than
the default value of the step size tolerance.




Local minimum possible.

lsqnonlin stopped because the relative size of the current step is less than
the default value of the step size tolerance.




Local minimum possible.

lsqnonlin stopped because the relative size of the current step is less than
the default value of the step size tolerance.




Local minimum possible.

lsqnonlin stopped because the relative size of the current step is less than
the default value of the step size tolerance.




Local minimum possible.

lsqnonlin stopped because the relative size of the current step is less than
the default value of the step size tolerance.




A =

   1.0e+03 *

   1.378974431915142                   0   0.949333691529391
                   0   1.363443216091182   0.538003804978109
                   0                   0   0.001000000000000


initres =

   0.083219981135384

  message with properties:

    Identifier: 'MATLAB:connector:connector:ConnectorNotRunning'
     Arguments: {}

