MATLAB is selecting SOFTWARE OPENGL rendering.

                            < M A T L A B (R) >
                  Copyright 1984-2017 The MathWorks, Inc.
                   R2017b (9.3.0.713579) 64-bit (glnxa64)
                             September 14, 2017

 
To get started, type one of these: helpwin, helpdesk, or demo.
For product information, visit www.mathworks.com.
 

initres =

   8.205185413112872

Starting parallel pool (parpool) using the 'local' profile ...
connected to 20 workers.
Elapsed time is 41.404895 seconds.
Elapsed time is 43.665140 seconds.
Elapsed time is 43.668389 seconds.
Elapsed time is 43.153792 seconds.
Elapsed time is 42.375404 seconds.
Elapsed time is 46.672269 seconds.
Elapsed time is 44.242065 seconds.
Elapsed time is 44.394610 seconds.
Elapsed time is 43.601737 seconds.
Elapsed time is 45.231564 seconds.
Elapsed time is 41.796138 seconds.
Elapsed time is 44.439054 seconds.
Elapsed time is 42.763443 seconds.
Elapsed time is 42.953870 seconds.
Elapsed time is 46.138577 seconds.
Elapsed time is 46.857063 seconds.
Elapsed time is 46.926929 seconds.
Elapsed time is 48.992422 seconds.
Elapsed time is 49.378424 seconds.
Elapsed time is 49.980985 seconds.
Elapsed time is 49.884788 seconds.
Elapsed time is 49.773060 seconds.
Elapsed time is 49.078794 seconds.
Elapsed time is 49.922217 seconds.
Elapsed time is 47.287762 seconds.
Elapsed time is 48.876828 seconds.
Elapsed time is 49.116573 seconds.
Elapsed time is 49.436522 seconds.
Elapsed time is 48.666956 seconds.
Elapsed time is 50.253560 seconds.
Elapsed time is 49.216043 seconds.
Elapsed time is 46.158180 seconds.
Elapsed time is 47.485131 seconds.
Elapsed time is 47.721835 seconds.
Elapsed time is 46.821086 seconds.
Elapsed time is 46.989283 seconds.
Elapsed time is 46.503677 seconds.
Elapsed time is 45.373902 seconds.
Elapsed time is 40.702716 seconds.
Elapsed time is 45.616267 seconds.
Elapsed time is 43.514070 seconds.
Elapsed time is 44.739415 seconds.
Elapsed time is 47.615005 seconds.
Elapsed time is 42.572334 seconds.
Elapsed time is 41.165095 seconds.
Elapsed time is 41.480318 seconds.
Elapsed time is 42.502282 seconds.
Elapsed time is 40.789786 seconds.
Elapsed time is 43.849107 seconds.
Elapsed time is 45.381652 seconds.
Elapsed time is 45.672063 seconds.
Elapsed time is 47.375955 seconds.
Elapsed time is 44.313232 seconds.
Elapsed time is 43.763523 seconds.
Elapsed time is 46.879046 seconds.
Elapsed time is 44.262587 seconds.
Elapsed time is 45.673976 seconds.
Elapsed time is 45.383205 seconds.
Elapsed time is 46.247638 seconds.
Elapsed time is 45.500774 seconds.
Elapsed time is 43.287224 seconds.
Elapsed time is 43.571144 seconds.
Elapsed time is 41.876323 seconds.
Elapsed time is 41.217779 seconds.
Elapsed time is 41.319628 seconds.
Elapsed time is 45.408133 seconds.
Elapsed time is 48.769794 seconds.
Elapsed time is 45.701530 seconds.
Elapsed time is 44.970135 seconds.
Elapsed time is 41.975350 seconds.
Elapsed time is 42.981295 seconds.
Elapsed time is 44.499590 seconds.
Elapsed time is 41.916887 seconds.
Elapsed time is 42.316316 seconds.
Elapsed time is 43.760840 seconds.
Elapsed time is 44.938489 seconds.
Elapsed time is 44.206042 seconds.
Elapsed time is 45.558179 seconds.
Elapsed time is 44.771622 seconds.
Elapsed time is 49.156487 seconds.
Elapsed time is 48.005554 seconds.
Elapsed time is 49.067227 seconds.
Elapsed time is 47.798824 seconds.
Elapsed time is 46.030191 seconds.
Elapsed time is 48.218917 seconds.
Elapsed time is 48.517224 seconds.
Elapsed time is 47.447433 seconds.
Elapsed time is 49.060966 seconds.
Elapsed time is 50.383542 seconds.
Elapsed time is 49.497649 seconds.
Elapsed time is 49.236655 seconds.
Elapsed time is 49.710060 seconds.
Elapsed time is 50.106501 seconds.
Elapsed time is 51.967551 seconds.
Elapsed time is 51.558029 seconds.
Elapsed time is 51.312863 seconds.
Elapsed time is 52.651980 seconds.
Elapsed time is 52.535055 seconds.
Elapsed time is 53.441346 seconds.
Elapsed time is 47.385519 seconds.
Elapsed time is 42.075563 seconds.
Elapsed time is 40.420444 seconds.
Elapsed time is 44.259874 seconds.
Elapsed time is 45.263709 seconds.
Elapsed time is 46.724278 seconds.
Elapsed time is 46.657558 seconds.
Elapsed time is 49.858258 seconds.
Elapsed time is 49.151589 seconds.
Elapsed time is 49.378523 seconds.
Elapsed time is 49.965759 seconds.
Elapsed time is 49.720857 seconds.
Elapsed time is 48.686581 seconds.
Elapsed time is 45.507611 seconds.
Elapsed time is 40.977161 seconds.
Elapsed time is 38.458719 seconds.
Elapsed time is 37.091982 seconds.
Elapsed time is 42.664528 seconds.
Elapsed time is 42.914955 seconds.
Elapsed time is 42.375514 seconds.
Elapsed time is 41.144246 seconds.
Elapsed time is 44.811103 seconds.
Elapsed time is 45.480135 seconds.
Elapsed time is 46.161876 seconds.
Elapsed time is 46.109059 seconds.
Elapsed time is 48.792846 seconds.

                                        First-Order                    Norm of 
 Iteration  Func-count    Residual       optimality      Lambda           step
     0         125         3335.19        1.29e+06         0.01
Elapsed time is 50.755638 seconds.
Elapsed time is 49.883379 seconds.
Elapsed time is 50.842892 seconds.
Elapsed time is 49.928262 seconds.
Elapsed time is 50.522372 seconds.
Elapsed time is 50.500043 seconds.
Elapsed time is 51.040348 seconds.
Elapsed time is 49.769054 seconds.
Elapsed time is 47.198898 seconds.
Elapsed time is 41.357419 seconds.
Elapsed time is 37.657969 seconds.
Elapsed time is 37.828599 seconds.
Elapsed time is 42.852677 seconds.
Elapsed time is 44.875642 seconds.
Elapsed time is 44.870375 seconds.
Elapsed time is 48.878423 seconds.
Elapsed time is 45.880862 seconds.
Elapsed time is 43.014464 seconds.
Elapsed time is 46.504173 seconds.
Elapsed time is 49.695610 seconds.
Elapsed time is 49.453164 seconds.
Elapsed time is 47.678741 seconds.
Elapsed time is 44.625603 seconds.
Elapsed time is 46.224008 seconds.
Elapsed time is 44.873645 seconds.
Elapsed time is 44.103045 seconds.
Elapsed time is 47.306579 seconds.
Elapsed time is 48.227111 seconds.
Elapsed time is 45.316653 seconds.
Elapsed time is 46.254960 seconds.
Elapsed time is 45.101211 seconds.
Elapsed time is 41.155783 seconds.
Elapsed time is 39.975710 seconds.
Elapsed time is 36.538654 seconds.
Elapsed time is 36.354562 seconds.
Elapsed time is 38.902397 seconds.
Elapsed time is 37.756258 seconds.
Elapsed time is 38.300819 seconds.
Elapsed time is 38.904048 seconds.
Elapsed time is 42.923111 seconds.
Elapsed time is 43.743107 seconds.
Elapsed time is 44.929195 seconds.
Elapsed time is 44.332068 seconds.
Elapsed time is 39.061977 seconds.
Elapsed time is 38.213291 seconds.
Elapsed time is 39.277870 seconds.
Elapsed time is 39.439142 seconds.
Elapsed time is 36.129140 seconds.
Elapsed time is 36.541841 seconds.
Elapsed time is 35.141305 seconds.
Elapsed time is 36.064092 seconds.
Elapsed time is 36.600679 seconds.
Elapsed time is 40.607619 seconds.
Elapsed time is 41.732748 seconds.
Elapsed time is 40.595778 seconds.
Elapsed time is 38.830161 seconds.
Elapsed time is 39.751715 seconds.
Elapsed time is 42.707075 seconds.
Elapsed time is 37.587885 seconds.
Elapsed time is 36.156881 seconds.
Elapsed time is 37.248010 seconds.
Elapsed time is 38.791014 seconds.
Elapsed time is 36.652420 seconds.
Elapsed time is 36.543708 seconds.
Elapsed time is 37.476043 seconds.
Elapsed time is 35.533804 seconds.
Elapsed time is 35.498423 seconds.
Elapsed time is 33.196447 seconds.
Elapsed time is 38.029956 seconds.
Elapsed time is 40.205639 seconds.
Elapsed time is 42.064458 seconds.
Elapsed time is 42.324137 seconds.
Elapsed time is 45.526993 seconds.
Elapsed time is 44.737821 seconds.
Elapsed time is 42.322352 seconds.
Elapsed time is 44.320720 seconds.
Elapsed time is 41.843001 seconds.
Elapsed time is 39.254805 seconds.
Elapsed time is 41.690316 seconds.
Elapsed time is 44.073104 seconds.
Elapsed time is 43.214727 seconds.
Elapsed time is 41.036063 seconds.
Elapsed time is 38.690436 seconds.
Elapsed time is 33.967282 seconds.
Elapsed time is 33.164174 seconds.
Elapsed time is 37.528432 seconds.
Elapsed time is 47.159487 seconds.
Elapsed time is 42.370707 seconds.
Elapsed time is 44.592139 seconds.
Elapsed time is 38.841142 seconds.
Elapsed time is 39.934623 seconds.
Elapsed time is 47.119807 seconds.
Elapsed time is 45.870627 seconds.
Elapsed time is 45.699904 seconds.
Elapsed time is 45.372202 seconds.
Elapsed time is 41.313556 seconds.
Elapsed time is 42.942992 seconds.
Elapsed time is 42.116818 seconds.
Elapsed time is 41.800025 seconds.
Elapsed time is 41.608289 seconds.
Elapsed time is 44.299860 seconds.
Elapsed time is 43.831407 seconds.
Elapsed time is 46.264968 seconds.
Elapsed time is 46.286607 seconds.
Elapsed time is 46.218349 seconds.
Elapsed time is 45.281882 seconds.
Elapsed time is 45.170015 seconds.
Elapsed time is 46.233504 seconds.
Elapsed time is 47.097091 seconds.
Elapsed time is 45.936509 seconds.
Elapsed time is 46.390673 seconds.
Elapsed time is 47.260129 seconds.
Elapsed time is 45.093921 seconds.
Elapsed time is 47.975842 seconds.
Elapsed time is 48.070084 seconds.
Elapsed time is 44.607598 seconds.
Elapsed time is 42.246217 seconds.
Elapsed time is 40.368467 seconds.
Elapsed time is 41.656765 seconds.
Elapsed time is 44.012178 seconds.
Elapsed time is 43.631729 seconds.
Elapsed time is 41.742473 seconds.
Elapsed time is 45.528965 seconds.
Elapsed time is 41.143708 seconds.
Elapsed time is 41.468335 seconds.
     1         250         2970.66        9.25e+05        0.001      0.0202875
Elapsed time is 46.862834 seconds.
Elapsed time is 46.583796 seconds.
Elapsed time is 47.992579 seconds.
Elapsed time is 46.468477 seconds.
Elapsed time is 45.696930 seconds.
Elapsed time is 44.438576 seconds.
Elapsed time is 43.141736 seconds.
Elapsed time is 43.047720 seconds.
Elapsed time is 42.057508 seconds.
Elapsed time is 38.549920 seconds.
Elapsed time is 37.976686 seconds.
Elapsed time is 38.219369 seconds.
Elapsed time is 38.878633 seconds.
Elapsed time is 38.413216 seconds.
Elapsed time is 42.563842 seconds.
Elapsed time is 45.599048 seconds.
Elapsed time is 47.912293 seconds.
Elapsed time is 45.705078 seconds.
Elapsed time is 48.416693 seconds.
Elapsed time is 46.693952 seconds.
Elapsed time is 46.007457 seconds.
Elapsed time is 46.211648 seconds.
Elapsed time is 44.546252 seconds.
Elapsed time is 44.366001 seconds.
Elapsed time is 43.944269 seconds.
Elapsed time is 43.376248 seconds.
Elapsed time is 43.384735 seconds.
Elapsed time is 38.096682 seconds.
Elapsed time is 39.725046 seconds.
Elapsed time is 34.805263 seconds.
Elapsed time is 38.039004 seconds.
Elapsed time is 38.367607 seconds.
Elapsed time is 37.222769 seconds.
Elapsed time is 39.736256 seconds.
Elapsed time is 39.923280 seconds.
Elapsed time is 38.938864 seconds.
Elapsed time is 36.892657 seconds.
Elapsed time is 36.428215 seconds.
Elapsed time is 38.088773 seconds.
Elapsed time is 36.602254 seconds.
Elapsed time is 39.944485 seconds.
Elapsed time is 40.041040 seconds.
Elapsed time is 44.451582 seconds.
Elapsed time is 40.978975 seconds.
Elapsed time is 42.791250 seconds.
Elapsed time is 49.215636 seconds.
Elapsed time is 46.893496 seconds.
Elapsed time is 47.017535 seconds.
Elapsed time is 46.814101 seconds.
Elapsed time is 45.412156 seconds.
Elapsed time is 45.236245 seconds.
Elapsed time is 47.864625 seconds.
Elapsed time is 46.395645 seconds.
Elapsed time is 43.596804 seconds.
Elapsed time is 39.038425 seconds.
Elapsed time is 42.630764 seconds.
Elapsed time is 43.904062 seconds.
Elapsed time is 42.853870 seconds.
Elapsed time is 42.205527 seconds.
Elapsed time is 39.845589 seconds.
Elapsed time is 37.276768 seconds.
Elapsed time is 35.325026 seconds.
Elapsed time is 37.116295 seconds.
Elapsed time is 32.362346 seconds.
Elapsed time is 41.959093 seconds.
Elapsed time is 43.446450 seconds.
Elapsed time is 40.507310 seconds.
Elapsed time is 42.348875 seconds.
Elapsed time is 45.042520 seconds.
Elapsed time is 45.653590 seconds.
Elapsed time is 46.761425 seconds.
Elapsed time is 48.074703 seconds.
Elapsed time is 49.422201 seconds.
Elapsed time is 45.944302 seconds.
Elapsed time is 45.523780 seconds.
Elapsed time is 43.089807 seconds.
Elapsed time is 33.721502 seconds.
Elapsed time is 37.669872 seconds.
Elapsed time is 40.381718 seconds.
Elapsed time is 42.729085 seconds.
Elapsed time is 42.692233 seconds.
Elapsed time is 39.095152 seconds.
Elapsed time is 41.197998 seconds.
Elapsed time is 43.777990 seconds.
Elapsed time is 43.479331 seconds.
Elapsed time is 44.705606 seconds.
Elapsed time is 44.335994 seconds.
Elapsed time is 38.490825 seconds.
Elapsed time is 33.649085 seconds.
Elapsed time is 32.873668 seconds.
Elapsed time is 32.422780 seconds.
Elapsed time is 33.739588 seconds.
Elapsed time is 40.511097 seconds.
Elapsed time is 38.508688 seconds.
Elapsed time is 42.204691 seconds.
Elapsed time is 38.037134 seconds.
Elapsed time is 37.655147 seconds.
Elapsed time is 38.069928 seconds.
Elapsed time is 39.001852 seconds.
Elapsed time is 38.411797 seconds.
Elapsed time is 37.364276 seconds.
Elapsed time is 36.162418 seconds.
Elapsed time is 38.424721 seconds.
Elapsed time is 39.430074 seconds.
Elapsed time is 38.799084 seconds.
Elapsed time is 40.674713 seconds.
Elapsed time is 40.152533 seconds.
Elapsed time is 39.202636 seconds.
Elapsed time is 36.558625 seconds.
Elapsed time is 38.446837 seconds.
Elapsed time is 41.655628 seconds.
Elapsed time is 41.576754 seconds.
Elapsed time is 39.611543 seconds.
Elapsed time is 45.252931 seconds.
Elapsed time is 41.538327 seconds.
Elapsed time is 42.531055 seconds.
Elapsed time is 41.185115 seconds.
Elapsed time is 39.681079 seconds.
Elapsed time is 39.796948 seconds.
Elapsed time is 38.187771 seconds.
Elapsed time is 42.087923 seconds.
Elapsed time is 39.956164 seconds.
Elapsed time is 41.029136 seconds.
Elapsed time is 38.860606 seconds.
Elapsed time is 39.744151 seconds.
     2         375         2757.64        1.31e+05       0.0001      0.0128182
Elapsed time is 41.905153 seconds.
Elapsed time is 46.271516 seconds.
Elapsed time is 47.711332 seconds.
Elapsed time is 48.267285 seconds.
Elapsed time is 47.189642 seconds.
Elapsed time is 46.286985 seconds.
Elapsed time is 47.700361 seconds.
Elapsed time is 44.381814 seconds.
Elapsed time is 42.355380 seconds.
Elapsed time is 36.055218 seconds.
Elapsed time is 38.719819 seconds.
Elapsed time is 32.481889 seconds.
Elapsed time is 33.180036 seconds.
Elapsed time is 32.489526 seconds.
Elapsed time is 36.871153 seconds.
Elapsed time is 35.462551 seconds.
Elapsed time is 30.483348 seconds.
Elapsed time is 33.368260 seconds.
Elapsed time is 35.627006 seconds.
Elapsed time is 35.077248 seconds.
Elapsed time is 38.480819 seconds.
Elapsed time is 33.259132 seconds.
Elapsed time is 37.892448 seconds.
Elapsed time is 35.189709 seconds.
Elapsed time is 32.048459 seconds.
Elapsed time is 35.395692 seconds.
Elapsed time is 39.958664 seconds.
Elapsed time is 34.595454 seconds.
Elapsed time is 36.759495 seconds.
Elapsed time is 32.622283 seconds.
Elapsed time is 38.455507 seconds.
Elapsed time is 33.476744 seconds.
Elapsed time is 32.980201 seconds.
Elapsed time is 33.409334 seconds.
Elapsed time is 35.088371 seconds.
Elapsed time is 35.552742 seconds.
Elapsed time is 36.256877 seconds.
Elapsed time is 41.229648 seconds.
Elapsed time is 39.486366 seconds.
Elapsed time is 43.078056 seconds.
Elapsed time is 45.740967 seconds.
Elapsed time is 47.383416 seconds.
Elapsed time is 46.178895 seconds.
Elapsed time is 46.395129 seconds.
Elapsed time is 44.906936 seconds.
Elapsed time is 47.286292 seconds.
Elapsed time is 45.904899 seconds.
Elapsed time is 44.971413 seconds.
Elapsed time is 42.340910 seconds.
Elapsed time is 42.200232 seconds.
Elapsed time is 44.278029 seconds.
Elapsed time is 41.930576 seconds.
Elapsed time is 40.888856 seconds.
Elapsed time is 35.304124 seconds.
Elapsed time is 37.380276 seconds.
Elapsed time is 35.925353 seconds.
Elapsed time is 38.812818 seconds.
Elapsed time is 40.708493 seconds.
Elapsed time is 37.879564 seconds.
Elapsed time is 38.767197 seconds.
Elapsed time is 36.952956 seconds.
Elapsed time is 34.124641 seconds.
Elapsed time is 42.446159 seconds.
Elapsed time is 44.202436 seconds.
Elapsed time is 46.020320 seconds.
Elapsed time is 48.048104 seconds.
Elapsed time is 45.846244 seconds.
Elapsed time is 46.166739 seconds.
Elapsed time is 45.564746 seconds.
Elapsed time is 46.405568 seconds.
Elapsed time is 43.281476 seconds.
Elapsed time is 45.111979 seconds.
Elapsed time is 44.837371 seconds.
Elapsed time is 44.981963 seconds.
Elapsed time is 41.885143 seconds.
Elapsed time is 39.086220 seconds.
Elapsed time is 40.356533 seconds.
Elapsed time is 43.717599 seconds.
Elapsed time is 39.942533 seconds.
Elapsed time is 42.899599 seconds.
Elapsed time is 43.560318 seconds.
Elapsed time is 38.826528 seconds.
Elapsed time is 37.041841 seconds.
Elapsed time is 42.301873 seconds.
Elapsed time is 37.903233 seconds.
Elapsed time is 36.905561 seconds.
Elapsed time is 39.876813 seconds.
Elapsed time is 33.190275 seconds.
Elapsed time is 34.051804 seconds.
Elapsed time is 38.336269 seconds.
Elapsed time is 41.984726 seconds.
Elapsed time is 40.928073 seconds.
Elapsed time is 40.871587 seconds.
Elapsed time is 45.688399 seconds.
Elapsed time is 46.078495 seconds.
Elapsed time is 41.037010 seconds.
Elapsed time is 45.392480 seconds.
Elapsed time is 42.511544 seconds.
Elapsed time is 42.520626 seconds.
Elapsed time is 43.420669 seconds.
Elapsed time is 39.010873 seconds.
Elapsed time is 42.489049 seconds.
Elapsed time is 40.648827 seconds.
Elapsed time is 42.061773 seconds.
Elapsed time is 42.293533 seconds.
Elapsed time is 42.724769 seconds.
Elapsed time is 42.019320 seconds.
Elapsed time is 40.627956 seconds.
Elapsed time is 39.514804 seconds.
Elapsed time is 39.776085 seconds.
Elapsed time is 43.902627 seconds.
Elapsed time is 46.984506 seconds.
Elapsed time is 47.430186 seconds.
Elapsed time is 48.132754 seconds.
Elapsed time is 46.025187 seconds.
Elapsed time is 44.313231 seconds.
Elapsed time is 43.638599 seconds.
Elapsed time is 41.724286 seconds.
Elapsed time is 43.718646 seconds.
Elapsed time is 36.673417 seconds.
Elapsed time is 38.300897 seconds.
Elapsed time is 42.393139 seconds.
Elapsed time is 40.623075 seconds.
Elapsed time is 42.563977 seconds.
Elapsed time is 36.920838 seconds.
Elapsed time is 39.748105 seconds.
Elapsed time is 40.335993 seconds.
     3         502         2665.18        7.44e+05         0.01      0.0133772
Elapsed time is 46.674488 seconds.
Elapsed time is 44.428577 seconds.
Elapsed time is 46.781551 seconds.
Elapsed time is 47.494876 seconds.
Elapsed time is 45.127873 seconds.
Elapsed time is 43.545513 seconds.
Elapsed time is 40.688420 seconds.
Elapsed time is 42.567892 seconds.
Elapsed time is 40.174151 seconds.
Elapsed time is 38.449770 seconds.
Elapsed time is 38.244489 seconds.
Elapsed time is 41.421351 seconds.
Elapsed time is 44.558731 seconds.
Elapsed time is 43.638037 seconds.
Elapsed time is 41.924500 seconds.
Elapsed time is 40.384939 seconds.
Elapsed time is 39.483425 seconds.
Elapsed time is 43.969548 seconds.
Elapsed time is 46.045948 seconds.
Elapsed time is 42.739677 seconds.
Elapsed time is 43.540017 seconds.
Elapsed time is 40.008044 seconds.
Elapsed time is 36.320174 seconds.
Elapsed time is 36.151992 seconds.
Elapsed time is 36.738723 seconds.
Elapsed time is 37.062472 seconds.
Elapsed time is 39.234021 seconds.
Elapsed time is 39.253079 seconds.
Elapsed time is 37.681289 seconds.
Elapsed time is 38.094942 seconds.
Elapsed time is 34.605143 seconds.
Elapsed time is 36.453996 seconds.
Elapsed time is 34.746429 seconds.
Elapsed time is 31.822758 seconds.
Elapsed time is 38.667615 seconds.
Elapsed time is 39.845277 seconds.
Elapsed time is 40.453887 seconds.
Elapsed time is 41.069332 seconds.
Elapsed time is 41.355736 seconds.
Elapsed time is 40.850944 seconds.
Elapsed time is 41.926383 seconds.
Elapsed time is 39.901521 seconds.
Elapsed time is 44.752954 seconds.
Elapsed time is 44.379845 seconds.
Elapsed time is 41.265528 seconds.
Elapsed time is 43.085619 seconds.
Elapsed time is 47.171455 seconds.
Elapsed time is 46.430271 seconds.
Elapsed time is 45.100416 seconds.
Elapsed time is 44.272406 seconds.
Elapsed time is 43.445906 seconds.
Elapsed time is 41.260175 seconds.
Elapsed time is 44.393166 seconds.
Elapsed time is 44.529378 seconds.
Elapsed time is 41.618392 seconds.
Elapsed time is 39.878475 seconds.
Elapsed time is 45.142630 seconds.
Elapsed time is 45.467223 seconds.
Elapsed time is 41.533618 seconds.
Elapsed time is 42.478566 seconds.
Elapsed time is 43.520126 seconds.
Elapsed time is 43.509184 seconds.
Elapsed time is 45.020456 seconds.
Elapsed time is 47.539034 seconds.
Elapsed time is 45.375800 seconds.
Elapsed time is 47.906616 seconds.
Elapsed time is 46.358290 seconds.
Elapsed time is 45.976539 seconds.
Elapsed time is 46.856660 seconds.
Elapsed time is 46.317861 seconds.
Elapsed time is 46.916866 seconds.
Elapsed time is 47.827571 seconds.
Elapsed time is 47.158294 seconds.
Elapsed time is 46.329906 seconds.
Elapsed time is 45.821019 seconds.
Elapsed time is 47.652613 seconds.
Elapsed time is 46.758255 seconds.
Elapsed time is 48.100920 seconds.
Elapsed time is 47.837467 seconds.
Elapsed time is 46.978191 seconds.
Elapsed time is 45.955080 seconds.
Elapsed time is 47.069032 seconds.
Elapsed time is 45.945280 seconds.
Elapsed time is 43.674271 seconds.
Elapsed time is 39.111408 seconds.
Elapsed time is 38.550346 seconds.
Elapsed time is 33.548037 seconds.
Elapsed time is 35.255135 seconds.
Elapsed time is 34.541451 seconds.
Elapsed time is 40.300484 seconds.
Elapsed time is 45.221602 seconds.
Elapsed time is 45.314730 seconds.
Elapsed time is 45.385671 seconds.
Elapsed time is 44.055260 seconds.
Elapsed time is 44.952315 seconds.
Elapsed time is 46.772794 seconds.
Elapsed time is 48.186924 seconds.
Elapsed time is 45.323925 seconds.
Elapsed time is 45.602208 seconds.
Elapsed time is 46.561295 seconds.
Elapsed time is 45.542373 seconds.
Elapsed time is 43.296971 seconds.
Elapsed time is 45.039286 seconds.
Elapsed time is 45.022825 seconds.
Elapsed time is 45.921483 seconds.
Elapsed time is 46.433123 seconds.
Elapsed time is 45.298807 seconds.
Elapsed time is 46.360503 seconds.
Elapsed time is 41.413122 seconds.
Elapsed time is 47.831933 seconds.
Elapsed time is 45.291659 seconds.
Elapsed time is 45.004603 seconds.
Elapsed time is 46.735722 seconds.
Elapsed time is 46.138357 seconds.
Elapsed time is 45.398167 seconds.
Elapsed time is 46.220861 seconds.
Elapsed time is 46.017828 seconds.
Elapsed time is 46.712829 seconds.
Elapsed time is 44.208373 seconds.
Elapsed time is 44.922281 seconds.
Elapsed time is 45.552132 seconds.
Elapsed time is 43.208463 seconds.
Elapsed time is 45.818341 seconds.
Elapsed time is 43.017527 seconds.
Elapsed time is 45.389042 seconds.
     4         627         2632.25         4.1e+05        0.001       0.019584
Elapsed time is 47.070535 seconds.
Elapsed time is 46.488681 seconds.
Elapsed time is 45.473719 seconds.
Elapsed time is 44.440637 seconds.
Elapsed time is 40.953471 seconds.
Elapsed time is 39.699129 seconds.
Elapsed time is 36.336834 seconds.
Elapsed time is 39.630140 seconds.
Elapsed time is 36.818400 seconds.
Elapsed time is 38.486563 seconds.
Elapsed time is 38.094565 seconds.
Elapsed time is 34.777895 seconds.
Elapsed time is 35.745619 seconds.
Elapsed time is 44.406381 seconds.
Elapsed time is 45.403537 seconds.
Elapsed time is 45.847457 seconds.
Elapsed time is 43.599253 seconds.
Elapsed time is 42.610842 seconds.
Elapsed time is 44.866447 seconds.
Elapsed time is 43.654333 seconds.
Elapsed time is 47.266124 seconds.
Elapsed time is 41.963484 seconds.
Elapsed time is 43.099954 seconds.
Elapsed time is 42.143411 seconds.
Elapsed time is 35.493368 seconds.
Elapsed time is 38.339022 seconds.
Elapsed time is 37.539488 seconds.
Elapsed time is 36.550114 seconds.
Elapsed time is 36.078581 seconds.
Elapsed time is 38.752326 seconds.
Elapsed time is 35.847515 seconds.
Elapsed time is 37.027049 seconds.
Elapsed time is 35.982147 seconds.
Elapsed time is 38.720837 seconds.
Elapsed time is 36.102967 seconds.
Elapsed time is 35.771348 seconds.
Elapsed time is 36.026030 seconds.
Elapsed time is 36.698926 seconds.
Elapsed time is 35.247322 seconds.
Elapsed time is 37.742114 seconds.
Elapsed time is 37.280723 seconds.
Elapsed time is 37.419111 seconds.
Elapsed time is 40.737858 seconds.
Elapsed time is 35.288251 seconds.
Elapsed time is 38.025770 seconds.
Elapsed time is 34.170806 seconds.
Elapsed time is 37.585192 seconds.
Elapsed time is 36.959523 seconds.
Elapsed time is 38.946397 seconds.
Elapsed time is 37.496900 seconds.
Elapsed time is 41.157102 seconds.
Elapsed time is 34.360025 seconds.
Elapsed time is 37.503969 seconds.
Elapsed time is 37.471271 seconds.
Elapsed time is 37.119196 seconds.
Elapsed time is 38.232375 seconds.
Elapsed time is 35.360776 seconds.
Elapsed time is 35.985661 seconds.
Elapsed time is 37.025145 seconds.
Elapsed time is 37.268218 seconds.
Elapsed time is 36.680976 seconds.
Elapsed time is 37.909230 seconds.
Elapsed time is 38.463675 seconds.
Elapsed time is 38.376259 seconds.
Elapsed time is 34.992603 seconds.
Elapsed time is 35.605938 seconds.
Elapsed time is 36.732042 seconds.
Elapsed time is 38.215798 seconds.
Elapsed time is 38.409308 seconds.
Elapsed time is 37.022506 seconds.
Elapsed time is 37.373558 seconds.
Elapsed time is 36.434005 seconds.
Elapsed time is 40.729906 seconds.
Elapsed time is 40.472363 seconds.
Elapsed time is 36.989372 seconds.
Elapsed time is 39.385168 seconds.
Elapsed time is 42.259907 seconds.
Elapsed time is 38.547865 seconds.
Elapsed time is 37.259185 seconds.
Elapsed time is 42.083235 seconds.
Elapsed time is 41.184949 seconds.
Elapsed time is 36.408191 seconds.
Elapsed time is 39.353476 seconds.
Elapsed time is 38.102940 seconds.
Elapsed time is 39.396101 seconds.
Elapsed time is 40.653939 seconds.
Elapsed time is 37.274023 seconds.
Elapsed time is 37.497935 seconds.
Elapsed time is 37.058988 seconds.
Elapsed time is 36.433935 seconds.
Elapsed time is 35.273917 seconds.
Elapsed time is 35.441833 seconds.
Elapsed time is 36.867005 seconds.
Elapsed time is 37.346347 seconds.
Elapsed time is 36.885626 seconds.
Elapsed time is 34.242454 seconds.
Elapsed time is 34.196159 seconds.
Elapsed time is 34.602556 seconds.
Elapsed time is 36.121045 seconds.
Elapsed time is 33.856482 seconds.
Elapsed time is 36.770738 seconds.
Elapsed time is 36.210446 seconds.
Elapsed time is 38.150957 seconds.
Elapsed time is 37.388839 seconds.
Elapsed time is 40.151505 seconds.
Elapsed time is 39.496782 seconds.
Elapsed time is 43.178312 seconds.
Elapsed time is 39.243877 seconds.
Elapsed time is 39.038096 seconds.
Elapsed time is 37.760240 seconds.
Elapsed time is 40.878294 seconds.
Elapsed time is 39.244893 seconds.
Elapsed time is 35.755384 seconds.
Elapsed time is 34.659498 seconds.
Elapsed time is 39.619553 seconds.
Elapsed time is 37.071021 seconds.
Elapsed time is 36.323151 seconds.
Elapsed time is 35.286081 seconds.
Elapsed time is 37.224765 seconds.
Elapsed time is 37.956572 seconds.
Elapsed time is 37.166613 seconds.
Elapsed time is 35.392304 seconds.
Elapsed time is 36.610048 seconds.
Elapsed time is 38.130329 seconds.
Elapsed time is 38.512074 seconds.
     5         752         2610.99        6.82e+05       0.0001      0.0161152
Elapsed time is 44.019663 seconds.
Elapsed time is 41.621633 seconds.
Elapsed time is 41.484840 seconds.
Elapsed time is 39.625228 seconds.
Elapsed time is 40.497680 seconds.
Elapsed time is 41.015739 seconds.
Elapsed time is 41.206581 seconds.
Elapsed time is 35.780774 seconds.
Elapsed time is 36.338109 seconds.
Elapsed time is 37.401419 seconds.
Elapsed time is 34.424548 seconds.
Elapsed time is 35.771408 seconds.
Elapsed time is 38.433853 seconds.
Elapsed time is 38.889600 seconds.
Elapsed time is 36.728174 seconds.
Elapsed time is 40.138830 seconds.
Elapsed time is 39.628758 seconds.
Elapsed time is 38.961727 seconds.
Elapsed time is 39.223886 seconds.
Elapsed time is 41.453501 seconds.
Elapsed time is 37.195726 seconds.
Elapsed time is 34.372352 seconds.
Elapsed time is 36.527140 seconds.
Elapsed time is 35.844616 seconds.
Elapsed time is 39.164108 seconds.
Elapsed time is 33.515039 seconds.
Elapsed time is 35.581704 seconds.
Elapsed time is 35.685643 seconds.
Elapsed time is 35.683093 seconds.
Elapsed time is 37.667295 seconds.
Elapsed time is 35.628148 seconds.
Elapsed time is 36.192803 seconds.
Elapsed time is 37.859800 seconds.
Elapsed time is 37.806139 seconds.
Elapsed time is 35.360332 seconds.
Elapsed time is 36.766189 seconds.
Elapsed time is 41.287985 seconds.
Elapsed time is 37.270966 seconds.
Elapsed time is 35.601502 seconds.
Elapsed time is 38.723744 seconds.
Elapsed time is 37.631165 seconds.
Elapsed time is 37.769828 seconds.
Elapsed time is 36.385558 seconds.
Elapsed time is 36.969623 seconds.
Elapsed time is 37.591113 seconds.
Elapsed time is 41.561879 seconds.
Elapsed time is 38.749647 seconds.
Elapsed time is 40.693884 seconds.
Elapsed time is 40.747990 seconds.
Elapsed time is 41.037965 seconds.
Elapsed time is 35.846555 seconds.
Elapsed time is 38.833467 seconds.
Elapsed time is 39.728003 seconds.
Elapsed time is 36.801867 seconds.
Elapsed time is 40.074488 seconds.
Elapsed time is 40.622841 seconds.
Elapsed time is 39.514702 seconds.
Elapsed time is 38.825810 seconds.
Elapsed time is 37.606131 seconds.
Elapsed time is 41.474834 seconds.
Elapsed time is 36.570200 seconds.
Elapsed time is 35.191425 seconds.
Elapsed time is 38.965640 seconds.
Elapsed time is 37.226704 seconds.
Elapsed time is 35.467629 seconds.
Elapsed time is 36.995521 seconds.
Elapsed time is 39.827860 seconds.
Elapsed time is 36.934287 seconds.
Elapsed time is 34.502705 seconds.
Elapsed time is 40.906022 seconds.
Elapsed time is 41.361013 seconds.
Elapsed time is 35.324352 seconds.
Elapsed time is 35.082817 seconds.
Elapsed time is 36.368042 seconds.
Elapsed time is 36.170278 seconds.
Elapsed time is 35.328861 seconds.
Elapsed time is 36.743579 seconds.
Elapsed time is 39.509630 seconds.
Elapsed time is 36.287703 seconds.
Elapsed time is 34.344725 seconds.
Elapsed time is 35.882813 seconds.
Elapsed time is 36.755434 seconds.
Elapsed time is 36.524625 seconds.
Elapsed time is 38.762701 seconds.
Elapsed time is 37.723553 seconds.
Elapsed time is 40.390613 seconds.
Elapsed time is 39.005917 seconds.
Elapsed time is 40.871269 seconds.
Elapsed time is 38.477042 seconds.
Elapsed time is 42.953368 seconds.
Elapsed time is 44.301204 seconds.
Elapsed time is 44.328544 seconds.
Elapsed time is 42.525647 seconds.
Elapsed time is 37.693636 seconds.
Elapsed time is 36.628833 seconds.
Elapsed time is 37.054572 seconds.
Elapsed time is 36.577560 seconds.
Elapsed time is 36.505910 seconds.
Elapsed time is 40.400924 seconds.
Elapsed time is 39.574573 seconds.
Elapsed time is 42.639833 seconds.
Elapsed time is 47.751132 seconds.
Elapsed time is 41.827766 seconds.
Elapsed time is 40.844169 seconds.
Elapsed time is 40.480728 seconds.
Elapsed time is 40.311885 seconds.
Elapsed time is 36.474459 seconds.
Elapsed time is 36.817914 seconds.
Elapsed time is 40.403102 seconds.
Elapsed time is 39.169885 seconds.
Elapsed time is 43.007556 seconds.
Elapsed time is 39.184079 seconds.
Elapsed time is 41.644928 seconds.
Elapsed time is 39.500790 seconds.
Elapsed time is 37.410181 seconds.
Elapsed time is 44.707597 seconds.
Elapsed time is 46.554818 seconds.
Elapsed time is 46.434618 seconds.
Elapsed time is 40.679992 seconds.
Elapsed time is 41.075129 seconds.
Elapsed time is 42.106758 seconds.
Elapsed time is 39.344903 seconds.
Elapsed time is 38.100333 seconds.
Elapsed time is 40.063868 seconds.
Elapsed time is 39.345911 seconds.
     6         877          2605.9        6.36e+05        1e-05      0.0124757
Elapsed time is 44.007793 seconds.
Elapsed time is 44.772585 seconds.
Elapsed time is 50.095439 seconds.
Elapsed time is 52.368217 seconds.
Elapsed time is 48.624619 seconds.
Elapsed time is 47.256313 seconds.
Elapsed time is 43.633051 seconds.
Elapsed time is 38.821485 seconds.
Elapsed time is 38.872304 seconds.
Elapsed time is 38.555950 seconds.
Elapsed time is 37.130567 seconds.
Elapsed time is 36.198082 seconds.
Elapsed time is 36.457383 seconds.
Elapsed time is 36.717863 seconds.
Elapsed time is 35.570150 seconds.
Elapsed time is 37.957212 seconds.
Elapsed time is 38.458582 seconds.
Elapsed time is 41.017472 seconds.
Elapsed time is 41.242522 seconds.
Elapsed time is 40.812484 seconds.
Elapsed time is 36.689216 seconds.
Elapsed time is 33.883349 seconds.
Elapsed time is 34.532590 seconds.
Elapsed time is 40.236863 seconds.
Elapsed time is 39.337270 seconds.
Elapsed time is 35.835597 seconds.
Elapsed time is 35.335677 seconds.
Elapsed time is 34.997330 seconds.
Elapsed time is 37.157542 seconds.
Elapsed time is 36.050680 seconds.
Elapsed time is 35.159147 seconds.
Elapsed time is 35.756198 seconds.
Elapsed time is 35.172586 seconds.
Elapsed time is 34.087915 seconds.
Elapsed time is 36.722694 seconds.
Elapsed time is 35.095017 seconds.
Elapsed time is 34.473747 seconds.
Elapsed time is 33.692182 seconds.
Elapsed time is 36.156028 seconds.
Elapsed time is 38.157455 seconds.
Elapsed time is 39.758420 seconds.
Elapsed time is 40.925498 seconds.
Elapsed time is 37.911974 seconds.
Elapsed time is 37.318869 seconds.
Elapsed time is 40.923795 seconds.
Elapsed time is 42.250373 seconds.
Elapsed time is 40.547148 seconds.
Elapsed time is 41.167911 seconds.
Elapsed time is 41.935440 seconds.
Elapsed time is 43.547800 seconds.
Elapsed time is 41.035332 seconds.
Elapsed time is 39.724680 seconds.
Elapsed time is 42.664326 seconds.
Elapsed time is 40.481808 seconds.
Elapsed time is 40.152675 seconds.
Elapsed time is 35.317749 seconds.
Elapsed time is 36.619675 seconds.
Elapsed time is 34.922357 seconds.
Elapsed time is 36.925823 seconds.
Elapsed time is 33.623690 seconds.
Elapsed time is 36.095051 seconds.
Elapsed time is 39.260251 seconds.
Elapsed time is 37.415181 seconds.
Elapsed time is 36.959458 seconds.
Elapsed time is 36.339651 seconds.
Elapsed time is 38.815572 seconds.
Elapsed time is 35.387448 seconds.
Elapsed time is 34.194821 seconds.
Elapsed time is 37.450193 seconds.
Elapsed time is 35.737626 seconds.
Elapsed time is 35.303369 seconds.
Elapsed time is 35.026019 seconds.
Elapsed time is 35.176759 seconds.
Elapsed time is 38.200965 seconds.
Elapsed time is 36.737402 seconds.
Elapsed time is 36.620162 seconds.
Elapsed time is 39.952978 seconds.
Elapsed time is 39.694554 seconds.
Elapsed time is 38.948651 seconds.
Elapsed time is 36.448631 seconds.
Elapsed time is 36.801632 seconds.
Elapsed time is 40.860797 seconds.
Elapsed time is 42.107148 seconds.
Elapsed time is 47.984066 seconds.
Elapsed time is 40.828884 seconds.
Elapsed time is 39.464578 seconds.
Elapsed time is 37.162186 seconds.
Elapsed time is 41.064827 seconds.
Elapsed time is 38.294899 seconds.
Elapsed time is 37.703893 seconds.
Elapsed time is 39.510275 seconds.
Elapsed time is 36.390958 seconds.
Elapsed time is 36.526737 seconds.
Elapsed time is 41.228092 seconds.
Elapsed time is 41.338762 seconds.
Elapsed time is 52.547599 seconds.
Elapsed time is 45.393663 seconds.
Elapsed time is 47.730691 seconds.
Elapsed time is 44.808024 seconds.
Elapsed time is 39.993267 seconds.
Elapsed time is 41.768966 seconds.
Elapsed time is 42.121675 seconds.
Elapsed time is 42.200292 seconds.
Elapsed time is 38.873324 seconds.
Elapsed time is 36.986249 seconds.
Elapsed time is 36.487000 seconds.
Elapsed time is 38.464849 seconds.
Elapsed time is 36.924838 seconds.
Elapsed time is 39.362496 seconds.
Elapsed time is 43.361568 seconds.
Elapsed time is 45.777289 seconds.
Elapsed time is 42.128231 seconds.
Elapsed time is 36.526090 seconds.
Elapsed time is 40.027760 seconds.
Elapsed time is 36.173096 seconds.
Elapsed time is 36.859323 seconds.
Elapsed time is 43.496052 seconds.
Elapsed time is 43.256172 seconds.
Elapsed time is 43.745001 seconds.
Elapsed time is 42.892551 seconds.
Elapsed time is 44.727679 seconds.
Elapsed time is 46.615647 seconds.
Elapsed time is 46.817864 seconds.
Elapsed time is 46.925232 seconds.
Elapsed time is 41.106069 seconds.
Elapsed time is 40.543892 seconds.
Elapsed time is 38.877702 seconds.
Elapsed time is 37.182789 seconds.
     7        1005         2594.96        1.75e+06         0.01      0.0154532
Elapsed time is 45.720609 seconds.
Elapsed time is 45.290157 seconds.
Elapsed time is 43.118902 seconds.
Elapsed time is 39.837665 seconds.
Elapsed time is 38.243824 seconds.
Elapsed time is 41.506585 seconds.
Elapsed time is 37.823390 seconds.
Elapsed time is 39.238522 seconds.
Elapsed time is 37.975944 seconds.
Elapsed time is 40.382018 seconds.
Elapsed time is 38.730312 seconds.
Elapsed time is 36.605748 seconds.
Elapsed time is 36.444166 seconds.
Elapsed time is 41.108639 seconds.
Elapsed time is 46.307621 seconds.
Elapsed time is 44.586795 seconds.
Elapsed time is 45.365655 seconds.
Elapsed time is 47.203863 seconds.
Elapsed time is 48.771439 seconds.
Elapsed time is 47.865731 seconds.
Elapsed time is 48.835764 seconds.
Elapsed time is 51.033211 seconds.
Elapsed time is 51.305757 seconds.
Elapsed time is 51.862127 seconds.
Elapsed time is 48.707418 seconds.
Elapsed time is 48.449365 seconds.
Elapsed time is 50.450416 seconds.
Elapsed time is 47.774485 seconds.
Elapsed time is 46.705872 seconds.
Elapsed time is 48.341320 seconds.
Elapsed time is 43.777375 seconds.
Elapsed time is 43.855396 seconds.
Elapsed time is 43.532978 seconds.
Elapsed time is 40.840773 seconds.
Elapsed time is 43.658201 seconds.
Elapsed time is 42.870883 seconds.
Elapsed time is 42.720696 seconds.
Elapsed time is 43.517343 seconds.
Elapsed time is 42.012920 seconds.
Elapsed time is 41.824200 seconds.
Elapsed time is 38.037495 seconds.
Elapsed time is 33.573331 seconds.
Elapsed time is 38.331254 seconds.
Elapsed time is 36.750967 seconds.
Elapsed time is 43.396236 seconds.
Elapsed time is 45.684834 seconds.
Elapsed time is 45.955727 seconds.
Elapsed time is 47.855239 seconds.
Elapsed time is 44.738276 seconds.
Elapsed time is 44.291375 seconds.
Elapsed time is 44.862862 seconds.
Elapsed time is 43.472985 seconds.
Elapsed time is 45.125152 seconds.
Elapsed time is 44.309504 seconds.
Elapsed time is 43.521352 seconds.
Elapsed time is 43.670807 seconds.
Elapsed time is 42.178442 seconds.
Elapsed time is 40.855301 seconds.
Elapsed time is 39.873797 seconds.
Elapsed time is 36.083652 seconds.
Elapsed time is 41.620500 seconds.
Elapsed time is 39.554778 seconds.
Elapsed time is 42.752613 seconds.
Elapsed time is 42.775170 seconds.
Elapsed time is 44.698433 seconds.
Elapsed time is 46.020870 seconds.
Elapsed time is 45.203072 seconds.
Elapsed time is 43.748655 seconds.
Elapsed time is 50.645488 seconds.
Elapsed time is 47.367786 seconds.
Elapsed time is 46.337401 seconds.
Elapsed time is 44.618393 seconds.
Elapsed time is 46.298616 seconds.
Elapsed time is 39.928497 seconds.
Elapsed time is 42.176207 seconds.
Elapsed time is 38.299134 seconds.
Elapsed time is 44.493679 seconds.
Elapsed time is 39.664249 seconds.
Elapsed time is 46.330688 seconds.
Elapsed time is 47.958049 seconds.
Elapsed time is 49.239591 seconds.
Elapsed time is 44.377589 seconds.
Elapsed time is 45.006503 seconds.
Elapsed time is 43.635029 seconds.
Elapsed time is 41.453889 seconds.
Elapsed time is 40.816602 seconds.
Elapsed time is 44.492673 seconds.
Elapsed time is 40.277673 seconds.
Elapsed time is 39.137740 seconds.
Elapsed time is 40.486305 seconds.
Elapsed time is 39.962062 seconds.
Elapsed time is 40.760234 seconds.
Elapsed time is 43.825069 seconds.
Elapsed time is 41.768163 seconds.
Elapsed time is 42.853812 seconds.
Elapsed time is 41.246151 seconds.
Elapsed time is 41.095228 seconds.
Elapsed time is 43.462261 seconds.
Elapsed time is 44.586124 seconds.
Elapsed time is 41.518991 seconds.
Elapsed time is 48.726838 seconds.
Elapsed time is 45.283197 seconds.
Elapsed time is 47.416009 seconds.
Elapsed time is 45.516274 seconds.
Elapsed time is 43.374609 seconds.
Elapsed time is 42.612238 seconds.
Elapsed time is 45.376779 seconds.
Elapsed time is 44.643063 seconds.
Elapsed time is 43.642642 seconds.
Elapsed time is 39.534557 seconds.
Elapsed time is 41.074673 seconds.
Elapsed time is 39.444673 seconds.
Elapsed time is 38.003951 seconds.
Elapsed time is 37.691202 seconds.
Elapsed time is 42.882248 seconds.
Elapsed time is 38.430716 seconds.
Elapsed time is 36.978895 seconds.
Elapsed time is 39.332633 seconds.
Elapsed time is 40.604200 seconds.
Elapsed time is 41.399617 seconds.
Elapsed time is 43.848732 seconds.
Elapsed time is 42.532799 seconds.
Elapsed time is 43.179364 seconds.
Elapsed time is 38.685678 seconds.
Elapsed time is 41.515538 seconds.
     8        1130         2574.62        2.58e+05        0.001      0.0156867
Elapsed time is 44.402727 seconds.
Elapsed time is 42.090832 seconds.
Elapsed time is 39.349400 seconds.
Elapsed time is 40.064318 seconds.
Elapsed time is 40.956700 seconds.
Elapsed time is 41.408617 seconds.
Elapsed time is 38.685142 seconds.
Elapsed time is 42.481447 seconds.
Elapsed time is 39.555178 seconds.
Elapsed time is 41.633820 seconds.
Elapsed time is 38.403711 seconds.
Elapsed time is 35.067324 seconds.
Elapsed time is 39.130371 seconds.
Elapsed time is 37.576945 seconds.
Elapsed time is 36.514394 seconds.
Elapsed time is 44.067388 seconds.
Elapsed time is 42.529167 seconds.
Elapsed time is 45.221296 seconds.
Elapsed time is 45.681978 seconds.
Elapsed time is 43.374279 seconds.
Elapsed time is 36.011292 seconds.
Elapsed time is 40.548143 seconds.
Elapsed time is 37.692174 seconds.
Elapsed time is 33.034420 seconds.
Elapsed time is 38.246273 seconds.
Elapsed time is 31.696731 seconds.
Elapsed time is 35.373316 seconds.
Elapsed time is 37.191003 seconds.
Elapsed time is 40.061417 seconds.
Elapsed time is 39.706565 seconds.
Elapsed time is 35.092825 seconds.
Elapsed time is 38.773238 seconds.
Elapsed time is 35.793504 seconds.
Elapsed time is 34.939013 seconds.
Elapsed time is 36.867475 seconds.
Elapsed time is 36.368244 seconds.
Elapsed time is 38.022255 seconds.
Elapsed time is 39.579444 seconds.
Elapsed time is 37.404605 seconds.
Elapsed time is 38.274886 seconds.
Elapsed time is 37.590723 seconds.
Elapsed time is 36.854672 seconds.
Elapsed time is 37.754911 seconds.
Elapsed time is 34.819704 seconds.
Elapsed time is 34.995614 seconds.
Elapsed time is 39.002399 seconds.
Elapsed time is 35.621498 seconds.
Elapsed time is 35.661915 seconds.
Elapsed time is 32.314742 seconds.
Elapsed time is 35.037314 seconds.
Elapsed time is 37.807432 seconds.
Elapsed time is 38.776665 seconds.
Elapsed time is 39.599987 seconds.
Elapsed time is 42.017660 seconds.
Elapsed time is 39.731165 seconds.
Elapsed time is 32.995319 seconds.
Elapsed time is 31.258983 seconds.
Elapsed time is 32.206969 seconds.
Elapsed time is 34.901573 seconds.
Elapsed time is 34.427706 seconds.
Elapsed time is 34.278001 seconds.
Elapsed time is 32.199039 seconds.
Elapsed time is 32.418489 seconds.
Elapsed time is 34.996122 seconds.
Elapsed time is 38.509726 seconds.
Elapsed time is 40.307905 seconds.
Elapsed time is 43.867992 seconds.
Elapsed time is 41.485827 seconds.
Elapsed time is 37.594393 seconds.
Elapsed time is 36.821667 seconds.
Elapsed time is 33.854005 seconds.
Elapsed time is 41.270392 seconds.
Elapsed time is 42.938735 seconds.
Elapsed time is 41.887890 seconds.
Elapsed time is 43.763448 seconds.
Elapsed time is 39.985528 seconds.
Elapsed time is 40.141472 seconds.
Elapsed time is 43.625563 seconds.
Elapsed time is 41.597636 seconds.
Elapsed time is 38.332487 seconds.
Elapsed time is 41.436147 seconds.
Elapsed time is 42.459213 seconds.
Elapsed time is 45.114222 seconds.
Elapsed time is 45.196974 seconds.
Elapsed time is 45.712530 seconds.
Elapsed time is 47.248316 seconds.
Elapsed time is 46.318353 seconds.
Elapsed time is 47.697962 seconds.
Elapsed time is 47.085565 seconds.
Elapsed time is 47.523749 seconds.
Elapsed time is 46.411879 seconds.
Elapsed time is 46.701582 seconds.
Elapsed time is 47.227544 seconds.
Elapsed time is 47.921738 seconds.
Elapsed time is 46.530854 seconds.
Elapsed time is 43.773620 seconds.
Elapsed time is 42.184195 seconds.
Elapsed time is 41.183301 seconds.
Elapsed time is 33.278387 seconds.
Elapsed time is 34.937663 seconds.
Elapsed time is 32.875132 seconds.
Elapsed time is 35.628803 seconds.
Elapsed time is 35.714729 seconds.
Elapsed time is 39.326701 seconds.
Elapsed time is 40.540210 seconds.
Elapsed time is 37.796016 seconds.
Elapsed time is 37.862722 seconds.
Elapsed time is 37.744394 seconds.
Elapsed time is 40.497645 seconds.
Elapsed time is 41.769047 seconds.
Elapsed time is 37.704225 seconds.
Elapsed time is 35.197665 seconds.
Elapsed time is 41.033532 seconds.
Elapsed time is 45.420625 seconds.
Elapsed time is 45.166726 seconds.
Elapsed time is 45.620148 seconds.
Elapsed time is 43.952152 seconds.
Elapsed time is 40.047406 seconds.
Elapsed time is 46.520491 seconds.
Elapsed time is 42.998245 seconds.
Elapsed time is 44.343299 seconds.
Elapsed time is 47.141830 seconds.
Elapsed time is 46.636118 seconds.
Elapsed time is 46.534478 seconds.
Elapsed time is 47.765751 seconds.
     9        1255         2558.88        2.19e+06       0.0001      0.0152559
Elapsed time is 46.540812 seconds.
Elapsed time is 46.482949 seconds.
Elapsed time is 41.159055 seconds.
Elapsed time is 38.255790 seconds.
Elapsed time is 36.228479 seconds.
Elapsed time is 37.642284 seconds.
Elapsed time is 39.470671 seconds.
Elapsed time is 39.040680 seconds.
Elapsed time is 38.940726 seconds.
Elapsed time is 38.225716 seconds.
Elapsed time is 39.894747 seconds.
Elapsed time is 41.744154 seconds.
Elapsed time is 38.786156 seconds.
Elapsed time is 45.431311 seconds.
Elapsed time is 43.941658 seconds.
Elapsed time is 45.503492 seconds.
Elapsed time is 45.234679 seconds.
Elapsed time is 42.030018 seconds.
Elapsed time is 40.308521 seconds.
Elapsed time is 40.485012 seconds.
Elapsed time is 37.119595 seconds.
Elapsed time is 37.261824 seconds.
Elapsed time is 40.834218 seconds.
Elapsed time is 44.183184 seconds.
Elapsed time is 38.123650 seconds.
Elapsed time is 38.653001 seconds.
Elapsed time is 38.482448 seconds.
Elapsed time is 40.681500 seconds.
Elapsed time is 39.991281 seconds.
Elapsed time is 40.578364 seconds.
Elapsed time is 34.203559 seconds.
Elapsed time is 36.661192 seconds.
Elapsed time is 38.409000 seconds.
Elapsed time is 34.912567 seconds.
Elapsed time is 39.620396 seconds.
Elapsed time is 37.235722 seconds.
Elapsed time is 40.163994 seconds.
Elapsed time is 38.414691 seconds.
Elapsed time is 37.318714 seconds.
Elapsed time is 37.704633 seconds.
Elapsed time is 44.102375 seconds.
Elapsed time is 45.879173 seconds.
Elapsed time is 43.659151 seconds.
Elapsed time is 43.682093 seconds.
Elapsed time is 41.317567 seconds.
Elapsed time is 38.096081 seconds.
Elapsed time is 37.025347 seconds.
Elapsed time is 34.145931 seconds.
Elapsed time is 38.257593 seconds.
Elapsed time is 41.339261 seconds.
Elapsed time is 42.097427 seconds.
Elapsed time is 42.696843 seconds.
Elapsed time is 42.481676 seconds.
Elapsed time is 40.687683 seconds.
Elapsed time is 40.027884 seconds.
Elapsed time is 38.698187 seconds.
Elapsed time is 38.580801 seconds.
Elapsed time is 40.814970 seconds.
Elapsed time is 38.813600 seconds.
Elapsed time is 40.359631 seconds.
Elapsed time is 40.560543 seconds.
Elapsed time is 37.719872 seconds.
Elapsed time is 42.107816 seconds.
Elapsed time is 40.386298 seconds.
Elapsed time is 38.201220 seconds.
Elapsed time is 42.474580 seconds.
Elapsed time is 44.255346 seconds.
Elapsed time is 39.972479 seconds.
Elapsed time is 38.101347 seconds.
Elapsed time is 39.252722 seconds.
Elapsed time is 40.783578 seconds.
Elapsed time is 38.960749 seconds.
Elapsed time is 40.353869 seconds.
Elapsed time is 43.859736 seconds.
Elapsed time is 41.020941 seconds.
Elapsed time is 36.519704 seconds.
Elapsed time is 38.016332 seconds.
Elapsed time is 35.133740 seconds.
Elapsed time is 40.566222 seconds.
Elapsed time is 46.124849 seconds.
Elapsed time is 43.137895 seconds.
Elapsed time is 45.234319 seconds.
Elapsed time is 46.960866 seconds.
Elapsed time is 46.340978 seconds.
Elapsed time is 47.716904 seconds.
Elapsed time is 47.080478 seconds.
Elapsed time is 48.929070 seconds.
Elapsed time is 49.009150 seconds.
Elapsed time is 49.701073 seconds.
Elapsed time is 49.775961 seconds.
Elapsed time is 47.605054 seconds.
Elapsed time is 43.687959 seconds.
Elapsed time is 39.125535 seconds.
Elapsed time is 38.787546 seconds.
Elapsed time is 36.513102 seconds.
Elapsed time is 40.911713 seconds.
Elapsed time is 41.922318 seconds.
Elapsed time is 42.261065 seconds.
Elapsed time is 41.458843 seconds.
Elapsed time is 43.240758 seconds.
Elapsed time is 43.301924 seconds.
Elapsed time is 41.553897 seconds.
Elapsed time is 45.362476 seconds.
Elapsed time is 42.957097 seconds.
Elapsed time is 43.114255 seconds.
Elapsed time is 42.507211 seconds.
Elapsed time is 44.942881 seconds.
Elapsed time is 41.386222 seconds.
Elapsed time is 42.076233 seconds.
Elapsed time is 41.474436 seconds.
Elapsed time is 41.672637 seconds.
Elapsed time is 42.179158 seconds.
Elapsed time is 45.520079 seconds.
Elapsed time is 45.768855 seconds.
Elapsed time is 46.129247 seconds.
Elapsed time is 45.388543 seconds.
Elapsed time is 45.601790 seconds.
Elapsed time is 43.931338 seconds.
Elapsed time is 44.801746 seconds.
Elapsed time is 43.806063 seconds.
Elapsed time is 42.405284 seconds.
Elapsed time is 40.019491 seconds.
Elapsed time is 42.075151 seconds.
Elapsed time is 46.750576 seconds.
Elapsed time is 44.294774 seconds.
    10        1380         2545.85        7.79e+05        1e-05      0.0135145
Elapsed time is 45.851418 seconds.
Elapsed time is 47.773292 seconds.
Elapsed time is 46.583342 seconds.
Elapsed time is 46.820318 seconds.
Elapsed time is 44.094399 seconds.
Elapsed time is 42.323456 seconds.
Elapsed time is 47.461897 seconds.
Elapsed time is 42.985209 seconds.
Elapsed time is 43.064863 seconds.
Elapsed time is 39.997911 seconds.
Elapsed time is 43.609259 seconds.
Elapsed time is 45.065919 seconds.
Elapsed time is 45.396281 seconds.
Elapsed time is 42.990842 seconds.
Elapsed time is 42.753452 seconds.
Elapsed time is 46.625118 seconds.
Elapsed time is 46.203687 seconds.
Elapsed time is 43.410626 seconds.
Elapsed time is 40.406165 seconds.
Elapsed time is 44.173364 seconds.
Elapsed time is 43.704598 seconds.
Elapsed time is 37.336687 seconds.
Elapsed time is 37.091586 seconds.
Elapsed time is 40.531254 seconds.
Elapsed time is 43.341406 seconds.
Elapsed time is 43.433434 seconds.
Elapsed time is 40.495490 seconds.
Elapsed time is 43.791975 seconds.
Elapsed time is 40.802695 seconds.
Elapsed time is 44.116960 seconds.
Elapsed time is 43.197162 seconds.
Elapsed time is 51.344503 seconds.
Elapsed time is 46.969917 seconds.
Elapsed time is 44.601771 seconds.
Elapsed time is 44.952788 seconds.
Elapsed time is 43.617426 seconds.
Elapsed time is 40.705046 seconds.
Elapsed time is 39.622048 seconds.
Elapsed time is 37.000810 seconds.
Elapsed time is 33.793284 seconds.
Elapsed time is 33.482181 seconds.
Elapsed time is 32.671763 seconds.
Elapsed time is 30.605943 seconds.
Elapsed time is 32.381517 seconds.
Elapsed time is 33.022475 seconds.
Elapsed time is 32.742953 seconds.
Elapsed time is 32.617815 seconds.
Elapsed time is 32.406519 seconds.
Elapsed time is 33.850186 seconds.
Elapsed time is 38.294422 seconds.
Elapsed time is 35.381954 seconds.
Elapsed time is 31.699440 seconds.
Elapsed time is 32.290146 seconds.
Elapsed time is 31.571686 seconds.
Elapsed time is 33.271634 seconds.
Elapsed time is 34.892960 seconds.
Elapsed time is 33.183020 seconds.
Elapsed time is 32.525933 seconds.
Elapsed time is 34.238319 seconds.
Elapsed time is 33.463284 seconds.
Elapsed time is 34.829604 seconds.
Elapsed time is 34.837678 seconds.
Elapsed time is 32.781739 seconds.
Elapsed time is 34.206884 seconds.
Elapsed time is 33.551991 seconds.
Elapsed time is 32.754512 seconds.
Elapsed time is 33.464856 seconds.
Elapsed time is 31.832567 seconds.
Elapsed time is 32.471619 seconds.
Elapsed time is 35.704218 seconds.
Elapsed time is 31.890271 seconds.
Elapsed time is 32.793060 seconds.
Elapsed time is 32.380617 seconds.
Elapsed time is 38.375430 seconds.
Elapsed time is 33.557388 seconds.
Elapsed time is 44.565344 seconds.
Elapsed time is 33.011680 seconds.
Elapsed time is 35.874234 seconds.
Elapsed time is 32.837224 seconds.
Elapsed time is 32.147637 seconds.
Elapsed time is 32.388451 seconds.
Elapsed time is 32.983280 seconds.
Elapsed time is 33.837906 seconds.
Elapsed time is 31.130643 seconds.
Elapsed time is 30.983399 seconds.
Elapsed time is 32.471768 seconds.
Elapsed time is 33.684196 seconds.
Elapsed time is 34.253832 seconds.
Elapsed time is 33.519399 seconds.
Elapsed time is 32.491747 seconds.
Elapsed time is 31.216088 seconds.
Elapsed time is 34.630343 seconds.
Elapsed time is 30.863942 seconds.
Elapsed time is 32.573664 seconds.
Elapsed time is 34.116168 seconds.
Elapsed time is 33.813756 seconds.
Elapsed time is 35.184692 seconds.
Elapsed time is 34.539281 seconds.
Elapsed time is 31.779376 seconds.
Elapsed time is 38.687041 seconds.
Elapsed time is 33.522136 seconds.
Elapsed time is 37.504077 seconds.
Elapsed time is 35.112642 seconds.
Elapsed time is 34.310602 seconds.
Elapsed time is 34.648347 seconds.
Elapsed time is 34.474019 seconds.
Elapsed time is 35.741004 seconds.
Elapsed time is 31.678392 seconds.
Elapsed time is 31.870650 seconds.
Elapsed time is 33.937765 seconds.
Elapsed time is 35.699991 seconds.
Elapsed time is 34.092366 seconds.
Elapsed time is 33.967609 seconds.
Elapsed time is 31.385780 seconds.
Elapsed time is 34.485900 seconds.
Elapsed time is 31.275646 seconds.
Elapsed time is 31.877894 seconds.
Elapsed time is 35.159710 seconds.
Elapsed time is 35.294999 seconds.
Elapsed time is 33.130066 seconds.
Elapsed time is 32.183090 seconds.
Elapsed time is 32.374425 seconds.
Elapsed time is 34.682213 seconds.
Elapsed time is 35.537880 seconds.
Elapsed time is 32.323002 seconds.
    11        1505         2536.84        6.68e+05        1e-06      0.0167502
Elapsed time is 35.206400 seconds.
Elapsed time is 34.859657 seconds.
Elapsed time is 54.015312 seconds.
Elapsed time is 54.402086 seconds.
Elapsed time is 56.288685 seconds.
Elapsed time is 57.605192 seconds.
Elapsed time is 52.536009 seconds.
Elapsed time is 52.221479 seconds.
Elapsed time is 48.720513 seconds.
Elapsed time is 39.017678 seconds.
Elapsed time is 36.331553 seconds.
Elapsed time is 34.071172 seconds.
Elapsed time is 35.515940 seconds.

Local minimum possible.

lsqnonlin stopped because the relative size of the current step is less than
the default value of the step size tolerance.



map
   1.0e+03 *

   1.370643658701572                   0   0.982585735429522
                   0   1.356581508559059   0.527103853020002
                   0                   0   0.001000000000000

Parallel pool using the 'local' profile is shutting down.
>>   message with properties:

    Identifier: 'MATLAB:connector:connector:ConnectorNotRunning'
     Arguments: {}

