MATLAB is selecting SOFTWARE OPENGL rendering.

                            < M A T L A B (R) >
                  Copyright 1984-2017 The MathWorks, Inc.
                   R2017b (9.3.0.713579) 64-bit (glnxa64)
                             September 14, 2017

 
To get started, type one of these: helpwin, helpdesk, or demo.
For product information, visit www.mathworks.com.
 

initres =

    9.5671

Starting parallel pool (parpool) using the 'local' profile ...
connected to 20 workers.
Elapsed time is 67.225505 seconds.
Elapsed time is 70.554771 seconds.
Elapsed time is 70.991357 seconds.
Elapsed time is 70.282322 seconds.
Elapsed time is 70.180720 seconds.
Elapsed time is 71.819972 seconds.
Elapsed time is 71.560008 seconds.
Elapsed time is 71.523763 seconds.
Elapsed time is 69.960153 seconds.
Elapsed time is 72.642068 seconds.
Elapsed time is 71.690974 seconds.
Elapsed time is 73.012175 seconds.
Elapsed time is 72.343040 seconds.
Elapsed time is 73.229952 seconds.
Elapsed time is 70.664830 seconds.
Elapsed time is 71.514833 seconds.
Elapsed time is 72.692922 seconds.
Elapsed time is 72.641892 seconds.
Elapsed time is 72.659901 seconds.
Elapsed time is 71.479518 seconds.
Elapsed time is 72.434359 seconds.
Elapsed time is 71.683280 seconds.
Elapsed time is 72.716166 seconds.
Elapsed time is 74.861949 seconds.
Elapsed time is 75.828808 seconds.
Elapsed time is 72.158992 seconds.
Elapsed time is 72.849210 seconds.
Elapsed time is 72.347613 seconds.
Elapsed time is 75.484077 seconds.
Elapsed time is 71.371688 seconds.
Elapsed time is 78.340050 seconds.
Elapsed time is 71.158654 seconds.
Elapsed time is 72.088921 seconds.
Elapsed time is 71.876049 seconds.
Elapsed time is 70.774737 seconds.
Elapsed time is 72.930866 seconds.
Elapsed time is 70.397513 seconds.
Elapsed time is 70.321845 seconds.
Elapsed time is 71.967289 seconds.
Elapsed time is 72.909535 seconds.
Elapsed time is 70.314562 seconds.
Elapsed time is 74.014437 seconds.
Elapsed time is 72.368838 seconds.
Elapsed time is 73.361881 seconds.
Elapsed time is 74.209969 seconds.
Elapsed time is 71.377569 seconds.
Elapsed time is 78.708679 seconds.
Elapsed time is 71.606230 seconds.
Elapsed time is 74.573828 seconds.
Elapsed time is 72.386132 seconds.
Elapsed time is 71.089288 seconds.
Elapsed time is 73.071891 seconds.
Elapsed time is 72.128366 seconds.
Elapsed time is 73.846658 seconds.
Elapsed time is 71.803223 seconds.
Elapsed time is 70.660306 seconds.
Elapsed time is 72.857668 seconds.
Elapsed time is 70.756631 seconds.
Elapsed time is 73.955174 seconds.
Elapsed time is 77.116053 seconds.
Elapsed time is 71.066445 seconds.
Elapsed time is 71.961090 seconds.
Elapsed time is 71.338553 seconds.
Elapsed time is 72.828710 seconds.
Elapsed time is 73.734897 seconds.
Elapsed time is 72.728671 seconds.
Elapsed time is 73.330687 seconds.
Elapsed time is 72.017759 seconds.
Elapsed time is 73.320487 seconds.
Elapsed time is 72.481850 seconds.
Elapsed time is 74.028387 seconds.
Elapsed time is 73.270498 seconds.
Elapsed time is 70.987650 seconds.
Elapsed time is 72.691303 seconds.
Elapsed time is 74.583253 seconds.
Elapsed time is 75.845060 seconds.
Elapsed time is 72.845370 seconds.
Elapsed time is 73.561392 seconds.
Elapsed time is 72.475149 seconds.
Elapsed time is 74.314535 seconds.
Elapsed time is 71.989873 seconds.
Elapsed time is 74.293623 seconds.
Elapsed time is 73.757859 seconds.
Elapsed time is 72.655023 seconds.
Elapsed time is 72.716643 seconds.
Elapsed time is 74.296955 seconds.
Elapsed time is 72.286219 seconds.
Elapsed time is 73.070942 seconds.
Elapsed time is 73.522661 seconds.
Elapsed time is 71.670316 seconds.
Elapsed time is 73.648543 seconds.
Elapsed time is 72.625625 seconds.
Elapsed time is 74.560287 seconds.
Elapsed time is 73.026019 seconds.
Elapsed time is 73.946743 seconds.
Elapsed time is 70.933872 seconds.
Elapsed time is 71.080463 seconds.
Elapsed time is 69.790745 seconds.
Elapsed time is 70.694202 seconds.
Elapsed time is 73.519059 seconds.
Elapsed time is 71.434165 seconds.
Elapsed time is 72.031757 seconds.
Elapsed time is 71.163607 seconds.
Elapsed time is 73.185351 seconds.
Elapsed time is 70.781847 seconds.
Elapsed time is 74.656413 seconds.
Elapsed time is 76.120342 seconds.
Elapsed time is 71.936998 seconds.
Elapsed time is 73.482413 seconds.
Elapsed time is 73.140691 seconds.
Elapsed time is 73.160573 seconds.
Elapsed time is 73.698596 seconds.
Elapsed time is 71.182469 seconds.
Elapsed time is 71.900562 seconds.
Elapsed time is 71.413679 seconds.
Elapsed time is 73.492703 seconds.
Elapsed time is 75.585477 seconds.
Elapsed time is 77.612776 seconds.
Elapsed time is 73.089985 seconds.
Elapsed time is 72.663143 seconds.
Elapsed time is 72.222609 seconds.
Elapsed time is 72.381894 seconds.
Elapsed time is 76.124690 seconds.
Elapsed time is 72.666214 seconds.
Elapsed time is 72.391208 seconds.

                                        First-Order                    Norm of 
 Iteration  Func-count    Residual       optimality      Lambda           step
     0         125         2888.82         3.5e+06         0.01
Elapsed time is 120.269923 seconds.
Elapsed time is 73.523818 seconds.
Elapsed time is 71.951311 seconds.
Elapsed time is 71.347236 seconds.
Elapsed time is 72.848313 seconds.
Elapsed time is 70.860361 seconds.
Elapsed time is 73.031508 seconds.
Elapsed time is 74.855907 seconds.
Elapsed time is 72.718473 seconds.
Elapsed time is 70.808688 seconds.
Elapsed time is 73.014403 seconds.
Elapsed time is 72.300841 seconds.
Elapsed time is 70.784535 seconds.
Elapsed time is 71.524291 seconds.
Elapsed time is 70.429782 seconds.
Elapsed time is 73.660006 seconds.
Elapsed time is 73.068990 seconds.
Elapsed time is 73.115710 seconds.
Elapsed time is 72.496312 seconds.
Elapsed time is 70.398028 seconds.
Elapsed time is 71.507437 seconds.
Elapsed time is 72.371424 seconds.
Elapsed time is 72.859978 seconds.
Elapsed time is 73.042741 seconds.
Elapsed time is 73.635630 seconds.
Elapsed time is 72.341841 seconds.
Elapsed time is 73.311818 seconds.
Elapsed time is 70.183900 seconds.
Elapsed time is 73.648723 seconds.
Elapsed time is 72.099446 seconds.
Elapsed time is 73.313103 seconds.
Elapsed time is 70.259796 seconds.
Elapsed time is 70.157249 seconds.
Elapsed time is 73.773870 seconds.
Elapsed time is 78.885377 seconds.
Elapsed time is 72.178553 seconds.
Elapsed time is 73.265500 seconds.
Elapsed time is 70.303366 seconds.
Elapsed time is 71.676189 seconds.
Elapsed time is 71.786582 seconds.
Elapsed time is 72.393776 seconds.
Elapsed time is 73.511448 seconds.
Elapsed time is 70.453194 seconds.
Elapsed time is 70.214691 seconds.
Elapsed time is 72.899624 seconds.
Elapsed time is 72.576149 seconds.
Elapsed time is 74.185866 seconds.
Elapsed time is 75.806672 seconds.
Elapsed time is 72.317129 seconds.
Elapsed time is 72.726712 seconds.
Elapsed time is 72.532966 seconds.
Elapsed time is 74.678809 seconds.
Elapsed time is 73.549810 seconds.
Elapsed time is 76.315106 seconds.
Elapsed time is 71.529058 seconds.
Elapsed time is 74.069552 seconds.
Elapsed time is 72.515277 seconds.
Elapsed time is 73.566226 seconds.
Elapsed time is 72.476144 seconds.
Elapsed time is 71.342098 seconds.
Elapsed time is 71.953112 seconds.
Elapsed time is 72.447876 seconds.
Elapsed time is 73.084341 seconds.
Elapsed time is 71.985632 seconds.
Elapsed time is 72.365486 seconds.
Elapsed time is 72.577412 seconds.
Elapsed time is 71.864127 seconds.
Elapsed time is 76.394709 seconds.
Elapsed time is 69.699686 seconds.
Elapsed time is 71.127367 seconds.
Elapsed time is 73.234996 seconds.
Elapsed time is 72.417445 seconds.
Elapsed time is 79.035220 seconds.
Elapsed time is 71.517187 seconds.
Elapsed time is 75.180283 seconds.
Elapsed time is 71.538901 seconds.
Elapsed time is 70.536596 seconds.
Elapsed time is 70.982875 seconds.
Elapsed time is 71.929847 seconds.
Elapsed time is 73.669154 seconds.
Elapsed time is 73.285611 seconds.
Elapsed time is 74.575558 seconds.
Elapsed time is 72.661342 seconds.
Elapsed time is 75.783978 seconds.
Elapsed time is 72.102007 seconds.
Elapsed time is 72.581944 seconds.
Elapsed time is 76.356198 seconds.
Elapsed time is 71.734670 seconds.
Elapsed time is 75.104921 seconds.
Elapsed time is 73.327100 seconds.
Elapsed time is 72.960232 seconds.
Elapsed time is 71.788467 seconds.
Elapsed time is 73.650403 seconds.
Elapsed time is 71.712467 seconds.
Elapsed time is 71.167849 seconds.
Elapsed time is 75.420133 seconds.
Elapsed time is 72.451759 seconds.
Elapsed time is 73.836011 seconds.
Elapsed time is 74.699303 seconds.
Elapsed time is 74.726298 seconds.
Elapsed time is 70.937131 seconds.
Elapsed time is 73.602169 seconds.
Elapsed time is 73.146193 seconds.
Elapsed time is 73.466824 seconds.
Elapsed time is 72.817422 seconds.
Elapsed time is 70.832803 seconds.
Elapsed time is 73.707097 seconds.
Elapsed time is 70.830671 seconds.
Elapsed time is 71.864619 seconds.
Elapsed time is 71.316706 seconds.
Elapsed time is 73.742461 seconds.
Elapsed time is 71.280351 seconds.
Elapsed time is 71.718205 seconds.
Elapsed time is 72.961610 seconds.
Elapsed time is 71.771901 seconds.
Elapsed time is 72.520514 seconds.
Elapsed time is 71.490825 seconds.
Elapsed time is 74.134043 seconds.
Elapsed time is 71.153951 seconds.
Elapsed time is 71.456561 seconds.
Elapsed time is 74.364424 seconds.
Elapsed time is 71.660895 seconds.
Elapsed time is 71.267996 seconds.
Elapsed time is 72.154966 seconds.
Elapsed time is 72.718741 seconds.
Elapsed time is 72.485403 seconds.
     1         251         1277.98        2.38e+06          0.1       0.314533
Elapsed time is 71.083298 seconds.
Elapsed time is 70.672788 seconds.
Elapsed time is 71.695703 seconds.
Elapsed time is 73.004799 seconds.
Elapsed time is 72.461024 seconds.
Elapsed time is 72.899652 seconds.
Elapsed time is 71.169124 seconds.
Elapsed time is 74.085137 seconds.
Elapsed time is 71.786157 seconds.
Elapsed time is 74.715552 seconds.
Elapsed time is 75.625960 seconds.
Elapsed time is 73.033627 seconds.
Elapsed time is 72.439421 seconds.
Elapsed time is 72.334308 seconds.
Elapsed time is 70.270905 seconds.
Elapsed time is 72.667227 seconds.
Elapsed time is 75.405858 seconds.
Elapsed time is 72.334019 seconds.
Elapsed time is 72.207982 seconds.
Elapsed time is 73.711413 seconds.
Elapsed time is 71.627503 seconds.
Elapsed time is 74.903559 seconds.
Elapsed time is 72.176337 seconds.
Elapsed time is 73.254452 seconds.
Elapsed time is 72.591756 seconds.
Elapsed time is 71.085474 seconds.
Elapsed time is 78.567158 seconds.
Elapsed time is 72.055671 seconds.
Elapsed time is 73.123975 seconds.
Elapsed time is 73.786968 seconds.
Elapsed time is 72.303681 seconds.
Elapsed time is 75.699130 seconds.
Elapsed time is 72.956548 seconds.
Elapsed time is 74.450967 seconds.
Elapsed time is 73.194277 seconds.
Elapsed time is 72.250678 seconds.
Elapsed time is 71.660710 seconds.
Elapsed time is 74.481447 seconds.
Elapsed time is 74.167942 seconds.
Elapsed time is 72.315222 seconds.
Elapsed time is 74.526976 seconds.
Elapsed time is 75.236960 seconds.
Elapsed time is 73.049419 seconds.
Elapsed time is 72.765601 seconds.
Elapsed time is 73.728808 seconds.
Elapsed time is 74.318083 seconds.
Elapsed time is 73.145765 seconds.
Elapsed time is 71.995912 seconds.
Elapsed time is 72.256492 seconds.
Elapsed time is 71.766164 seconds.
Elapsed time is 70.770242 seconds.
Elapsed time is 73.862115 seconds.
Elapsed time is 71.369506 seconds.
Elapsed time is 73.448709 seconds.
Elapsed time is 71.352359 seconds.
Elapsed time is 73.391700 seconds.
Elapsed time is 71.525570 seconds.
Elapsed time is 75.566710 seconds.
Elapsed time is 72.041747 seconds.
Elapsed time is 75.542102 seconds.
Elapsed time is 72.813201 seconds.
Elapsed time is 71.828619 seconds.
Elapsed time is 72.099402 seconds.
Elapsed time is 71.337764 seconds.
Elapsed time is 71.469969 seconds.
Elapsed time is 69.933271 seconds.
Elapsed time is 73.502151 seconds.
Elapsed time is 73.986622 seconds.
Elapsed time is 72.031961 seconds.
Elapsed time is 73.022315 seconds.
Elapsed time is 73.317754 seconds.
Elapsed time is 75.244134 seconds.
Elapsed time is 74.868177 seconds.
Elapsed time is 74.461661 seconds.
Elapsed time is 71.329506 seconds.
Elapsed time is 74.789253 seconds.
Elapsed time is 71.457196 seconds.
Elapsed time is 71.876335 seconds.
Elapsed time is 73.003793 seconds.
Elapsed time is 72.533288 seconds.
Elapsed time is 73.198099 seconds.
Elapsed time is 72.403921 seconds.
Elapsed time is 73.547292 seconds.
Elapsed time is 75.044625 seconds.
Elapsed time is 72.846864 seconds.
Elapsed time is 71.833901 seconds.
Elapsed time is 72.588633 seconds.
Elapsed time is 74.219753 seconds.
Elapsed time is 73.688910 seconds.
Elapsed time is 75.027349 seconds.
Elapsed time is 74.274684 seconds.
Elapsed time is 74.999124 seconds.
Elapsed time is 77.252019 seconds.
Elapsed time is 72.807803 seconds.
Elapsed time is 74.522869 seconds.
Elapsed time is 74.559952 seconds.
Elapsed time is 76.034540 seconds.
Elapsed time is 75.785965 seconds.
Elapsed time is 74.687124 seconds.
Elapsed time is 75.679973 seconds.
Elapsed time is 73.402501 seconds.
Elapsed time is 73.462877 seconds.
Elapsed time is 72.243061 seconds.
Elapsed time is 72.253902 seconds.
Elapsed time is 73.378234 seconds.
Elapsed time is 70.771530 seconds.
Elapsed time is 70.741166 seconds.
Elapsed time is 70.137459 seconds.
Elapsed time is 72.742424 seconds.
Elapsed time is 71.990324 seconds.
Elapsed time is 70.885129 seconds.
Elapsed time is 73.010463 seconds.
Elapsed time is 71.442922 seconds.
Elapsed time is 75.383516 seconds.
Elapsed time is 71.239216 seconds.
Elapsed time is 71.804638 seconds.
Elapsed time is 72.139759 seconds.
Elapsed time is 72.525446 seconds.
Elapsed time is 76.509895 seconds.
Elapsed time is 72.487177 seconds.
Elapsed time is 86.742911 seconds.
Elapsed time is 73.476676 seconds.
Elapsed time is 82.380449 seconds.
Elapsed time is 72.947743 seconds.
Elapsed time is 71.887175 seconds.
Elapsed time is 76.380884 seconds.
     2         377         701.967        3.55e+05            1      0.0613304
Elapsed time is 74.280880 seconds.
Elapsed time is 76.729665 seconds.
Elapsed time is 74.883838 seconds.
Elapsed time is 73.755952 seconds.
Elapsed time is 73.827040 seconds.
Elapsed time is 76.595607 seconds.
Elapsed time is 72.242754 seconds.
Elapsed time is 81.102907 seconds.
Elapsed time is 70.997961 seconds.
Elapsed time is 70.788173 seconds.
Elapsed time is 74.247944 seconds.
Elapsed time is 71.258127 seconds.
Elapsed time is 71.881940 seconds.
Elapsed time is 71.951705 seconds.
Elapsed time is 70.059097 seconds.
Elapsed time is 70.981103 seconds.
Elapsed time is 70.583523 seconds.
Elapsed time is 73.119817 seconds.
Elapsed time is 72.272427 seconds.
Elapsed time is 70.956602 seconds.
Elapsed time is 73.473845 seconds.
Elapsed time is 70.866236 seconds.
Elapsed time is 70.180161 seconds.
Elapsed time is 72.395794 seconds.
Elapsed time is 70.093423 seconds.
Elapsed time is 73.770911 seconds.
Elapsed time is 70.579483 seconds.
Elapsed time is 72.018643 seconds.
Elapsed time is 72.021488 seconds.
Elapsed time is 71.269693 seconds.
Elapsed time is 72.803973 seconds.
Elapsed time is 71.633726 seconds.
Elapsed time is 72.240915 seconds.
Elapsed time is 72.527552 seconds.
Elapsed time is 74.838402 seconds.
Elapsed time is 74.385396 seconds.
Elapsed time is 71.154371 seconds.
Elapsed time is 73.381936 seconds.
Elapsed time is 71.693309 seconds.
Elapsed time is 72.738773 seconds.
Elapsed time is 73.957648 seconds.
Elapsed time is 71.533950 seconds.
Elapsed time is 73.290513 seconds.
Elapsed time is 71.880734 seconds.
Elapsed time is 72.068493 seconds.
Elapsed time is 75.846578 seconds.
Elapsed time is 71.181854 seconds.
Elapsed time is 72.452242 seconds.
Elapsed time is 71.263807 seconds.
Elapsed time is 71.251789 seconds.
Elapsed time is 72.593886 seconds.
Elapsed time is 74.931181 seconds.
Elapsed time is 71.298896 seconds.
Elapsed time is 71.518039 seconds.
Elapsed time is 71.864578 seconds.
Elapsed time is 72.177272 seconds.
Elapsed time is 73.631280 seconds.
Elapsed time is 75.230392 seconds.
Elapsed time is 73.232201 seconds.
Elapsed time is 74.865283 seconds.
Elapsed time is 74.670347 seconds.
Elapsed time is 74.856913 seconds.
Elapsed time is 74.495231 seconds.
Elapsed time is 72.074689 seconds.
Elapsed time is 74.877718 seconds.
Elapsed time is 75.947565 seconds.
Elapsed time is 76.493674 seconds.
Elapsed time is 73.193838 seconds.
Elapsed time is 74.154842 seconds.
Elapsed time is 72.083238 seconds.
Elapsed time is 78.544373 seconds.
Elapsed time is 71.153051 seconds.
Elapsed time is 71.176153 seconds.
Elapsed time is 73.741251 seconds.
Elapsed time is 69.593829 seconds.
Elapsed time is 73.618490 seconds.
Elapsed time is 72.941773 seconds.
Elapsed time is 73.734369 seconds.
Elapsed time is 72.233627 seconds.
Elapsed time is 73.488877 seconds.
Elapsed time is 78.398795 seconds.
Elapsed time is 71.034827 seconds.
Elapsed time is 72.742602 seconds.
Elapsed time is 72.420961 seconds.
Elapsed time is 71.958725 seconds.
Elapsed time is 72.627260 seconds.
Elapsed time is 71.752025 seconds.
Elapsed time is 72.227471 seconds.
Elapsed time is 71.611976 seconds.
Elapsed time is 72.771423 seconds.
Elapsed time is 73.844390 seconds.
Elapsed time is 74.668735 seconds.
Elapsed time is 73.167174 seconds.
Elapsed time is 74.384474 seconds.
Elapsed time is 72.421770 seconds.
Elapsed time is 71.825797 seconds.
Elapsed time is 75.444204 seconds.
Elapsed time is 72.885098 seconds.
Elapsed time is 72.557026 seconds.
Elapsed time is 72.316921 seconds.
Elapsed time is 71.023454 seconds.
Elapsed time is 73.140727 seconds.
Elapsed time is 73.006543 seconds.
Elapsed time is 72.076743 seconds.
Elapsed time is 74.055123 seconds.
Elapsed time is 72.685328 seconds.
Elapsed time is 72.949351 seconds.
Elapsed time is 72.330818 seconds.
Elapsed time is 71.897912 seconds.
Elapsed time is 73.863489 seconds.
Elapsed time is 72.076946 seconds.
Elapsed time is 74.018202 seconds.
Elapsed time is 72.113623 seconds.
Elapsed time is 71.493091 seconds.
Elapsed time is 73.556343 seconds.
Elapsed time is 72.446860 seconds.
Elapsed time is 75.702095 seconds.
Elapsed time is 72.153297 seconds.
Elapsed time is 73.614296 seconds.
Elapsed time is 73.229119 seconds.
Elapsed time is 75.125916 seconds.
Elapsed time is 73.960396 seconds.
Elapsed time is 74.439691 seconds.
Elapsed time is 73.164833 seconds.
Elapsed time is 70.935808 seconds.
     3         502         552.688        7.63e+05          0.1      0.0411031
Elapsed time is 73.963771 seconds.
Elapsed time is 79.712258 seconds.
Elapsed time is 73.800604 seconds.
Elapsed time is 71.482133 seconds.
Elapsed time is 74.987736 seconds.
Elapsed time is 71.781892 seconds.
Elapsed time is 79.316385 seconds.
Elapsed time is 77.660023 seconds.
Elapsed time is 75.178236 seconds.
Elapsed time is 79.899572 seconds.
Elapsed time is 75.234672 seconds.
Elapsed time is 75.632993 seconds.
Elapsed time is 74.993141 seconds.
Elapsed time is 76.746623 seconds.
Elapsed time is 76.582920 seconds.
Elapsed time is 74.592619 seconds.
Elapsed time is 73.157271 seconds.
Elapsed time is 75.756627 seconds.
Elapsed time is 74.385806 seconds.
Elapsed time is 72.485590 seconds.
Elapsed time is 81.745751 seconds.
Elapsed time is 74.098845 seconds.
Elapsed time is 73.280568 seconds.
Elapsed time is 71.209423 seconds.
Elapsed time is 73.137937 seconds.
Elapsed time is 74.652999 seconds.
Elapsed time is 75.765497 seconds.
Elapsed time is 72.084245 seconds.
Elapsed time is 75.992106 seconds.
Elapsed time is 74.463136 seconds.
Elapsed time is 75.712845 seconds.
Elapsed time is 72.049591 seconds.
Elapsed time is 75.241749 seconds.
Elapsed time is 72.536758 seconds.
Elapsed time is 72.556568 seconds.
Elapsed time is 73.214311 seconds.
Elapsed time is 73.028427 seconds.
Elapsed time is 73.180437 seconds.
Elapsed time is 75.885963 seconds.
Elapsed time is 73.629433 seconds.
Elapsed time is 74.280713 seconds.
Elapsed time is 71.207262 seconds.
Elapsed time is 74.739633 seconds.
Elapsed time is 71.467570 seconds.
Elapsed time is 74.313871 seconds.
Elapsed time is 76.233819 seconds.
Elapsed time is 71.964059 seconds.
Elapsed time is 72.887959 seconds.
Elapsed time is 71.524521 seconds.
Elapsed time is 77.176821 seconds.
Elapsed time is 72.332086 seconds.
Elapsed time is 72.380304 seconds.
Elapsed time is 74.529864 seconds.
Elapsed time is 71.631609 seconds.
Elapsed time is 72.740630 seconds.
Elapsed time is 74.010246 seconds.
Elapsed time is 71.738066 seconds.
Elapsed time is 71.445665 seconds.
Elapsed time is 71.930491 seconds.
Elapsed time is 70.998626 seconds.
Elapsed time is 76.301154 seconds.
Elapsed time is 73.342978 seconds.
Elapsed time is 73.627039 seconds.
Elapsed time is 70.997189 seconds.
Elapsed time is 71.252099 seconds.
Elapsed time is 74.825303 seconds.
Elapsed time is 72.448401 seconds.
Elapsed time is 73.351367 seconds.
Elapsed time is 73.524149 seconds.
Elapsed time is 73.255624 seconds.
Elapsed time is 71.958757 seconds.
Elapsed time is 73.823245 seconds.
Elapsed time is 73.132751 seconds.
Elapsed time is 70.942312 seconds.
Elapsed time is 72.569348 seconds.
Elapsed time is 71.433207 seconds.
Elapsed time is 71.877535 seconds.
Elapsed time is 74.083205 seconds.
Elapsed time is 72.152706 seconds.
Elapsed time is 72.965900 seconds.
Elapsed time is 71.084546 seconds.
Elapsed time is 71.962975 seconds.
Elapsed time is 76.919301 seconds.
Elapsed time is 72.786885 seconds.
Elapsed time is 75.656634 seconds.
Elapsed time is 71.244718 seconds.
Elapsed time is 72.478305 seconds.
Elapsed time is 73.659846 seconds.
Elapsed time is 76.346728 seconds.
Elapsed time is 72.911003 seconds.
Elapsed time is 71.293515 seconds.
Elapsed time is 72.362689 seconds.
Elapsed time is 76.859557 seconds.
Elapsed time is 76.487958 seconds.
Elapsed time is 73.365113 seconds.
Elapsed time is 73.960787 seconds.
Elapsed time is 71.432393 seconds.
Elapsed time is 72.986276 seconds.
Elapsed time is 74.187526 seconds.
Elapsed time is 75.355152 seconds.
Elapsed time is 72.849950 seconds.
Elapsed time is 72.989829 seconds.
Elapsed time is 74.269563 seconds.
Elapsed time is 76.346276 seconds.
Elapsed time is 73.026469 seconds.
Elapsed time is 72.464718 seconds.
Elapsed time is 78.176705 seconds.
Elapsed time is 73.888953 seconds.
Elapsed time is 76.541787 seconds.
Elapsed time is 73.628169 seconds.
Elapsed time is 71.663618 seconds.
Elapsed time is 71.541921 seconds.
Elapsed time is 71.461507 seconds.
Elapsed time is 71.126708 seconds.
Elapsed time is 74.566790 seconds.
Elapsed time is 73.381927 seconds.
Elapsed time is 72.274129 seconds.
Elapsed time is 71.248824 seconds.
Elapsed time is 72.201576 seconds.
Elapsed time is 77.734382 seconds.
Elapsed time is 74.003540 seconds.
Elapsed time is 73.923286 seconds.
Elapsed time is 72.594963 seconds.
Elapsed time is 70.554173 seconds.
Elapsed time is 73.069399 seconds.
     4         627         519.383        2.09e+05         0.01       0.123514
Elapsed time is 75.324886 seconds.
Elapsed time is 74.058159 seconds.
Elapsed time is 71.007729 seconds.
Elapsed time is 77.597970 seconds.
Elapsed time is 73.576773 seconds.
Elapsed time is 78.546755 seconds.
Elapsed time is 71.917878 seconds.
Elapsed time is 77.632942 seconds.
Elapsed time is 76.044781 seconds.
Elapsed time is 75.081295 seconds.
Elapsed time is 73.468131 seconds.
Elapsed time is 74.308583 seconds.
Elapsed time is 74.949049 seconds.
Elapsed time is 75.568214 seconds.
Elapsed time is 73.608701 seconds.
Elapsed time is 73.243134 seconds.
Elapsed time is 72.665090 seconds.
Elapsed time is 74.294020 seconds.
Elapsed time is 74.496642 seconds.
Elapsed time is 76.090874 seconds.
Elapsed time is 78.846097 seconds.
Elapsed time is 75.615398 seconds.
Elapsed time is 73.779226 seconds.
Elapsed time is 75.359244 seconds.
Elapsed time is 76.436271 seconds.
Elapsed time is 74.914070 seconds.
Elapsed time is 82.639660 seconds.
Elapsed time is 73.370437 seconds.
Elapsed time is 76.734588 seconds.
Elapsed time is 77.963427 seconds.
Elapsed time is 74.473311 seconds.
Elapsed time is 82.826055 seconds.
Elapsed time is 71.634861 seconds.
Elapsed time is 73.200768 seconds.
Elapsed time is 77.509181 seconds.
Elapsed time is 73.033026 seconds.
Elapsed time is 74.015845 seconds.
Elapsed time is 72.394905 seconds.
Elapsed time is 72.227211 seconds.
Elapsed time is 74.008961 seconds.
Elapsed time is 71.267216 seconds.
Elapsed time is 72.091646 seconds.
Elapsed time is 77.668764 seconds.
Elapsed time is 71.588488 seconds.
Elapsed time is 74.242316 seconds.
Elapsed time is 71.418573 seconds.
Elapsed time is 72.244064 seconds.
Elapsed time is 76.020689 seconds.
Elapsed time is 74.905048 seconds.
Elapsed time is 76.361625 seconds.
Elapsed time is 72.957857 seconds.
Elapsed time is 71.807939 seconds.
Elapsed time is 71.771044 seconds.
Elapsed time is 72.291313 seconds.
Elapsed time is 72.028860 seconds.
Elapsed time is 71.855426 seconds.
Elapsed time is 74.893179 seconds.
Elapsed time is 74.539122 seconds.
Elapsed time is 73.842338 seconds.
Elapsed time is 71.218258 seconds.
Elapsed time is 71.789432 seconds.
Elapsed time is 71.249102 seconds.
Elapsed time is 71.313824 seconds.
Elapsed time is 76.976627 seconds.
Elapsed time is 71.641842 seconds.
Elapsed time is 71.547249 seconds.
Elapsed time is 71.640024 seconds.
Elapsed time is 71.672368 seconds.
Elapsed time is 73.026123 seconds.
Elapsed time is 72.594846 seconds.
Elapsed time is 71.251609 seconds.
Elapsed time is 70.658043 seconds.
Elapsed time is 73.258671 seconds.
Elapsed time is 71.525751 seconds.
Elapsed time is 70.606781 seconds.
Elapsed time is 70.904110 seconds.
Elapsed time is 72.249862 seconds.
Elapsed time is 75.211684 seconds.
Elapsed time is 71.319798 seconds.
Elapsed time is 74.600726 seconds.
Elapsed time is 71.125328 seconds.
Elapsed time is 75.111425 seconds.
Elapsed time is 71.110265 seconds.
Elapsed time is 73.826747 seconds.
Elapsed time is 74.868797 seconds.
Elapsed time is 72.119151 seconds.
Elapsed time is 74.437687 seconds.
Elapsed time is 74.529228 seconds.
Elapsed time is 73.101506 seconds.
Elapsed time is 72.699823 seconds.
Elapsed time is 72.666974 seconds.
Elapsed time is 73.127143 seconds.
Elapsed time is 71.166258 seconds.
Elapsed time is 72.226616 seconds.
Elapsed time is 72.341607 seconds.
Elapsed time is 72.837343 seconds.
Elapsed time is 72.445716 seconds.
Elapsed time is 73.604714 seconds.
Elapsed time is 71.943539 seconds.
Elapsed time is 77.542675 seconds.
Elapsed time is 71.881941 seconds.
Elapsed time is 73.094251 seconds.
Elapsed time is 71.671943 seconds.
Elapsed time is 71.406196 seconds.
Elapsed time is 74.970438 seconds.
Elapsed time is 71.621090 seconds.
Elapsed time is 74.419597 seconds.
Elapsed time is 71.631170 seconds.
Elapsed time is 73.776252 seconds.
Elapsed time is 71.924202 seconds.
Elapsed time is 74.011538 seconds.
Elapsed time is 72.113486 seconds.
Elapsed time is 72.839140 seconds.
Elapsed time is 73.254563 seconds.
Elapsed time is 71.364613 seconds.
Elapsed time is 72.188748 seconds.
Elapsed time is 72.320709 seconds.
Elapsed time is 71.848781 seconds.
Elapsed time is 74.063222 seconds.
Elapsed time is 72.155548 seconds.
Elapsed time is 72.738662 seconds.
Elapsed time is 71.927471 seconds.
Elapsed time is 72.469140 seconds.
Elapsed time is 73.086458 seconds.
Elapsed time is 72.440941 seconds.
     5         752         483.309        8.13e+05        0.001      0.0721691
Elapsed time is 70.583712 seconds.
Elapsed time is 72.132013 seconds.
Elapsed time is 71.480239 seconds.
Elapsed time is 72.675520 seconds.
Elapsed time is 74.131268 seconds.
Elapsed time is 73.052488 seconds.
Elapsed time is 73.984133 seconds.
Elapsed time is 74.461691 seconds.
Elapsed time is 75.658108 seconds.
Elapsed time is 76.293870 seconds.
Elapsed time is 72.669877 seconds.
Elapsed time is 73.834518 seconds.
Elapsed time is 76.488196 seconds.
Elapsed time is 76.008984 seconds.
Elapsed time is 72.634018 seconds.
Elapsed time is 74.764463 seconds.
Elapsed time is 73.616395 seconds.
Elapsed time is 76.508503 seconds.
Elapsed time is 77.091729 seconds.
Elapsed time is 76.944507 seconds.
Elapsed time is 73.526094 seconds.
Elapsed time is 74.091226 seconds.
Elapsed time is 72.524297 seconds.
Elapsed time is 72.258553 seconds.
Elapsed time is 75.736669 seconds.
Elapsed time is 77.534013 seconds.
Elapsed time is 74.763802 seconds.
Elapsed time is 72.378280 seconds.
Elapsed time is 74.239812 seconds.
Elapsed time is 73.353343 seconds.
Elapsed time is 73.977386 seconds.
Elapsed time is 75.653169 seconds.
Elapsed time is 77.390904 seconds.
Elapsed time is 75.498486 seconds.
Elapsed time is 75.235433 seconds.
Elapsed time is 75.024885 seconds.
Elapsed time is 74.940231 seconds.
Elapsed time is 73.719914 seconds.
Elapsed time is 74.186836 seconds.
Elapsed time is 70.880952 seconds.
Elapsed time is 71.933410 seconds.
Elapsed time is 74.301917 seconds.
Elapsed time is 71.738833 seconds.
Elapsed time is 73.703087 seconds.
Elapsed time is 73.201645 seconds.
Elapsed time is 76.844975 seconds.
Elapsed time is 72.295554 seconds.
Elapsed time is 73.614711 seconds.
Elapsed time is 74.200395 seconds.
Elapsed time is 76.993937 seconds.
Elapsed time is 73.649298 seconds.
Elapsed time is 73.942840 seconds.
Elapsed time is 72.611004 seconds.
Elapsed time is 73.957775 seconds.
Elapsed time is 72.778981 seconds.
Elapsed time is 72.904293 seconds.
Elapsed time is 76.214143 seconds.
Elapsed time is 72.854177 seconds.
Elapsed time is 75.110129 seconds.
Elapsed time is 74.159810 seconds.
Elapsed time is 72.348450 seconds.
Elapsed time is 72.915032 seconds.
Elapsed time is 72.051587 seconds.
Elapsed time is 71.004479 seconds.
Elapsed time is 73.159406 seconds.
Elapsed time is 72.268247 seconds.
Elapsed time is 72.190615 seconds.
Elapsed time is 72.401959 seconds.
Elapsed time is 72.131723 seconds.
Elapsed time is 74.259641 seconds.
Elapsed time is 71.905866 seconds.
Elapsed time is 73.167261 seconds.
Elapsed time is 72.811174 seconds.
Elapsed time is 72.751714 seconds.
Elapsed time is 73.294744 seconds.
Elapsed time is 72.459706 seconds.
Elapsed time is 78.888477 seconds.
Elapsed time is 76.082380 seconds.
Elapsed time is 72.666076 seconds.
Elapsed time is 74.809071 seconds.
Elapsed time is 72.194381 seconds.
Elapsed time is 73.640465 seconds.
Elapsed time is 75.448417 seconds.
Elapsed time is 73.328239 seconds.
Elapsed time is 73.430060 seconds.
Elapsed time is 72.860158 seconds.
Elapsed time is 73.106077 seconds.
Elapsed time is 72.641781 seconds.
Elapsed time is 72.355462 seconds.
Elapsed time is 72.348301 seconds.
Elapsed time is 76.554463 seconds.
Elapsed time is 73.921120 seconds.
Elapsed time is 74.368354 seconds.
Elapsed time is 72.842047 seconds.
Elapsed time is 72.665049 seconds.
Elapsed time is 70.974889 seconds.
Elapsed time is 73.207846 seconds.
Elapsed time is 71.753362 seconds.
Elapsed time is 73.555362 seconds.
Elapsed time is 71.130106 seconds.
Elapsed time is 70.406483 seconds.
Elapsed time is 72.094764 seconds.
Elapsed time is 70.917355 seconds.
Elapsed time is 72.684522 seconds.
Elapsed time is 71.888590 seconds.
Elapsed time is 70.930009 seconds.
Elapsed time is 70.291607 seconds.
Elapsed time is 74.193262 seconds.
Elapsed time is 70.670563 seconds.
Elapsed time is 72.642531 seconds.
Elapsed time is 71.227787 seconds.
Elapsed time is 71.985223 seconds.
Elapsed time is 75.231032 seconds.
Elapsed time is 71.729466 seconds.
Elapsed time is 76.081483 seconds.
Elapsed time is 71.874181 seconds.
Elapsed time is 70.813607 seconds.
Elapsed time is 71.971197 seconds.
Elapsed time is 72.714297 seconds.
Elapsed time is 73.675785 seconds.
Elapsed time is 73.980693 seconds.
Elapsed time is 71.021993 seconds.
Elapsed time is 71.272940 seconds.
Elapsed time is 72.443788 seconds.
Elapsed time is 74.635619 seconds.
Elapsed time is 72.785965 seconds.
Elapsed time is 74.164106 seconds.
Elapsed time is 73.400767 seconds.
Elapsed time is 73.006081 seconds.
Elapsed time is 74.384285 seconds.
Elapsed time is 74.889033 seconds.
Elapsed time is 73.945356 seconds.
Elapsed time is 71.898158 seconds.
     6         885         478.688        2.18e+06       100000      0.0100589
Elapsed time is 72.775656 seconds.
Elapsed time is 72.735987 seconds.
Elapsed time is 74.121471 seconds.
Elapsed time is 72.482982 seconds.
Elapsed time is 74.497516 seconds.
Elapsed time is 72.903797 seconds.
Elapsed time is 71.963800 seconds.
Elapsed time is 73.426370 seconds.
Elapsed time is 70.896844 seconds.
Elapsed time is 72.578527 seconds.
Elapsed time is 71.989468 seconds.
Elapsed time is 73.718842 seconds.
Elapsed time is 72.149282 seconds.
Elapsed time is 71.308672 seconds.
Elapsed time is 71.678333 seconds.
Elapsed time is 72.229865 seconds.
Elapsed time is 72.705934 seconds.
Elapsed time is 71.666598 seconds.
Elapsed time is 72.831494 seconds.
Elapsed time is 71.209904 seconds.
Elapsed time is 71.758157 seconds.
Elapsed time is 71.829001 seconds.
Elapsed time is 73.008125 seconds.
Elapsed time is 74.444579 seconds.
Elapsed time is 73.048653 seconds.
Elapsed time is 73.278182 seconds.
Elapsed time is 71.445561 seconds.
Elapsed time is 74.454573 seconds.
Elapsed time is 75.003809 seconds.
Elapsed time is 75.244957 seconds.
Elapsed time is 73.679068 seconds.
Elapsed time is 72.095442 seconds.
Elapsed time is 71.121226 seconds.
Elapsed time is 75.207457 seconds.
Elapsed time is 72.969755 seconds.
Elapsed time is 72.522810 seconds.
Elapsed time is 73.188316 seconds.
Elapsed time is 72.692897 seconds.
Elapsed time is 74.315262 seconds.
Elapsed time is 71.867681 seconds.
Elapsed time is 72.812087 seconds.
Elapsed time is 75.008332 seconds.
Elapsed time is 71.552872 seconds.
Elapsed time is 76.275407 seconds.
Elapsed time is 72.154651 seconds.
Elapsed time is 73.903102 seconds.
Elapsed time is 72.560206 seconds.
Elapsed time is 71.242733 seconds.
Elapsed time is 73.769122 seconds.
Elapsed time is 73.749732 seconds.
Elapsed time is 73.920631 seconds.
Elapsed time is 72.434810 seconds.
Elapsed time is 71.796881 seconds.
Elapsed time is 73.687171 seconds.
Elapsed time is 71.980486 seconds.
Elapsed time is 73.464482 seconds.
Elapsed time is 71.890123 seconds.
Elapsed time is 77.397567 seconds.
Elapsed time is 70.657814 seconds.
Elapsed time is 71.732217 seconds.
Elapsed time is 73.734390 seconds.
Elapsed time is 72.619944 seconds.
Elapsed time is 77.870889 seconds.
Elapsed time is 72.079448 seconds.
Elapsed time is 78.126423 seconds.
Elapsed time is 73.867882 seconds.
Elapsed time is 71.711333 seconds.
Elapsed time is 71.930289 seconds.
Elapsed time is 74.045136 seconds.
Elapsed time is 74.107696 seconds.
Elapsed time is 73.616663 seconds.
Elapsed time is 73.921625 seconds.
Elapsed time is 73.115112 seconds.
Elapsed time is 75.436740 seconds.
Elapsed time is 71.558047 seconds.
Elapsed time is 71.510890 seconds.
Elapsed time is 73.111515 seconds.
Elapsed time is 73.443010 seconds.
Elapsed time is 73.175725 seconds.
Elapsed time is 72.964433 seconds.
Elapsed time is 73.002455 seconds.
Elapsed time is 74.332532 seconds.
Elapsed time is 71.920335 seconds.
Elapsed time is 75.302229 seconds.
Elapsed time is 75.496700 seconds.
Elapsed time is 71.981454 seconds.
Elapsed time is 71.834863 seconds.
Elapsed time is 72.871864 seconds.
Elapsed time is 77.056253 seconds.
Elapsed time is 74.896564 seconds.
Elapsed time is 75.460416 seconds.
Elapsed time is 72.850681 seconds.
Elapsed time is 74.010487 seconds.
Elapsed time is 71.823070 seconds.
Elapsed time is 73.613124 seconds.
Elapsed time is 74.981098 seconds.
Elapsed time is 72.837077 seconds.
Elapsed time is 71.279907 seconds.
Elapsed time is 72.942215 seconds.
Elapsed time is 75.162129 seconds.
Elapsed time is 75.277670 seconds.
Elapsed time is 73.015600 seconds.
Elapsed time is 73.168879 seconds.
Elapsed time is 73.473898 seconds.
Elapsed time is 72.272204 seconds.
Elapsed time is 76.618406 seconds.
Elapsed time is 73.526693 seconds.
Elapsed time is 73.744768 seconds.
Elapsed time is 74.809326 seconds.
Elapsed time is 72.706131 seconds.
Elapsed time is 72.518495 seconds.
Elapsed time is 71.233535 seconds.
Elapsed time is 71.556143 seconds.
Elapsed time is 72.847022 seconds.
Elapsed time is 70.491318 seconds.
Elapsed time is 72.161770 seconds.
Elapsed time is 71.433185 seconds.
Elapsed time is 73.823382 seconds.
Elapsed time is 71.609959 seconds.
Elapsed time is 75.043832 seconds.
Elapsed time is 71.183665 seconds.
Elapsed time is 74.913928 seconds.
Elapsed time is 71.526699 seconds.
Elapsed time is 72.665764 seconds.
Elapsed time is 72.147147 seconds.
     7        1010         460.251        1.33e+05        10000     0.00596123
Elapsed time is 73.781639 seconds.
Elapsed time is 78.474395 seconds.
Elapsed time is 74.011142 seconds.
Elapsed time is 73.088338 seconds.
Elapsed time is 71.888878 seconds.
Elapsed time is 73.959835 seconds.
Elapsed time is 73.417110 seconds.
Elapsed time is 73.213552 seconds.
Elapsed time is 82.945068 seconds.
Elapsed time is 71.754516 seconds.
Elapsed time is 73.410654 seconds.
Elapsed time is 71.620197 seconds.
Elapsed time is 72.585746 seconds.
Elapsed time is 71.207443 seconds.
Elapsed time is 71.699805 seconds.
Elapsed time is 72.919102 seconds.
Elapsed time is 71.268923 seconds.
Elapsed time is 73.450826 seconds.
Elapsed time is 71.408812 seconds.
Elapsed time is 72.919260 seconds.
Elapsed time is 71.350792 seconds.
Elapsed time is 70.193126 seconds.
Elapsed time is 70.654546 seconds.
Elapsed time is 73.140277 seconds.
Elapsed time is 74.831249 seconds.
Elapsed time is 71.428008 seconds.
Elapsed time is 75.675868 seconds.
Elapsed time is 72.813042 seconds.
Elapsed time is 72.388285 seconds.
Elapsed time is 72.781386 seconds.
Elapsed time is 72.603106 seconds.
Elapsed time is 76.082356 seconds.
Elapsed time is 71.719573 seconds.
Elapsed time is 71.415476 seconds.
Elapsed time is 72.043600 seconds.
Elapsed time is 74.107065 seconds.
Elapsed time is 74.573419 seconds.
Elapsed time is 75.041732 seconds.
Elapsed time is 75.686134 seconds.
Elapsed time is 73.095001 seconds.
Elapsed time is 71.244379 seconds.
Elapsed time is 73.788402 seconds.
Elapsed time is 73.195239 seconds.
Elapsed time is 71.185434 seconds.
Elapsed time is 71.729472 seconds.
Elapsed time is 71.407536 seconds.
Elapsed time is 71.652350 seconds.
Elapsed time is 70.254775 seconds.
Elapsed time is 74.521836 seconds.
Elapsed time is 74.018158 seconds.
Elapsed time is 76.765207 seconds.
Elapsed time is 73.421157 seconds.
Elapsed time is 71.748147 seconds.
Elapsed time is 72.624889 seconds.
Elapsed time is 73.090385 seconds.
Elapsed time is 78.024330 seconds.
Elapsed time is 71.136247 seconds.
Elapsed time is 73.738952 seconds.
Elapsed time is 70.677434 seconds.
Elapsed time is 72.558404 seconds.
Elapsed time is 72.006813 seconds.
Elapsed time is 71.705887 seconds.
Elapsed time is 70.133543 seconds.
Elapsed time is 70.278448 seconds.
Elapsed time is 73.900951 seconds.
Elapsed time is 70.838823 seconds.
Elapsed time is 71.933901 seconds.
Elapsed time is 71.295292 seconds.
Elapsed time is 73.123100 seconds.
Elapsed time is 70.546991 seconds.
Elapsed time is 71.860731 seconds.
Elapsed time is 74.378557 seconds.
Elapsed time is 70.906103 seconds.
Elapsed time is 72.898327 seconds.
Elapsed time is 70.248599 seconds.
Elapsed time is 70.619493 seconds.
Elapsed time is 69.429610 seconds.
Elapsed time is 71.738267 seconds.
Elapsed time is 75.581347 seconds.
Elapsed time is 70.381614 seconds.
Elapsed time is 71.242857 seconds.
Elapsed time is 70.339700 seconds.
Elapsed time is 69.765321 seconds.
Elapsed time is 73.929979 seconds.
Elapsed time is 70.774392 seconds.
Elapsed time is 73.761509 seconds.
Elapsed time is 72.056932 seconds.
Elapsed time is 72.104465 seconds.
Elapsed time is 70.481331 seconds.
Elapsed time is 69.892442 seconds.
Elapsed time is 71.354745 seconds.
Elapsed time is 70.548223 seconds.
Elapsed time is 71.823175 seconds.
Elapsed time is 72.471927 seconds.
Elapsed time is 69.804346 seconds.
Elapsed time is 70.944909 seconds.
Elapsed time is 72.597494 seconds.
Elapsed time is 71.528227 seconds.
Elapsed time is 73.584329 seconds.
Elapsed time is 75.129026 seconds.
Elapsed time is 71.528531 seconds.
Elapsed time is 71.349096 seconds.
Elapsed time is 72.469343 seconds.
Elapsed time is 73.266141 seconds.
Elapsed time is 73.698895 seconds.
Elapsed time is 72.350902 seconds.
Elapsed time is 71.480083 seconds.
Elapsed time is 72.465885 seconds.
Elapsed time is 71.389334 seconds.
Elapsed time is 72.367272 seconds.
Elapsed time is 71.251214 seconds.
Elapsed time is 71.385479 seconds.
Elapsed time is 71.548852 seconds.
Elapsed time is 73.649940 seconds.
Elapsed time is 72.697149 seconds.
Elapsed time is 73.166649 seconds.
Elapsed time is 73.060294 seconds.
Elapsed time is 72.337047 seconds.
Elapsed time is 75.156195 seconds.
Elapsed time is 72.306314 seconds.
Elapsed time is 75.428286 seconds.
Elapsed time is 72.685011 seconds.
Elapsed time is 75.908138 seconds.
Elapsed time is 73.074113 seconds.
Elapsed time is 73.717906 seconds.
     8        1135         432.144        1.59e+06         1000       0.027003
Elapsed time is 79.343733 seconds.
Elapsed time is 76.564062 seconds.
Elapsed time is 77.106560 seconds.
Elapsed time is 77.671564 seconds.
Elapsed time is 73.805937 seconds.
Elapsed time is 77.172510 seconds.
Elapsed time is 73.756575 seconds.
Elapsed time is 79.354799 seconds.
Elapsed time is 73.851081 seconds.
Elapsed time is 71.303812 seconds.
Elapsed time is 70.355658 seconds.
Elapsed time is 72.771659 seconds.
Elapsed time is 72.439722 seconds.
Elapsed time is 73.884251 seconds.
Elapsed time is 73.160255 seconds.
Elapsed time is 71.363356 seconds.
Elapsed time is 72.004704 seconds.
Elapsed time is 72.203565 seconds.
Elapsed time is 71.769201 seconds.
Elapsed time is 70.853986 seconds.
Elapsed time is 72.055241 seconds.
Elapsed time is 73.071131 seconds.
Elapsed time is 77.518987 seconds.
Elapsed time is 72.561334 seconds.
Elapsed time is 71.100801 seconds.
Elapsed time is 70.732111 seconds.
Elapsed time is 70.828012 seconds.
Elapsed time is 74.193508 seconds.
Elapsed time is 70.877655 seconds.
Elapsed time is 77.848643 seconds.
Elapsed time is 70.717035 seconds.
Elapsed time is 70.484216 seconds.
Elapsed time is 69.729039 seconds.
Elapsed time is 70.198717 seconds.
Elapsed time is 71.750331 seconds.
Elapsed time is 73.154270 seconds.
Elapsed time is 71.994103 seconds.
Elapsed time is 70.796451 seconds.
Elapsed time is 70.160865 seconds.
Elapsed time is 73.737216 seconds.
Elapsed time is 71.344002 seconds.
Elapsed time is 73.175810 seconds.
Elapsed time is 72.545564 seconds.
Elapsed time is 74.055246 seconds.
Elapsed time is 72.526250 seconds.
Elapsed time is 72.822306 seconds.
Elapsed time is 73.239258 seconds.
Elapsed time is 71.459736 seconds.
Elapsed time is 74.210306 seconds.
Elapsed time is 73.578179 seconds.
Elapsed time is 73.676778 seconds.
Elapsed time is 72.318482 seconds.
Elapsed time is 72.647423 seconds.
Elapsed time is 70.722765 seconds.
Elapsed time is 71.376369 seconds.
Elapsed time is 71.394877 seconds.
Elapsed time is 69.884630 seconds.
Elapsed time is 71.951315 seconds.
Elapsed time is 71.172872 seconds.
Elapsed time is 72.268640 seconds.
Elapsed time is 71.480335 seconds.
Elapsed time is 71.508917 seconds.
Elapsed time is 73.265682 seconds.
Elapsed time is 71.493315 seconds.
Elapsed time is 75.113131 seconds.
Elapsed time is 72.122893 seconds.
Elapsed time is 75.035453 seconds.
Elapsed time is 73.562582 seconds.
Elapsed time is 70.873737 seconds.
Elapsed time is 71.537187 seconds.
Elapsed time is 71.166284 seconds.
Elapsed time is 76.284687 seconds.
Elapsed time is 73.548310 seconds.
Elapsed time is 71.902060 seconds.
Elapsed time is 74.936790 seconds.
Elapsed time is 70.128418 seconds.
Elapsed time is 73.208015 seconds.
Elapsed time is 73.942747 seconds.
Elapsed time is 76.663874 seconds.
Elapsed time is 73.718823 seconds.
Elapsed time is 73.097187 seconds.
Elapsed time is 72.017100 seconds.
Elapsed time is 72.933866 seconds.
Elapsed time is 73.634363 seconds.
Elapsed time is 73.854698 seconds.
Elapsed time is 72.291548 seconds.
Elapsed time is 70.016559 seconds.
Elapsed time is 71.111116 seconds.
Elapsed time is 69.906084 seconds.
Elapsed time is 68.964159 seconds.
Elapsed time is 70.273580 seconds.
Elapsed time is 69.554727 seconds.
Elapsed time is 70.774564 seconds.
Elapsed time is 68.799939 seconds.
Elapsed time is 70.483609 seconds.
Elapsed time is 69.567164 seconds.
Elapsed time is 68.887074 seconds.
Elapsed time is 69.998939 seconds.
Elapsed time is 69.356022 seconds.
Elapsed time is 70.607983 seconds.
Elapsed time is 68.338170 seconds.
Elapsed time is 70.184940 seconds.
Elapsed time is 67.333186 seconds.
Elapsed time is 69.765532 seconds.
Elapsed time is 68.019026 seconds.
Elapsed time is 68.349204 seconds.
Elapsed time is 70.269151 seconds.
Elapsed time is 68.527342 seconds.
Elapsed time is 69.298694 seconds.
Elapsed time is 68.679148 seconds.
Elapsed time is 68.009504 seconds.
Elapsed time is 70.350843 seconds.
Elapsed time is 68.866209 seconds.
Elapsed time is 69.753243 seconds.
Elapsed time is 68.798682 seconds.
Elapsed time is 69.040893 seconds.
Elapsed time is 69.851948 seconds.
Elapsed time is 71.069086 seconds.
Elapsed time is 68.933642 seconds.
Elapsed time is 69.255680 seconds.
Elapsed time is 69.859676 seconds.
Elapsed time is 68.379276 seconds.
Elapsed time is 71.243636 seconds.
Elapsed time is 67.569210 seconds.
Elapsed time is 68.871582 seconds.
     9        1260         422.306        4.55e+04          100      0.0172663
Elapsed time is 68.507391 seconds.
Elapsed time is 67.276489 seconds.
Elapsed time is 67.273034 seconds.
Elapsed time is 67.333993 seconds.
Elapsed time is 66.912848 seconds.
Elapsed time is 66.808148 seconds.
Elapsed time is 67.050572 seconds.
Elapsed time is 66.675058 seconds.
Elapsed time is 66.994335 seconds.
Elapsed time is 66.543772 seconds.
Elapsed time is 66.495909 seconds.
Elapsed time is 66.641263 seconds.
Elapsed time is 66.387916 seconds.
Elapsed time is 67.135046 seconds.
Elapsed time is 66.474079 seconds.
Elapsed time is 66.480908 seconds.
Elapsed time is 66.493289 seconds.
Elapsed time is 67.342871 seconds.
Elapsed time is 66.593558 seconds.
Elapsed time is 65.905209 seconds.
Elapsed time is 68.777294 seconds.
Elapsed time is 66.198752 seconds.
Elapsed time is 66.298111 seconds.
Elapsed time is 66.114629 seconds.
Elapsed time is 66.457404 seconds.
Elapsed time is 66.830638 seconds.
Elapsed time is 66.157939 seconds.
Elapsed time is 67.740006 seconds.
Elapsed time is 67.531450 seconds.
Elapsed time is 66.537493 seconds.
Elapsed time is 66.947467 seconds.
Elapsed time is 66.730308 seconds.
Elapsed time is 66.234100 seconds.
Elapsed time is 66.680354 seconds.
Elapsed time is 66.462461 seconds.
Elapsed time is 66.529724 seconds.
Elapsed time is 66.709862 seconds.
Elapsed time is 67.197639 seconds.
Elapsed time is 66.530172 seconds.
Elapsed time is 66.276900 seconds.
Elapsed time is 66.625864 seconds.
Elapsed time is 67.089254 seconds.
Elapsed time is 66.618811 seconds.
Elapsed time is 66.697851 seconds.
Elapsed time is 66.674123 seconds.
Elapsed time is 66.206513 seconds.
Elapsed time is 66.685106 seconds.
Elapsed time is 66.287696 seconds.
Elapsed time is 66.856748 seconds.
Elapsed time is 65.916023 seconds.
Elapsed time is 66.460535 seconds.
Elapsed time is 66.139254 seconds.
Elapsed time is 65.864125 seconds.
Elapsed time is 65.826820 seconds.
Elapsed time is 66.564149 seconds.
Elapsed time is 65.780047 seconds.
Elapsed time is 65.637670 seconds.
Elapsed time is 65.652419 seconds.
Elapsed time is 65.948977 seconds.
Elapsed time is 65.706356 seconds.
Elapsed time is 65.977775 seconds.
Elapsed time is 66.366371 seconds.
Elapsed time is 66.442028 seconds.
Elapsed time is 65.892152 seconds.
Elapsed time is 66.089054 seconds.
Elapsed time is 65.780357 seconds.
Elapsed time is 66.067142 seconds.
Elapsed time is 66.008603 seconds.
Elapsed time is 66.272097 seconds.
Elapsed time is 66.517009 seconds.
Elapsed time is 66.069728 seconds.
Elapsed time is 66.242776 seconds.
Elapsed time is 66.079748 seconds.
Elapsed time is 66.188188 seconds.
Elapsed time is 66.041969 seconds.
Elapsed time is 66.071515 seconds.
Elapsed time is 65.946882 seconds.
Elapsed time is 65.897094 seconds.
Elapsed time is 66.310664 seconds.
Elapsed time is 66.784178 seconds.
Elapsed time is 66.055584 seconds.
Elapsed time is 66.302689 seconds.
Elapsed time is 65.746181 seconds.
Elapsed time is 66.008470 seconds.
Elapsed time is 66.224763 seconds.
Elapsed time is 66.000004 seconds.
Elapsed time is 65.966869 seconds.
Elapsed time is 66.115336 seconds.
Elapsed time is 65.869696 seconds.
Elapsed time is 66.311693 seconds.
Elapsed time is 65.641295 seconds.
Elapsed time is 66.298070 seconds.
Elapsed time is 66.234844 seconds.
Elapsed time is 65.783165 seconds.
Elapsed time is 65.918556 seconds.
Elapsed time is 65.923173 seconds.
Elapsed time is 65.899113 seconds.
Elapsed time is 65.969575 seconds.
Elapsed time is 66.168817 seconds.
Elapsed time is 66.077553 seconds.
Elapsed time is 66.076851 seconds.
Elapsed time is 66.163316 seconds.
Elapsed time is 65.843207 seconds.
Elapsed time is 66.139061 seconds.
Elapsed time is 66.322476 seconds.
Elapsed time is 66.271792 seconds.
Elapsed time is 66.134663 seconds.
Elapsed time is 66.214748 seconds.
Elapsed time is 66.112926 seconds.
Elapsed time is 66.505048 seconds.
Elapsed time is 66.187036 seconds.
Elapsed time is 65.842870 seconds.
Elapsed time is 65.865606 seconds.
Elapsed time is 66.087818 seconds.
Elapsed time is 65.732619 seconds.
Elapsed time is 65.734190 seconds.
Elapsed time is 65.792747 seconds.
Elapsed time is 66.047369 seconds.
Elapsed time is 65.834946 seconds.
Elapsed time is 65.670884 seconds.
Elapsed time is 65.803856 seconds.
Elapsed time is 69.018607 seconds.
Elapsed time is 66.723357 seconds.
Elapsed time is 65.761820 seconds.
Elapsed time is 65.795291 seconds.
    10        1385         410.693         1.2e+07           10      0.0746068
Elapsed time is 65.663757 seconds.
Elapsed time is 65.746614 seconds.
Elapsed time is 66.056639 seconds.
Elapsed time is 65.980110 seconds.
Elapsed time is 66.094034 seconds.
Elapsed time is 65.988690 seconds.
Elapsed time is 65.702120 seconds.
Elapsed time is 66.088417 seconds.
Elapsed time is 65.862284 seconds.
Elapsed time is 65.689295 seconds.
Elapsed time is 65.562491 seconds.
Elapsed time is 65.842384 seconds.
Elapsed time is 65.851707 seconds.
Elapsed time is 65.718810 seconds.
Elapsed time is 65.803885 seconds.
Elapsed time is 65.730798 seconds.
Elapsed time is 65.780313 seconds.
Elapsed time is 66.115938 seconds.
Elapsed time is 65.695639 seconds.
Elapsed time is 65.881093 seconds.
Elapsed time is 66.006088 seconds.
Elapsed time is 65.802563 seconds.
Elapsed time is 65.810771 seconds.
Elapsed time is 66.279986 seconds.
Elapsed time is 65.640290 seconds.
Elapsed time is 66.214982 seconds.
Elapsed time is 65.779359 seconds.
Elapsed time is 65.838518 seconds.
Elapsed time is 65.774413 seconds.
Elapsed time is 65.707074 seconds.
Elapsed time is 65.701486 seconds.
Elapsed time is 65.702449 seconds.
Elapsed time is 66.075559 seconds.
Elapsed time is 65.715980 seconds.
Elapsed time is 65.627106 seconds.
Elapsed time is 65.758187 seconds.
Elapsed time is 65.774508 seconds.
Elapsed time is 65.931696 seconds.
Elapsed time is 65.566033 seconds.
Elapsed time is 65.784632 seconds.
Elapsed time is 65.893258 seconds.
Elapsed time is 65.467054 seconds.
Elapsed time is 65.703233 seconds.
Elapsed time is 65.541441 seconds.
Elapsed time is 65.948281 seconds.
Elapsed time is 66.169818 seconds.
Elapsed time is 66.019883 seconds.
Elapsed time is 66.344852 seconds.
Elapsed time is 65.884573 seconds.
Elapsed time is 66.366712 seconds.
Elapsed time is 65.589756 seconds.
Elapsed time is 66.007506 seconds.
Elapsed time is 65.530265 seconds.
Elapsed time is 65.922005 seconds.
Elapsed time is 65.815423 seconds.
Elapsed time is 65.816166 seconds.
Elapsed time is 66.243574 seconds.
Elapsed time is 65.833104 seconds.
Elapsed time is 66.079834 seconds.
Elapsed time is 66.009902 seconds.
Elapsed time is 65.692366 seconds.
Elapsed time is 65.936177 seconds.
Elapsed time is 66.253181 seconds.
Elapsed time is 66.204364 seconds.
Elapsed time is 66.216516 seconds.
Elapsed time is 66.200623 seconds.
Elapsed time is 65.865660 seconds.
Elapsed time is 66.197377 seconds.
Elapsed time is 65.686002 seconds.
Elapsed time is 65.508489 seconds.
Elapsed time is 65.495607 seconds.
Elapsed time is 65.403643 seconds.
Elapsed time is 66.261346 seconds.
Elapsed time is 65.773523 seconds.
Elapsed time is 65.887668 seconds.
Elapsed time is 66.421839 seconds.
Elapsed time is 66.011594 seconds.
Elapsed time is 66.374677 seconds.
Elapsed time is 65.578436 seconds.
Elapsed time is 65.645118 seconds.
Elapsed time is 65.648964 seconds.
Elapsed time is 66.469590 seconds.
Elapsed time is 65.702496 seconds.
Elapsed time is 65.553126 seconds.
Elapsed time is 65.664395 seconds.
Elapsed time is 66.281712 seconds.
Elapsed time is 66.307547 seconds.
Elapsed time is 66.007784 seconds.
Elapsed time is 66.132984 seconds.
Elapsed time is 65.846030 seconds.
Elapsed time is 65.453583 seconds.
Elapsed time is 65.736903 seconds.
Elapsed time is 65.700350 seconds.
Elapsed time is 65.882839 seconds.
Elapsed time is 65.664102 seconds.
Elapsed time is 66.071433 seconds.
Elapsed time is 65.669337 seconds.
Elapsed time is 66.100864 seconds.
Elapsed time is 65.910806 seconds.
Elapsed time is 65.889986 seconds.
Elapsed time is 65.634198 seconds.
Elapsed time is 65.987752 seconds.
Elapsed time is 65.791495 seconds.
Elapsed time is 65.663867 seconds.
Elapsed time is 65.586359 seconds.
Elapsed time is 65.750632 seconds.
Elapsed time is 65.874900 seconds.
Elapsed time is 65.679329 seconds.
Elapsed time is 65.768008 seconds.
Elapsed time is 65.620296 seconds.
Elapsed time is 65.442258 seconds.
Elapsed time is 65.736485 seconds.
Elapsed time is 65.387315 seconds.
Elapsed time is 65.696487 seconds.
Elapsed time is 65.801771 seconds.
Elapsed time is 65.774690 seconds.
Elapsed time is 66.085140 seconds.
Elapsed time is 65.648268 seconds.
Elapsed time is 65.950836 seconds.
Elapsed time is 66.555209 seconds.
Elapsed time is 65.845131 seconds.
Elapsed time is 66.025373 seconds.
Elapsed time is 65.891583 seconds.
Elapsed time is 65.634773 seconds.
Elapsed time is 65.747651 seconds.
Elapsed time is 65.972134 seconds.
Elapsed time is 65.975285 seconds.
Elapsed time is 65.764720 seconds.
    11        1513         403.288        7.06e+06        10000      0.0128092
Elapsed time is 66.053466 seconds.
Elapsed time is 65.928898 seconds.
Elapsed time is 66.094126 seconds.
Elapsed time is 65.894455 seconds.
Elapsed time is 66.418624 seconds.
Elapsed time is 65.485070 seconds.
Elapsed time is 65.426082 seconds.
Elapsed time is 65.404410 seconds.
Elapsed time is 65.693401 seconds.
Elapsed time is 65.541325 seconds.
Elapsed time is 65.788543 seconds.
Elapsed time is 65.872530 seconds.
Elapsed time is 65.923923 seconds.
Elapsed time is 65.968885 seconds.
Elapsed time is 65.499239 seconds.
Elapsed time is 65.703364 seconds.
Elapsed time is 65.586533 seconds.
Elapsed time is 65.579387 seconds.
Elapsed time is 65.725808 seconds.
Elapsed time is 65.719694 seconds.
Elapsed time is 65.734040 seconds.
Elapsed time is 65.618196 seconds.
Elapsed time is 66.232054 seconds.
Elapsed time is 65.603087 seconds.
Elapsed time is 65.828647 seconds.
Elapsed time is 65.729411 seconds.
Elapsed time is 66.147011 seconds.
Elapsed time is 65.719835 seconds.
Elapsed time is 65.873848 seconds.
Elapsed time is 65.750098 seconds.
Elapsed time is 65.729971 seconds.
Elapsed time is 65.704394 seconds.
Elapsed time is 65.628325 seconds.
Elapsed time is 65.640830 seconds.
Elapsed time is 65.473936 seconds.
Elapsed time is 65.893312 seconds.
Elapsed time is 65.732639 seconds.
Elapsed time is 65.663070 seconds.
Elapsed time is 65.807068 seconds.
Elapsed time is 65.644849 seconds.
Elapsed time is 65.661375 seconds.
Elapsed time is 65.591983 seconds.
Elapsed time is 65.567457 seconds.
Elapsed time is 65.696032 seconds.
Elapsed time is 65.593505 seconds.
Elapsed time is 65.847864 seconds.
Elapsed time is 65.756025 seconds.
Elapsed time is 65.834033 seconds.
Elapsed time is 65.678251 seconds.
Elapsed time is 66.012379 seconds.
Elapsed time is 65.579775 seconds.
Elapsed time is 65.732418 seconds.
Elapsed time is 65.693706 seconds.
Elapsed time is 65.667121 seconds.
Elapsed time is 65.779182 seconds.
Elapsed time is 65.710524 seconds.
Elapsed time is 65.759528 seconds.
Elapsed time is 66.083229 seconds.
Elapsed time is 65.740916 seconds.
Elapsed time is 65.902308 seconds.
Elapsed time is 66.348963 seconds.
Elapsed time is 66.007316 seconds.
Elapsed time is 66.025970 seconds.
Elapsed time is 65.799879 seconds.
Elapsed time is 65.862764 seconds.
Elapsed time is 65.709287 seconds.
Elapsed time is 66.116565 seconds.
Elapsed time is 66.090492 seconds.
Elapsed time is 66.073511 seconds.
Elapsed time is 65.870077 seconds.
Elapsed time is 66.159786 seconds.
Elapsed time is 66.081779 seconds.
Elapsed time is 66.381230 seconds.
Elapsed time is 66.626979 seconds.
Elapsed time is 66.675506 seconds.
Elapsed time is 65.729662 seconds.
Elapsed time is 65.899825 seconds.
Elapsed time is 65.753067 seconds.
Elapsed time is 65.695755 seconds.
Elapsed time is 66.156904 seconds.
Elapsed time is 66.421897 seconds.
Elapsed time is 66.361484 seconds.
Elapsed time is 65.639977 seconds.
Elapsed time is 65.755236 seconds.
Elapsed time is 65.699974 seconds.
Elapsed time is 65.699697 seconds.
Elapsed time is 65.564053 seconds.
Elapsed time is 65.667545 seconds.
Elapsed time is 65.675319 seconds.
Elapsed time is 65.948304 seconds.
Elapsed time is 65.617175 seconds.
Elapsed time is 65.690188 seconds.
Elapsed time is 65.788648 seconds.
Elapsed time is 65.830906 seconds.
Elapsed time is 65.914587 seconds.
Elapsed time is 65.530734 seconds.
Elapsed time is 65.643473 seconds.
Elapsed time is 65.841518 seconds.
Elapsed time is 65.542368 seconds.
Elapsed time is 65.614585 seconds.
Elapsed time is 65.878582 seconds.
Elapsed time is 67.076866 seconds.
Elapsed time is 65.803026 seconds.
Elapsed time is 66.226370 seconds.
Elapsed time is 65.988569 seconds.
Elapsed time is 65.681167 seconds.
Elapsed time is 65.831648 seconds.
Elapsed time is 65.989237 seconds.
Elapsed time is 67.472505 seconds.
Elapsed time is 66.164948 seconds.
Elapsed time is 66.958045 seconds.
Elapsed time is 66.074811 seconds.
Elapsed time is 66.107676 seconds.
Elapsed time is 66.046924 seconds.
Elapsed time is 66.329694 seconds.
Elapsed time is 65.972587 seconds.
Elapsed time is 66.783233 seconds.
Elapsed time is 65.924697 seconds.
Elapsed time is 65.843443 seconds.
Elapsed time is 65.788109 seconds.
Elapsed time is 66.131811 seconds.
Elapsed time is 65.587018 seconds.
Elapsed time is 65.538342 seconds.
Elapsed time is 65.646149 seconds.
Elapsed time is 65.621298 seconds.
    12        1638         369.974        2.89e+04         1000       0.035641
Elapsed time is 65.802470 seconds.
Elapsed time is 65.799267 seconds.
Elapsed time is 65.739401 seconds.
Elapsed time is 65.910849 seconds.
Elapsed time is 65.838119 seconds.
Elapsed time is 65.847802 seconds.
Elapsed time is 66.080732 seconds.
Elapsed time is 65.610154 seconds.
Elapsed time is 66.219989 seconds.
Elapsed time is 66.012782 seconds.
Elapsed time is 65.680347 seconds.
Elapsed time is 66.055884 seconds.
Elapsed time is 66.029595 seconds.
Elapsed time is 66.065006 seconds.
Elapsed time is 66.160757 seconds.
Elapsed time is 65.656125 seconds.
Elapsed time is 65.687117 seconds.
Elapsed time is 65.840299 seconds.
Elapsed time is 65.843219 seconds.
Elapsed time is 65.850353 seconds.
Elapsed time is 65.526671 seconds.
Elapsed time is 65.556675 seconds.
Elapsed time is 65.656170 seconds.
Elapsed time is 65.815258 seconds.
Elapsed time is 65.741804 seconds.
Elapsed time is 65.902475 seconds.
Elapsed time is 65.671396 seconds.
Elapsed time is 65.663259 seconds.
Elapsed time is 65.814556 seconds.
Elapsed time is 65.937592 seconds.
Elapsed time is 65.917296 seconds.
Elapsed time is 66.507406 seconds.
Elapsed time is 66.060619 seconds.
Elapsed time is 65.688507 seconds.
Elapsed time is 66.185754 seconds.
Elapsed time is 65.609619 seconds.
Elapsed time is 65.664203 seconds.
Elapsed time is 65.578626 seconds.
Elapsed time is 65.556958 seconds.
Elapsed time is 65.986632 seconds.
Elapsed time is 65.798256 seconds.
Elapsed time is 65.870689 seconds.
Elapsed time is 66.018177 seconds.
Elapsed time is 66.197756 seconds.
Elapsed time is 65.767324 seconds.
Elapsed time is 65.856371 seconds.
Elapsed time is 65.518655 seconds.
Elapsed time is 65.800797 seconds.
Elapsed time is 65.488056 seconds.
Elapsed time is 65.647481 seconds.
Elapsed time is 65.565898 seconds.
Elapsed time is 65.719786 seconds.
Elapsed time is 65.834609 seconds.
Elapsed time is 65.592505 seconds.
Elapsed time is 65.934169 seconds.
Elapsed time is 66.025943 seconds.
Elapsed time is 65.751153 seconds.
Elapsed time is 65.688617 seconds.
Elapsed time is 65.807593 seconds.
Elapsed time is 65.782848 seconds.
Elapsed time is 66.000468 seconds.
Elapsed time is 65.837290 seconds.
Elapsed time is 66.093408 seconds.
Elapsed time is 66.033833 seconds.
Elapsed time is 65.907784 seconds.
Elapsed time is 65.964777 seconds.
Elapsed time is 65.656466 seconds.
Elapsed time is 65.684563 seconds.
Elapsed time is 65.972001 seconds.
Elapsed time is 65.679132 seconds.
Elapsed time is 65.501834 seconds.
Elapsed time is 65.730045 seconds.
Elapsed time is 65.788154 seconds.
Elapsed time is 65.626959 seconds.
Elapsed time is 65.724201 seconds.
Elapsed time is 65.650372 seconds.
Elapsed time is 66.000359 seconds.
Elapsed time is 66.012853 seconds.
Elapsed time is 66.215296 seconds.
Elapsed time is 65.943708 seconds.
Elapsed time is 66.093636 seconds.
Elapsed time is 65.782072 seconds.
Elapsed time is 66.089936 seconds.
Elapsed time is 66.148019 seconds.
Elapsed time is 66.817594 seconds.
Elapsed time is 65.705678 seconds.
Elapsed time is 66.150645 seconds.
Elapsed time is 65.527247 seconds.
Elapsed time is 65.960877 seconds.
Elapsed time is 65.534681 seconds.
Elapsed time is 66.003197 seconds.
Elapsed time is 65.735334 seconds.
Elapsed time is 65.801668 seconds.
Elapsed time is 65.539467 seconds.
Elapsed time is 65.904974 seconds.
Elapsed time is 67.443043 seconds.
Elapsed time is 65.880923 seconds.
Elapsed time is 65.655749 seconds.
Elapsed time is 66.522337 seconds.
Elapsed time is 65.865923 seconds.
Elapsed time is 65.562965 seconds.
Elapsed time is 66.131765 seconds.
Elapsed time is 66.261526 seconds.
Elapsed time is 65.687960 seconds.
Elapsed time is 66.056510 seconds.
Elapsed time is 66.059133 seconds.
Elapsed time is 65.696605 seconds.
Elapsed time is 65.743724 seconds.
Elapsed time is 65.509094 seconds.
Elapsed time is 65.968897 seconds.
Elapsed time is 66.372753 seconds.
Elapsed time is 65.855031 seconds.
Elapsed time is 66.044118 seconds.
Elapsed time is 66.210969 seconds.
Elapsed time is 66.160686 seconds.
Elapsed time is 65.958843 seconds.
Elapsed time is 65.643705 seconds.
Elapsed time is 65.679721 seconds.
Elapsed time is 65.916069 seconds.
Elapsed time is 65.704981 seconds.
Elapsed time is 65.761872 seconds.
Elapsed time is 65.756933 seconds.
Elapsed time is 65.978875 seconds.
Elapsed time is 66.003461 seconds.
Elapsed time is 66.267065 seconds.
    13        1763         348.215         1.8e+05          100      0.0274817
Elapsed time is 66.022973 seconds.
Elapsed time is 65.861591 seconds.
Elapsed time is 65.736323 seconds.
Elapsed time is 66.138088 seconds.
Elapsed time is 66.164573 seconds.
Elapsed time is 66.395997 seconds.
Elapsed time is 66.247785 seconds.
Elapsed time is 66.435919 seconds.
Elapsed time is 65.851832 seconds.
Elapsed time is 65.779549 seconds.
Elapsed time is 65.900878 seconds.
Elapsed time is 65.814692 seconds.
Elapsed time is 66.312914 seconds.
Elapsed time is 66.064761 seconds.
Elapsed time is 66.051285 seconds.
Elapsed time is 66.076698 seconds.
Elapsed time is 65.862609 seconds.
Elapsed time is 65.893896 seconds.
Elapsed time is 66.022375 seconds.
Elapsed time is 65.573598 seconds.
Elapsed time is 66.307644 seconds.
Elapsed time is 66.020494 seconds.
Elapsed time is 65.645848 seconds.
Elapsed time is 66.645659 seconds.
Elapsed time is 66.297121 seconds.
Elapsed time is 66.227381 seconds.
Elapsed time is 66.092051 seconds.
Elapsed time is 65.770848 seconds.
Elapsed time is 65.577059 seconds.
Elapsed time is 65.676462 seconds.
Elapsed time is 66.423652 seconds.
Elapsed time is 65.872207 seconds.
Elapsed time is 65.645848 seconds.
Elapsed time is 65.868384 seconds.
Elapsed time is 66.458913 seconds.
Elapsed time is 65.802677 seconds.
Elapsed time is 66.300402 seconds.
Elapsed time is 65.687479 seconds.
Elapsed time is 65.876563 seconds.
Elapsed time is 65.693484 seconds.
Elapsed time is 66.140931 seconds.
Elapsed time is 66.049053 seconds.
Elapsed time is 65.727319 seconds.
Elapsed time is 65.709743 seconds.
Elapsed time is 65.816499 seconds.
Elapsed time is 65.939105 seconds.
Elapsed time is 65.986988 seconds.
Elapsed time is 66.023328 seconds.
Elapsed time is 65.781232 seconds.
Elapsed time is 66.187091 seconds.
Elapsed time is 65.959370 seconds.
Elapsed time is 65.598772 seconds.
Elapsed time is 65.626814 seconds.
Elapsed time is 65.794428 seconds.
Elapsed time is 65.820917 seconds.
Elapsed time is 65.608802 seconds.
Elapsed time is 65.961335 seconds.
Elapsed time is 65.922419 seconds.
Elapsed time is 66.163108 seconds.
Elapsed time is 65.973857 seconds.
Elapsed time is 65.940242 seconds.
Elapsed time is 65.999546 seconds.
Elapsed time is 66.035452 seconds.
Elapsed time is 66.240517 seconds.
Elapsed time is 65.957751 seconds.
Elapsed time is 65.660607 seconds.
Elapsed time is 66.101025 seconds.
Elapsed time is 65.911960 seconds.
Elapsed time is 66.162035 seconds.
Elapsed time is 66.120457 seconds.
Elapsed time is 65.888637 seconds.
Elapsed time is 65.845479 seconds.
Elapsed time is 66.423777 seconds.
Elapsed time is 66.246189 seconds.
Elapsed time is 66.523247 seconds.
Elapsed time is 66.606569 seconds.
Elapsed time is 65.898096 seconds.
Elapsed time is 65.851267 seconds.
Elapsed time is 66.121219 seconds.
Elapsed time is 66.247831 seconds.
Elapsed time is 66.319030 seconds.
Elapsed time is 65.977809 seconds.
Elapsed time is 65.962086 seconds.
Elapsed time is 65.767808 seconds.
Elapsed time is 66.282380 seconds.
Elapsed time is 66.398544 seconds.
Elapsed time is 65.544929 seconds.
Elapsed time is 65.872492 seconds.
Elapsed time is 66.092492 seconds.
Elapsed time is 66.454607 seconds.
Elapsed time is 65.597679 seconds.
Elapsed time is 66.053836 seconds.
Elapsed time is 66.357518 seconds.
Elapsed time is 66.096186 seconds.
Elapsed time is 66.279187 seconds.
Elapsed time is 65.749907 seconds.
Elapsed time is 66.024923 seconds.
Elapsed time is 65.773699 seconds.
Elapsed time is 65.878461 seconds.
Elapsed time is 66.222202 seconds.
Elapsed time is 65.880828 seconds.
Elapsed time is 65.740674 seconds.
Elapsed time is 66.521845 seconds.
Elapsed time is 65.630248 seconds.
Elapsed time is 65.791596 seconds.
Elapsed time is 65.731327 seconds.
Elapsed time is 66.188181 seconds.
Elapsed time is 66.162196 seconds.
Elapsed time is 66.115002 seconds.
Elapsed time is 66.018691 seconds.
Elapsed time is 65.997412 seconds.
Elapsed time is 66.215061 seconds.
Elapsed time is 65.853580 seconds.
Elapsed time is 65.950598 seconds.
Elapsed time is 65.690985 seconds.
Elapsed time is 65.644507 seconds.
Elapsed time is 66.163250 seconds.
Elapsed time is 65.907953 seconds.
Elapsed time is 66.398872 seconds.
Elapsed time is 65.830051 seconds.
Elapsed time is 65.986013 seconds.
Elapsed time is 65.573776 seconds.
Elapsed time is 65.733523 seconds.
Elapsed time is 65.650337 seconds.
Elapsed time is 65.660784 seconds.
Elapsed time is 65.480028 seconds.
Elapsed time is 65.658619 seconds.
Elapsed time is 65.926867 seconds.
Elapsed time is 65.677475 seconds.
    14        1892         347.407         5.6e+05        1e+06     0.00183849

Local minimum possible.

lsqnonlin stopped because the relative size of the current step is less than
the default value of the step size tolerance.



map
   1.0e+03 *

    1.3784         0    0.9502
         0    1.3630    0.5382
         0         0    0.0010

Parallel pool using the 'local' profile is shutting down.
  message with properties:

    Identifier: 'MATLAB:connector:connector:ConnectorNotRunning'
     Arguments: {}

