MATLAB is selecting SOFTWARE OPENGL rendering.

                            < M A T L A B (R) >
                  Copyright 1984-2017 The MathWorks, Inc.
                   R2017b (9.3.0.713579) 64-bit (glnxa64)
                             September 14, 2017

 
To get started, type one of these: helpwin, helpdesk, or demo.
For product information, visit www.mathworks.com.
 

initres =

    9.2041

Starting parallel pool (parpool) using the 'local' profile ...
connected to 20 workers.
Elapsed time is 57.801951 seconds.
Elapsed time is 58.567097 seconds.
Elapsed time is 57.069516 seconds.
Elapsed time is 58.472282 seconds.
Elapsed time is 59.134652 seconds.
Elapsed time is 57.736904 seconds.
Elapsed time is 58.374967 seconds.
Elapsed time is 59.118522 seconds.
Elapsed time is 58.536047 seconds.
Elapsed time is 59.222154 seconds.
Elapsed time is 58.512914 seconds.
Elapsed time is 57.429003 seconds.
Elapsed time is 55.916491 seconds.
Elapsed time is 56.580356 seconds.
Elapsed time is 55.552575 seconds.
Elapsed time is 54.663216 seconds.
Elapsed time is 54.128205 seconds.
Elapsed time is 54.344049 seconds.
Elapsed time is 53.362799 seconds.
Elapsed time is 53.215941 seconds.
Elapsed time is 53.166964 seconds.
Elapsed time is 52.742204 seconds.
Elapsed time is 52.291404 seconds.
Elapsed time is 52.207806 seconds.
Elapsed time is 52.186328 seconds.
Elapsed time is 52.177004 seconds.
Elapsed time is 52.250687 seconds.
Elapsed time is 52.220196 seconds.
Elapsed time is 52.287150 seconds.
Elapsed time is 52.243159 seconds.
Elapsed time is 52.455845 seconds.
Elapsed time is 52.143889 seconds.
Elapsed time is 52.145908 seconds.
Elapsed time is 52.670898 seconds.
Elapsed time is 52.209292 seconds.
Elapsed time is 52.436532 seconds.
Elapsed time is 52.371509 seconds.
Elapsed time is 52.315793 seconds.
Elapsed time is 52.289711 seconds.
Elapsed time is 52.242381 seconds.
Elapsed time is 52.026699 seconds.
Elapsed time is 52.142255 seconds.
Elapsed time is 52.099779 seconds.
Elapsed time is 52.089341 seconds.
Elapsed time is 52.117425 seconds.
Elapsed time is 52.042458 seconds.
Elapsed time is 51.970563 seconds.
Elapsed time is 52.148832 seconds.
Elapsed time is 51.910112 seconds.
Elapsed time is 51.777443 seconds.
Elapsed time is 51.973445 seconds.
Elapsed time is 51.985670 seconds.
Elapsed time is 51.816313 seconds.
Elapsed time is 51.909266 seconds.
Elapsed time is 51.849730 seconds.
Elapsed time is 51.898907 seconds.
Elapsed time is 51.929911 seconds.
Elapsed time is 51.870620 seconds.
Elapsed time is 51.895453 seconds.
Elapsed time is 51.705420 seconds.
Elapsed time is 51.909100 seconds.
Elapsed time is 52.026816 seconds.
Elapsed time is 52.066921 seconds.
Elapsed time is 51.739201 seconds.
Elapsed time is 52.097758 seconds.
Elapsed time is 52.106672 seconds.
Elapsed time is 51.967279 seconds.
Elapsed time is 51.876085 seconds.
Elapsed time is 51.611161 seconds.
Elapsed time is 52.003033 seconds.
Elapsed time is 51.881778 seconds.
Elapsed time is 51.837829 seconds.
Elapsed time is 51.760953 seconds.
Elapsed time is 51.705096 seconds.
Elapsed time is 51.901951 seconds.
Elapsed time is 52.075705 seconds.
Elapsed time is 51.976740 seconds.
Elapsed time is 51.849993 seconds.
Elapsed time is 51.977681 seconds.
Elapsed time is 51.902887 seconds.
Elapsed time is 52.244203 seconds.
Elapsed time is 51.960680 seconds.
Elapsed time is 52.728763 seconds.
Elapsed time is 52.204534 seconds.
Elapsed time is 51.805886 seconds.
Elapsed time is 51.909242 seconds.
Elapsed time is 52.057782 seconds.
Elapsed time is 51.844606 seconds.
Elapsed time is 51.729889 seconds.
Elapsed time is 51.968889 seconds.
Elapsed time is 51.945313 seconds.
Elapsed time is 51.977787 seconds.
Elapsed time is 51.785969 seconds.
Elapsed time is 51.638949 seconds.
Elapsed time is 51.598224 seconds.
Elapsed time is 52.257713 seconds.
Elapsed time is 52.480709 seconds.
Elapsed time is 51.837731 seconds.
Elapsed time is 51.756593 seconds.
Elapsed time is 51.976175 seconds.
Elapsed time is 51.854268 seconds.
Elapsed time is 51.892956 seconds.
Elapsed time is 51.977333 seconds.
Elapsed time is 52.124106 seconds.
Elapsed time is 51.710265 seconds.
Elapsed time is 51.629435 seconds.
Elapsed time is 51.775194 seconds.
Elapsed time is 51.883625 seconds.
Elapsed time is 51.533145 seconds.
Elapsed time is 52.911129 seconds.
Elapsed time is 51.608288 seconds.
Elapsed time is 51.705767 seconds.
Elapsed time is 51.645910 seconds.
Elapsed time is 51.584113 seconds.
Elapsed time is 51.623825 seconds.
Elapsed time is 51.558140 seconds.
Elapsed time is 51.712916 seconds.
Elapsed time is 52.170530 seconds.
Elapsed time is 51.668007 seconds.
Elapsed time is 51.774373 seconds.
Elapsed time is 51.967775 seconds.
Elapsed time is 52.482422 seconds.
Elapsed time is 51.766770 seconds.
Elapsed time is 51.700501 seconds.
Elapsed time is 51.651612 seconds.

                                        First-Order                    Norm of 
 Iteration  Func-count    Residual       optimality      Lambda           step
     0         125         9390.09        8.79e+05         0.01
Elapsed time is 52.631337 seconds.
Elapsed time is 52.042223 seconds.
Elapsed time is 51.827466 seconds.
Elapsed time is 51.860054 seconds.
Elapsed time is 51.737042 seconds.
Elapsed time is 51.750274 seconds.
Elapsed time is 51.791943 seconds.
Elapsed time is 51.672441 seconds.
Elapsed time is 51.708144 seconds.
Elapsed time is 51.761553 seconds.
Elapsed time is 51.706298 seconds.
Elapsed time is 51.592154 seconds.
Elapsed time is 51.785367 seconds.
Elapsed time is 52.089807 seconds.
Elapsed time is 52.650431 seconds.
Elapsed time is 52.359206 seconds.
Elapsed time is 52.366323 seconds.
Elapsed time is 52.073060 seconds.
Elapsed time is 52.003388 seconds.
Elapsed time is 51.835195 seconds.
Elapsed time is 51.781593 seconds.
Elapsed time is 51.789187 seconds.
Elapsed time is 51.734953 seconds.
Elapsed time is 51.729342 seconds.
Elapsed time is 51.710949 seconds.
Elapsed time is 51.708197 seconds.
Elapsed time is 52.173618 seconds.
Elapsed time is 52.118522 seconds.
Elapsed time is 52.320661 seconds.
Elapsed time is 52.571129 seconds.
Elapsed time is 52.580326 seconds.
Elapsed time is 52.633853 seconds.
Elapsed time is 52.825468 seconds.
Elapsed time is 52.666059 seconds.
Elapsed time is 52.499018 seconds.
Elapsed time is 52.594027 seconds.
Elapsed time is 52.222067 seconds.
Elapsed time is 52.380287 seconds.
Elapsed time is 51.703042 seconds.
Elapsed time is 51.930624 seconds.
Elapsed time is 51.747494 seconds.
Elapsed time is 51.913875 seconds.
Elapsed time is 51.844226 seconds.
Elapsed time is 51.761458 seconds.
Elapsed time is 51.716172 seconds.
Elapsed time is 51.923968 seconds.
Elapsed time is 51.818402 seconds.
Elapsed time is 52.290471 seconds.
Elapsed time is 52.738236 seconds.
Elapsed time is 52.139914 seconds.
Elapsed time is 52.643668 seconds.
Elapsed time is 52.168560 seconds.
Elapsed time is 52.686359 seconds.
Elapsed time is 51.883426 seconds.
Elapsed time is 52.290104 seconds.
Elapsed time is 51.954610 seconds.
Elapsed time is 52.316471 seconds.
Elapsed time is 51.962794 seconds.
Elapsed time is 52.030701 seconds.
Elapsed time is 51.778046 seconds.
Elapsed time is 51.815919 seconds.
Elapsed time is 51.812961 seconds.
Elapsed time is 51.681063 seconds.
Elapsed time is 51.776460 seconds.
Elapsed time is 51.754756 seconds.
Elapsed time is 52.018954 seconds.
Elapsed time is 51.875641 seconds.
Elapsed time is 51.741301 seconds.
Elapsed time is 52.409854 seconds.
Elapsed time is 52.680572 seconds.
Elapsed time is 52.053974 seconds.
Elapsed time is 52.741172 seconds.
Elapsed time is 53.110254 seconds.
Elapsed time is 51.839149 seconds.
Elapsed time is 52.075574 seconds.
Elapsed time is 52.541997 seconds.
Elapsed time is 51.844623 seconds.
Elapsed time is 51.846271 seconds.
Elapsed time is 51.905987 seconds.
Elapsed time is 51.903983 seconds.
Elapsed time is 51.991712 seconds.
Elapsed time is 51.969295 seconds.
Elapsed time is 52.304007 seconds.
Elapsed time is 51.920743 seconds.
Elapsed time is 51.862563 seconds.
Elapsed time is 51.724156 seconds.
Elapsed time is 51.835323 seconds.
Elapsed time is 51.974538 seconds.
Elapsed time is 51.804986 seconds.
Elapsed time is 51.774718 seconds.
Elapsed time is 51.687238 seconds.
Elapsed time is 51.820079 seconds.
Elapsed time is 51.736715 seconds.
Elapsed time is 51.846538 seconds.
Elapsed time is 52.424267 seconds.
Elapsed time is 51.710411 seconds.
Elapsed time is 51.962029 seconds.
Elapsed time is 51.723265 seconds.
Elapsed time is 51.919130 seconds.
Elapsed time is 52.048275 seconds.
Elapsed time is 51.792396 seconds.
Elapsed time is 51.943819 seconds.
Elapsed time is 51.761074 seconds.
Elapsed time is 52.170939 seconds.
Elapsed time is 51.865405 seconds.
Elapsed time is 51.845200 seconds.
Elapsed time is 51.902316 seconds.
Elapsed time is 51.805788 seconds.
Elapsed time is 51.828694 seconds.
Elapsed time is 51.684427 seconds.
Elapsed time is 51.752712 seconds.
Elapsed time is 51.815921 seconds.
Elapsed time is 51.750314 seconds.
Elapsed time is 51.629595 seconds.
Elapsed time is 52.192519 seconds.
Elapsed time is 52.053044 seconds.
Elapsed time is 51.719993 seconds.
Elapsed time is 51.811237 seconds.
Elapsed time is 52.269839 seconds.
Elapsed time is 52.021106 seconds.
Elapsed time is 52.104407 seconds.
Elapsed time is 51.743402 seconds.
Elapsed time is 51.864330 seconds.
Elapsed time is 52.078178 seconds.
Elapsed time is 52.062770 seconds.
     1         250         3911.15        6.34e+05        0.001      0.0303205
Elapsed time is 51.731078 seconds.
Elapsed time is 51.712991 seconds.
Elapsed time is 52.168661 seconds.
Elapsed time is 51.727686 seconds.
Elapsed time is 52.358053 seconds.
Elapsed time is 51.676222 seconds.
Elapsed time is 51.748436 seconds.
Elapsed time is 52.534620 seconds.
Elapsed time is 52.191108 seconds.
Elapsed time is 52.423145 seconds.
Elapsed time is 52.120266 seconds.
Elapsed time is 52.446362 seconds.
Elapsed time is 51.846405 seconds.
Elapsed time is 52.392033 seconds.
Elapsed time is 51.697365 seconds.
Elapsed time is 51.677544 seconds.
Elapsed time is 52.970584 seconds.
Elapsed time is 51.867649 seconds.
Elapsed time is 52.810298 seconds.
Elapsed time is 51.726178 seconds.
Elapsed time is 51.739774 seconds.
Elapsed time is 52.476338 seconds.
Elapsed time is 51.671851 seconds.
Elapsed time is 51.735916 seconds.
Elapsed time is 51.755915 seconds.
Elapsed time is 52.376145 seconds.
Elapsed time is 51.729244 seconds.
Elapsed time is 52.145343 seconds.
Elapsed time is 51.907341 seconds.
Elapsed time is 51.810899 seconds.
Elapsed time is 51.647183 seconds.
Elapsed time is 51.652602 seconds.
Elapsed time is 51.695901 seconds.
Elapsed time is 51.648424 seconds.
Elapsed time is 51.620472 seconds.
Elapsed time is 51.902968 seconds.
Elapsed time is 51.744460 seconds.
Elapsed time is 51.706892 seconds.
Elapsed time is 51.685359 seconds.
Elapsed time is 52.514258 seconds.
Elapsed time is 51.729824 seconds.
Elapsed time is 52.517203 seconds.
Elapsed time is 52.149994 seconds.
Elapsed time is 51.630551 seconds.
Elapsed time is 51.592911 seconds.
Elapsed time is 51.624739 seconds.
Elapsed time is 51.643032 seconds.
Elapsed time is 51.632341 seconds.
Elapsed time is 51.631503 seconds.
Elapsed time is 51.714433 seconds.
Elapsed time is 51.678297 seconds.
Elapsed time is 51.644865 seconds.
Elapsed time is 51.631395 seconds.
Elapsed time is 51.682310 seconds.
Elapsed time is 51.586665 seconds.
Elapsed time is 51.697097 seconds.
Elapsed time is 51.741772 seconds.
Elapsed time is 51.799559 seconds.
Elapsed time is 51.781671 seconds.
Elapsed time is 51.779262 seconds.
Elapsed time is 51.692537 seconds.
Elapsed time is 51.728373 seconds.
Elapsed time is 51.860675 seconds.
Elapsed time is 52.315260 seconds.
Elapsed time is 52.041518 seconds.
Elapsed time is 52.248597 seconds.
Elapsed time is 51.747909 seconds.
Elapsed time is 51.647108 seconds.
Elapsed time is 52.000395 seconds.
Elapsed time is 52.498921 seconds.
Elapsed time is 51.940398 seconds.
Elapsed time is 52.079146 seconds.
Elapsed time is 51.923519 seconds.
Elapsed time is 53.499798 seconds.
Elapsed time is 53.262411 seconds.
Elapsed time is 52.913011 seconds.
Elapsed time is 52.721418 seconds.
Elapsed time is 52.633610 seconds.
Elapsed time is 52.465571 seconds.
Elapsed time is 53.249523 seconds.
Elapsed time is 52.730382 seconds.
Elapsed time is 52.959817 seconds.
Elapsed time is 53.123241 seconds.
Elapsed time is 52.817032 seconds.
Elapsed time is 54.950256 seconds.
Elapsed time is 55.821649 seconds.
Elapsed time is 55.946730 seconds.
Elapsed time is 55.515560 seconds.
Elapsed time is 57.211862 seconds.
Elapsed time is 58.819119 seconds.
Elapsed time is 61.467287 seconds.
Elapsed time is 61.337499 seconds.
Elapsed time is 62.770646 seconds.
Elapsed time is 68.486037 seconds.
Elapsed time is 73.567841 seconds.
Elapsed time is 73.164479 seconds.
Elapsed time is 72.971548 seconds.
Elapsed time is 80.496919 seconds.
Elapsed time is 80.994755 seconds.
Elapsed time is 84.001186 seconds.
Elapsed time is 74.209150 seconds.
Elapsed time is 70.872748 seconds.
Elapsed time is 66.325018 seconds.
Elapsed time is 68.552773 seconds.
Elapsed time is 76.135493 seconds.
Elapsed time is 71.053586 seconds.
Elapsed time is 78.757133 seconds.
Elapsed time is 77.535655 seconds.
Elapsed time is 74.997042 seconds.
Elapsed time is 69.164088 seconds.
Elapsed time is 85.292816 seconds.
Elapsed time is 70.299716 seconds.
Elapsed time is 79.996307 seconds.
Elapsed time is 88.122825 seconds.
Elapsed time is 92.857928 seconds.
Elapsed time is 94.633199 seconds.
Elapsed time is 83.009510 seconds.
Elapsed time is 77.629775 seconds.
Elapsed time is 80.408312 seconds.
Elapsed time is 68.425594 seconds.
Elapsed time is 74.417138 seconds.
Elapsed time is 69.332607 seconds.
Elapsed time is 70.988189 seconds.
Elapsed time is 70.988351 seconds.
Elapsed time is 72.272816 seconds.
     2         375         2398.46        3.09e+07       0.0001      0.0531694
Elapsed time is 63.840140 seconds.
Elapsed time is 76.180308 seconds.
Elapsed time is 60.392026 seconds.
Elapsed time is 63.304179 seconds.
Elapsed time is 63.420073 seconds.
Elapsed time is 62.376716 seconds.
Elapsed time is 59.896767 seconds.
Elapsed time is 61.334483 seconds.
Elapsed time is 62.162922 seconds.
Elapsed time is 62.127299 seconds.
Elapsed time is 62.531936 seconds.
Elapsed time is 60.532571 seconds.
Elapsed time is 58.195010 seconds.
Elapsed time is 58.699317 seconds.
Elapsed time is 59.608666 seconds.
Elapsed time is 58.624380 seconds.
Elapsed time is 56.876696 seconds.
Elapsed time is 55.803457 seconds.
Elapsed time is 56.691009 seconds.
Elapsed time is 57.198475 seconds.
Elapsed time is 56.835084 seconds.
Elapsed time is 55.928901 seconds.
Elapsed time is 56.164354 seconds.
Elapsed time is 56.015115 seconds.
Elapsed time is 56.674611 seconds.
Elapsed time is 56.772706 seconds.
Elapsed time is 55.627353 seconds.
Elapsed time is 56.141891 seconds.
Elapsed time is 55.276839 seconds.
Elapsed time is 58.065418 seconds.
Elapsed time is 57.286017 seconds.
Elapsed time is 58.806501 seconds.
Elapsed time is 66.441826 seconds.
Elapsed time is 68.680017 seconds.
Elapsed time is 86.816252 seconds.
Elapsed time is 67.617104 seconds.
Elapsed time is 64.456204 seconds.
Elapsed time is 65.074929 seconds.
Elapsed time is 69.714678 seconds.
Elapsed time is 78.572946 seconds.
Elapsed time is 74.920253 seconds.
Elapsed time is 68.863469 seconds.
Elapsed time is 79.400315 seconds.
Elapsed time is 80.133742 seconds.
Elapsed time is 80.391230 seconds.
Elapsed time is 84.200082 seconds.
Elapsed time is 73.594593 seconds.
Elapsed time is 76.701360 seconds.
Elapsed time is 72.606772 seconds.
Elapsed time is 72.689847 seconds.
Elapsed time is 69.428124 seconds.
Elapsed time is 64.281552 seconds.
Elapsed time is 73.348277 seconds.
Elapsed time is 70.097823 seconds.
Elapsed time is 67.912901 seconds.
Elapsed time is 78.490727 seconds.
Elapsed time is 86.133447 seconds.
Elapsed time is 86.195617 seconds.
Elapsed time is 86.454223 seconds.
Elapsed time is 88.460331 seconds.
Elapsed time is 80.428184 seconds.
Elapsed time is 73.182629 seconds.
Elapsed time is 70.631932 seconds.
Elapsed time is 81.938588 seconds.
Elapsed time is 69.937477 seconds.
Elapsed time is 63.872305 seconds.
Elapsed time is 71.133126 seconds.
Elapsed time is 68.408910 seconds.
Elapsed time is 74.666215 seconds.
Elapsed time is 84.282723 seconds.
Elapsed time is 70.182110 seconds.
Elapsed time is 75.767839 seconds.
Elapsed time is 70.027742 seconds.
Elapsed time is 72.888510 seconds.
Elapsed time is 73.813605 seconds.
Elapsed time is 77.671602 seconds.
Elapsed time is 69.939620 seconds.
Elapsed time is 76.788892 seconds.
Elapsed time is 78.823749 seconds.
Elapsed time is 79.760790 seconds.
Elapsed time is 72.771804 seconds.
Elapsed time is 79.063205 seconds.
Elapsed time is 76.698382 seconds.
Elapsed time is 69.261108 seconds.
Elapsed time is 70.493497 seconds.
Elapsed time is 68.992116 seconds.
Elapsed time is 67.322610 seconds.
Elapsed time is 66.411737 seconds.
Elapsed time is 67.854039 seconds.
Elapsed time is 63.473217 seconds.
Elapsed time is 63.734105 seconds.
Elapsed time is 66.903234 seconds.
Elapsed time is 66.703374 seconds.
Elapsed time is 61.575333 seconds.
Elapsed time is 62.478146 seconds.
Elapsed time is 61.285723 seconds.
Elapsed time is 61.990693 seconds.
Elapsed time is 61.214678 seconds.
Elapsed time is 62.377222 seconds.
Elapsed time is 61.415454 seconds.
Elapsed time is 63.003616 seconds.
Elapsed time is 64.366440 seconds.
Elapsed time is 61.163749 seconds.
Elapsed time is 61.281937 seconds.
Elapsed time is 62.459126 seconds.
Elapsed time is 60.824791 seconds.
Elapsed time is 61.235887 seconds.
Elapsed time is 60.291410 seconds.
Elapsed time is 62.919424 seconds.
Elapsed time is 62.391601 seconds.
Elapsed time is 63.697011 seconds.
Elapsed time is 64.366347 seconds.
Elapsed time is 64.909823 seconds.
Elapsed time is 65.053747 seconds.
Elapsed time is 62.683847 seconds.
Elapsed time is 61.605652 seconds.
Elapsed time is 62.411602 seconds.
Elapsed time is 60.932710 seconds.
Elapsed time is 59.322109 seconds.
Elapsed time is 62.856628 seconds.
Elapsed time is 60.934359 seconds.
Elapsed time is 64.486311 seconds.
Elapsed time is 66.738450 seconds.
Elapsed time is 62.541707 seconds.
Elapsed time is 59.863117 seconds.
     3         500         1928.07        5.59e+05        1e-05      0.0224024
Elapsed time is 62.241485 seconds.
Elapsed time is 63.275647 seconds.
Elapsed time is 63.200263 seconds.
Elapsed time is 60.278655 seconds.
Elapsed time is 58.680998 seconds.
Elapsed time is 60.907724 seconds.
Elapsed time is 61.361608 seconds.
Elapsed time is 60.932205 seconds.
Elapsed time is 58.202251 seconds.
Elapsed time is 57.092802 seconds.
Elapsed time is 55.452687 seconds.
Elapsed time is 54.490188 seconds.
Elapsed time is 55.517598 seconds.
Elapsed time is 55.583528 seconds.
Elapsed time is 55.650799 seconds.
Elapsed time is 55.988440 seconds.
Elapsed time is 55.402566 seconds.
Elapsed time is 55.361168 seconds.
Elapsed time is 55.300475 seconds.
Elapsed time is 55.595226 seconds.
Elapsed time is 54.718159 seconds.
Elapsed time is 55.949041 seconds.
Elapsed time is 56.150076 seconds.
Elapsed time is 55.435509 seconds.
Elapsed time is 55.808044 seconds.
Elapsed time is 55.468264 seconds.
Elapsed time is 55.796198 seconds.
Elapsed time is 56.158560 seconds.
Elapsed time is 56.355190 seconds.
Elapsed time is 55.345871 seconds.
Elapsed time is 54.672180 seconds.
Elapsed time is 54.864861 seconds.
Elapsed time is 55.711217 seconds.
Elapsed time is 57.861844 seconds.
Elapsed time is 56.261149 seconds.
Elapsed time is 55.667649 seconds.
Elapsed time is 56.439286 seconds.
Elapsed time is 56.012353 seconds.
Elapsed time is 56.963834 seconds.
Elapsed time is 56.930908 seconds.
Elapsed time is 56.439684 seconds.
Elapsed time is 55.662190 seconds.
Elapsed time is 55.480730 seconds.
Elapsed time is 55.694049 seconds.
Elapsed time is 56.611547 seconds.
Elapsed time is 57.999311 seconds.
Elapsed time is 56.864177 seconds.
Elapsed time is 57.352036 seconds.
Elapsed time is 57.523885 seconds.
Elapsed time is 57.436086 seconds.
Elapsed time is 56.342473 seconds.
Elapsed time is 56.050994 seconds.
Elapsed time is 55.688247 seconds.
Elapsed time is 54.989723 seconds.
Elapsed time is 55.618826 seconds.
Elapsed time is 55.017729 seconds.
Elapsed time is 55.932118 seconds.
Elapsed time is 56.623485 seconds.
Elapsed time is 57.012836 seconds.
Elapsed time is 56.403279 seconds.
Elapsed time is 57.047677 seconds.
Elapsed time is 56.769569 seconds.
Elapsed time is 56.387509 seconds.
Elapsed time is 56.713546 seconds.
Elapsed time is 55.627534 seconds.
Elapsed time is 55.614521 seconds.
Elapsed time is 56.635346 seconds.
Elapsed time is 56.511150 seconds.
Elapsed time is 55.644090 seconds.
Elapsed time is 57.683917 seconds.
Elapsed time is 56.233526 seconds.
Elapsed time is 58.154905 seconds.
Elapsed time is 55.550641 seconds.
Elapsed time is 56.106885 seconds.
Elapsed time is 55.868860 seconds.
Elapsed time is 55.046484 seconds.
Elapsed time is 55.474320 seconds.
Elapsed time is 56.760009 seconds.
Elapsed time is 55.943046 seconds.
Elapsed time is 57.480291 seconds.
Elapsed time is 55.687726 seconds.
Elapsed time is 56.020369 seconds.
Elapsed time is 55.595704 seconds.
Elapsed time is 56.007407 seconds.
Elapsed time is 56.088114 seconds.
Elapsed time is 56.082280 seconds.
Elapsed time is 55.925980 seconds.
Elapsed time is 55.462993 seconds.
Elapsed time is 55.665395 seconds.
Elapsed time is 55.590243 seconds.
Elapsed time is 55.898137 seconds.
Elapsed time is 61.411117 seconds.
Elapsed time is 61.672082 seconds.
Elapsed time is 59.539000 seconds.
Elapsed time is 57.931239 seconds.
Elapsed time is 60.381267 seconds.
Elapsed time is 58.548994 seconds.
Elapsed time is 58.026537 seconds.
Elapsed time is 57.212038 seconds.
Elapsed time is 57.584796 seconds.
Elapsed time is 57.986933 seconds.
Elapsed time is 56.916819 seconds.
Elapsed time is 56.644937 seconds.
Elapsed time is 59.357064 seconds.
Elapsed time is 59.932378 seconds.
Elapsed time is 59.609253 seconds.
Elapsed time is 60.278429 seconds.
Elapsed time is 60.626727 seconds.
Elapsed time is 59.116867 seconds.
Elapsed time is 57.653864 seconds.
Elapsed time is 57.361331 seconds.
Elapsed time is 58.032593 seconds.
Elapsed time is 58.020699 seconds.
Elapsed time is 59.019374 seconds.
Elapsed time is 58.631327 seconds.
Elapsed time is 59.211219 seconds.
Elapsed time is 60.120364 seconds.
Elapsed time is 58.878080 seconds.
Elapsed time is 58.255045 seconds.
Elapsed time is 58.208763 seconds.
Elapsed time is 57.388479 seconds.
Elapsed time is 57.949967 seconds.
Elapsed time is 57.307978 seconds.
Elapsed time is 58.443675 seconds.
Elapsed time is 58.252877 seconds.
     4         625          1752.1        5.04e+05        1e-06      0.0450599
Elapsed time is 58.876893 seconds.
Elapsed time is 58.472575 seconds.
Elapsed time is 57.803286 seconds.
Elapsed time is 57.385173 seconds.
Elapsed time is 58.137762 seconds.
Elapsed time is 58.067425 seconds.
Elapsed time is 58.646357 seconds.
Elapsed time is 58.637749 seconds.
Elapsed time is 59.134418 seconds.
Elapsed time is 60.332119 seconds.
Elapsed time is 59.484939 seconds.
Elapsed time is 58.509215 seconds.
Elapsed time is 57.159067 seconds.
Elapsed time is 57.388515 seconds.
Elapsed time is 56.676710 seconds.
Elapsed time is 57.606021 seconds.
Elapsed time is 58.074541 seconds.
Elapsed time is 58.832157 seconds.
Elapsed time is 58.894747 seconds.
Elapsed time is 59.039468 seconds.
Elapsed time is 62.079604 seconds.
Elapsed time is 59.261938 seconds.
Elapsed time is 59.659018 seconds.
Elapsed time is 59.046291 seconds.
Elapsed time is 58.408979 seconds.
Elapsed time is 58.853320 seconds.
Elapsed time is 57.008493 seconds.
Elapsed time is 57.750519 seconds.
Elapsed time is 57.496256 seconds.
Elapsed time is 59.249330 seconds.
Elapsed time is 58.816496 seconds.
Elapsed time is 59.432771 seconds.
Elapsed time is 60.611147 seconds.
Elapsed time is 60.113108 seconds.
Elapsed time is 58.887372 seconds.
Elapsed time is 58.870499 seconds.
Elapsed time is 58.420075 seconds.
Elapsed time is 57.203768 seconds.
Elapsed time is 56.515952 seconds.
Elapsed time is 58.293934 seconds.
Elapsed time is 56.809035 seconds.
Elapsed time is 58.259307 seconds.
Elapsed time is 57.220308 seconds.
Elapsed time is 57.514457 seconds.
Elapsed time is 58.094394 seconds.
Elapsed time is 59.507022 seconds.
Elapsed time is 59.162002 seconds.
Elapsed time is 60.038143 seconds.
Elapsed time is 59.659579 seconds.
Elapsed time is 58.050844 seconds.
Elapsed time is 58.105339 seconds.
Elapsed time is 57.455480 seconds.
Elapsed time is 57.354830 seconds.
Elapsed time is 58.516824 seconds.
Elapsed time is 59.576829 seconds.
Elapsed time is 58.480548 seconds.
Elapsed time is 58.926066 seconds.
Elapsed time is 58.117446 seconds.
Elapsed time is 58.877959 seconds.
Elapsed time is 58.417742 seconds.
Elapsed time is 58.619284 seconds.
Elapsed time is 57.950948 seconds.
Elapsed time is 57.027188 seconds.
Elapsed time is 56.694006 seconds.
Elapsed time is 55.042958 seconds.
Elapsed time is 55.950869 seconds.
Elapsed time is 56.093572 seconds.
Elapsed time is 55.955012 seconds.
Elapsed time is 56.219976 seconds.
Elapsed time is 56.360071 seconds.
Elapsed time is 56.388074 seconds.
Elapsed time is 56.804128 seconds.
Elapsed time is 56.328454 seconds.
Elapsed time is 56.391363 seconds.
Elapsed time is 58.601664 seconds.
Elapsed time is 55.914015 seconds.
Elapsed time is 56.880560 seconds.
Elapsed time is 57.072574 seconds.
Elapsed time is 55.663849 seconds.
Elapsed time is 56.178922 seconds.
Elapsed time is 55.595546 seconds.
Elapsed time is 56.530586 seconds.
Elapsed time is 56.579567 seconds.
Elapsed time is 56.435801 seconds.
Elapsed time is 56.419630 seconds.
Elapsed time is 57.350763 seconds.
Elapsed time is 57.256083 seconds.
Elapsed time is 55.885676 seconds.
Elapsed time is 55.721976 seconds.
Elapsed time is 54.793797 seconds.
Elapsed time is 54.565287 seconds.
Elapsed time is 55.190933 seconds.
Elapsed time is 55.447283 seconds.
Elapsed time is 56.542030 seconds.
Elapsed time is 57.988853 seconds.
Elapsed time is 56.759235 seconds.
Elapsed time is 56.355787 seconds.
Elapsed time is 55.845221 seconds.
Elapsed time is 54.849564 seconds.
Elapsed time is 55.736998 seconds.
Elapsed time is 54.853949 seconds.
Elapsed time is 56.438292 seconds.
Elapsed time is 55.924182 seconds.
Elapsed time is 55.894365 seconds.
Elapsed time is 55.579271 seconds.
Elapsed time is 56.883026 seconds.
Elapsed time is 56.465788 seconds.
Elapsed time is 56.178131 seconds.
Elapsed time is 56.059755 seconds.
Elapsed time is 56.214948 seconds.
Elapsed time is 55.585522 seconds.
Elapsed time is 57.192269 seconds.
Elapsed time is 57.332335 seconds.
Elapsed time is 56.438181 seconds.
Elapsed time is 56.123396 seconds.
Elapsed time is 55.999663 seconds.
Elapsed time is 56.310394 seconds.
Elapsed time is 55.718995 seconds.
Elapsed time is 55.772570 seconds.
Elapsed time is 55.819627 seconds.
Elapsed time is 55.955156 seconds.
Elapsed time is 55.857948 seconds.
Elapsed time is 55.844324 seconds.
Elapsed time is 55.597053 seconds.
Elapsed time is 55.607955 seconds.
     5         750         1645.61        1.05e+05        1e-07      0.0184709
Elapsed time is 55.626917 seconds.
Elapsed time is 55.773819 seconds.
Elapsed time is 55.826335 seconds.
Elapsed time is 55.287543 seconds.
Elapsed time is 56.868837 seconds.
Elapsed time is 55.484250 seconds.
Elapsed time is 55.805238 seconds.
Elapsed time is 55.784647 seconds.
Elapsed time is 56.319052 seconds.
Elapsed time is 55.882431 seconds.
Elapsed time is 56.375897 seconds.
Elapsed time is 57.461143 seconds.
Elapsed time is 56.560817 seconds.
Elapsed time is 56.930988 seconds.
Elapsed time is 56.000437 seconds.
Elapsed time is 56.311996 seconds.
Elapsed time is 56.223265 seconds.
Elapsed time is 56.213089 seconds.
Elapsed time is 54.788183 seconds.
Elapsed time is 55.631809 seconds.
Elapsed time is 56.581091 seconds.
Elapsed time is 57.101278 seconds.
Elapsed time is 56.572098 seconds.
Elapsed time is 55.036381 seconds.
Elapsed time is 54.773739 seconds.
Elapsed time is 56.412559 seconds.
Elapsed time is 57.998544 seconds.
Elapsed time is 55.430682 seconds.
Elapsed time is 55.664507 seconds.
Elapsed time is 56.563088 seconds.
Elapsed time is 63.252477 seconds.
Elapsed time is 55.925459 seconds.
Elapsed time is 55.628155 seconds.
Elapsed time is 56.264319 seconds.
Elapsed time is 55.333802 seconds.
Elapsed time is 55.685053 seconds.
Elapsed time is 55.062183 seconds.
Elapsed time is 54.269577 seconds.
Elapsed time is 54.388739 seconds.
Elapsed time is 53.717217 seconds.
Elapsed time is 54.435381 seconds.
Elapsed time is 54.678121 seconds.
Elapsed time is 54.514278 seconds.
Elapsed time is 54.192202 seconds.
Elapsed time is 53.976970 seconds.
Elapsed time is 53.516889 seconds.
Elapsed time is 53.707688 seconds.
Elapsed time is 54.264667 seconds.
Elapsed time is 54.808939 seconds.
Elapsed time is 55.613318 seconds.
Elapsed time is 55.196648 seconds.
Elapsed time is 55.850316 seconds.
Elapsed time is 54.937458 seconds.
Elapsed time is 54.779232 seconds.
Elapsed time is 54.183504 seconds.
Elapsed time is 54.516407 seconds.
Elapsed time is 54.389368 seconds.
Elapsed time is 54.915202 seconds.
Elapsed time is 55.519885 seconds.
Elapsed time is 55.698027 seconds.
Elapsed time is 54.510420 seconds.
Elapsed time is 52.997065 seconds.
Elapsed time is 52.981328 seconds.
Elapsed time is 54.213330 seconds.
Elapsed time is 54.102435 seconds.
Elapsed time is 55.090238 seconds.
Elapsed time is 54.256913 seconds.
Elapsed time is 54.814045 seconds.
Elapsed time is 53.439904 seconds.
Elapsed time is 53.094488 seconds.
Elapsed time is 53.267775 seconds.
Elapsed time is 53.562843 seconds.
Elapsed time is 53.889714 seconds.
Elapsed time is 55.001483 seconds.
Elapsed time is 54.828627 seconds.
Elapsed time is 54.068840 seconds.
Elapsed time is 54.726207 seconds.
Elapsed time is 53.195775 seconds.
Elapsed time is 53.382900 seconds.
Elapsed time is 53.305553 seconds.
Elapsed time is 53.474673 seconds.
Elapsed time is 54.042551 seconds.
Elapsed time is 53.783565 seconds.
Elapsed time is 53.306107 seconds.
Elapsed time is 52.876326 seconds.
Elapsed time is 53.594002 seconds.
Elapsed time is 53.537478 seconds.
Elapsed time is 53.275927 seconds.
Elapsed time is 53.526479 seconds.
Elapsed time is 53.790879 seconds.
Elapsed time is 53.104105 seconds.
Elapsed time is 53.309982 seconds.
Elapsed time is 53.040888 seconds.
Elapsed time is 53.547607 seconds.
Elapsed time is 54.288941 seconds.
Elapsed time is 54.031221 seconds.
Elapsed time is 53.862343 seconds.
Elapsed time is 53.328153 seconds.
Elapsed time is 52.842407 seconds.
Elapsed time is 52.726168 seconds.
Elapsed time is 52.692763 seconds.
Elapsed time is 52.901772 seconds.
Elapsed time is 54.057365 seconds.
Elapsed time is 54.223738 seconds.
Elapsed time is 54.272698 seconds.
Elapsed time is 53.326035 seconds.
Elapsed time is 53.022284 seconds.
Elapsed time is 52.904434 seconds.
Elapsed time is 53.776849 seconds.
Elapsed time is 54.014364 seconds.
Elapsed time is 54.397086 seconds.
Elapsed time is 55.031809 seconds.
Elapsed time is 55.009756 seconds.
Elapsed time is 55.710719 seconds.
Elapsed time is 53.241864 seconds.
Elapsed time is 53.144371 seconds.
Elapsed time is 53.588062 seconds.
Elapsed time is 53.149599 seconds.
Elapsed time is 54.054776 seconds.
Elapsed time is 54.404894 seconds.
Elapsed time is 53.508515 seconds.
Elapsed time is 53.602600 seconds.
Elapsed time is 52.898553 seconds.
Elapsed time is 52.913370 seconds.
Elapsed time is 52.708074 seconds.
     6         875         1548.39        8.46e+05        1e-08      0.0120151
Elapsed time is 52.658023 seconds.
Elapsed time is 157.939427 seconds.
Elapsed time is 142.538331 seconds.
Elapsed time is 54.132143 seconds.
Elapsed time is 53.681485 seconds.
Elapsed time is 53.458612 seconds.
Elapsed time is 52.982535 seconds.
Elapsed time is 53.785927 seconds.
Elapsed time is 53.659217 seconds.
Elapsed time is 53.775136 seconds.
Elapsed time is 53.672195 seconds.
Elapsed time is 53.190705 seconds.
Elapsed time is 53.261673 seconds.
Elapsed time is 52.498423 seconds.
Elapsed time is 52.643591 seconds.
Elapsed time is 53.369595 seconds.
Elapsed time is 54.078334 seconds.
Elapsed time is 54.603142 seconds.
Elapsed time is 54.261672 seconds.
Elapsed time is 53.697664 seconds.
Elapsed time is 53.223538 seconds.
Elapsed time is 52.672293 seconds.
Elapsed time is 52.721188 seconds.
Elapsed time is 53.579940 seconds.
Elapsed time is 53.755719 seconds.
Elapsed time is 53.842364 seconds.
Elapsed time is 53.946505 seconds.
Elapsed time is 53.127447 seconds.
Elapsed time is 52.984683 seconds.
Elapsed time is 52.813938 seconds.
Elapsed time is 52.740738 seconds.
Elapsed time is 53.856463 seconds.
Elapsed time is 53.938970 seconds.
Elapsed time is 54.597977 seconds.
Elapsed time is 54.230808 seconds.
Elapsed time is 54.045760 seconds.
Elapsed time is 53.180073 seconds.
Elapsed time is 52.810025 seconds.
Elapsed time is 52.945324 seconds.
Elapsed time is 53.919332 seconds.
Elapsed time is 54.205240 seconds.
Elapsed time is 54.122189 seconds.
Elapsed time is 54.221114 seconds.
Elapsed time is 52.802708 seconds.
Elapsed time is 52.446992 seconds.
Elapsed time is 52.480967 seconds.
Elapsed time is 53.079307 seconds.
Elapsed time is 53.560263 seconds.
Elapsed time is 53.771580 seconds.
Elapsed time is 53.777765 seconds.
Elapsed time is 53.005148 seconds.
Elapsed time is 53.734331 seconds.
Elapsed time is 53.644571 seconds.
Elapsed time is 53.994167 seconds.
Elapsed time is 54.374424 seconds.
Elapsed time is 53.572367 seconds.
Elapsed time is 53.791666 seconds.
Elapsed time is 53.532104 seconds.
Elapsed time is 52.742150 seconds.
Elapsed time is 52.797442 seconds.
Elapsed time is 53.371301 seconds.
Elapsed time is 53.614907 seconds.
Elapsed time is 52.967007 seconds.
Elapsed time is 53.307846 seconds.
Elapsed time is 53.147339 seconds.
Elapsed time is 52.760755 seconds.
Elapsed time is 53.141503 seconds.
Elapsed time is 52.951671 seconds.
Elapsed time is 53.192105 seconds.
Elapsed time is 53.633820 seconds.
Elapsed time is 54.217628 seconds.
Elapsed time is 53.247492 seconds.
Elapsed time is 53.051828 seconds.
Elapsed time is 52.896119 seconds.
Elapsed time is 52.897989 seconds.
Elapsed time is 53.523293 seconds.
Elapsed time is 53.643119 seconds.
Elapsed time is 53.062956 seconds.
Elapsed time is 54.087484 seconds.
Elapsed time is 53.942901 seconds.
Elapsed time is 53.366926 seconds.
Elapsed time is 53.432444 seconds.
Elapsed time is 52.732481 seconds.
Elapsed time is 52.650528 seconds.
Elapsed time is 52.963686 seconds.
Elapsed time is 53.433694 seconds.
Elapsed time is 53.983326 seconds.
Elapsed time is 54.257066 seconds.
Elapsed time is 53.593407 seconds.
Elapsed time is 52.990236 seconds.
Elapsed time is 53.728991 seconds.
Elapsed time is 53.308623 seconds.
Elapsed time is 52.853300 seconds.
Elapsed time is 53.542887 seconds.
Elapsed time is 53.572436 seconds.
Elapsed time is 54.185756 seconds.
Elapsed time is 53.822823 seconds.
Elapsed time is 52.621158 seconds.
Elapsed time is 52.530048 seconds.
Elapsed time is 52.800262 seconds.
Elapsed time is 53.501645 seconds.
Elapsed time is 54.171031 seconds.
Elapsed time is 53.942020 seconds.
Elapsed time is 54.253266 seconds.
Elapsed time is 54.230958 seconds.
Elapsed time is 53.493335 seconds.
Elapsed time is 52.606466 seconds.
Elapsed time is 52.721910 seconds.
Elapsed time is 53.170266 seconds.
Elapsed time is 53.596820 seconds.
Elapsed time is 53.791749 seconds.
Elapsed time is 53.918033 seconds.
Elapsed time is 53.789051 seconds.
Elapsed time is 53.748194 seconds.
Elapsed time is 53.314914 seconds.
Elapsed time is 52.958143 seconds.
Elapsed time is 53.194027 seconds.
Elapsed time is 53.624320 seconds.
Elapsed time is 52.792721 seconds.
Elapsed time is 52.958288 seconds.
Elapsed time is 53.032476 seconds.
Elapsed time is 53.499925 seconds.
Elapsed time is 53.696506 seconds.
Elapsed time is 53.976797 seconds.
Elapsed time is 53.431609 seconds.
Elapsed time is 53.273173 seconds.
Elapsed time is 52.958387 seconds.
Elapsed time is 52.874288 seconds.
Elapsed time is 53.074810 seconds.
Elapsed time is 52.682821 seconds.
Elapsed time is 53.351500 seconds.
Elapsed time is 53.574886 seconds.
Elapsed time is 54.137983 seconds.
     7        1008         1491.25        7.57e+04            1     0.00929513
Elapsed time is 54.347442 seconds.
Elapsed time is 53.988876 seconds.
Elapsed time is 53.415067 seconds.
Elapsed time is 52.713116 seconds.
Elapsed time is 52.462806 seconds.
Elapsed time is 52.569004 seconds.
Elapsed time is 53.443041 seconds.
Elapsed time is 54.112389 seconds.
Elapsed time is 54.040794 seconds.
Elapsed time is 54.592195 seconds.
Elapsed time is 53.386110 seconds.
Elapsed time is 52.720136 seconds.
Elapsed time is 53.033687 seconds.
Elapsed time is 53.075493 seconds.
Elapsed time is 53.645692 seconds.
Elapsed time is 54.496112 seconds.
Elapsed time is 54.124083 seconds.
Elapsed time is 53.778117 seconds.
Elapsed time is 54.425637 seconds.
Elapsed time is 53.521531 seconds.
Elapsed time is 54.264867 seconds.
Elapsed time is 53.235995 seconds.
Elapsed time is 53.008962 seconds.
Elapsed time is 52.857941 seconds.
Elapsed time is 53.245881 seconds.
Elapsed time is 53.124344 seconds.
Elapsed time is 53.005967 seconds.
Elapsed time is 52.505767 seconds.
Elapsed time is 53.351648 seconds.
Elapsed time is 52.748830 seconds.
Elapsed time is 53.310564 seconds.
Elapsed time is 53.390472 seconds.
Elapsed time is 53.526746 seconds.
Elapsed time is 53.440753 seconds.
Elapsed time is 53.048831 seconds.
Elapsed time is 52.552858 seconds.
Elapsed time is 53.081351 seconds.
Elapsed time is 53.343451 seconds.
Elapsed time is 53.127671 seconds.
Elapsed time is 52.851793 seconds.
Elapsed time is 52.906222 seconds.
Elapsed time is 52.890370 seconds.
Elapsed time is 53.053761 seconds.
Elapsed time is 53.391255 seconds.
Elapsed time is 53.893834 seconds.
Elapsed time is 54.302733 seconds.
Elapsed time is 53.861524 seconds.
Elapsed time is 53.364153 seconds.
Elapsed time is 52.757390 seconds.
Elapsed time is 52.976254 seconds.
Elapsed time is 52.713556 seconds.
Elapsed time is 52.804014 seconds.
Elapsed time is 53.303129 seconds.
Elapsed time is 53.194607 seconds.
Elapsed time is 53.336611 seconds.
Elapsed time is 52.546364 seconds.
Elapsed time is 52.726506 seconds.
Elapsed time is 52.335277 seconds.
Elapsed time is 53.551082 seconds.
Elapsed time is 53.394580 seconds.
Elapsed time is 53.822070 seconds.
Elapsed time is 54.342017 seconds.
Elapsed time is 54.099725 seconds.
Elapsed time is 53.769344 seconds.
Elapsed time is 53.339207 seconds.
Elapsed time is 53.095314 seconds.
Elapsed time is 52.715363 seconds.
Elapsed time is 53.610241 seconds.
Elapsed time is 53.476604 seconds.
Elapsed time is 53.504794 seconds.
Elapsed time is 53.229461 seconds.
Elapsed time is 53.153894 seconds.
Elapsed time is 52.447916 seconds.
Elapsed time is 52.738419 seconds.
Elapsed time is 53.073911 seconds.
Elapsed time is 53.978581 seconds.
Elapsed time is 53.741915 seconds.
Elapsed time is 53.761301 seconds.
Elapsed time is 54.006188 seconds.
Elapsed time is 53.688691 seconds.
Elapsed time is 52.943963 seconds.
Elapsed time is 53.035039 seconds.
Elapsed time is 53.130175 seconds.
Elapsed time is 53.251496 seconds.
Elapsed time is 53.286276 seconds.
Elapsed time is 52.678008 seconds.
Elapsed time is 52.835907 seconds.
Elapsed time is 53.148956 seconds.
Elapsed time is 53.804856 seconds.
Elapsed time is 53.810639 seconds.
Elapsed time is 54.327558 seconds.
Elapsed time is 53.988402 seconds.
Elapsed time is 54.401339 seconds.
Elapsed time is 54.052038 seconds.
Elapsed time is 54.070873 seconds.
Elapsed time is 53.343262 seconds.
Elapsed time is 52.778096 seconds.
Elapsed time is 53.279957 seconds.
Elapsed time is 53.069987 seconds.
Elapsed time is 53.819806 seconds.
Elapsed time is 53.246019 seconds.
Elapsed time is 53.078723 seconds.
Elapsed time is 52.714388 seconds.
Elapsed time is 52.381937 seconds.
Elapsed time is 52.777884 seconds.
Elapsed time is 53.489272 seconds.
Elapsed time is 53.823670 seconds.
Elapsed time is 53.990914 seconds.
Elapsed time is 53.206379 seconds.
Elapsed time is 52.933135 seconds.
Elapsed time is 52.936245 seconds.
Elapsed time is 52.257166 seconds.
Elapsed time is 53.280979 seconds.
Elapsed time is 53.878321 seconds.
Elapsed time is 54.491186 seconds.
Elapsed time is 54.586346 seconds.
Elapsed time is 54.012981 seconds.
Elapsed time is 54.060184 seconds.
Elapsed time is 53.601349 seconds.
Elapsed time is 52.962571 seconds.
Elapsed time is 52.687378 seconds.
Elapsed time is 53.359132 seconds.
Elapsed time is 53.618114 seconds.
Elapsed time is 52.954830 seconds.
Elapsed time is 53.647667 seconds.
     8        1133         1443.53        1.05e+05          0.1      0.0199001
Elapsed time is 53.292123 seconds.
Elapsed time is 53.171581 seconds.
Elapsed time is 52.480320 seconds.
Elapsed time is 53.256370 seconds.
Elapsed time is 52.705083 seconds.
Elapsed time is 53.076188 seconds.
Elapsed time is 52.942347 seconds.
Elapsed time is 52.810527 seconds.
Elapsed time is 52.931219 seconds.
Elapsed time is 52.943006 seconds.
Elapsed time is 54.411633 seconds.
Elapsed time is 54.014707 seconds.
Elapsed time is 53.969405 seconds.
Elapsed time is 53.323000 seconds.
Elapsed time is 53.589380 seconds.
Elapsed time is 52.874846 seconds.
Elapsed time is 54.008689 seconds.
Elapsed time is 53.517604 seconds.
Elapsed time is 53.553824 seconds.
Elapsed time is 53.370276 seconds.
Elapsed time is 53.509346 seconds.
Elapsed time is 52.975944 seconds.
Elapsed time is 52.711116 seconds.
Elapsed time is 52.946193 seconds.
Elapsed time is 52.872190 seconds.
Elapsed time is 52.886093 seconds.
Elapsed time is 53.696124 seconds.
Elapsed time is 53.566242 seconds.
Elapsed time is 53.416692 seconds.
Elapsed time is 52.962944 seconds.
Elapsed time is 53.381580 seconds.
Elapsed time is 52.476812 seconds.
Elapsed time is 52.471875 seconds.
Elapsed time is 53.144073 seconds.
Elapsed time is 53.035490 seconds.
Elapsed time is 52.991369 seconds.
Elapsed time is 52.654722 seconds.
Elapsed time is 52.755737 seconds.
Elapsed time is 53.361709 seconds.
Elapsed time is 53.535473 seconds.
Elapsed time is 53.814722 seconds.
Elapsed time is 53.048887 seconds.
Elapsed time is 52.545166 seconds.
Elapsed time is 53.166461 seconds.
Elapsed time is 53.460200 seconds.
Elapsed time is 53.073796 seconds.
Elapsed time is 53.248477 seconds.
Elapsed time is 53.247976 seconds.
Elapsed time is 52.907900 seconds.
Elapsed time is 52.420016 seconds.
Elapsed time is 52.965274 seconds.
Elapsed time is 53.070071 seconds.
Elapsed time is 52.990850 seconds.
Elapsed time is 52.833676 seconds.
Elapsed time is 52.798353 seconds.
Elapsed time is 52.966966 seconds.
Elapsed time is 52.976569 seconds.
Elapsed time is 53.489417 seconds.
Elapsed time is 54.283277 seconds.
Elapsed time is 53.868349 seconds.
Elapsed time is 53.249818 seconds.
Elapsed time is 52.504361 seconds.
Elapsed time is 52.581994 seconds.
Elapsed time is 53.659169 seconds.
Elapsed time is 53.576492 seconds.
Elapsed time is 52.984419 seconds.
Elapsed time is 53.008748 seconds.
Elapsed time is 52.553307 seconds.
Elapsed time is 52.359324 seconds.
Elapsed time is 53.229025 seconds.
Elapsed time is 53.368220 seconds.
Elapsed time is 53.356632 seconds.
Elapsed time is 53.746100 seconds.
Elapsed time is 53.970397 seconds.
Elapsed time is 53.461147 seconds.
Elapsed time is 53.089193 seconds.
Elapsed time is 52.782999 seconds.
Elapsed time is 53.031434 seconds.
Elapsed time is 53.477523 seconds.
Elapsed time is 52.756301 seconds.
Elapsed time is 53.578118 seconds.
Elapsed time is 53.194979 seconds.
Elapsed time is 53.307753 seconds.
Elapsed time is 54.224041 seconds.
Elapsed time is 53.215954 seconds.
Elapsed time is 53.372126 seconds.
Elapsed time is 53.262344 seconds.
Elapsed time is 52.974398 seconds.
Elapsed time is 52.950341 seconds.
Elapsed time is 52.565329 seconds.
Elapsed time is 52.857247 seconds.
Elapsed time is 52.981656 seconds.
Elapsed time is 53.499711 seconds.
Elapsed time is 53.309380 seconds.
Elapsed time is 52.785744 seconds.
Elapsed time is 52.866846 seconds.
Elapsed time is 52.685595 seconds.
Elapsed time is 53.091988 seconds.
Elapsed time is 53.044557 seconds.
Elapsed time is 53.162417 seconds.
Elapsed time is 53.576684 seconds.
Elapsed time is 53.576724 seconds.
Elapsed time is 53.449258 seconds.
Elapsed time is 52.624107 seconds.
Elapsed time is 52.795771 seconds.
Elapsed time is 52.655217 seconds.
Elapsed time is 52.897211 seconds.
Elapsed time is 53.367304 seconds.
Elapsed time is 53.365607 seconds.
Elapsed time is 53.350641 seconds.
Elapsed time is 52.841916 seconds.
Elapsed time is 52.456020 seconds.
Elapsed time is 53.084402 seconds.
Elapsed time is 53.683691 seconds.
Elapsed time is 54.146125 seconds.
Elapsed time is 54.841874 seconds.
Elapsed time is 54.430077 seconds.
Elapsed time is 54.122764 seconds.
Elapsed time is 52.804129 seconds.
Elapsed time is 52.298315 seconds.
Elapsed time is 53.303232 seconds.
Elapsed time is 54.380502 seconds.
Elapsed time is 56.126782 seconds.
Elapsed time is 54.801136 seconds.
Elapsed time is 56.274735 seconds.
Elapsed time is 54.574941 seconds.
     9        1259         1397.39        2.36e+06            1      0.0130497
Elapsed time is 53.984571 seconds.
Elapsed time is 52.818413 seconds.
Elapsed time is 52.265333 seconds.
Elapsed time is 52.605750 seconds.
Elapsed time is 53.864391 seconds.
Elapsed time is 53.368697 seconds.
Elapsed time is 53.520467 seconds.
Elapsed time is 52.763721 seconds.
Elapsed time is 52.527144 seconds.
Elapsed time is 52.731502 seconds.
Elapsed time is 53.320482 seconds.
Elapsed time is 53.557279 seconds.
Elapsed time is 53.309449 seconds.
Elapsed time is 52.913065 seconds.
Elapsed time is 52.587350 seconds.
Elapsed time is 52.430747 seconds.
Elapsed time is 52.639669 seconds.
Elapsed time is 52.800065 seconds.
Elapsed time is 52.793834 seconds.
Elapsed time is 52.839777 seconds.
Elapsed time is 53.413807 seconds.
Elapsed time is 53.061696 seconds.
Elapsed time is 52.970835 seconds.
Elapsed time is 53.255526 seconds.
Elapsed time is 53.335718 seconds.
Elapsed time is 52.995974 seconds.
Elapsed time is 52.938389 seconds.
Elapsed time is 53.588407 seconds.
Elapsed time is 53.220537 seconds.
Elapsed time is 52.747946 seconds.
Elapsed time is 52.849262 seconds.
Elapsed time is 53.617028 seconds.
Elapsed time is 53.562552 seconds.
Elapsed time is 53.103211 seconds.
Elapsed time is 52.660041 seconds.
Elapsed time is 52.610201 seconds.
Elapsed time is 52.343442 seconds.
Elapsed time is 53.545481 seconds.
Elapsed time is 53.688476 seconds.
Elapsed time is 54.176660 seconds.
Elapsed time is 53.688880 seconds.
Elapsed time is 52.825637 seconds.
Elapsed time is 52.448489 seconds.
Elapsed time is 53.295235 seconds.
Elapsed time is 53.301588 seconds.
Elapsed time is 54.017551 seconds.
Elapsed time is 54.389633 seconds.
Elapsed time is 54.286293 seconds.
Elapsed time is 53.471337 seconds.
Elapsed time is 52.885016 seconds.
Elapsed time is 52.657700 seconds.
Elapsed time is 52.817991 seconds.
Elapsed time is 53.880745 seconds.
Elapsed time is 52.631701 seconds.
Elapsed time is 53.436506 seconds.
Elapsed time is 54.168591 seconds.
Elapsed time is 54.041778 seconds.
Elapsed time is 53.675951 seconds.
Elapsed time is 52.601275 seconds.
Elapsed time is 52.192252 seconds.
Elapsed time is 52.695490 seconds.
Elapsed time is 53.119934 seconds.
Elapsed time is 53.656362 seconds.
Elapsed time is 54.899213 seconds.
Elapsed time is 54.552017 seconds.
Elapsed time is 53.810440 seconds.
Elapsed time is 53.278287 seconds.
Elapsed time is 52.497998 seconds.
Elapsed time is 52.522104 seconds.
Elapsed time is 52.915520 seconds.
Elapsed time is 53.680308 seconds.
Elapsed time is 54.156038 seconds.
Elapsed time is 53.838947 seconds.
Elapsed time is 53.247985 seconds.
Elapsed time is 52.339865 seconds.
Elapsed time is 52.537340 seconds.
Elapsed time is 53.001158 seconds.
Elapsed time is 53.051857 seconds.
Elapsed time is 53.669381 seconds.
Elapsed time is 54.099417 seconds.
Elapsed time is 53.494663 seconds.
Elapsed time is 52.877595 seconds.
Elapsed time is 52.488968 seconds.
Elapsed time is 52.770425 seconds.
Elapsed time is 53.057983 seconds.
Elapsed time is 54.314486 seconds.
Elapsed time is 53.759702 seconds.
Elapsed time is 53.557447 seconds.
Elapsed time is 52.758090 seconds.
Elapsed time is 52.608336 seconds.
Elapsed time is 52.540447 seconds.
Elapsed time is 52.860220 seconds.
Elapsed time is 52.649310 seconds.
Elapsed time is 52.889616 seconds.
Elapsed time is 52.321905 seconds.
Elapsed time is 52.456474 seconds.
Elapsed time is 53.216930 seconds.
Elapsed time is 53.684971 seconds.
Elapsed time is 53.752833 seconds.
Elapsed time is 53.503754 seconds.
Elapsed time is 52.718880 seconds.
Elapsed time is 52.492340 seconds.
Elapsed time is 52.196559 seconds.
Elapsed time is 52.679336 seconds.
Elapsed time is 53.700921 seconds.
Elapsed time is 54.194202 seconds.
Elapsed time is 53.216010 seconds.
Elapsed time is 52.956469 seconds.
Elapsed time is 52.865616 seconds.
Elapsed time is 52.029019 seconds.
Elapsed time is 52.542962 seconds.
Elapsed time is 53.328344 seconds.
Elapsed time is 53.592767 seconds.
Elapsed time is 53.809851 seconds.
Elapsed time is 53.373006 seconds.
Elapsed time is 53.088670 seconds.
Elapsed time is 53.144147 seconds.
Elapsed time is 52.630706 seconds.
Elapsed time is 52.615030 seconds.
Elapsed time is 53.673100 seconds.
Elapsed time is 52.775099 seconds.
Elapsed time is 52.686347 seconds.
Elapsed time is 52.680383 seconds.
Elapsed time is 52.993096 seconds.
Elapsed time is 52.654319 seconds.
    10        1384         1351.59        3.55e+05          0.1      0.0114119
Elapsed time is 53.386740 seconds.
Elapsed time is 53.662229 seconds.
Elapsed time is 53.599688 seconds.
Elapsed time is 53.200778 seconds.
Elapsed time is 52.861976 seconds.
Elapsed time is 52.953520 seconds.
Elapsed time is 52.451979 seconds.
Elapsed time is 52.924723 seconds.
Elapsed time is 53.816589 seconds.
Elapsed time is 54.016486 seconds.
Elapsed time is 52.887183 seconds.
Elapsed time is 53.614346 seconds.
Elapsed time is 53.107873 seconds.
Elapsed time is 53.253150 seconds.
Elapsed time is 53.108353 seconds.
Elapsed time is 53.545968 seconds.
Elapsed time is 53.201885 seconds.
Elapsed time is 53.135423 seconds.
Elapsed time is 52.833528 seconds.
Elapsed time is 52.817256 seconds.
Elapsed time is 53.092759 seconds.
Elapsed time is 52.991973 seconds.
Elapsed time is 53.310971 seconds.
Elapsed time is 53.306545 seconds.
Elapsed time is 53.094446 seconds.
Elapsed time is 53.283186 seconds.
Elapsed time is 52.845818 seconds.
Elapsed time is 52.708975 seconds.
Elapsed time is 53.224707 seconds.
Elapsed time is 53.416323 seconds.
Elapsed time is 53.098073 seconds.
Elapsed time is 53.482610 seconds.
Elapsed time is 52.904045 seconds.
Elapsed time is 52.900539 seconds.
Elapsed time is 52.482757 seconds.
Elapsed time is 52.544535 seconds.
Elapsed time is 53.026802 seconds.
Elapsed time is 53.473404 seconds.
Elapsed time is 53.496448 seconds.
Elapsed time is 53.708529 seconds.
Elapsed time is 52.854868 seconds.
Elapsed time is 52.356076 seconds.
Elapsed time is 52.616554 seconds.
Elapsed time is 52.805067 seconds.
Elapsed time is 53.376223 seconds.
Elapsed time is 53.719173 seconds.
Elapsed time is 53.659452 seconds.
Elapsed time is 53.002688 seconds.
Elapsed time is 52.772518 seconds.
Elapsed time is 52.536643 seconds.
Elapsed time is 52.613316 seconds.
Elapsed time is 53.055992 seconds.
Elapsed time is 53.068333 seconds.
Elapsed time is 53.330304 seconds.
Elapsed time is 53.514723 seconds.
Elapsed time is 52.519788 seconds.
Elapsed time is 53.138920 seconds.
Elapsed time is 52.766046 seconds.
Elapsed time is 52.767992 seconds.
Elapsed time is 52.684412 seconds.
Elapsed time is 53.310399 seconds.
Elapsed time is 52.802703 seconds.
Elapsed time is 53.166060 seconds.
Elapsed time is 52.997184 seconds.
Elapsed time is 52.950859 seconds.
Elapsed time is 52.806817 seconds.
Elapsed time is 52.740600 seconds.
Elapsed time is 52.970075 seconds.
Elapsed time is 52.786132 seconds.
Elapsed time is 52.577180 seconds.
Elapsed time is 52.736735 seconds.
Elapsed time is 52.880421 seconds.
Elapsed time is 53.622090 seconds.
Elapsed time is 53.485913 seconds.
Elapsed time is 53.653199 seconds.
Elapsed time is 53.819832 seconds.
Elapsed time is 53.164768 seconds.
Elapsed time is 53.111399 seconds.
Elapsed time is 52.603659 seconds.
Elapsed time is 52.762231 seconds.
Elapsed time is 52.580626 seconds.
Elapsed time is 52.928193 seconds.
Elapsed time is 53.164517 seconds.
Elapsed time is 53.354779 seconds.
Elapsed time is 52.472700 seconds.
Elapsed time is 52.890117 seconds.
Elapsed time is 52.859318 seconds.
Elapsed time is 53.661179 seconds.
Elapsed time is 54.120993 seconds.
Elapsed time is 54.108380 seconds.
Elapsed time is 54.047454 seconds.
Elapsed time is 53.275524 seconds.
Elapsed time is 52.378418 seconds.
Elapsed time is 52.850090 seconds.
Elapsed time is 52.179081 seconds.
Elapsed time is 52.124202 seconds.
Elapsed time is 53.031583 seconds.
Elapsed time is 52.765611 seconds.
Elapsed time is 52.444348 seconds.
Elapsed time is 52.425392 seconds.
Elapsed time is 52.298394 seconds.
Elapsed time is 52.105408 seconds.
Elapsed time is 52.231973 seconds.
Elapsed time is 52.405176 seconds.
Elapsed time is 52.504200 seconds.
Elapsed time is 52.373304 seconds.
Elapsed time is 51.956674 seconds.
Elapsed time is 52.245890 seconds.
Elapsed time is 52.679178 seconds.
Elapsed time is 52.441561 seconds.
Elapsed time is 52.927272 seconds.
Elapsed time is 52.558147 seconds.
Elapsed time is 52.851751 seconds.
Elapsed time is 52.296754 seconds.
Elapsed time is 52.276332 seconds.
Elapsed time is 53.097411 seconds.
Elapsed time is 53.317591 seconds.
Elapsed time is 52.220058 seconds.
Elapsed time is 52.487318 seconds.
Elapsed time is 52.378000 seconds.
Elapsed time is 52.201036 seconds.
Elapsed time is 52.420907 seconds.
Elapsed time is 52.380714 seconds.
Elapsed time is 52.293364 seconds.
Elapsed time is 52.436371 seconds.
    11        1509         1308.34        9.62e+04         0.01      0.0169711
Elapsed time is 52.667998 seconds.
Elapsed time is 52.295981 seconds.
Elapsed time is 52.310323 seconds.
Elapsed time is 52.680114 seconds.
Elapsed time is 52.195372 seconds.
Elapsed time is 52.590859 seconds.
Elapsed time is 52.768735 seconds.
Elapsed time is 53.590204 seconds.
Elapsed time is 53.634373 seconds.
Elapsed time is 52.934884 seconds.
Elapsed time is 52.618782 seconds.
Elapsed time is 52.632117 seconds.
Elapsed time is 52.858636 seconds.
Elapsed time is 52.353905 seconds.
Elapsed time is 52.311697 seconds.
Elapsed time is 52.638130 seconds.
Elapsed time is 53.043334 seconds.
Elapsed time is 52.305255 seconds.
Elapsed time is 52.623530 seconds.
Elapsed time is 52.651974 seconds.
Elapsed time is 52.194341 seconds.
Elapsed time is 52.778036 seconds.
Elapsed time is 52.192788 seconds.
Elapsed time is 52.216572 seconds.
Elapsed time is 52.424120 seconds.
Elapsed time is 53.082826 seconds.
Elapsed time is 52.920566 seconds.
Elapsed time is 52.698089 seconds.
Elapsed time is 52.440292 seconds.
Elapsed time is 52.299907 seconds.
Elapsed time is 52.493484 seconds.
Elapsed time is 52.837238 seconds.
Elapsed time is 52.442291 seconds.
Elapsed time is 53.413083 seconds.
Elapsed time is 52.280226 seconds.
Elapsed time is 52.676433 seconds.
Elapsed time is 52.702624 seconds.
Elapsed time is 52.337034 seconds.
Elapsed time is 52.586501 seconds.
Elapsed time is 52.240696 seconds.
Elapsed time is 52.270331 seconds.
Elapsed time is 52.819158 seconds.
Elapsed time is 52.247114 seconds.
Elapsed time is 52.259421 seconds.
Elapsed time is 52.289861 seconds.
Elapsed time is 52.225619 seconds.
Elapsed time is 52.856095 seconds.
Elapsed time is 52.199372 seconds.
Elapsed time is 52.473436 seconds.
Elapsed time is 52.182516 seconds.
Elapsed time is 53.240864 seconds.
Elapsed time is 52.757290 seconds.
Elapsed time is 53.265846 seconds.
Elapsed time is 52.539710 seconds.
Elapsed time is 52.533004 seconds.
Elapsed time is 52.538127 seconds.
Elapsed time is 52.822162 seconds.
Elapsed time is 52.633253 seconds.
Elapsed time is 52.908937 seconds.
Elapsed time is 52.698683 seconds.
Elapsed time is 52.822311 seconds.
Elapsed time is 53.119256 seconds.
Elapsed time is 52.036011 seconds.
Elapsed time is 52.219938 seconds.
Elapsed time is 52.377884 seconds.
Elapsed time is 52.833504 seconds.
Elapsed time is 53.630663 seconds.
Elapsed time is 53.245837 seconds.
Elapsed time is 52.535701 seconds.
Elapsed time is 52.396109 seconds.
Elapsed time is 52.722115 seconds.
Elapsed time is 52.779232 seconds.
Elapsed time is 53.008070 seconds.
Elapsed time is 52.335734 seconds.
Elapsed time is 52.205251 seconds.
Elapsed time is 53.930655 seconds.
Elapsed time is 52.467350 seconds.
Elapsed time is 52.397987 seconds.
Elapsed time is 52.529635 seconds.
Elapsed time is 52.642886 seconds.
Elapsed time is 52.449766 seconds.
Elapsed time is 52.500285 seconds.
Elapsed time is 52.592400 seconds.
Elapsed time is 52.439181 seconds.
Elapsed time is 52.431126 seconds.
Elapsed time is 52.218822 seconds.
Elapsed time is 52.346974 seconds.
Elapsed time is 52.174037 seconds.
Elapsed time is 52.154937 seconds.
Elapsed time is 52.119735 seconds.
Elapsed time is 52.185995 seconds.
Elapsed time is 52.300366 seconds.
Elapsed time is 52.255967 seconds.
Elapsed time is 52.437686 seconds.
Elapsed time is 52.524720 seconds.
Elapsed time is 52.583100 seconds.
Elapsed time is 52.550391 seconds.
Elapsed time is 52.447236 seconds.
Elapsed time is 52.409530 seconds.
Elapsed time is 52.343008 seconds.
Elapsed time is 52.496011 seconds.
Elapsed time is 52.269970 seconds.
Elapsed time is 53.195318 seconds.
Elapsed time is 52.950090 seconds.
Elapsed time is 52.393994 seconds.
Elapsed time is 52.147330 seconds.
Elapsed time is 52.776317 seconds.
Elapsed time is 52.620477 seconds.
Elapsed time is 52.306425 seconds.
Elapsed time is 52.523899 seconds.
Elapsed time is 52.463617 seconds.
Elapsed time is 52.171670 seconds.
Elapsed time is 52.301546 seconds.
Elapsed time is 52.117301 seconds.
Elapsed time is 52.186817 seconds.
Elapsed time is 52.107483 seconds.
Elapsed time is 52.123039 seconds.
Elapsed time is 52.405871 seconds.
Elapsed time is 52.619327 seconds.
Elapsed time is 52.612170 seconds.
Elapsed time is 52.796154 seconds.
Elapsed time is 52.647387 seconds.
Elapsed time is 52.530844 seconds.
Elapsed time is 52.135756 seconds.
Elapsed time is 52.959203 seconds.
    12        1634         1308.26        8.27e+04        0.001      0.0132636
Elapsed time is 52.474246 seconds.
Elapsed time is 52.173919 seconds.
Elapsed time is 52.340096 seconds.
Elapsed time is 52.281353 seconds.
Elapsed time is 52.309048 seconds.
Elapsed time is 52.455229 seconds.
Elapsed time is 52.946740 seconds.
Elapsed time is 52.498603 seconds.
Elapsed time is 52.413778 seconds.
Elapsed time is 52.697360 seconds.
Elapsed time is 52.883605 seconds.
Elapsed time is 52.376665 seconds.
Elapsed time is 52.340061 seconds.
Elapsed time is 52.369137 seconds.
Elapsed time is 52.136535 seconds.
Elapsed time is 52.846912 seconds.
Elapsed time is 52.301160 seconds.
Elapsed time is 52.292451 seconds.
Elapsed time is 52.218707 seconds.
Elapsed time is 52.361900 seconds.
Elapsed time is 52.273498 seconds.
Elapsed time is 52.219512 seconds.
Elapsed time is 52.354569 seconds.
Elapsed time is 52.685470 seconds.
Elapsed time is 53.197363 seconds.
Elapsed time is 54.258517 seconds.
Elapsed time is 54.111438 seconds.
Elapsed time is 67.804016 seconds.
Elapsed time is 64.960259 seconds.
Elapsed time is 73.007019 seconds.
Elapsed time is 72.607176 seconds.
Elapsed time is 60.835069 seconds.
Elapsed time is 70.833125 seconds.
Elapsed time is 62.298179 seconds.
Elapsed time is 82.176611 seconds.
Elapsed time is 91.852977 seconds.
Elapsed time is 75.582462 seconds.
Elapsed time is 61.216785 seconds.
Elapsed time is 60.536891 seconds.
Elapsed time is 86.407960 seconds.
Elapsed time is 79.606164 seconds.
Elapsed time is 70.450264 seconds.
Elapsed time is 63.480480 seconds.
Elapsed time is 63.060316 seconds.
Elapsed time is 87.821657 seconds.
Elapsed time is 73.422766 seconds.
Elapsed time is 70.885228 seconds.
Elapsed time is 78.917931 seconds.
Elapsed time is 82.289129 seconds.
Elapsed time is 78.837509 seconds.
Elapsed time is 73.032949 seconds.
Elapsed time is 67.599389 seconds.
Elapsed time is 63.800690 seconds.
Elapsed time is 63.392525 seconds.
Elapsed time is 70.548814 seconds.
Elapsed time is 67.666249 seconds.
Elapsed time is 66.339946 seconds.
Elapsed time is 69.582203 seconds.
Elapsed time is 84.266279 seconds.
Elapsed time is 76.580330 seconds.
Elapsed time is 59.903177 seconds.
Elapsed time is 60.799744 seconds.
Elapsed time is 69.314118 seconds.
Elapsed time is 64.187797 seconds.
Elapsed time is 59.211903 seconds.
Elapsed time is 70.045629 seconds.
Elapsed time is 93.997990 seconds.
Elapsed time is 76.777115 seconds.
Elapsed time is 60.219384 seconds.
Elapsed time is 68.098898 seconds.
Elapsed time is 64.977379 seconds.
Elapsed time is 63.244048 seconds.
Elapsed time is 61.308477 seconds.
Elapsed time is 62.464963 seconds.
Elapsed time is 71.624592 seconds.
Elapsed time is 56.513244 seconds.
Elapsed time is 57.371688 seconds.
Elapsed time is 57.757194 seconds.
Elapsed time is 61.333368 seconds.
Elapsed time is 57.876283 seconds.
Elapsed time is 55.886404 seconds.
Elapsed time is 55.015690 seconds.
Elapsed time is 55.904054 seconds.
Elapsed time is 55.567351 seconds.
Elapsed time is 56.138147 seconds.
Elapsed time is 56.441268 seconds.
Elapsed time is 55.199761 seconds.
Elapsed time is 54.974677 seconds.
Elapsed time is 55.581145 seconds.
Elapsed time is 55.750987 seconds.
Elapsed time is 56.150849 seconds.
Elapsed time is 56.338871 seconds.
Elapsed time is 56.093401 seconds.
Elapsed time is 55.810399 seconds.
Elapsed time is 55.847809 seconds.
Elapsed time is 54.895779 seconds.
Elapsed time is 55.654558 seconds.
Elapsed time is 56.455754 seconds.
Elapsed time is 56.427587 seconds.
Elapsed time is 54.754432 seconds.
Elapsed time is 54.844725 seconds.
Elapsed time is 54.370871 seconds.
Elapsed time is 54.791087 seconds.
Elapsed time is 54.824859 seconds.
Elapsed time is 54.507543 seconds.
Elapsed time is 56.954872 seconds.
Elapsed time is 58.248755 seconds.
Elapsed time is 56.590069 seconds.
Elapsed time is 57.213860 seconds.
Elapsed time is 56.955055 seconds.
Elapsed time is 55.300402 seconds.
Elapsed time is 55.593547 seconds.
Elapsed time is 55.377983 seconds.
Elapsed time is 55.717309 seconds.
Elapsed time is 56.108762 seconds.
Elapsed time is 56.934829 seconds.
Elapsed time is 56.428259 seconds.
Elapsed time is 59.614170 seconds.
Elapsed time is 58.978842 seconds.
Elapsed time is 58.663044 seconds.
Elapsed time is 59.558445 seconds.
Elapsed time is 59.013286 seconds.
Elapsed time is 60.092746 seconds.
Elapsed time is 58.079992 seconds.
Elapsed time is 56.330350 seconds.
    13        1759         1284.12        7.62e+05       0.0001      0.0230985
Elapsed time is 56.303806 seconds.
Elapsed time is 56.405080 seconds.
Elapsed time is 57.525734 seconds.
Elapsed time is 56.519895 seconds.
Elapsed time is 58.350072 seconds.
Elapsed time is 57.341923 seconds.
Elapsed time is 57.356952 seconds.
Elapsed time is 58.301794 seconds.
Elapsed time is 58.971373 seconds.
Elapsed time is 58.650039 seconds.
Elapsed time is 58.216272 seconds.
Elapsed time is 56.574911 seconds.
Elapsed time is 57.584976 seconds.
Elapsed time is 58.459942 seconds.
Elapsed time is 59.300585 seconds.
Elapsed time is 60.932153 seconds.
Elapsed time is 96.919962 seconds.
Elapsed time is 88.294917 seconds.
Elapsed time is 60.176025 seconds.
Elapsed time is 66.414914 seconds.
Elapsed time is 91.387547 seconds.
Elapsed time is 88.703014 seconds.
Elapsed time is 61.296320 seconds.
Elapsed time is 59.996571 seconds.
Elapsed time is 76.948009 seconds.
Elapsed time is 68.142519 seconds.
Elapsed time is 63.763069 seconds.
Elapsed time is 71.079838 seconds.
Elapsed time is 62.462630 seconds.
Elapsed time is 57.897899 seconds.
Elapsed time is 56.212298 seconds.
Elapsed time is 80.136267 seconds.
Elapsed time is 57.369573 seconds.
Elapsed time is 57.702020 seconds.
Elapsed time is 73.471395 seconds.
Elapsed time is 59.647367 seconds.
Elapsed time is 57.435520 seconds.
Elapsed time is 77.610771 seconds.
Elapsed time is 61.373526 seconds.
Elapsed time is 54.093224 seconds.
Elapsed time is 66.048898 seconds.
Elapsed time is 86.670073 seconds.
Elapsed time is 57.701945 seconds.
Elapsed time is 55.407921 seconds.
Elapsed time is 61.832244 seconds.
Elapsed time is 58.098920 seconds.
Elapsed time is 58.690412 seconds.
Elapsed time is 58.834431 seconds.
Elapsed time is 65.183548 seconds.
Elapsed time is 56.159589 seconds.
Elapsed time is 55.889168 seconds.
Elapsed time is 58.544011 seconds.
Elapsed time is 80.250070 seconds.
Elapsed time is 64.210429 seconds.
Elapsed time is 59.235230 seconds.
Elapsed time is 58.517779 seconds.
Elapsed time is 55.878436 seconds.
Elapsed time is 54.790329 seconds.
Elapsed time is 54.298292 seconds.
Elapsed time is 54.586475 seconds.
Elapsed time is 59.090578 seconds.
Elapsed time is 56.267961 seconds.
Elapsed time is 58.283731 seconds.
Elapsed time is 55.630982 seconds.
Elapsed time is 58.547162 seconds.
Elapsed time is 61.124990 seconds.
Elapsed time is 53.962332 seconds.
Elapsed time is 54.180152 seconds.
Elapsed time is 56.364510 seconds.
Elapsed time is 68.731213 seconds.
Elapsed time is 70.504437 seconds.
Elapsed time is 62.131459 seconds.
Elapsed time is 58.115165 seconds.
Elapsed time is 56.508334 seconds.
Elapsed time is 55.333063 seconds.
Elapsed time is 55.246605 seconds.
Elapsed time is 54.409656 seconds.
Elapsed time is 54.043491 seconds.
Elapsed time is 54.397633 seconds.
Elapsed time is 55.487350 seconds.
Elapsed time is 55.899419 seconds.
Elapsed time is 57.390047 seconds.
Elapsed time is 57.600833 seconds.
Elapsed time is 55.791710 seconds.
Elapsed time is 54.985889 seconds.
Elapsed time is 54.263681 seconds.
Elapsed time is 54.294151 seconds.
Elapsed time is 54.783800 seconds.
Elapsed time is 55.091588 seconds.
Elapsed time is 54.862405 seconds.
Elapsed time is 54.550272 seconds.
Elapsed time is 54.938805 seconds.
Elapsed time is 55.207494 seconds.
Elapsed time is 55.742144 seconds.
Elapsed time is 57.433061 seconds.
Elapsed time is 57.081831 seconds.
Elapsed time is 57.392351 seconds.
Elapsed time is 56.448098 seconds.
Elapsed time is 54.753148 seconds.
Elapsed time is 53.713348 seconds.
Elapsed time is 54.168866 seconds.
Elapsed time is 54.064734 seconds.
Elapsed time is 54.670207 seconds.
Elapsed time is 56.101651 seconds.
Elapsed time is 55.736159 seconds.
Elapsed time is 55.533382 seconds.
Elapsed time is 57.328551 seconds.
Elapsed time is 56.456037 seconds.
Elapsed time is 59.058818 seconds.
Elapsed time is 57.366739 seconds.
Elapsed time is 58.092877 seconds.
Elapsed time is 57.095004 seconds.
Elapsed time is 59.482873 seconds.
Elapsed time is 57.814697 seconds.
Elapsed time is 58.059999 seconds.
Elapsed time is 59.091736 seconds.
Elapsed time is 58.511230 seconds.
Elapsed time is 59.241268 seconds.
Elapsed time is 59.217830 seconds.
Elapsed time is 56.565693 seconds.
Elapsed time is 55.389918 seconds.
Elapsed time is 54.655067 seconds.
Elapsed time is 54.051597 seconds.
Elapsed time is 53.891042 seconds.
Elapsed time is 53.916123 seconds.
    14        1884         1262.74        6.36e+04        1e-05      0.0163196
Elapsed time is 53.608456 seconds.
Elapsed time is 53.581065 seconds.
Elapsed time is 54.002940 seconds.
Elapsed time is 54.506367 seconds.
Elapsed time is 54.813198 seconds.
Elapsed time is 55.194136 seconds.
Elapsed time is 56.965237 seconds.
Elapsed time is 56.833892 seconds.
Elapsed time is 58.078490 seconds.
Elapsed time is 56.228506 seconds.
Elapsed time is 55.153232 seconds.
Elapsed time is 54.136863 seconds.
Elapsed time is 55.229460 seconds.
Elapsed time is 55.014968 seconds.
Elapsed time is 53.836922 seconds.
Elapsed time is 54.290944 seconds.
Elapsed time is 53.965340 seconds.
Elapsed time is 53.536669 seconds.
Elapsed time is 53.136079 seconds.
Elapsed time is 53.848727 seconds.
Elapsed time is 54.258860 seconds.
Elapsed time is 55.362015 seconds.
Elapsed time is 55.872151 seconds.
Elapsed time is 55.512298 seconds.
Elapsed time is 54.913527 seconds.
Elapsed time is 56.485163 seconds.
Elapsed time is 55.574613 seconds.
Elapsed time is 56.376987 seconds.
Elapsed time is 55.776242 seconds.
Elapsed time is 55.041436 seconds.
Elapsed time is 55.154342 seconds.
Elapsed time is 54.830334 seconds.
Elapsed time is 53.917032 seconds.
Elapsed time is 54.684152 seconds.
Elapsed time is 54.522497 seconds.
Elapsed time is 55.448906 seconds.
Elapsed time is 55.170559 seconds.
Elapsed time is 56.561754 seconds.
Elapsed time is 55.013744 seconds.
Elapsed time is 56.036534 seconds.
Elapsed time is 55.404948 seconds.
Elapsed time is 55.260764 seconds.
Elapsed time is 56.386696 seconds.
Elapsed time is 56.469165 seconds.
Elapsed time is 55.964967 seconds.
Elapsed time is 56.975520 seconds.
Elapsed time is 56.694349 seconds.
Elapsed time is 55.502408 seconds.
Elapsed time is 55.517652 seconds.
Elapsed time is 54.370146 seconds.
Elapsed time is 54.432267 seconds.
Elapsed time is 53.526826 seconds.
Elapsed time is 53.645620 seconds.
Elapsed time is 53.925095 seconds.
Elapsed time is 54.617203 seconds.
Elapsed time is 54.953598 seconds.
Elapsed time is 55.222181 seconds.
Elapsed time is 55.104645 seconds.
Elapsed time is 55.493917 seconds.
Elapsed time is 55.185521 seconds.
Elapsed time is 55.601312 seconds.
Elapsed time is 53.757627 seconds.
Elapsed time is 53.451184 seconds.
Elapsed time is 53.241839 seconds.
Elapsed time is 53.970331 seconds.
Elapsed time is 54.559486 seconds.
Elapsed time is 55.085617 seconds.
Elapsed time is 55.467498 seconds.
Elapsed time is 55.942305 seconds.
Elapsed time is 57.562533 seconds.
Elapsed time is 57.125512 seconds.
Elapsed time is 56.197213 seconds.
Elapsed time is 56.208380 seconds.
Elapsed time is 56.233587 seconds.
Elapsed time is 56.146238 seconds.
Elapsed time is 55.860206 seconds.
Elapsed time is 56.036051 seconds.
Elapsed time is 56.306465 seconds.
Elapsed time is 56.387322 seconds.
Elapsed time is 57.036122 seconds.
Elapsed time is 55.913776 seconds.
Elapsed time is 55.477254 seconds.
Elapsed time is 54.316987 seconds.
Elapsed time is 53.743081 seconds.
Elapsed time is 53.564845 seconds.
Elapsed time is 53.971580 seconds.
Elapsed time is 54.739709 seconds.
Elapsed time is 54.587036 seconds.
Elapsed time is 54.974358 seconds.
Elapsed time is 55.589597 seconds.
Elapsed time is 55.955401 seconds.
Elapsed time is 55.739906 seconds.
Elapsed time is 54.736210 seconds.
Elapsed time is 54.702427 seconds.
Elapsed time is 54.074665 seconds.
Elapsed time is 54.680159 seconds.
Elapsed time is 54.318324 seconds.
Elapsed time is 54.343579 seconds.
Elapsed time is 55.011670 seconds.
Elapsed time is 55.729851 seconds.
Elapsed time is 55.246432 seconds.
Elapsed time is 56.058401 seconds.
Elapsed time is 54.399861 seconds.
Elapsed time is 54.095891 seconds.
Elapsed time is 54.200144 seconds.
Elapsed time is 55.736287 seconds.
Elapsed time is 55.257893 seconds.
Elapsed time is 55.256870 seconds.
Elapsed time is 56.284036 seconds.
Elapsed time is 56.275321 seconds.
Elapsed time is 55.513268 seconds.
Elapsed time is 54.944280 seconds.
Elapsed time is 54.090750 seconds.
Elapsed time is 53.366157 seconds.
Elapsed time is 53.489873 seconds.
Elapsed time is 54.389889 seconds.
Elapsed time is 54.481875 seconds.
Elapsed time is 55.427462 seconds.
Elapsed time is 55.892869 seconds.
Elapsed time is 55.169962 seconds.
Elapsed time is 55.304808 seconds.
Elapsed time is 54.254138 seconds.
Elapsed time is 56.221786 seconds.
Elapsed time is 55.878825 seconds.
Elapsed time is 55.392826 seconds.
    15        2009         1246.06        2.68e+05        1e-06      0.0090942
Elapsed time is 55.752757 seconds.
Elapsed time is 55.533899 seconds.
Elapsed time is 55.599056 seconds.
Elapsed time is 55.515545 seconds.
Elapsed time is 54.840287 seconds.
Elapsed time is 54.197018 seconds.
Elapsed time is 53.846440 seconds.
Elapsed time is 53.790977 seconds.
Elapsed time is 53.684424 seconds.
Elapsed time is 54.681673 seconds.
Elapsed time is 55.024581 seconds.
Elapsed time is 55.282430 seconds.
Elapsed time is 55.879431 seconds.
Elapsed time is 55.898607 seconds.
Elapsed time is 55.255428 seconds.
Elapsed time is 56.592006 seconds.
Elapsed time is 56.540026 seconds.
Elapsed time is 55.520354 seconds.
Elapsed time is 55.507399 seconds.
Elapsed time is 54.767248 seconds.
Elapsed time is 55.261718 seconds.
Elapsed time is 55.328085 seconds.
Elapsed time is 55.447076 seconds.
Elapsed time is 55.541915 seconds.
Elapsed time is 54.868165 seconds.
Elapsed time is 55.324051 seconds.
Elapsed time is 55.519963 seconds.
Elapsed time is 54.961880 seconds.
Elapsed time is 54.816130 seconds.
Elapsed time is 54.590038 seconds.
Elapsed time is 54.453893 seconds.
Elapsed time is 54.054719 seconds.
Elapsed time is 55.117066 seconds.
Elapsed time is 55.153752 seconds.
Elapsed time is 56.369944 seconds.
Elapsed time is 55.497973 seconds.
Elapsed time is 55.673583 seconds.
Elapsed time is 55.271775 seconds.
Elapsed time is 54.354381 seconds.
Elapsed time is 54.098118 seconds.
Elapsed time is 53.256111 seconds.
Elapsed time is 54.129813 seconds.
Elapsed time is 54.421169 seconds.
Elapsed time is 56.161471 seconds.
Elapsed time is 56.088530 seconds.
Elapsed time is 57.792389 seconds.
Elapsed time is 59.848933 seconds.
Elapsed time is 59.653853 seconds.
Elapsed time is 57.301612 seconds.
Elapsed time is 56.915322 seconds.
Elapsed time is 56.324306 seconds.
Elapsed time is 54.765185 seconds.
Elapsed time is 55.307841 seconds.
Elapsed time is 55.504490 seconds.
Elapsed time is 54.194587 seconds.
Elapsed time is 53.988537 seconds.
Elapsed time is 53.469372 seconds.
Elapsed time is 53.335872 seconds.
Elapsed time is 53.935253 seconds.
Elapsed time is 54.201937 seconds.
Elapsed time is 53.942171 seconds.
Elapsed time is 54.698211 seconds.
Elapsed time is 55.462078 seconds.
Elapsed time is 55.542301 seconds.
Elapsed time is 55.851684 seconds.
Elapsed time is 55.157252 seconds.
Elapsed time is 54.219530 seconds.
Elapsed time is 54.434727 seconds.
Elapsed time is 53.412725 seconds.
Elapsed time is 53.972806 seconds.
Elapsed time is 54.613194 seconds.
Elapsed time is 54.975405 seconds.
Elapsed time is 54.880387 seconds.
Elapsed time is 55.199838 seconds.
Elapsed time is 55.418151 seconds.
Elapsed time is 55.774743 seconds.
Elapsed time is 55.199376 seconds.
Elapsed time is 54.177176 seconds.
Elapsed time is 54.371132 seconds.
Elapsed time is 54.446774 seconds.
Elapsed time is 56.131301 seconds.
Elapsed time is 54.514794 seconds.
Elapsed time is 54.231390 seconds.
Elapsed time is 54.037076 seconds.
Elapsed time is 53.331957 seconds.
Elapsed time is 54.233580 seconds.
Elapsed time is 54.151652 seconds.
Elapsed time is 54.826665 seconds.
Elapsed time is 55.938071 seconds.
Elapsed time is 56.159343 seconds.
Elapsed time is 57.329928 seconds.
Elapsed time is 57.582204 seconds.
Elapsed time is 56.281208 seconds.
Elapsed time is 56.279948 seconds.
Elapsed time is 54.739398 seconds.
Elapsed time is 54.106249 seconds.
Elapsed time is 54.612414 seconds.
Elapsed time is 53.967294 seconds.
Elapsed time is 54.360252 seconds.
Elapsed time is 54.519426 seconds.
Elapsed time is 54.643988 seconds.
Elapsed time is 54.019315 seconds.
Elapsed time is 54.283744 seconds.
Elapsed time is 54.059221 seconds.
Elapsed time is 54.184645 seconds.
Elapsed time is 54.539520 seconds.
Elapsed time is 55.379651 seconds.
Elapsed time is 55.810576 seconds.
Elapsed time is 56.737786 seconds.
Elapsed time is 56.067540 seconds.
Elapsed time is 56.121146 seconds.
Elapsed time is 56.259741 seconds.
Elapsed time is 55.543451 seconds.
Elapsed time is 54.101493 seconds.
Elapsed time is 53.336516 seconds.
Elapsed time is 53.542365 seconds.
Elapsed time is 54.075503 seconds.
Elapsed time is 54.324873 seconds.
Elapsed time is 54.493131 seconds.
Elapsed time is 55.209496 seconds.
Elapsed time is 55.335268 seconds.
Elapsed time is 54.850807 seconds.
Elapsed time is 54.306103 seconds.
Elapsed time is 54.627474 seconds.
Elapsed time is 55.480522 seconds.
    16        2134         1236.41        8.32e+04        1e-07      0.0181978
Elapsed time is 55.683858 seconds.
Elapsed time is 55.270586 seconds.
Elapsed time is 55.750715 seconds.
Elapsed time is 54.707355 seconds.
Elapsed time is 54.959751 seconds.
Elapsed time is 54.598859 seconds.
Elapsed time is 53.641729 seconds.
Elapsed time is 53.334007 seconds.
Elapsed time is 54.239181 seconds.
Elapsed time is 53.861061 seconds.
Elapsed time is 54.847777 seconds.
Elapsed time is 55.264479 seconds.
Elapsed time is 55.946053 seconds.
Elapsed time is 56.571163 seconds.
Elapsed time is 57.041616 seconds.
Elapsed time is 55.829492 seconds.
Elapsed time is 55.666322 seconds.
Elapsed time is 56.103415 seconds.
Elapsed time is 55.372901 seconds.
Elapsed time is 54.156374 seconds.
Elapsed time is 53.889077 seconds.
Elapsed time is 53.219427 seconds.
Elapsed time is 52.957402 seconds.
Elapsed time is 52.697708 seconds.
Elapsed time is 52.786028 seconds.
Elapsed time is 52.499305 seconds.
Elapsed time is 53.210510 seconds.
Elapsed time is 52.986181 seconds.
Elapsed time is 53.966601 seconds.
Elapsed time is 55.213287 seconds.
Elapsed time is 54.833981 seconds.
Elapsed time is 55.785976 seconds.
Elapsed time is 57.417020 seconds.
Elapsed time is 57.050871 seconds.
Elapsed time is 58.382510 seconds.
Elapsed time is 57.014903 seconds.
Elapsed time is 54.953599 seconds.
Elapsed time is 54.140620 seconds.
Elapsed time is 53.080602 seconds.
Elapsed time is 52.983680 seconds.
Elapsed time is 52.560446 seconds.
Elapsed time is 53.280909 seconds.
Elapsed time is 54.105535 seconds.
Elapsed time is 53.850482 seconds.
Elapsed time is 53.446415 seconds.
Elapsed time is 54.430823 seconds.
Elapsed time is 53.976761 seconds.
Elapsed time is 53.367098 seconds.
Elapsed time is 54.014628 seconds.
Elapsed time is 53.499252 seconds.
Elapsed time is 54.752748 seconds.
Elapsed time is 54.628778 seconds.
Elapsed time is 54.417074 seconds.
Elapsed time is 54.457520 seconds.
Elapsed time is 54.668677 seconds.
Elapsed time is 55.008597 seconds.
Elapsed time is 54.380070 seconds.
Elapsed time is 54.469109 seconds.
Elapsed time is 54.399735 seconds.
Elapsed time is 54.435340 seconds.
Elapsed time is 53.402068 seconds.
Elapsed time is 53.484566 seconds.
Elapsed time is 52.797615 seconds.
Elapsed time is 52.552391 seconds.
Elapsed time is 53.094205 seconds.
Elapsed time is 53.510320 seconds.
Elapsed time is 53.787477 seconds.
Elapsed time is 54.005165 seconds.
Elapsed time is 54.656837 seconds.
Elapsed time is 54.573153 seconds.
Elapsed time is 53.960562 seconds.
Elapsed time is 54.198071 seconds.
Elapsed time is 53.601283 seconds.
Elapsed time is 53.597122 seconds.
Elapsed time is 53.615342 seconds.
Elapsed time is 53.723778 seconds.
Elapsed time is 53.986627 seconds.
Elapsed time is 53.955753 seconds.
Elapsed time is 53.292212 seconds.
Elapsed time is 53.067027 seconds.
Elapsed time is 52.825339 seconds.
Elapsed time is 53.354912 seconds.
Elapsed time is 53.358811 seconds.
Elapsed time is 53.703727 seconds.
Elapsed time is 54.158928 seconds.
Elapsed time is 53.914387 seconds.
Elapsed time is 53.397950 seconds.
Elapsed time is 52.709522 seconds.
Elapsed time is 52.764198 seconds.
Elapsed time is 53.057796 seconds.
Elapsed time is 53.590463 seconds.
Elapsed time is 54.127677 seconds.
Elapsed time is 54.197425 seconds.
Elapsed time is 54.120227 seconds.
Elapsed time is 54.320792 seconds.
Elapsed time is 53.425432 seconds.
Elapsed time is 53.207288 seconds.
Elapsed time is 53.182236 seconds.
Elapsed time is 53.686739 seconds.
Elapsed time is 53.987036 seconds.
Elapsed time is 53.458982 seconds.
Elapsed time is 53.357585 seconds.
Elapsed time is 52.557991 seconds.
Elapsed time is 53.065194 seconds.
Elapsed time is 53.138256 seconds.
Elapsed time is 53.577436 seconds.
Elapsed time is 54.097491 seconds.
Elapsed time is 54.391522 seconds.
Elapsed time is 56.687438 seconds.
Elapsed time is 55.950304 seconds.
Elapsed time is 55.182865 seconds.
Elapsed time is 54.540022 seconds.
Elapsed time is 54.170091 seconds.
Elapsed time is 53.662669 seconds.
Elapsed time is 52.971729 seconds.
Elapsed time is 53.176518 seconds.
Elapsed time is 52.833605 seconds.
Elapsed time is 52.763301 seconds.
Elapsed time is 52.643695 seconds.
Elapsed time is 52.536381 seconds.
Elapsed time is 53.419830 seconds.
Elapsed time is 53.518693 seconds.
Elapsed time is 53.999539 seconds.
Elapsed time is 56.049288 seconds.
Elapsed time is 55.431124 seconds.
    17        2259         1220.81        7.84e+06        1e-08     0.00969535
Elapsed time is 55.098258 seconds.
Elapsed time is 54.899880 seconds.
Elapsed time is 53.991004 seconds.
Elapsed time is 53.301668 seconds.
Elapsed time is 53.493920 seconds.
Elapsed time is 54.382859 seconds.
Elapsed time is 53.631965 seconds.
Elapsed time is 53.679068 seconds.
Elapsed time is 53.960079 seconds.
Elapsed time is 53.019205 seconds.
Elapsed time is 53.054460 seconds.
Elapsed time is 52.612654 seconds.
Elapsed time is 52.503983 seconds.
Elapsed time is 52.850492 seconds.
Elapsed time is 53.106156 seconds.
Elapsed time is 53.838060 seconds.
Elapsed time is 54.399159 seconds.
Elapsed time is 54.942414 seconds.
Elapsed time is 54.427086 seconds.
Elapsed time is 53.920747 seconds.
Elapsed time is 53.712024 seconds.
Elapsed time is 52.707774 seconds.
Elapsed time is 52.505095 seconds.
Elapsed time is 52.705028 seconds.
Elapsed time is 53.445192 seconds.
Elapsed time is 53.846113 seconds.
Elapsed time is 53.184732 seconds.
Elapsed time is 52.895600 seconds.
Elapsed time is 52.672558 seconds.
Elapsed time is 52.763756 seconds.
Elapsed time is 53.056771 seconds.
Elapsed time is 54.165302 seconds.
Elapsed time is 54.255252 seconds.
Elapsed time is 54.896601 seconds.
Elapsed time is 54.598522 seconds.
Elapsed time is 54.999599 seconds.
Elapsed time is 53.311454 seconds.
Elapsed time is 52.910225 seconds.
Elapsed time is 52.604730 seconds.
Elapsed time is 53.035119 seconds.
Elapsed time is 53.652059 seconds.
Elapsed time is 53.621674 seconds.
Elapsed time is 53.829680 seconds.
Elapsed time is 54.166830 seconds.
Elapsed time is 53.610467 seconds.
Elapsed time is 52.972158 seconds.
Elapsed time is 53.321432 seconds.
Elapsed time is 53.650944 seconds.
Elapsed time is 53.898955 seconds.
Elapsed time is 53.748895 seconds.
Elapsed time is 54.274625 seconds.
Elapsed time is 53.012388 seconds.
Elapsed time is 52.912758 seconds.
Elapsed time is 52.603993 seconds.
Elapsed time is 52.875995 seconds.
Elapsed time is 53.605226 seconds.
Elapsed time is 53.755816 seconds.
Elapsed time is 54.341134 seconds.
Elapsed time is 53.865706 seconds.
Elapsed time is 53.787011 seconds.
Elapsed time is 53.344154 seconds.
Elapsed time is 53.183000 seconds.
Elapsed time is 53.056462 seconds.
Elapsed time is 52.954581 seconds.
Elapsed time is 52.724756 seconds.
Elapsed time is 53.058780 seconds.
Elapsed time is 53.022742 seconds.
Elapsed time is 53.021005 seconds.
Elapsed time is 53.424869 seconds.
Elapsed time is 53.301148 seconds.
Elapsed time is 53.646735 seconds.
Elapsed time is 53.836844 seconds.
Elapsed time is 54.202298 seconds.
Elapsed time is 55.537437 seconds.
Elapsed time is 54.339173 seconds.
Elapsed time is 54.549037 seconds.
Elapsed time is 52.665262 seconds.
Elapsed time is 52.989456 seconds.
Elapsed time is 52.704732 seconds.
Elapsed time is 53.211625 seconds.
Elapsed time is 53.684354 seconds.
Elapsed time is 53.948562 seconds.
Elapsed time is 54.258993 seconds.
Elapsed time is 54.279537 seconds.
Elapsed time is 53.502644 seconds.
Elapsed time is 53.568060 seconds.
Elapsed time is 53.220396 seconds.
Elapsed time is 53.660573 seconds.
Elapsed time is 53.758924 seconds.
Elapsed time is 53.340492 seconds.
Elapsed time is 53.302917 seconds.
Elapsed time is 52.657342 seconds.
Elapsed time is 52.365749 seconds.
Elapsed time is 52.449834 seconds.
Elapsed time is 52.793022 seconds.
Elapsed time is 53.947378 seconds.
Elapsed time is 54.005562 seconds.
Elapsed time is 54.939555 seconds.
Elapsed time is 56.439613 seconds.
Elapsed time is 55.646864 seconds.
Elapsed time is 54.722595 seconds.
Elapsed time is 53.989498 seconds.
Elapsed time is 53.746004 seconds.
Elapsed time is 53.394803 seconds.
Elapsed time is 53.000943 seconds.
Elapsed time is 53.385409 seconds.
Elapsed time is 53.025004 seconds.
Elapsed time is 53.062446 seconds.
Elapsed time is 52.604259 seconds.
Elapsed time is 52.575640 seconds.
Elapsed time is 53.439574 seconds.
Elapsed time is 53.182875 seconds.
Elapsed time is 53.978537 seconds.
Elapsed time is 54.469371 seconds.
Elapsed time is 56.143422 seconds.
Elapsed time is 54.885880 seconds.
Elapsed time is 55.918372 seconds.
Elapsed time is 54.316114 seconds.
Elapsed time is 53.900630 seconds.
Elapsed time is 54.502786 seconds.
Elapsed time is 53.833546 seconds.
Elapsed time is 53.908501 seconds.
Elapsed time is 53.646736 seconds.
Elapsed time is 53.185201 seconds.
Elapsed time is 52.582015 seconds.
    18        2384         1200.19        6.84e+04        1e-09     0.00844401
Elapsed time is 53.890970 seconds.
Elapsed time is 52.563874 seconds.
Elapsed time is 52.518216 seconds.
Elapsed time is 53.051165 seconds.
Elapsed time is 53.965317 seconds.
Elapsed time is 54.401054 seconds.
Elapsed time is 54.562987 seconds.
Elapsed time is 55.030396 seconds.
Elapsed time is 53.925637 seconds.
Elapsed time is 53.336741 seconds.
Elapsed time is 53.748432 seconds.
Elapsed time is 53.994033 seconds.
Elapsed time is 53.808146 seconds.
Elapsed time is 52.855871 seconds.
Elapsed time is 52.839555 seconds.
Elapsed time is 53.384459 seconds.
Elapsed time is 52.814989 seconds.
Elapsed time is 52.684056 seconds.
Elapsed time is 52.916435 seconds.
Elapsed time is 53.610934 seconds.
Elapsed time is 53.826895 seconds.
Elapsed time is 53.972789 seconds.
Elapsed time is 54.943401 seconds.
Elapsed time is 54.623029 seconds.
Elapsed time is 53.849089 seconds.
Elapsed time is 53.155477 seconds.
Elapsed time is 53.068426 seconds.
Elapsed time is 53.730019 seconds.
Elapsed time is 53.801706 seconds.
Elapsed time is 52.718716 seconds.
Elapsed time is 52.546597 seconds.
Elapsed time is 53.071263 seconds.
Elapsed time is 52.744333 seconds.
Elapsed time is 53.675407 seconds.
Elapsed time is 53.647014 seconds.
Elapsed time is 53.566396 seconds.
Elapsed time is 54.825282 seconds.
Elapsed time is 53.816376 seconds.
Elapsed time is 53.108179 seconds.
Elapsed time is 52.530636 seconds.
Elapsed time is 53.881477 seconds.
Elapsed time is 53.823782 seconds.
Elapsed time is 53.928834 seconds.
Elapsed time is 53.324417 seconds.
Elapsed time is 53.590394 seconds.
Elapsed time is 53.353231 seconds.
Elapsed time is 52.637578 seconds.
Elapsed time is 52.733258 seconds.
Elapsed time is 52.947672 seconds.
Elapsed time is 53.301568 seconds.
Elapsed time is 53.718020 seconds.
Elapsed time is 54.379074 seconds.
Elapsed time is 53.848256 seconds.
Elapsed time is 53.707295 seconds.
Elapsed time is 53.938783 seconds.
Elapsed time is 53.722339 seconds.
Elapsed time is 53.504569 seconds.
Elapsed time is 53.294919 seconds.
Elapsed time is 53.828284 seconds.
Elapsed time is 54.003292 seconds.
Elapsed time is 53.885017 seconds.
Elapsed time is 53.265625 seconds.
Elapsed time is 53.398697 seconds.
Elapsed time is 53.416796 seconds.
Elapsed time is 53.616703 seconds.
Elapsed time is 52.788124 seconds.
Elapsed time is 53.059762 seconds.
Elapsed time is 55.262863 seconds.
Elapsed time is 54.381591 seconds.
Elapsed time is 54.165022 seconds.
Elapsed time is 52.731767 seconds.
Elapsed time is 52.606354 seconds.
Elapsed time is 52.375989 seconds.
Elapsed time is 52.836024 seconds.
Elapsed time is 53.888230 seconds.
Elapsed time is 53.459009 seconds.
Elapsed time is 53.943130 seconds.
Elapsed time is 54.251792 seconds.
Elapsed time is 53.409268 seconds.
Elapsed time is 53.620373 seconds.
Elapsed time is 52.530131 seconds.
Elapsed time is 54.029982 seconds.
Elapsed time is 53.536495 seconds.
Elapsed time is 53.416731 seconds.
Elapsed time is 53.050636 seconds.
Elapsed time is 52.338018 seconds.
Elapsed time is 52.113415 seconds.
Elapsed time is 52.886585 seconds.
Elapsed time is 53.646736 seconds.
Elapsed time is 53.851089 seconds.
Elapsed time is 53.925761 seconds.
Elapsed time is 54.697230 seconds.
Elapsed time is 53.830890 seconds.
Elapsed time is 54.210167 seconds.
Elapsed time is 53.121595 seconds.
Elapsed time is 52.924919 seconds.
Elapsed time is 52.941880 seconds.
Elapsed time is 53.132349 seconds.
Elapsed time is 52.695100 seconds.
Elapsed time is 53.129969 seconds.
Elapsed time is 52.756587 seconds.
Elapsed time is 52.495961 seconds.
Elapsed time is 52.663638 seconds.
Elapsed time is 53.252647 seconds.
Elapsed time is 53.448373 seconds.
Elapsed time is 53.617632 seconds.
Elapsed time is 54.232870 seconds.
Elapsed time is 53.598036 seconds.
Elapsed time is 53.093600 seconds.
Elapsed time is 53.061461 seconds.
Elapsed time is 53.171752 seconds.
Elapsed time is 52.810573 seconds.
Elapsed time is 53.019401 seconds.
Elapsed time is 53.306555 seconds.
Elapsed time is 53.834383 seconds.
Elapsed time is 52.756595 seconds.
Elapsed time is 52.875055 seconds.
Elapsed time is 53.194241 seconds.
Elapsed time is 53.647108 seconds.
Elapsed time is 54.710739 seconds.
Elapsed time is 54.321228 seconds.
Elapsed time is 54.274003 seconds.
Elapsed time is 54.065357 seconds.
Elapsed time is 53.899400 seconds.
Elapsed time is 53.147098 seconds.
    19        2509         1191.47        1.22e+05        1e-10      0.0137286
Elapsed time is 53.003946 seconds.
Elapsed time is 52.622260 seconds.
Elapsed time is 52.600095 seconds.
Elapsed time is 52.515423 seconds.
Elapsed time is 52.932685 seconds.
Elapsed time is 52.420631 seconds.
Elapsed time is 52.966950 seconds.
Elapsed time is 53.446267 seconds.
Elapsed time is 53.515687 seconds.
Elapsed time is 53.259683 seconds.
Elapsed time is 52.971549 seconds.
Elapsed time is 52.915081 seconds.
Elapsed time is 52.862022 seconds.
Elapsed time is 52.873158 seconds.
Elapsed time is 52.760090 seconds.
Elapsed time is 52.522848 seconds.
Elapsed time is 52.728478 seconds.

Local minimum possible.

lsqnonlin stopped because the relative size of the current step is less than
the default value of the step size tolerance.



map
   1.0e+03 *

    1.3784         0    0.9499
         0    1.3628    0.5384
         0         0    0.0010

Parallel pool using the 'local' profile is shutting down.
>>   message with properties:

    Identifier: 'MATLAB:connector:connector:ConnectorNotRunning'
     Arguments: {}

