MATLAB is selecting SOFTWARE OPENGL rendering.

                            < M A T L A B (R) >
                  Copyright 1984-2017 The MathWorks, Inc.
                   R2017b (9.3.0.713579) 64-bit (glnxa64)
                             September 14, 2017

 
To get started, type one of these: helpwin, helpdesk, or demo.
For product information, visit www.mathworks.com.
 
Starting parallel pool (parpool) using the 'local' profile ...
connected to 20 workers.
Parallel pool using the 'local' profile is shutting down.
Elapsed time is 3618.367951 seconds.
>>   message with properties:

    Identifier: 'MATLAB:connector:connector:ConnectorNotRunning'
     Arguments: {}

MATLAB is selecting SOFTWARE OPENGL rendering.

                            < M A T L A B (R) >
                  Copyright 1984-2017 The MathWorks, Inc.
                   R2017b (9.3.0.713579) 64-bit (glnxa64)
                             September 14, 2017

 
To get started, type one of these: helpwin, helpdesk, or demo.
For product information, visit www.mathworks.com.
 
Starting parallel pool (parpool) using the 'local' profile ...
connected to 20 workers.
Parallel pool using the 'local' profile is shutting down.
Elapsed time is 3027.519578 seconds.
>>   message with properties:

    Identifier: 'MATLAB:connector:connector:ConnectorNotRunning'
     Arguments: {}

MATLAB is selecting SOFTWARE OPENGL rendering.

                            < M A T L A B (R) >
                  Copyright 1984-2017 The MathWorks, Inc.
                   R2017b (9.3.0.713579) 64-bit (glnxa64)
                             September 14, 2017

 
To get started, type one of these: helpwin, helpdesk, or demo.
For product information, visit www.mathworks.com.
 
Starting parallel pool (parpool) using the 'local' profile ...
connected to 20 workers.
Parallel pool using the 'local' profile is shutting down.
Elapsed time is 3370.548019 seconds.
>>   message with properties:

    Identifier: 'MATLAB:connector:connector:ConnectorNotRunning'
     Arguments: {}

MATLAB is selecting SOFTWARE OPENGL rendering.

                            < M A T L A B (R) >
                  Copyright 1984-2017 The MathWorks, Inc.
                   R2017b (9.3.0.713579) 64-bit (glnxa64)
                             September 14, 2017

 
To get started, type one of these: helpwin, helpdesk, or demo.
For product information, visit www.mathworks.com.
 
Starting parallel pool (parpool) using the 'local' profile ...
connected to 20 workers.
Parallel pool using the 'local' profile is shutting down.
Elapsed time is 3090.916484 seconds.
>>   message with properties:

    Identifier: 'MATLAB:connector:connector:ConnectorNotRunning'
     Arguments: {}

MATLAB is selecting SOFTWARE OPENGL rendering.

                            < M A T L A B (R) >
                  Copyright 1984-2017 The MathWorks, Inc.
                   R2017b (9.3.0.713579) 64-bit (glnxa64)
                             September 14, 2017

 
To get started, type one of these: helpwin, helpdesk, or demo.
For product information, visit www.mathworks.com.
 

initres =

   8.205185413112872

Starting parallel pool (parpool) using the 'local' profile ...
connected to 20 workers.
Elapsed time is 40.794729 seconds.
Elapsed time is 36.537371 seconds.
Elapsed time is 38.693549 seconds.
Elapsed time is 39.965629 seconds.
Elapsed time is 38.452966 seconds.
Elapsed time is 39.092400 seconds.
Elapsed time is 37.074881 seconds.
Elapsed time is 37.862718 seconds.
Elapsed time is 37.015898 seconds.
Elapsed time is 37.566347 seconds.
Elapsed time is 38.502004 seconds.
Elapsed time is 39.783810 seconds.
Elapsed time is 38.180328 seconds.
Elapsed time is 37.435429 seconds.
Elapsed time is 36.798653 seconds.
Elapsed time is 38.926435 seconds.
Elapsed time is 36.623033 seconds.
Elapsed time is 39.299604 seconds.
Elapsed time is 37.745731 seconds.
Elapsed time is 37.713984 seconds.
Elapsed time is 37.775652 seconds.
Elapsed time is 37.777031 seconds.
Elapsed time is 38.870045 seconds.
Elapsed time is 35.396024 seconds.
Elapsed time is 37.910112 seconds.
Elapsed time is 39.032523 seconds.
Elapsed time is 38.678338 seconds.
Elapsed time is 38.128461 seconds.
Elapsed time is 40.972568 seconds.
Elapsed time is 39.131993 seconds.
Elapsed time is 37.707134 seconds.
Elapsed time is 38.740323 seconds.
Elapsed time is 36.415372 seconds.
Elapsed time is 37.119213 seconds.
Elapsed time is 37.676905 seconds.
Elapsed time is 38.672612 seconds.
Elapsed time is 35.576539 seconds.
Elapsed time is 37.151896 seconds.
Elapsed time is 35.039733 seconds.
Elapsed time is 43.692799 seconds.
Elapsed time is 55.126620 seconds.
Elapsed time is 58.681914 seconds.
Elapsed time is 58.363907 seconds.
Elapsed time is 57.763209 seconds.
Elapsed time is 56.719365 seconds.
Elapsed time is 52.566411 seconds.
Elapsed time is 46.591488 seconds.
Elapsed time is 43.468738 seconds.
Elapsed time is 42.747793 seconds.
Elapsed time is 42.465988 seconds.
Elapsed time is 40.484121 seconds.
Elapsed time is 38.184820 seconds.
Elapsed time is 55.712667 seconds.
Elapsed time is 54.094554 seconds.
Elapsed time is 56.607864 seconds.
Elapsed time is 55.176630 seconds.
Elapsed time is 61.614204 seconds.
Elapsed time is 53.640365 seconds.
Elapsed time is 48.713708 seconds.
Elapsed time is 41.488691 seconds.
Elapsed time is 43.578758 seconds.
Elapsed time is 36.903766 seconds.
Elapsed time is 37.665248 seconds.
Elapsed time is 45.356204 seconds.
Elapsed time is 54.131094 seconds.
Elapsed time is 56.035155 seconds.
Elapsed time is 54.813030 seconds.
Elapsed time is 59.741293 seconds.
Elapsed time is 62.260067 seconds.
Elapsed time is 50.945956 seconds.
Elapsed time is 44.776380 seconds.
Elapsed time is 43.308823 seconds.
Elapsed time is 43.335338 seconds.
Elapsed time is 35.506438 seconds.
Elapsed time is 35.371603 seconds.
Elapsed time is 40.623743 seconds.
Elapsed time is 49.147437 seconds.
Elapsed time is 55.315453 seconds.
Elapsed time is 55.583693 seconds.
Elapsed time is 54.023078 seconds.
Elapsed time is 57.058911 seconds.
Elapsed time is 60.377148 seconds.
Elapsed time is 52.699105 seconds.
Elapsed time is 41.737001 seconds.
Elapsed time is 39.893073 seconds.
Elapsed time is 41.903759 seconds.
Elapsed time is 35.860186 seconds.
Elapsed time is 42.772857 seconds.
Elapsed time is 52.373843 seconds.
Elapsed time is 56.709947 seconds.
Elapsed time is 58.914003 seconds.
Elapsed time is 55.002032 seconds.
Elapsed time is 53.446201 seconds.
Elapsed time is 56.956629 seconds.
Elapsed time is 48.842489 seconds.
Elapsed time is 45.257038 seconds.
Elapsed time is 44.765916 seconds.
Elapsed time is 38.647576 seconds.
Elapsed time is 37.360281 seconds.
Elapsed time is 36.457981 seconds.
Elapsed time is 36.570685 seconds.
Elapsed time is 45.827511 seconds.
Elapsed time is 53.896998 seconds.
Elapsed time is 54.721046 seconds.
Elapsed time is 52.276999 seconds.
Elapsed time is 52.689530 seconds.
Elapsed time is 53.635649 seconds.
Elapsed time is 56.475789 seconds.
Elapsed time is 48.740543 seconds.
Elapsed time is 42.431785 seconds.
Elapsed time is 40.213525 seconds.
Elapsed time is 41.371488 seconds.
Elapsed time is 39.326282 seconds.
Elapsed time is 44.702496 seconds.
Elapsed time is 53.811569 seconds.
Elapsed time is 54.163650 seconds.
Elapsed time is 54.831318 seconds.
Elapsed time is 56.227566 seconds.
Elapsed time is 55.077132 seconds.
Elapsed time is 51.036788 seconds.
Elapsed time is 48.158123 seconds.
Elapsed time is 45.832725 seconds.
Elapsed time is 42.239861 seconds.
Elapsed time is 36.584574 seconds.
Elapsed time is 35.661038 seconds.

                                        First-Order                    Norm of 
 Iteration  Func-count    Residual       optimality      Lambda           step
     0         125         568.982        3.92e+06         0.01
Elapsed time is 41.058337 seconds.
Elapsed time is 42.596085 seconds.
Elapsed time is 54.905949 seconds.
Elapsed time is 52.828499 seconds.
Elapsed time is 54.450674 seconds.
Elapsed time is 54.722838 seconds.
Elapsed time is 56.221267 seconds.
Elapsed time is 52.596328 seconds.
Elapsed time is 47.481252 seconds.
Elapsed time is 44.056526 seconds.
Elapsed time is 39.304525 seconds.
Elapsed time is 40.900330 seconds.
Elapsed time is 40.556275 seconds.
Elapsed time is 52.153494 seconds.
Elapsed time is 58.453255 seconds.
Elapsed time is 58.492425 seconds.
Elapsed time is 54.094985 seconds.
Elapsed time is 55.207431 seconds.
Elapsed time is 55.405092 seconds.
Elapsed time is 50.922063 seconds.
Elapsed time is 48.485984 seconds.
Elapsed time is 45.097808 seconds.
Elapsed time is 42.718879 seconds.
Elapsed time is 41.996083 seconds.
Elapsed time is 39.023095 seconds.
Elapsed time is 41.656980 seconds.
Elapsed time is 46.519322 seconds.
Elapsed time is 54.710748 seconds.
Elapsed time is 55.631146 seconds.
Elapsed time is 54.808386 seconds.
Elapsed time is 55.914616 seconds.
Elapsed time is 55.500980 seconds.
Elapsed time is 55.322508 seconds.
Elapsed time is 49.860044 seconds.
Elapsed time is 42.313038 seconds.
Elapsed time is 45.141626 seconds.
Elapsed time is 38.021279 seconds.
Elapsed time is 40.046841 seconds.
Elapsed time is 48.256170 seconds.
Elapsed time is 56.577345 seconds.
Elapsed time is 54.872617 seconds.
Elapsed time is 55.826353 seconds.
Elapsed time is 55.302243 seconds.
Elapsed time is 56.066211 seconds.
Elapsed time is 51.087289 seconds.
Elapsed time is 46.483988 seconds.
Elapsed time is 43.357004 seconds.
Elapsed time is 43.930765 seconds.
Elapsed time is 42.086520 seconds.
Elapsed time is 41.875934 seconds.
Elapsed time is 40.426710 seconds.
Elapsed time is 45.705140 seconds.
Elapsed time is 52.504418 seconds.
Elapsed time is 54.033827 seconds.
Elapsed time is 55.963441 seconds.
Elapsed time is 56.967683 seconds.
Elapsed time is 54.202760 seconds.
Elapsed time is 52.448305 seconds.
Elapsed time is 49.221159 seconds.
Elapsed time is 43.472554 seconds.
Elapsed time is 40.454324 seconds.
Elapsed time is 39.792745 seconds.
Elapsed time is 38.069518 seconds.
Elapsed time is 41.521443 seconds.
Elapsed time is 55.433741 seconds.
Elapsed time is 57.751881 seconds.
Elapsed time is 55.055532 seconds.
Elapsed time is 57.791287 seconds.
Elapsed time is 56.877524 seconds.
Elapsed time is 51.438679 seconds.
Elapsed time is 48.295089 seconds.
Elapsed time is 42.894715 seconds.
Elapsed time is 44.262936 seconds.
Elapsed time is 38.831678 seconds.
Elapsed time is 36.585185 seconds.
Elapsed time is 41.391224 seconds.
Elapsed time is 35.538031 seconds.
Elapsed time is 53.711595 seconds.
Elapsed time is 53.464575 seconds.
Elapsed time is 55.568708 seconds.
Elapsed time is 53.113650 seconds.
Elapsed time is 57.145617 seconds.
Elapsed time is 33.995070 seconds.
Elapsed time is 36.556643 seconds.
Elapsed time is 38.346818 seconds.
Elapsed time is 37.924282 seconds.
Elapsed time is 37.120139 seconds.
Elapsed time is 38.265105 seconds.
Elapsed time is 36.335033 seconds.
Elapsed time is 37.672857 seconds.
Elapsed time is 34.645344 seconds.
Elapsed time is 37.607296 seconds.
Elapsed time is 43.239694 seconds.
Elapsed time is 37.932509 seconds.
Elapsed time is 35.882159 seconds.
Elapsed time is 38.042518 seconds.
Elapsed time is 37.197095 seconds.
Elapsed time is 41.036335 seconds.
Elapsed time is 42.311093 seconds.
Elapsed time is 44.976294 seconds.
Elapsed time is 45.460832 seconds.
Elapsed time is 45.825350 seconds.
Elapsed time is 48.859098 seconds.
Elapsed time is 46.781755 seconds.
Elapsed time is 46.359376 seconds.
Elapsed time is 45.253404 seconds.
Elapsed time is 44.553910 seconds.
Elapsed time is 47.291429 seconds.
Elapsed time is 46.233160 seconds.
Elapsed time is 43.513039 seconds.
Elapsed time is 44.922055 seconds.
Elapsed time is 46.668218 seconds.
Elapsed time is 46.433092 seconds.
Elapsed time is 45.276628 seconds.
Elapsed time is 45.183846 seconds.
Elapsed time is 44.827678 seconds.
Elapsed time is 42.782328 seconds.
Elapsed time is 43.173539 seconds.
Elapsed time is 42.347191 seconds.
Elapsed time is 41.240993 seconds.
Elapsed time is 41.925731 seconds.
Elapsed time is 45.092907 seconds.
Elapsed time is 41.598029 seconds.
Elapsed time is 45.507031 seconds.
Elapsed time is 41.868476 seconds.
     1         250         418.047        2.03e+05        0.001      0.0335484
Elapsed time is 46.793668 seconds.
Elapsed time is 46.802208 seconds.
Elapsed time is 47.768671 seconds.
Elapsed time is 45.003163 seconds.
Elapsed time is 48.557872 seconds.
Elapsed time is 47.048518 seconds.
Elapsed time is 49.549029 seconds.
Elapsed time is 50.315601 seconds.
Elapsed time is 46.341969 seconds.
Elapsed time is 45.110989 seconds.
Elapsed time is 43.039051 seconds.
Elapsed time is 44.161639 seconds.
Elapsed time is 43.939661 seconds.
Elapsed time is 46.051231 seconds.
Elapsed time is 42.553991 seconds.
Elapsed time is 44.648823 seconds.
Elapsed time is 42.326329 seconds.
Elapsed time is 42.584949 seconds.
Elapsed time is 43.392832 seconds.
Elapsed time is 44.736343 seconds.
Elapsed time is 44.983361 seconds.
Elapsed time is 44.739549 seconds.
Elapsed time is 43.102962 seconds.
Elapsed time is 41.506314 seconds.
Elapsed time is 44.419895 seconds.
Elapsed time is 42.267459 seconds.
Elapsed time is 44.704499 seconds.
Elapsed time is 42.044693 seconds.
Elapsed time is 41.324313 seconds.
Elapsed time is 44.897996 seconds.
Elapsed time is 40.910064 seconds.
Elapsed time is 42.474074 seconds.
Elapsed time is 43.747162 seconds.
Elapsed time is 42.170159 seconds.
Elapsed time is 45.259765 seconds.
Elapsed time is 43.750755 seconds.
Elapsed time is 42.758504 seconds.
Elapsed time is 42.034263 seconds.
Elapsed time is 43.681406 seconds.
Elapsed time is 45.700203 seconds.
Elapsed time is 45.609402 seconds.
Elapsed time is 43.514561 seconds.
Elapsed time is 44.394457 seconds.
Elapsed time is 43.509540 seconds.
Elapsed time is 43.744223 seconds.
Elapsed time is 42.765651 seconds.
Elapsed time is 42.546731 seconds.
Elapsed time is 42.219505 seconds.
Elapsed time is 41.172126 seconds.
Elapsed time is 41.361125 seconds.
Elapsed time is 41.986393 seconds.
Elapsed time is 41.425263 seconds.
Elapsed time is 41.550764 seconds.
Elapsed time is 43.875598 seconds.
Elapsed time is 45.598627 seconds.
Elapsed time is 47.051402 seconds.
Elapsed time is 43.634752 seconds.
Elapsed time is 43.409104 seconds.
Elapsed time is 43.433706 seconds.
Elapsed time is 44.266205 seconds.
Elapsed time is 43.828109 seconds.
Elapsed time is 42.282514 seconds.
Elapsed time is 42.941446 seconds.
Elapsed time is 45.648129 seconds.
Elapsed time is 45.457703 seconds.
Elapsed time is 42.626007 seconds.
Elapsed time is 42.643343 seconds.
Elapsed time is 43.585709 seconds.
Elapsed time is 44.711799 seconds.
Elapsed time is 43.907940 seconds.
Elapsed time is 42.587870 seconds.
Elapsed time is 40.875405 seconds.
Elapsed time is 40.689588 seconds.
Elapsed time is 42.990285 seconds.
Elapsed time is 44.332847 seconds.
Elapsed time is 46.028463 seconds.
Elapsed time is 48.571588 seconds.
Elapsed time is 48.933441 seconds.
Elapsed time is 47.305248 seconds.
Elapsed time is 44.720298 seconds.
Elapsed time is 41.804715 seconds.
Elapsed time is 45.074084 seconds.
Elapsed time is 43.100403 seconds.
Elapsed time is 41.157338 seconds.
Elapsed time is 42.031553 seconds.
Elapsed time is 42.295435 seconds.
Elapsed time is 44.768519 seconds.
Elapsed time is 45.526097 seconds.
Elapsed time is 48.096682 seconds.
Elapsed time is 45.711212 seconds.
Elapsed time is 45.714711 seconds.
Elapsed time is 41.895437 seconds.
Elapsed time is 39.330608 seconds.
Elapsed time is 40.992550 seconds.
Elapsed time is 40.167871 seconds.
Elapsed time is 40.809948 seconds.
Elapsed time is 42.510855 seconds.
Elapsed time is 44.769386 seconds.
Elapsed time is 43.402026 seconds.
Elapsed time is 46.578049 seconds.
Elapsed time is 46.610270 seconds.
Elapsed time is 46.643761 seconds.
Elapsed time is 43.354492 seconds.
Elapsed time is 45.324989 seconds.
Elapsed time is 44.845090 seconds.
Elapsed time is 40.501392 seconds.
Elapsed time is 42.076539 seconds.
Elapsed time is 43.638258 seconds.
Elapsed time is 43.038252 seconds.
Elapsed time is 45.993626 seconds.
Elapsed time is 45.702724 seconds.
Elapsed time is 47.566850 seconds.
Elapsed time is 48.072877 seconds.
Elapsed time is 48.163850 seconds.
Elapsed time is 44.889715 seconds.
Elapsed time is 46.934199 seconds.
Elapsed time is 48.420697 seconds.
Elapsed time is 47.271195 seconds.
Elapsed time is 44.726456 seconds.
Elapsed time is 42.506745 seconds.
Elapsed time is 41.422246 seconds.
Elapsed time is 43.634735 seconds.
Elapsed time is 46.876734 seconds.
Elapsed time is 46.081974 seconds.
Elapsed time is 46.602916 seconds.
     2         375         342.023        1.39e+06       0.0001      0.0226874
Elapsed time is 50.286626 seconds.
Elapsed time is 46.372798 seconds.
Elapsed time is 45.423737 seconds.
Elapsed time is 44.203448 seconds.
Elapsed time is 43.118735 seconds.
Elapsed time is 40.350872 seconds.
Elapsed time is 44.642865 seconds.
Elapsed time is 45.344691 seconds.
Elapsed time is 46.006494 seconds.
Elapsed time is 46.605322 seconds.
Elapsed time is 43.581079 seconds.
Elapsed time is 42.658547 seconds.
Elapsed time is 43.873877 seconds.
Elapsed time is 42.282735 seconds.
Elapsed time is 42.020352 seconds.
Elapsed time is 43.726077 seconds.
Elapsed time is 47.981826 seconds.
Elapsed time is 46.329331 seconds.
Elapsed time is 47.272610 seconds.
Elapsed time is 46.780850 seconds.
Elapsed time is 43.342553 seconds.
Elapsed time is 42.619750 seconds.
Elapsed time is 40.628479 seconds.
Elapsed time is 40.537678 seconds.
Elapsed time is 42.924377 seconds.
Elapsed time is 43.024037 seconds.
Elapsed time is 41.920207 seconds.
Elapsed time is 40.516156 seconds.
Elapsed time is 43.619241 seconds.
Elapsed time is 43.130625 seconds.
Elapsed time is 42.062055 seconds.
Elapsed time is 43.089154 seconds.
Elapsed time is 42.186895 seconds.
Elapsed time is 42.789716 seconds.
Elapsed time is 42.572049 seconds.
Elapsed time is 42.225269 seconds.
Elapsed time is 44.673818 seconds.
Elapsed time is 44.038328 seconds.
Elapsed time is 42.750762 seconds.
Elapsed time is 48.065696 seconds.
Elapsed time is 46.992639 seconds.
Elapsed time is 43.276692 seconds.
Elapsed time is 42.768449 seconds.
Elapsed time is 43.360206 seconds.
Elapsed time is 44.535153 seconds.
Elapsed time is 46.151745 seconds.
Elapsed time is 45.131041 seconds.
Elapsed time is 46.150494 seconds.
Elapsed time is 44.874904 seconds.
Elapsed time is 43.324660 seconds.
Elapsed time is 46.918389 seconds.
Elapsed time is 46.832617 seconds.
Elapsed time is 48.525656 seconds.
Elapsed time is 47.249465 seconds.
Elapsed time is 45.889268 seconds.
Elapsed time is 46.672495 seconds.
Elapsed time is 46.754591 seconds.
Elapsed time is 45.798060 seconds.
Elapsed time is 47.499452 seconds.
Elapsed time is 44.591466 seconds.
Elapsed time is 48.755257 seconds.
Elapsed time is 45.294841 seconds.
Elapsed time is 45.348977 seconds.
Elapsed time is 42.678972 seconds.
Elapsed time is 43.502096 seconds.
Elapsed time is 41.453526 seconds.
Elapsed time is 48.426980 seconds.
Elapsed time is 47.022822 seconds.
Elapsed time is 46.296854 seconds.
Elapsed time is 44.444878 seconds.
Elapsed time is 46.227649 seconds.
Elapsed time is 45.836537 seconds.
Elapsed time is 47.129000 seconds.
Elapsed time is 48.679170 seconds.
Elapsed time is 46.688375 seconds.
Elapsed time is 45.656869 seconds.
Elapsed time is 44.891351 seconds.
Elapsed time is 43.959104 seconds.
Elapsed time is 47.836319 seconds.
Elapsed time is 46.580878 seconds.
Elapsed time is 44.944021 seconds.
Elapsed time is 47.862976 seconds.
Elapsed time is 43.818903 seconds.
Elapsed time is 46.335355 seconds.
Elapsed time is 46.878202 seconds.
Elapsed time is 44.406608 seconds.
Elapsed time is 44.244950 seconds.
Elapsed time is 43.066903 seconds.
Elapsed time is 46.155421 seconds.
Elapsed time is 44.697399 seconds.
Elapsed time is 46.569899 seconds.
Elapsed time is 47.951517 seconds.
Elapsed time is 42.828215 seconds.
Elapsed time is 43.908021 seconds.
Elapsed time is 43.619446 seconds.
Elapsed time is 47.236410 seconds.
Elapsed time is 46.547169 seconds.
Elapsed time is 46.195850 seconds.
Elapsed time is 44.956765 seconds.
Elapsed time is 47.311649 seconds.
Elapsed time is 46.551051 seconds.
Elapsed time is 46.754778 seconds.
Elapsed time is 44.544029 seconds.
Elapsed time is 45.371611 seconds.
Elapsed time is 44.914024 seconds.
Elapsed time is 44.665859 seconds.
Elapsed time is 44.132839 seconds.
Elapsed time is 45.233688 seconds.
Elapsed time is 43.702450 seconds.
Elapsed time is 43.432797 seconds.
Elapsed time is 47.860119 seconds.
Elapsed time is 44.382480 seconds.
Elapsed time is 44.501995 seconds.
Elapsed time is 43.692179 seconds.
Elapsed time is 41.679924 seconds.
Elapsed time is 40.182784 seconds.
Elapsed time is 38.770044 seconds.
Elapsed time is 41.062117 seconds.
Elapsed time is 43.703681 seconds.
Elapsed time is 38.929059 seconds.
Elapsed time is 37.969160 seconds.
Elapsed time is 40.196818 seconds.
Elapsed time is 41.796144 seconds.
Elapsed time is 44.900462 seconds.
Elapsed time is 44.048195 seconds.
     3         500          276.69        1.38e+06        1e-05        0.01878
Elapsed time is 47.544164 seconds.
Elapsed time is 49.832219 seconds.
Elapsed time is 50.926320 seconds.
Elapsed time is 52.829665 seconds.
Elapsed time is 43.465112 seconds.
Elapsed time is 38.682033 seconds.
Elapsed time is 43.479345 seconds.
Elapsed time is 46.268642 seconds.
Elapsed time is 46.225678 seconds.
Elapsed time is 47.386001 seconds.
Elapsed time is 46.339637 seconds.
Elapsed time is 47.918986 seconds.
Elapsed time is 48.256456 seconds.
Elapsed time is 45.982719 seconds.
Elapsed time is 47.711126 seconds.
Elapsed time is 49.156720 seconds.
Elapsed time is 50.528263 seconds.
Elapsed time is 49.037809 seconds.
Elapsed time is 49.737194 seconds.
Elapsed time is 49.476618 seconds.
Elapsed time is 50.484027 seconds.
Elapsed time is 46.216384 seconds.
Elapsed time is 40.322716 seconds.
Elapsed time is 39.408789 seconds.
Elapsed time is 39.453477 seconds.
Elapsed time is 41.705046 seconds.
Elapsed time is 43.243079 seconds.
Elapsed time is 41.677735 seconds.
Elapsed time is 43.299660 seconds.
Elapsed time is 44.113221 seconds.
Elapsed time is 47.192715 seconds.
Elapsed time is 46.428977 seconds.
Elapsed time is 47.761457 seconds.
Elapsed time is 48.665912 seconds.
Elapsed time is 49.220011 seconds.
Elapsed time is 48.821787 seconds.
Elapsed time is 49.136508 seconds.
Elapsed time is 49.375117 seconds.
Elapsed time is 48.813951 seconds.
Elapsed time is 49.584840 seconds.
Elapsed time is 49.855315 seconds.
Elapsed time is 40.455937 seconds.
Elapsed time is 36.567313 seconds.
Elapsed time is 38.189867 seconds.
Elapsed time is 38.448797 seconds.
Elapsed time is 40.089286 seconds.
Elapsed time is 40.535163 seconds.
Elapsed time is 41.289545 seconds.
Elapsed time is 41.512438 seconds.
Elapsed time is 36.849847 seconds.
Elapsed time is 38.950802 seconds.
Elapsed time is 34.199879 seconds.
Elapsed time is 36.455765 seconds.
Elapsed time is 36.496018 seconds.
Elapsed time is 36.332839 seconds.
Elapsed time is 35.833142 seconds.
Elapsed time is 34.530019 seconds.
Elapsed time is 36.301692 seconds.
Elapsed time is 36.096186 seconds.
Elapsed time is 40.500859 seconds.
Elapsed time is 43.621794 seconds.
Elapsed time is 44.065966 seconds.
Elapsed time is 37.340970 seconds.
Elapsed time is 36.749958 seconds.
Elapsed time is 38.290409 seconds.
Elapsed time is 38.491266 seconds.
Elapsed time is 36.320486 seconds.
Elapsed time is 33.747648 seconds.
Elapsed time is 34.154082 seconds.
Elapsed time is 33.833517 seconds.
Elapsed time is 34.990597 seconds.
Elapsed time is 37.636884 seconds.
Elapsed time is 41.693220 seconds.
Elapsed time is 47.217381 seconds.
Elapsed time is 42.745039 seconds.
Elapsed time is 38.406675 seconds.
Elapsed time is 35.084777 seconds.
Elapsed time is 39.309953 seconds.
Elapsed time is 38.352569 seconds.
Elapsed time is 37.005240 seconds.
Elapsed time is 40.351629 seconds.
Elapsed time is 39.426566 seconds.
Elapsed time is 34.806535 seconds.
Elapsed time is 39.699881 seconds.
Elapsed time is 41.513923 seconds.
Elapsed time is 42.396023 seconds.
Elapsed time is 39.896548 seconds.
Elapsed time is 35.989499 seconds.
Elapsed time is 34.107629 seconds.
Elapsed time is 38.166479 seconds.
Elapsed time is 35.042819 seconds.
Elapsed time is 33.581747 seconds.
Elapsed time is 34.175276 seconds.
Elapsed time is 35.092165 seconds.
Elapsed time is 35.718399 seconds.
Elapsed time is 37.589788 seconds.
Elapsed time is 36.578647 seconds.
Elapsed time is 37.191809 seconds.
Elapsed time is 33.494818 seconds.
Elapsed time is 40.148046 seconds.
Elapsed time is 41.340157 seconds.
Elapsed time is 37.643529 seconds.
Elapsed time is 34.152450 seconds.
Elapsed time is 38.414656 seconds.
Elapsed time is 38.443702 seconds.
Elapsed time is 36.706364 seconds.
Elapsed time is 34.733830 seconds.
Elapsed time is 33.126311 seconds.
Elapsed time is 36.146708 seconds.
Elapsed time is 36.394646 seconds.
Elapsed time is 35.237243 seconds.
Elapsed time is 32.573439 seconds.
Elapsed time is 33.560943 seconds.
Elapsed time is 31.693361 seconds.
Elapsed time is 42.039634 seconds.
Elapsed time is 34.132976 seconds.
Elapsed time is 35.675551 seconds.
Elapsed time is 41.459715 seconds.
Elapsed time is 37.636417 seconds.
Elapsed time is 37.288965 seconds.
Elapsed time is 34.531560 seconds.
Elapsed time is 36.127970 seconds.
Elapsed time is 35.409763 seconds.
Elapsed time is 42.860201 seconds.
Elapsed time is 39.214845 seconds.
Elapsed time is 41.476871 seconds.
Elapsed time is 37.660199 seconds.
Elapsed time is 39.882301 seconds.
Elapsed time is 40.075477 seconds.
Elapsed time is 40.847887 seconds.
Elapsed time is 36.975655 seconds.
Elapsed time is 36.634934 seconds.
Elapsed time is 34.269145 seconds.
     4         633         263.604        5.79e+04         1000       0.016244
Elapsed time is 35.247469 seconds.
Elapsed time is 39.177543 seconds.
Elapsed time is 36.316948 seconds.
Elapsed time is 37.404689 seconds.
Elapsed time is 32.778685 seconds.
Elapsed time is 38.301876 seconds.
Elapsed time is 36.686022 seconds.
Elapsed time is 34.525240 seconds.
Elapsed time is 35.060438 seconds.
Elapsed time is 41.865958 seconds.
Elapsed time is 38.123799 seconds.
Elapsed time is 38.676417 seconds.
Elapsed time is 43.050311 seconds.
Elapsed time is 39.083850 seconds.
Elapsed time is 39.337500 seconds.
Elapsed time is 41.314952 seconds.
Elapsed time is 46.838546 seconds.
Elapsed time is 47.289737 seconds.
Elapsed time is 47.505046 seconds.
Elapsed time is 45.338390 seconds.
Elapsed time is 45.705116 seconds.
Elapsed time is 44.393356 seconds.
Elapsed time is 46.684385 seconds.
Elapsed time is 44.191676 seconds.
Elapsed time is 39.399357 seconds.
Elapsed time is 42.519461 seconds.
Elapsed time is 41.117193 seconds.
Elapsed time is 36.876197 seconds.
Elapsed time is 39.763606 seconds.
Elapsed time is 39.361422 seconds.
Elapsed time is 35.481411 seconds.
Elapsed time is 39.521313 seconds.
Elapsed time is 40.515375 seconds.
Elapsed time is 40.299017 seconds.
Elapsed time is 35.255716 seconds.
Elapsed time is 32.094395 seconds.
Elapsed time is 33.592207 seconds.
Elapsed time is 33.602027 seconds.
Elapsed time is 35.279079 seconds.
Elapsed time is 31.878689 seconds.
Elapsed time is 34.723771 seconds.
Elapsed time is 34.275592 seconds.
Elapsed time is 36.620107 seconds.
Elapsed time is 39.121077 seconds.
Elapsed time is 38.629838 seconds.
Elapsed time is 33.622620 seconds.
Elapsed time is 32.068767 seconds.
Elapsed time is 35.590434 seconds.
Elapsed time is 33.157574 seconds.
Elapsed time is 31.006782 seconds.
Elapsed time is 32.831848 seconds.
Elapsed time is 36.615493 seconds.
Elapsed time is 35.449925 seconds.
Elapsed time is 39.326353 seconds.
Elapsed time is 36.248005 seconds.
Elapsed time is 34.982665 seconds.
Elapsed time is 32.610338 seconds.
Elapsed time is 35.243929 seconds.
Elapsed time is 36.243104 seconds.
Elapsed time is 30.985224 seconds.
Elapsed time is 33.979574 seconds.
Elapsed time is 34.689524 seconds.
Elapsed time is 37.109689 seconds.
Elapsed time is 34.912864 seconds.
Elapsed time is 37.656920 seconds.
Elapsed time is 39.730509 seconds.
Elapsed time is 34.295706 seconds.
Elapsed time is 33.596461 seconds.
Elapsed time is 33.783535 seconds.
Elapsed time is 31.243864 seconds.
Elapsed time is 31.716425 seconds.
Elapsed time is 33.188670 seconds.
Elapsed time is 32.125049 seconds.
Elapsed time is 40.459371 seconds.
Elapsed time is 38.219292 seconds.
Elapsed time is 37.150936 seconds.
Elapsed time is 40.553871 seconds.
Elapsed time is 36.181899 seconds.
Elapsed time is 34.993932 seconds.
Elapsed time is 36.804629 seconds.
Elapsed time is 34.450093 seconds.
Elapsed time is 34.350060 seconds.
Elapsed time is 38.811347 seconds.
Elapsed time is 33.064676 seconds.
Elapsed time is 36.331144 seconds.
Elapsed time is 33.557213 seconds.
Elapsed time is 34.494642 seconds.
Elapsed time is 34.076035 seconds.
Elapsed time is 37.483961 seconds.
Elapsed time is 34.377088 seconds.
Elapsed time is 36.273635 seconds.
Elapsed time is 37.801045 seconds.
Elapsed time is 34.926200 seconds.
Elapsed time is 32.896045 seconds.
Elapsed time is 33.819076 seconds.
Elapsed time is 35.730614 seconds.
Elapsed time is 37.182807 seconds.
Elapsed time is 36.362883 seconds.
Elapsed time is 42.339272 seconds.
Elapsed time is 41.589601 seconds.
Elapsed time is 35.468851 seconds.
Elapsed time is 43.296334 seconds.
Elapsed time is 43.606935 seconds.
Elapsed time is 44.639633 seconds.
Elapsed time is 39.410789 seconds.
Elapsed time is 40.968837 seconds.
Elapsed time is 35.633014 seconds.
Elapsed time is 37.034984 seconds.
Elapsed time is 36.103973 seconds.
Elapsed time is 32.310571 seconds.
Elapsed time is 35.825624 seconds.
Elapsed time is 32.912539 seconds.
Elapsed time is 34.503591 seconds.
Elapsed time is 33.199519 seconds.
Elapsed time is 37.810093 seconds.
Elapsed time is 32.831028 seconds.
Elapsed time is 34.943303 seconds.
Elapsed time is 37.043551 seconds.
Elapsed time is 36.541967 seconds.
Elapsed time is 39.905764 seconds.
Elapsed time is 36.852893 seconds.
Elapsed time is 35.790160 seconds.
Elapsed time is 38.537918 seconds.
Elapsed time is 40.591780 seconds.
Elapsed time is 37.746897 seconds.
     5         758         237.288        1.03e+06          100       0.015759
Elapsed time is 41.988819 seconds.
Elapsed time is 39.391560 seconds.
Elapsed time is 41.920870 seconds.
Elapsed time is 38.499939 seconds.
Elapsed time is 40.927400 seconds.
Elapsed time is 39.164655 seconds.
Elapsed time is 37.325324 seconds.
Elapsed time is 43.144418 seconds.
Elapsed time is 44.187528 seconds.
Elapsed time is 45.212326 seconds.
Elapsed time is 40.005124 seconds.
Elapsed time is 40.695889 seconds.
Elapsed time is 40.317391 seconds.
Elapsed time is 42.630407 seconds.
Elapsed time is 42.472617 seconds.
Elapsed time is 36.802935 seconds.
Elapsed time is 39.255368 seconds.
Elapsed time is 39.768725 seconds.
Elapsed time is 42.429510 seconds.
Elapsed time is 42.257198 seconds.
Elapsed time is 39.553969 seconds.
Elapsed time is 39.620003 seconds.
Elapsed time is 40.281876 seconds.
Elapsed time is 47.594993 seconds.
Elapsed time is 45.573519 seconds.
Elapsed time is 44.841871 seconds.
Elapsed time is 45.337703 seconds.
Elapsed time is 44.361035 seconds.
Elapsed time is 41.862614 seconds.
Elapsed time is 42.133178 seconds.
Elapsed time is 39.929014 seconds.
Elapsed time is 38.958766 seconds.
Elapsed time is 35.902614 seconds.
Elapsed time is 35.601578 seconds.
Elapsed time is 42.066704 seconds.
Elapsed time is 38.551626 seconds.
Elapsed time is 37.667896 seconds.
Elapsed time is 35.624605 seconds.
Elapsed time is 33.912530 seconds.
Elapsed time is 35.274415 seconds.
Elapsed time is 35.937911 seconds.
Elapsed time is 35.686172 seconds.
Elapsed time is 38.757743 seconds.
Elapsed time is 34.980207 seconds.
Elapsed time is 35.388952 seconds.
Elapsed time is 36.968649 seconds.
Elapsed time is 35.785085 seconds.
Elapsed time is 38.060901 seconds.
Elapsed time is 38.454170 seconds.
Elapsed time is 35.715442 seconds.
Elapsed time is 35.712890 seconds.
Elapsed time is 37.598948 seconds.
Elapsed time is 32.846425 seconds.
Elapsed time is 34.449901 seconds.
Elapsed time is 35.824016 seconds.
Elapsed time is 36.882154 seconds.
Elapsed time is 39.915208 seconds.
Elapsed time is 41.429171 seconds.
Elapsed time is 45.983465 seconds.
Elapsed time is 43.002910 seconds.
Elapsed time is 41.807792 seconds.
Elapsed time is 42.379206 seconds.
Elapsed time is 39.654259 seconds.
Elapsed time is 39.862066 seconds.
Elapsed time is 37.378063 seconds.
Elapsed time is 35.490571 seconds.
Elapsed time is 38.842440 seconds.
Elapsed time is 41.168506 seconds.
Elapsed time is 39.956999 seconds.
Elapsed time is 38.798662 seconds.
Elapsed time is 39.218454 seconds.
Elapsed time is 39.747064 seconds.
Elapsed time is 36.290543 seconds.
Elapsed time is 36.558243 seconds.
Elapsed time is 38.612819 seconds.
Elapsed time is 40.232116 seconds.
Elapsed time is 41.915765 seconds.
Elapsed time is 39.009617 seconds.
Elapsed time is 42.404869 seconds.
Elapsed time is 39.706319 seconds.
Elapsed time is 36.687972 seconds.
Elapsed time is 35.045935 seconds.
Elapsed time is 32.442700 seconds.
Elapsed time is 34.280002 seconds.
Elapsed time is 37.188494 seconds.
Elapsed time is 38.095390 seconds.
Elapsed time is 37.618684 seconds.
Elapsed time is 40.407047 seconds.
Elapsed time is 39.913126 seconds.
Elapsed time is 38.466780 seconds.
Elapsed time is 39.048673 seconds.
Elapsed time is 34.029305 seconds.
Elapsed time is 37.832974 seconds.
Elapsed time is 36.795025 seconds.
Elapsed time is 34.956471 seconds.
Elapsed time is 36.122335 seconds.
Elapsed time is 37.716861 seconds.
Elapsed time is 36.685810 seconds.
Elapsed time is 36.484690 seconds.
Elapsed time is 34.545658 seconds.
Elapsed time is 36.522183 seconds.
Elapsed time is 35.374015 seconds.
Elapsed time is 33.846290 seconds.
Elapsed time is 33.823961 seconds.
Elapsed time is 32.397366 seconds.
Elapsed time is 35.925769 seconds.
Elapsed time is 35.362834 seconds.
Elapsed time is 38.943274 seconds.
Elapsed time is 33.439814 seconds.
Elapsed time is 33.408186 seconds.
Elapsed time is 33.819540 seconds.
Elapsed time is 37.153413 seconds.
Elapsed time is 45.183313 seconds.
Elapsed time is 46.616450 seconds.
Elapsed time is 43.472524 seconds.
Elapsed time is 42.167497 seconds.
Elapsed time is 43.263670 seconds.
Elapsed time is 44.094053 seconds.
Elapsed time is 44.122125 seconds.
Elapsed time is 43.494276 seconds.
Elapsed time is 39.798819 seconds.
Elapsed time is 39.690789 seconds.
Elapsed time is 37.145601 seconds.
Elapsed time is 37.172868 seconds.
Elapsed time is 35.166326 seconds.
     6         883         228.722        2.81e+04           10       0.012762
Elapsed time is 39.411505 seconds.
Elapsed time is 39.871657 seconds.
Elapsed time is 40.566411 seconds.
Elapsed time is 40.329662 seconds.
Elapsed time is 36.591561 seconds.
Elapsed time is 36.628028 seconds.
Elapsed time is 38.276913 seconds.
Elapsed time is 37.556521 seconds.
Elapsed time is 36.275134 seconds.
Elapsed time is 36.804279 seconds.
Elapsed time is 38.090721 seconds.
Elapsed time is 39.525395 seconds.
Elapsed time is 38.476820 seconds.
Elapsed time is 39.542651 seconds.
Elapsed time is 39.130298 seconds.
Elapsed time is 40.009726 seconds.
Elapsed time is 42.766392 seconds.
Elapsed time is 41.793661 seconds.
Elapsed time is 37.095689 seconds.
Elapsed time is 38.464315 seconds.
Elapsed time is 39.463862 seconds.
Elapsed time is 40.398183 seconds.
Elapsed time is 36.615704 seconds.
Elapsed time is 35.820365 seconds.
Elapsed time is 34.578226 seconds.
Elapsed time is 40.919073 seconds.
Elapsed time is 36.464480 seconds.
Elapsed time is 34.308409 seconds.
Elapsed time is 38.108349 seconds.
Elapsed time is 39.025010 seconds.
Elapsed time is 40.767201 seconds.
Elapsed time is 37.493543 seconds.
Elapsed time is 37.417822 seconds.
Elapsed time is 38.413469 seconds.
Elapsed time is 39.207379 seconds.
Elapsed time is 40.480250 seconds.
Elapsed time is 39.365411 seconds.
Elapsed time is 40.478769 seconds.
Elapsed time is 40.521429 seconds.
Elapsed time is 37.361607 seconds.
Elapsed time is 40.287518 seconds.
Elapsed time is 42.903512 seconds.
Elapsed time is 36.085373 seconds.
Elapsed time is 43.918550 seconds.
Elapsed time is 43.243718 seconds.
Elapsed time is 40.903153 seconds.
Elapsed time is 39.946074 seconds.
Elapsed time is 40.725374 seconds.
Elapsed time is 36.858116 seconds.
Elapsed time is 38.137295 seconds.
Elapsed time is 36.896245 seconds.
Elapsed time is 33.993165 seconds.
Elapsed time is 42.353117 seconds.
Elapsed time is 37.306826 seconds.
Elapsed time is 37.781506 seconds.
Elapsed time is 35.453751 seconds.
Elapsed time is 33.085172 seconds.
Elapsed time is 41.062520 seconds.
Elapsed time is 38.672570 seconds.
Elapsed time is 34.983585 seconds.
Elapsed time is 35.431346 seconds.
Elapsed time is 35.837743 seconds.
Elapsed time is 34.246148 seconds.
Elapsed time is 33.222323 seconds.
Elapsed time is 36.357738 seconds.
Elapsed time is 36.021952 seconds.
Elapsed time is 39.773747 seconds.
Elapsed time is 39.281914 seconds.
Elapsed time is 37.105500 seconds.
Elapsed time is 37.177317 seconds.
Elapsed time is 38.845841 seconds.
Elapsed time is 32.953486 seconds.
Elapsed time is 32.225335 seconds.
Elapsed time is 37.266743 seconds.
Elapsed time is 34.913172 seconds.
Elapsed time is 33.111820 seconds.
Elapsed time is 34.104994 seconds.
Elapsed time is 34.684702 seconds.
Elapsed time is 34.592794 seconds.
Elapsed time is 36.885151 seconds.
Elapsed time is 39.094233 seconds.
Elapsed time is 34.157967 seconds.
Elapsed time is 35.791635 seconds.
Elapsed time is 35.595955 seconds.
Elapsed time is 35.446944 seconds.
Elapsed time is 34.829552 seconds.
Elapsed time is 40.799803 seconds.
Elapsed time is 43.244299 seconds.
Elapsed time is 47.444820 seconds.
Elapsed time is 45.302013 seconds.
Elapsed time is 39.171612 seconds.
Elapsed time is 35.766755 seconds.
Elapsed time is 36.584927 seconds.
Elapsed time is 39.375406 seconds.
Elapsed time is 41.759451 seconds.
Elapsed time is 40.110161 seconds.
Elapsed time is 39.252963 seconds.
Elapsed time is 39.787779 seconds.
Elapsed time is 39.150992 seconds.
Elapsed time is 40.982785 seconds.
Elapsed time is 36.666900 seconds.
Elapsed time is 41.466378 seconds.
Elapsed time is 37.299072 seconds.
Elapsed time is 38.138644 seconds.
Elapsed time is 39.415170 seconds.
Elapsed time is 38.316646 seconds.
Elapsed time is 36.815728 seconds.
Elapsed time is 37.447865 seconds.
Elapsed time is 38.401263 seconds.
Elapsed time is 39.918095 seconds.
Elapsed time is 39.744862 seconds.
Elapsed time is 40.035699 seconds.
Elapsed time is 38.386775 seconds.
Elapsed time is 38.479573 seconds.
Elapsed time is 37.647066 seconds.
Elapsed time is 41.245088 seconds.
Elapsed time is 38.568657 seconds.
Elapsed time is 34.917127 seconds.
Elapsed time is 40.109785 seconds.
Elapsed time is 42.067071 seconds.
Elapsed time is 43.584703 seconds.
Elapsed time is 41.548418 seconds.
Elapsed time is 45.175004 seconds.
Elapsed time is 40.556072 seconds.
Elapsed time is 36.263444 seconds.
     7        1008         223.801         4.6e+06            1      0.0129118
Elapsed time is 40.357808 seconds.
Elapsed time is 40.686317 seconds.
Elapsed time is 44.731477 seconds.
Elapsed time is 41.138031 seconds.
Elapsed time is 38.227996 seconds.
Elapsed time is 38.185462 seconds.
Elapsed time is 39.535211 seconds.
Elapsed time is 39.277234 seconds.
Elapsed time is 38.345231 seconds.
Elapsed time is 35.558147 seconds.
Elapsed time is 34.353685 seconds.
Elapsed time is 34.213959 seconds.
Elapsed time is 34.970823 seconds.
Elapsed time is 33.025447 seconds.
Elapsed time is 39.113543 seconds.
Elapsed time is 37.829153 seconds.
Elapsed time is 37.174791 seconds.
Elapsed time is 33.829919 seconds.
Elapsed time is 39.072195 seconds.
Elapsed time is 37.124029 seconds.
Elapsed time is 33.320260 seconds.
Elapsed time is 35.678802 seconds.
Elapsed time is 37.152023 seconds.
Elapsed time is 41.757109 seconds.
Elapsed time is 41.046869 seconds.
Elapsed time is 38.814394 seconds.
Elapsed time is 38.591031 seconds.
Elapsed time is 38.045430 seconds.
Elapsed time is 40.109448 seconds.
Elapsed time is 42.701437 seconds.
Elapsed time is 40.123828 seconds.
Elapsed time is 42.493417 seconds.
Elapsed time is 36.962252 seconds.
Elapsed time is 37.088296 seconds.
Elapsed time is 33.623746 seconds.
Elapsed time is 34.937307 seconds.
Elapsed time is 35.135182 seconds.
Elapsed time is 34.811255 seconds.
Elapsed time is 37.507204 seconds.
Elapsed time is 34.893830 seconds.
Elapsed time is 36.140708 seconds.
Elapsed time is 35.811360 seconds.
Elapsed time is 37.147243 seconds.
Elapsed time is 38.561869 seconds.
Elapsed time is 39.301452 seconds.
Elapsed time is 41.038770 seconds.
Elapsed time is 39.631035 seconds.
Elapsed time is 38.603517 seconds.
Elapsed time is 36.575205 seconds.
Elapsed time is 34.180241 seconds.
Elapsed time is 34.020846 seconds.
Elapsed time is 34.567891 seconds.
Elapsed time is 33.962770 seconds.
Elapsed time is 38.489207 seconds.
Elapsed time is 36.508829 seconds.
Elapsed time is 35.361471 seconds.
Elapsed time is 31.877448 seconds.
Elapsed time is 36.816046 seconds.
Elapsed time is 35.113231 seconds.
Elapsed time is 34.977450 seconds.
Elapsed time is 35.993301 seconds.
Elapsed time is 36.405483 seconds.
Elapsed time is 37.506857 seconds.
Elapsed time is 37.484585 seconds.
Elapsed time is 35.187474 seconds.
Elapsed time is 34.731152 seconds.
Elapsed time is 36.969600 seconds.
Elapsed time is 33.750994 seconds.
Elapsed time is 37.803854 seconds.
Elapsed time is 37.106823 seconds.
Elapsed time is 38.507788 seconds.
Elapsed time is 34.437908 seconds.
Elapsed time is 33.939473 seconds.
Elapsed time is 38.858286 seconds.
Elapsed time is 38.344988 seconds.
Elapsed time is 34.242572 seconds.
Elapsed time is 38.559667 seconds.
Elapsed time is 38.259777 seconds.
Elapsed time is 35.486710 seconds.
Elapsed time is 36.271044 seconds.
Elapsed time is 38.707879 seconds.
Elapsed time is 36.097356 seconds.
Elapsed time is 36.388853 seconds.
Elapsed time is 33.774326 seconds.
Elapsed time is 34.496672 seconds.
Elapsed time is 37.717923 seconds.
Elapsed time is 40.444751 seconds.
Elapsed time is 39.993671 seconds.
Elapsed time is 33.691207 seconds.
Elapsed time is 38.482513 seconds.
Elapsed time is 43.592856 seconds.
Elapsed time is 42.884281 seconds.
Elapsed time is 39.747096 seconds.
Elapsed time is 40.960955 seconds.
Elapsed time is 40.443255 seconds.
Elapsed time is 37.305782 seconds.
Elapsed time is 42.403010 seconds.
Elapsed time is 35.335836 seconds.
Elapsed time is 41.145143 seconds.
Elapsed time is 36.893299 seconds.
Elapsed time is 34.489304 seconds.
Elapsed time is 37.476485 seconds.
Elapsed time is 38.088795 seconds.
Elapsed time is 35.485241 seconds.
Elapsed time is 42.501300 seconds.
Elapsed time is 43.061415 seconds.
Elapsed time is 37.737355 seconds.
Elapsed time is 38.793483 seconds.
Elapsed time is 37.669233 seconds.
Elapsed time is 36.602178 seconds.
Elapsed time is 38.574441 seconds.
Elapsed time is 36.223597 seconds.
Elapsed time is 35.931215 seconds.
Elapsed time is 37.563136 seconds.
Elapsed time is 41.116969 seconds.
Elapsed time is 36.851521 seconds.
Elapsed time is 42.940167 seconds.
Elapsed time is 39.565343 seconds.
Elapsed time is 39.129101 seconds.
Elapsed time is 34.028449 seconds.
Elapsed time is 35.690668 seconds.
Elapsed time is 41.133277 seconds.
Elapsed time is 37.362028 seconds.
Elapsed time is 41.193588 seconds.
Elapsed time is 42.174510 seconds.
Elapsed time is 40.459421 seconds.
Elapsed time is 40.956969 seconds.
     8        1135         220.139        1.47e+05          100     0.00966474
Elapsed time is 41.004741 seconds.
Elapsed time is 41.013819 seconds.
Elapsed time is 34.248041 seconds.
Elapsed time is 38.183249 seconds.
Elapsed time is 40.914893 seconds.
Elapsed time is 41.439671 seconds.
Elapsed time is 39.331226 seconds.
Elapsed time is 42.316842 seconds.
Elapsed time is 43.684613 seconds.
Elapsed time is 37.714362 seconds.
Elapsed time is 40.343656 seconds.
Elapsed time is 36.773205 seconds.
Elapsed time is 43.202560 seconds.
Elapsed time is 43.286577 seconds.
Elapsed time is 41.699689 seconds.
Elapsed time is 39.244624 seconds.
Elapsed time is 38.106157 seconds.
Elapsed time is 34.378150 seconds.
Elapsed time is 35.026344 seconds.
Elapsed time is 33.180366 seconds.
Elapsed time is 35.003560 seconds.
Elapsed time is 35.627868 seconds.
Elapsed time is 39.002524 seconds.
Elapsed time is 45.444418 seconds.
Elapsed time is 43.721485 seconds.
Elapsed time is 39.039133 seconds.
Elapsed time is 39.521383 seconds.
Elapsed time is 38.080813 seconds.
Elapsed time is 35.432000 seconds.
Elapsed time is 32.404899 seconds.
Elapsed time is 36.705791 seconds.
Elapsed time is 35.888386 seconds.
Elapsed time is 40.486469 seconds.
Elapsed time is 36.521132 seconds.
Elapsed time is 37.811835 seconds.
Elapsed time is 34.202587 seconds.
Elapsed time is 39.546148 seconds.
Elapsed time is 38.544207 seconds.
Elapsed time is 41.201993 seconds.
Elapsed time is 41.597871 seconds.
Elapsed time is 36.171362 seconds.
Elapsed time is 35.113397 seconds.
Elapsed time is 31.433324 seconds.
Elapsed time is 34.505387 seconds.
Elapsed time is 35.322837 seconds.
Elapsed time is 31.026711 seconds.
Elapsed time is 36.238687 seconds.
Elapsed time is 34.294851 seconds.
Elapsed time is 30.993546 seconds.
Elapsed time is 38.302263 seconds.
Elapsed time is 35.647298 seconds.
Elapsed time is 35.605201 seconds.
Elapsed time is 38.297246 seconds.
Elapsed time is 38.167924 seconds.
Elapsed time is 39.880162 seconds.
Elapsed time is 36.291556 seconds.
Elapsed time is 41.736420 seconds.
Elapsed time is 35.008171 seconds.
Elapsed time is 39.644602 seconds.
Elapsed time is 37.430361 seconds.
Elapsed time is 35.452481 seconds.
Elapsed time is 36.449545 seconds.
Elapsed time is 33.745633 seconds.
Elapsed time is 31.929980 seconds.
Elapsed time is 36.795494 seconds.
Elapsed time is 39.499831 seconds.
Elapsed time is 35.552640 seconds.
Elapsed time is 32.941469 seconds.
Elapsed time is 31.617926 seconds.
Elapsed time is 36.657602 seconds.
Elapsed time is 34.919007 seconds.
Elapsed time is 34.963217 seconds.
Elapsed time is 33.938335 seconds.
Elapsed time is 36.829943 seconds.
Elapsed time is 39.528733 seconds.
Elapsed time is 39.523769 seconds.
Elapsed time is 37.826517 seconds.
Elapsed time is 38.029543 seconds.
Elapsed time is 35.894860 seconds.
Elapsed time is 33.953081 seconds.
Elapsed time is 36.079789 seconds.
Elapsed time is 31.689674 seconds.
Elapsed time is 32.822335 seconds.
Elapsed time is 33.351919 seconds.
Elapsed time is 34.773657 seconds.
Elapsed time is 34.937873 seconds.
Elapsed time is 36.031404 seconds.
Elapsed time is 32.607283 seconds.
Elapsed time is 37.360400 seconds.
Elapsed time is 34.167806 seconds.
Elapsed time is 34.574256 seconds.
Elapsed time is 33.026649 seconds.
Elapsed time is 35.508125 seconds.
Elapsed time is 32.606530 seconds.
Elapsed time is 35.923812 seconds.
Elapsed time is 33.232562 seconds.
Elapsed time is 34.729503 seconds.
Elapsed time is 35.732467 seconds.
Elapsed time is 34.944066 seconds.
Elapsed time is 35.120701 seconds.
Elapsed time is 33.574854 seconds.
Elapsed time is 36.109257 seconds.
Elapsed time is 35.799628 seconds.
Elapsed time is 39.587801 seconds.
Elapsed time is 35.249752 seconds.
Elapsed time is 36.771739 seconds.
Elapsed time is 34.669090 seconds.
Elapsed time is 37.049310 seconds.
Elapsed time is 35.697645 seconds.
Elapsed time is 39.018837 seconds.
Elapsed time is 35.649058 seconds.
Elapsed time is 39.445935 seconds.
Elapsed time is 35.697941 seconds.
Elapsed time is 33.617203 seconds.
Elapsed time is 34.549226 seconds.
Elapsed time is 37.623913 seconds.
Elapsed time is 34.031101 seconds.
Elapsed time is 34.451249 seconds.
Elapsed time is 36.416318 seconds.
Elapsed time is 36.158299 seconds.
Elapsed time is 37.801128 seconds.
Elapsed time is 36.316511 seconds.
Elapsed time is 38.239578 seconds.
Elapsed time is 39.922224 seconds.
Elapsed time is 36.321080 seconds.
     9        1260         217.132        7.74e+05           10      0.0120778
Elapsed time is 38.651727 seconds.
Elapsed time is 36.832417 seconds.
Elapsed time is 36.167869 seconds.
Elapsed time is 39.311169 seconds.
Elapsed time is 36.974811 seconds.
Elapsed time is 38.303331 seconds.
Elapsed time is 34.664122 seconds.
Elapsed time is 39.285528 seconds.
Elapsed time is 39.982013 seconds.
Elapsed time is 38.212042 seconds.
Elapsed time is 34.006503 seconds.
Elapsed time is 42.615884 seconds.
Elapsed time is 41.993575 seconds.
Elapsed time is 41.983507 seconds.
Elapsed time is 40.583231 seconds.
Elapsed time is 36.931714 seconds.
Elapsed time is 36.657660 seconds.
Elapsed time is 37.153286 seconds.
Elapsed time is 32.344876 seconds.
Elapsed time is 32.682642 seconds.
Elapsed time is 33.914985 seconds.
Elapsed time is 32.913019 seconds.
Elapsed time is 37.899424 seconds.
Elapsed time is 31.934743 seconds.
Elapsed time is 34.453549 seconds.
Elapsed time is 39.743313 seconds.
Elapsed time is 36.224796 seconds.
Elapsed time is 34.672617 seconds.
Elapsed time is 34.309674 seconds.
Elapsed time is 33.621173 seconds.
Elapsed time is 39.667566 seconds.
Elapsed time is 41.680989 seconds.
Elapsed time is 36.727731 seconds.
Elapsed time is 37.359213 seconds.
Elapsed time is 36.486057 seconds.
Elapsed time is 38.231643 seconds.
Elapsed time is 38.333806 seconds.
Elapsed time is 40.444026 seconds.
Elapsed time is 41.851606 seconds.
Elapsed time is 40.539038 seconds.
Elapsed time is 36.754025 seconds.
Elapsed time is 38.602824 seconds.
Elapsed time is 35.897292 seconds.
Elapsed time is 39.767063 seconds.
Elapsed time is 40.051080 seconds.
Elapsed time is 40.942840 seconds.
Elapsed time is 40.128644 seconds.
Elapsed time is 39.229544 seconds.
Elapsed time is 35.406053 seconds.
Elapsed time is 37.803981 seconds.
Elapsed time is 40.721945 seconds.
Elapsed time is 39.023241 seconds.
Elapsed time is 40.728448 seconds.
Elapsed time is 42.081608 seconds.
Elapsed time is 46.081868 seconds.
Elapsed time is 45.697546 seconds.
Elapsed time is 44.226606 seconds.
Elapsed time is 45.791775 seconds.
Elapsed time is 47.391370 seconds.
Elapsed time is 47.959003 seconds.
Elapsed time is 46.579304 seconds.
Elapsed time is 46.828064 seconds.
Elapsed time is 43.664747 seconds.
Elapsed time is 41.421311 seconds.
Elapsed time is 38.836902 seconds.
Elapsed time is 36.366831 seconds.
Elapsed time is 35.606469 seconds.
Elapsed time is 40.168501 seconds.
Elapsed time is 38.204642 seconds.
Elapsed time is 43.952102 seconds.
Elapsed time is 46.560085 seconds.
Elapsed time is 42.311943 seconds.
Elapsed time is 42.512931 seconds.
Elapsed time is 36.082786 seconds.
Elapsed time is 37.609352 seconds.
Elapsed time is 35.495569 seconds.
Elapsed time is 32.839638 seconds.
Elapsed time is 38.066240 seconds.
Elapsed time is 32.454518 seconds.
Elapsed time is 35.974630 seconds.
Elapsed time is 37.173747 seconds.
Elapsed time is 38.376418 seconds.
Elapsed time is 40.500850 seconds.
Elapsed time is 35.641766 seconds.
Elapsed time is 35.587915 seconds.
Elapsed time is 35.627086 seconds.
Elapsed time is 36.358385 seconds.
Elapsed time is 33.118554 seconds.
Elapsed time is 32.751299 seconds.
Elapsed time is 37.818490 seconds.
Elapsed time is 37.211028 seconds.
Elapsed time is 35.494132 seconds.
Elapsed time is 36.270568 seconds.
Elapsed time is 36.461007 seconds.
Elapsed time is 35.834529 seconds.
Elapsed time is 35.523059 seconds.
Elapsed time is 34.577941 seconds.
Elapsed time is 36.486515 seconds.
Elapsed time is 36.342697 seconds.
Elapsed time is 33.718832 seconds.
Elapsed time is 34.892319 seconds.
Elapsed time is 33.699396 seconds.
Elapsed time is 39.249633 seconds.
Elapsed time is 41.950642 seconds.
Elapsed time is 39.611500 seconds.
Elapsed time is 36.771459 seconds.
Elapsed time is 33.735296 seconds.
Elapsed time is 34.488458 seconds.
Elapsed time is 34.130913 seconds.
Elapsed time is 36.053509 seconds.
Elapsed time is 40.267031 seconds.
Elapsed time is 36.476357 seconds.
Elapsed time is 41.511027 seconds.
Elapsed time is 38.570497 seconds.
Elapsed time is 32.573379 seconds.
Elapsed time is 32.198107 seconds.
Elapsed time is 33.863313 seconds.
Elapsed time is 33.755846 seconds.
Elapsed time is 35.503605 seconds.
Elapsed time is 35.321955 seconds.
Elapsed time is 36.078028 seconds.
Elapsed time is 39.256950 seconds.
Elapsed time is 36.329975 seconds.
Elapsed time is 34.893755 seconds.
Elapsed time is 33.987379 seconds.
    10        1385         216.092        8.17e+05            1      0.0144413
Elapsed time is 41.463994 seconds.
Elapsed time is 46.013379 seconds.
Elapsed time is 46.807655 seconds.
Elapsed time is 45.727045 seconds.
Elapsed time is 44.973074 seconds.
Elapsed time is 40.259421 seconds.
Elapsed time is 41.505422 seconds.
Elapsed time is 41.167823 seconds.
Elapsed time is 40.911535 seconds.
Elapsed time is 38.213725 seconds.
Elapsed time is 38.867012 seconds.
Elapsed time is 36.716545 seconds.
Elapsed time is 34.617486 seconds.
Elapsed time is 36.434289 seconds.
Elapsed time is 40.752772 seconds.
Elapsed time is 35.790290 seconds.
Elapsed time is 33.674125 seconds.
Elapsed time is 32.558792 seconds.
Elapsed time is 35.513616 seconds.
Elapsed time is 38.103245 seconds.
Elapsed time is 37.341216 seconds.
Elapsed time is 38.418921 seconds.
Elapsed time is 41.113833 seconds.
Elapsed time is 42.046491 seconds.
Elapsed time is 42.953956 seconds.
Elapsed time is 36.993567 seconds.
Elapsed time is 37.277463 seconds.
Elapsed time is 37.012838 seconds.
Elapsed time is 43.323338 seconds.
Elapsed time is 37.110064 seconds.
Elapsed time is 33.012170 seconds.
Elapsed time is 38.416217 seconds.
Elapsed time is 41.831111 seconds.
Elapsed time is 39.552738 seconds.
Elapsed time is 42.755571 seconds.
Elapsed time is 38.973650 seconds.
Elapsed time is 38.949389 seconds.
Elapsed time is 43.460487 seconds.
Elapsed time is 42.902334 seconds.
Elapsed time is 46.919641 seconds.
Elapsed time is 41.308770 seconds.
Elapsed time is 40.363938 seconds.
Elapsed time is 42.574485 seconds.
Elapsed time is 45.859131 seconds.
Elapsed time is 39.195647 seconds.
Elapsed time is 37.658592 seconds.
Elapsed time is 31.579868 seconds.
Elapsed time is 38.769003 seconds.
Elapsed time is 36.712363 seconds.
Elapsed time is 38.023032 seconds.
Elapsed time is 44.196077 seconds.
Elapsed time is 41.980077 seconds.
Elapsed time is 36.724073 seconds.
Elapsed time is 41.423133 seconds.
Elapsed time is 40.696604 seconds.
Elapsed time is 36.361623 seconds.
Elapsed time is 33.435117 seconds.
Elapsed time is 32.595048 seconds.
Elapsed time is 35.778703 seconds.
Elapsed time is 36.976805 seconds.
Elapsed time is 40.449146 seconds.
Elapsed time is 37.776623 seconds.
Elapsed time is 43.375037 seconds.
Elapsed time is 39.600923 seconds.
Elapsed time is 38.769434 seconds.
Elapsed time is 39.429535 seconds.
Elapsed time is 37.560507 seconds.
Elapsed time is 33.791586 seconds.
Elapsed time is 33.163161 seconds.
Elapsed time is 31.848201 seconds.
Elapsed time is 34.393726 seconds.
Elapsed time is 34.683792 seconds.
Elapsed time is 40.975236 seconds.
Elapsed time is 35.688062 seconds.
Elapsed time is 35.445531 seconds.
Elapsed time is 38.642771 seconds.
Elapsed time is 39.686771 seconds.
Elapsed time is 38.441171 seconds.
Elapsed time is 36.456925 seconds.
Elapsed time is 37.411421 seconds.
Elapsed time is 39.845884 seconds.
Elapsed time is 40.067952 seconds.
Elapsed time is 37.036907 seconds.
Elapsed time is 42.048075 seconds.
Elapsed time is 37.622447 seconds.
Elapsed time is 35.537381 seconds.
Elapsed time is 37.269700 seconds.
Elapsed time is 39.666424 seconds.
Elapsed time is 35.583072 seconds.
Elapsed time is 37.815751 seconds.
Elapsed time is 41.897819 seconds.
Elapsed time is 43.591930 seconds.
Elapsed time is 43.339756 seconds.
Elapsed time is 40.932286 seconds.
Elapsed time is 45.357907 seconds.
Elapsed time is 44.877093 seconds.
Elapsed time is 44.652267 seconds.
Elapsed time is 46.240111 seconds.
Elapsed time is 41.165166 seconds.
Elapsed time is 37.565646 seconds.
Elapsed time is 37.502987 seconds.
Elapsed time is 32.778768 seconds.
Elapsed time is 38.246459 seconds.
Elapsed time is 39.104751 seconds.
Elapsed time is 38.818501 seconds.
Elapsed time is 40.066472 seconds.
Elapsed time is 39.394856 seconds.
Elapsed time is 39.065274 seconds.
Elapsed time is 41.866442 seconds.
Elapsed time is 37.289093 seconds.
Elapsed time is 39.746675 seconds.
Elapsed time is 40.429443 seconds.
Elapsed time is 40.600412 seconds.
Elapsed time is 39.102462 seconds.
Elapsed time is 37.102855 seconds.
Elapsed time is 36.346739 seconds.
Elapsed time is 35.829669 seconds.
Elapsed time is 40.007320 seconds.
Elapsed time is 40.317221 seconds.
Elapsed time is 42.873924 seconds.
Elapsed time is 37.811968 seconds.
Elapsed time is 37.949189 seconds.
Elapsed time is 38.524071 seconds.
Elapsed time is 38.582951 seconds.
Elapsed time is 38.496011 seconds.
Elapsed time is 37.030573 seconds.
Elapsed time is 38.048299 seconds.
    11        1512         209.302        3.47e+05          100      0.0174705
Elapsed time is 42.125745 seconds.
Elapsed time is 45.485450 seconds.
Elapsed time is 47.912967 seconds.
Elapsed time is 47.698402 seconds.
Elapsed time is 49.670834 seconds.

Local minimum possible.

lsqnonlin stopped because the relative size of the current step is less than
the default value of the step size tolerance.



map
   1.0e+03 *

   1.370702457512785                   0   0.982588742548588
                   0   1.356528966360726   0.527098608718052
                   0                   0   0.001000000000000

Parallel pool using the 'local' profile is shutting down.
  message with properties:

    Identifier: 'MATLAB:connector:connector:ConnectorNotRunning'
     Arguments: {}

