MATLAB is selecting SOFTWARE OPENGL rendering.

                            < M A T L A B (R) >
                  Copyright 1984-2017 The MathWorks, Inc.
                   R2017b (9.3.0.713579) 64-bit (glnxa64)
                             September 14, 2017

 
To get started, type one of these: helpwin, helpdesk, or demo.
For product information, visit www.mathworks.com.
 

initres =

   9.567050448943702

Starting parallel pool (parpool) using the 'local' profile ...
connected to 20 workers.
{Error using fun_dic (line 78)
Cannot create 'speckle_map_1.mat' because '../result/train_2_2_70_0075' does
not exist.

Error in fun_mapopt (line 56)
parfor k=1:1:n

Error in lsqnonlin (line 196)
            initVals.F = feval(funfcn{3},xCurrent,varargin{:});

Error in patent2_InAndOut (line 68)
[x,nor,res,exitflag,output] = lsqnonlin( @fun_mapopt, para, [],[],options);

Caused by:
    Failure in initial objective function evaluation. LSQNONLIN cannot
    continue.
} 
>>   message with properties:

    Identifier: 'MATLAB:connector:connector:ConnectorNotRunning'
     Arguments: {}

MATLAB is selecting SOFTWARE OPENGL rendering.

                            < M A T L A B (R) >
                  Copyright 1984-2017 The MathWorks, Inc.
                   R2017b (9.3.0.713579) 64-bit (glnxa64)
                             September 14, 2017

 
To get started, type one of these: helpwin, helpdesk, or demo.
For product information, visit www.mathworks.com.
 

initres =

   9.567050448943702

Starting parallel pool (parpool) using the 'local' profile ...
connected to 20 workers.
Elapsed time is 115.623498 seconds.
Elapsed time is 105.179188 seconds.
Elapsed time is 98.320866 seconds.
Elapsed time is 104.340760 seconds.
Elapsed time is 96.611401 seconds.
Elapsed time is 95.780224 seconds.
Elapsed time is 106.448670 seconds.
Elapsed time is 95.025566 seconds.
Elapsed time is 103.557633 seconds.
Elapsed time is 96.244421 seconds.
Elapsed time is 100.246339 seconds.
Elapsed time is 96.706552 seconds.
Elapsed time is 96.606937 seconds.
Elapsed time is 98.489399 seconds.
Elapsed time is 97.149368 seconds.
Elapsed time is 105.918609 seconds.
Elapsed time is 103.350189 seconds.
Elapsed time is 99.193506 seconds.
Elapsed time is 107.432737 seconds.
Elapsed time is 107.152882 seconds.
Elapsed time is 100.692618 seconds.
Elapsed time is 110.138024 seconds.
Elapsed time is 98.317004 seconds.
Elapsed time is 104.923226 seconds.
Elapsed time is 104.212986 seconds.
Elapsed time is 101.949314 seconds.
Elapsed time is 100.460467 seconds.
Elapsed time is 99.981578 seconds.
Elapsed time is 96.340603 seconds.
Elapsed time is 102.861872 seconds.
Elapsed time is 99.122571 seconds.
Elapsed time is 94.951315 seconds.
Elapsed time is 94.179471 seconds.
Elapsed time is 107.088390 seconds.
Elapsed time is 95.005247 seconds.
Elapsed time is 96.566264 seconds.
Elapsed time is 98.381609 seconds.
Elapsed time is 89.421399 seconds.
Elapsed time is 96.997689 seconds.
Elapsed time is 97.074933 seconds.
Elapsed time is 91.275375 seconds.
Elapsed time is 101.543713 seconds.
Elapsed time is 106.277343 seconds.
Elapsed time is 107.980967 seconds.
Elapsed time is 97.642580 seconds.
Elapsed time is 101.158651 seconds.
Elapsed time is 96.779747 seconds.
Elapsed time is 97.953291 seconds.
Elapsed time is 90.773318 seconds.
Elapsed time is 97.899504 seconds.
Elapsed time is 104.256995 seconds.
Elapsed time is 95.568345 seconds.
Elapsed time is 101.695345 seconds.
MATLAB is selecting SOFTWARE OPENGL rendering.

                            < M A T L A B (R) >
                  Copyright 1984-2017 The MathWorks, Inc.
                   R2017b (9.3.0.713579) 64-bit (glnxa64)
                             September 14, 2017

 
To get started, type one of these: helpwin, helpdesk, or demo.
For product information, visit www.mathworks.com.
 

initres =

   9.567050448943702

Starting parallel pool (parpool) using the 'local' profile ...
connected to 20 workers.
Elapsed time is 153.221241 seconds.
Elapsed time is 135.217296 seconds.
Elapsed time is 140.597796 seconds.
Elapsed time is 126.066275 seconds.
Elapsed time is 130.319961 seconds.
Elapsed time is 122.038118 seconds.
Elapsed time is 115.053167 seconds.
Elapsed time is 123.273432 seconds.
Elapsed time is 124.094032 seconds.
Elapsed time is 121.318359 seconds.
Elapsed time is 108.942242 seconds.
Elapsed time is 129.062645 seconds.
Elapsed time is 124.452611 seconds.
Elapsed time is 130.067953 seconds.
Elapsed time is 117.422427 seconds.
Elapsed time is 130.235634 seconds.
Elapsed time is 132.967477 seconds.
Elapsed time is 147.289663 seconds.
Elapsed time is 144.386073 seconds.
Elapsed time is 147.762556 seconds.
Elapsed time is 115.511883 seconds.
Elapsed time is 129.894098 seconds.
Elapsed time is 114.665498 seconds.
Elapsed time is 109.974281 seconds.
Elapsed time is 117.632858 seconds.
Elapsed time is 120.388040 seconds.
Elapsed time is 130.333987 seconds.
Elapsed time is 126.257310 seconds.
Elapsed time is 118.796677 seconds.
Elapsed time is 120.801706 seconds.
Elapsed time is 120.319827 seconds.
Elapsed time is 142.895326 seconds.
Elapsed time is 139.249601 seconds.
Elapsed time is 135.817671 seconds.
Elapsed time is 129.756938 seconds.
Elapsed time is 109.190629 seconds.
Elapsed time is 116.655709 seconds.
Elapsed time is 122.039336 seconds.
Elapsed time is 117.160690 seconds.
Elapsed time is 114.644822 seconds.
Elapsed time is 122.624963 seconds.
Elapsed time is 121.507556 seconds.
Elapsed time is 110.588374 seconds.
Elapsed time is 118.619308 seconds.
Elapsed time is 113.332046 seconds.
Elapsed time is 112.070636 seconds.
Elapsed time is 110.848918 seconds.
Elapsed time is 126.504335 seconds.
Elapsed time is 140.061750 seconds.
Elapsed time is 124.507406 seconds.
Elapsed time is 128.898582 seconds.
Elapsed time is 132.105889 seconds.
Elapsed time is 127.005817 seconds.
Elapsed time is 132.010925 seconds.
Elapsed time is 117.513810 seconds.
Elapsed time is 121.532359 seconds.
Elapsed time is 125.951767 seconds.
Elapsed time is 128.362858 seconds.
Elapsed time is 118.224593 seconds.
Elapsed time is 121.905984 seconds.
Elapsed time is 112.180680 seconds.
Elapsed time is 117.553585 seconds.
Elapsed time is 121.505402 seconds.
Elapsed time is 135.765141 seconds.
Elapsed time is 119.820219 seconds.
Elapsed time is 121.361766 seconds.
Elapsed time is 130.920618 seconds.
Elapsed time is 130.290597 seconds.
Elapsed time is 117.268307 seconds.
Elapsed time is 132.099386 seconds.
Elapsed time is 129.129301 seconds.
Elapsed time is 118.391811 seconds.
Elapsed time is 116.548928 seconds.
Elapsed time is 128.409773 seconds.
Elapsed time is 118.632517 seconds.
Elapsed time is 104.852019 seconds.
Elapsed time is 127.408597 seconds.
Elapsed time is 109.987451 seconds.
Elapsed time is 107.645719 seconds.
Elapsed time is 121.791755 seconds.
Elapsed time is 116.518679 seconds.
Elapsed time is 128.433961 seconds.
Elapsed time is 126.304612 seconds.
Elapsed time is 126.540537 seconds.
Elapsed time is 111.523572 seconds.
Elapsed time is 109.000026 seconds.
Elapsed time is 112.210947 seconds.
Elapsed time is 126.182857 seconds.
Elapsed time is 106.668360 seconds.
Elapsed time is 106.236631 seconds.
Elapsed time is 115.919810 seconds.
Elapsed time is 108.875539 seconds.
Elapsed time is 110.402820 seconds.
Elapsed time is 147.290363 seconds.
Elapsed time is 118.942373 seconds.
Elapsed time is 117.421770 seconds.
Elapsed time is 124.768599 seconds.
Elapsed time is 132.527124 seconds.
Elapsed time is 123.675073 seconds.
Elapsed time is 120.310778 seconds.
Elapsed time is 115.905504 seconds.
Elapsed time is 113.845589 seconds.
Elapsed time is 120.505618 seconds.
Elapsed time is 121.467944 seconds.
Elapsed time is 125.945985 seconds.
Elapsed time is 122.187068 seconds.
Elapsed time is 127.414057 seconds.
Elapsed time is 110.219248 seconds.
Elapsed time is 123.425828 seconds.
Elapsed time is 114.344231 seconds.
Elapsed time is 144.386173 seconds.
Elapsed time is 131.605983 seconds.
Elapsed time is 118.177818 seconds.
Elapsed time is 120.914228 seconds.
Elapsed time is 115.659996 seconds.
Elapsed time is 115.252435 seconds.
Elapsed time is 120.106206 seconds.
Elapsed time is 122.105704 seconds.
Elapsed time is 124.237629 seconds.
Elapsed time is 125.426124 seconds.
Elapsed time is 123.232893 seconds.
Elapsed time is 122.861678 seconds.
Elapsed time is 124.130658 seconds.
Elapsed time is 119.895969 seconds.
Elapsed time is 112.475695 seconds.

                                        First-Order                    Norm of 
 Iteration  Func-count    Residual       optimality      Lambda           step
     0         125         16830.9        3.16e+06         0.01
Elapsed time is 142.713815 seconds.
Elapsed time is 134.216035 seconds.
Elapsed time is 124.904009 seconds.
Elapsed time is 123.756637 seconds.
Elapsed time is 124.515538 seconds.
Elapsed time is 121.113483 seconds.
Elapsed time is 119.394402 seconds.
Elapsed time is 113.457876 seconds.
Elapsed time is 126.110131 seconds.
Elapsed time is 114.838154 seconds.
Elapsed time is 135.261954 seconds.
Elapsed time is 118.568782 seconds.
Elapsed time is 137.976382 seconds.
Elapsed time is 138.745053 seconds.
Elapsed time is 124.119224 seconds.
Elapsed time is 115.156224 seconds.
Elapsed time is 107.422676 seconds.
Elapsed time is 122.762156 seconds.
Elapsed time is 116.461548 seconds.
Elapsed time is 107.244803 seconds.
Elapsed time is 121.685675 seconds.
Elapsed time is 118.689361 seconds.
Elapsed time is 109.920842 seconds.
Elapsed time is 124.365578 seconds.
Elapsed time is 111.148186 seconds.
Elapsed time is 136.193611 seconds.
Elapsed time is 117.564239 seconds.
Elapsed time is 118.705504 seconds.
Elapsed time is 122.804879 seconds.
Elapsed time is 122.026472 seconds.
Elapsed time is 127.877648 seconds.
Elapsed time is 120.717905 seconds.
Elapsed time is 122.190945 seconds.
Elapsed time is 117.541465 seconds.
Elapsed time is 121.685824 seconds.
Elapsed time is 133.737021 seconds.
Elapsed time is 120.567723 seconds.
Elapsed time is 121.258790 seconds.
Elapsed time is 127.729526 seconds.
Elapsed time is 123.829686 seconds.
Elapsed time is 120.056616 seconds.
Elapsed time is 117.776241 seconds.
Elapsed time is 123.952567 seconds.
Elapsed time is 132.130730 seconds.
Elapsed time is 139.840781 seconds.
Elapsed time is 137.682010 seconds.
Elapsed time is 136.385089 seconds.
Elapsed time is 130.351769 seconds.
Elapsed time is 122.574347 seconds.
Elapsed time is 118.040819 seconds.
Elapsed time is 134.346685 seconds.
Elapsed time is 124.134659 seconds.
Elapsed time is 140.001954 seconds.
Elapsed time is 135.353925 seconds.
Elapsed time is 118.585705 seconds.
Elapsed time is 118.252000 seconds.
Elapsed time is 113.163864 seconds.
Elapsed time is 127.024219 seconds.
Elapsed time is 122.944736 seconds.
Elapsed time is 126.860376 seconds.
Elapsed time is 128.831934 seconds.
Elapsed time is 136.898759 seconds.
Elapsed time is 131.840682 seconds.
Elapsed time is 116.867795 seconds.
Elapsed time is 124.168518 seconds.
Elapsed time is 118.445223 seconds.
Elapsed time is 104.789245 seconds.
Elapsed time is 118.264565 seconds.
Elapsed time is 117.022534 seconds.
Elapsed time is 114.632989 seconds.
Elapsed time is 114.442039 seconds.
Elapsed time is 115.095603 seconds.
Elapsed time is 135.248947 seconds.
Elapsed time is 114.904905 seconds.
Elapsed time is 123.680995 seconds.
Elapsed time is 128.863809 seconds.
Elapsed time is 118.982519 seconds.
Elapsed time is 119.522546 seconds.
Elapsed time is 135.352882 seconds.
Elapsed time is 116.633760 seconds.
Elapsed time is 107.911393 seconds.
Elapsed time is 113.116449 seconds.
Elapsed time is 114.410901 seconds.
Elapsed time is 110.379821 seconds.
Elapsed time is 108.861221 seconds.
Elapsed time is 120.860081 seconds.
Elapsed time is 108.882581 seconds.
Elapsed time is 113.878097 seconds.
Elapsed time is 111.636466 seconds.
Elapsed time is 107.963729 seconds.
Elapsed time is 112.350664 seconds.
Elapsed time is 125.381597 seconds.
Elapsed time is 135.139460 seconds.
Elapsed time is 107.626315 seconds.
Elapsed time is 128.267358 seconds.
Elapsed time is 118.743338 seconds.
Elapsed time is 114.782768 seconds.
Elapsed time is 118.364916 seconds.
Elapsed time is 124.307848 seconds.
Elapsed time is 104.305413 seconds.
Elapsed time is 123.586378 seconds.
Elapsed time is 116.675497 seconds.
Elapsed time is 114.726254 seconds.
Elapsed time is 126.863877 seconds.
Elapsed time is 106.583207 seconds.
Elapsed time is 124.865700 seconds.
Elapsed time is 141.143765 seconds.
Elapsed time is 124.999171 seconds.
Elapsed time is 120.848430 seconds.
Elapsed time is 117.576745 seconds.
Elapsed time is 111.891466 seconds.
Elapsed time is 112.173299 seconds.
Elapsed time is 132.444480 seconds.
Elapsed time is 113.941738 seconds.
Elapsed time is 111.452640 seconds.
Elapsed time is 115.751009 seconds.
Elapsed time is 108.718095 seconds.
Elapsed time is 119.670295 seconds.
Elapsed time is 127.741016 seconds.
Elapsed time is 119.475371 seconds.
Elapsed time is 122.870595 seconds.
Elapsed time is 117.239598 seconds.
Elapsed time is 122.502710 seconds.
Elapsed time is 134.014274 seconds.
Elapsed time is 139.842141 seconds.
     1         250         9670.01         2.1e+06        0.001      0.0449191
Elapsed time is 133.273290 seconds.
Elapsed time is 136.147753 seconds.
Elapsed time is 125.071943 seconds.
Elapsed time is 115.198667 seconds.
Elapsed time is 124.509777 seconds.
Elapsed time is 125.281377 seconds.
Elapsed time is 132.975161 seconds.
Elapsed time is 123.142677 seconds.
Elapsed time is 119.850450 seconds.
Elapsed time is 121.138744 seconds.
Elapsed time is 111.954667 seconds.
Elapsed time is 112.185793 seconds.
Elapsed time is 110.943561 seconds.
Elapsed time is 129.502754 seconds.
Elapsed time is 139.263345 seconds.
Elapsed time is 128.153535 seconds.
Elapsed time is 116.325327 seconds.
Elapsed time is 113.155959 seconds.
Elapsed time is 130.277858 seconds.
Elapsed time is 124.516699 seconds.
Elapsed time is 133.140978 seconds.
Elapsed time is 129.054817 seconds.
Elapsed time is 123.323273 seconds.
Elapsed time is 124.290850 seconds.
Elapsed time is 120.530098 seconds.
Elapsed time is 128.529957 seconds.
Elapsed time is 125.211038 seconds.
Elapsed time is 113.420399 seconds.
Elapsed time is 119.450351 seconds.
Elapsed time is 140.611701 seconds.
Elapsed time is 123.571761 seconds.
Elapsed time is 115.407504 seconds.
Elapsed time is 138.251848 seconds.
Elapsed time is 123.559861 seconds.
Elapsed time is 115.154832 seconds.
Elapsed time is 110.889133 seconds.
Elapsed time is 120.954426 seconds.
Elapsed time is 120.094086 seconds.
Elapsed time is 112.310683 seconds.
Elapsed time is 118.178314 seconds.
Elapsed time is 118.795053 seconds.
Elapsed time is 118.426001 seconds.
Elapsed time is 117.445546 seconds.
Elapsed time is 111.557315 seconds.
Elapsed time is 118.816530 seconds.
Elapsed time is 119.131959 seconds.
Elapsed time is 113.387016 seconds.
Elapsed time is 125.265440 seconds.
Elapsed time is 115.697638 seconds.
Elapsed time is 110.090228 seconds.
Elapsed time is 118.883229 seconds.
Elapsed time is 128.481141 seconds.
Elapsed time is 108.998350 seconds.
Elapsed time is 126.769819 seconds.
Elapsed time is 129.142203 seconds.
Elapsed time is 115.105401 seconds.
Elapsed time is 106.023777 seconds.
Elapsed time is 118.827489 seconds.
Elapsed time is 112.822937 seconds.
Elapsed time is 115.343686 seconds.
Elapsed time is 114.094837 seconds.
Elapsed time is 119.945184 seconds.
Elapsed time is 125.381121 seconds.
Elapsed time is 117.194049 seconds.
Elapsed time is 127.929204 seconds.
Elapsed time is 138.538310 seconds.
Elapsed time is 139.052906 seconds.
Elapsed time is 131.710124 seconds.
Elapsed time is 111.709561 seconds.
Elapsed time is 117.090664 seconds.
Elapsed time is 112.597430 seconds.
Elapsed time is 112.639886 seconds.
Elapsed time is 102.216458 seconds.
Elapsed time is 127.926035 seconds.
Elapsed time is 125.011128 seconds.
Elapsed time is 122.057830 seconds.
Elapsed time is 115.429137 seconds.
Elapsed time is 117.804007 seconds.
Elapsed time is 133.340663 seconds.
Elapsed time is 136.510308 seconds.
Elapsed time is 124.086871 seconds.
Elapsed time is 121.991554 seconds.
Elapsed time is 116.189801 seconds.
Elapsed time is 120.394389 seconds.
Elapsed time is 124.553295 seconds.
Elapsed time is 111.425835 seconds.
Elapsed time is 122.484031 seconds.
Elapsed time is 120.329899 seconds.
Elapsed time is 132.995569 seconds.
Elapsed time is 122.152838 seconds.
Elapsed time is 131.449371 seconds.
Elapsed time is 118.270419 seconds.
Elapsed time is 133.462010 seconds.
Elapsed time is 119.751614 seconds.
Elapsed time is 114.133753 seconds.
Elapsed time is 115.655079 seconds.
Elapsed time is 127.706290 seconds.
Elapsed time is 116.567574 seconds.
Elapsed time is 108.245171 seconds.
Elapsed time is 130.124963 seconds.
Elapsed time is 118.127162 seconds.
Elapsed time is 127.964845 seconds.
Elapsed time is 134.828598 seconds.
Elapsed time is 123.519353 seconds.
Elapsed time is 121.573093 seconds.
Elapsed time is 126.135237 seconds.
Elapsed time is 118.401307 seconds.
Elapsed time is 115.756195 seconds.
Elapsed time is 133.070030 seconds.
Elapsed time is 121.479263 seconds.
Elapsed time is 117.682755 seconds.
Elapsed time is 128.482219 seconds.
Elapsed time is 112.459401 seconds.
Elapsed time is 120.136003 seconds.
Elapsed time is 105.017154 seconds.
Elapsed time is 121.625047 seconds.
Elapsed time is 114.737563 seconds.
Elapsed time is 120.219813 seconds.
Elapsed time is 119.273103 seconds.
Elapsed time is 120.606140 seconds.
Elapsed time is 118.389610 seconds.
Elapsed time is 123.265973 seconds.
Elapsed time is 118.298766 seconds.
Elapsed time is 122.306134 seconds.
Elapsed time is 122.333131 seconds.
     2         375         7313.87        5.08e+05       0.0001      0.0356352
Elapsed time is 105.544537 seconds.
Elapsed time is 115.320564 seconds.
Elapsed time is 122.749254 seconds.
Elapsed time is 107.436748 seconds.
MATLAB is selecting SOFTWARE OPENGL rendering.

                            < M A T L A B (R) >
                  Copyright 1984-2017 The MathWorks, Inc.
                   R2017b (9.3.0.713579) 64-bit (glnxa64)
                             September 14, 2017

 
To get started, type one of these: helpwin, helpdesk, or demo.
For product information, visit www.mathworks.com.
 
Starting parallel pool (parpool) using the 'local' profile ...
connected to 20 workers.
Elapsed time is 116.498078 seconds.
Elapsed time is 123.493732 seconds.
Elapsed time is 122.496282 seconds.
Elapsed time is 126.124067 seconds.
Elapsed time is 127.240039 seconds.
Elapsed time is 120.192193 seconds.
Elapsed time is 119.248996 seconds.
Elapsed time is 114.335946 seconds.
Elapsed time is 129.601684 seconds.
Elapsed time is 122.015968 seconds.
Elapsed time is 121.230555 seconds.
Elapsed time is 127.477422 seconds.
Elapsed time is 125.224515 seconds.
Elapsed time is 119.087876 seconds.
Elapsed time is 122.288114 seconds.
Elapsed time is 128.176197 seconds.
Elapsed time is 125.513515 seconds.
Elapsed time is 128.063015 seconds.
Elapsed time is 126.168339 seconds.
Elapsed time is 108.649998 seconds.
Elapsed time is 113.655332 seconds.
Elapsed time is 120.148835 seconds.
Elapsed time is 116.238523 seconds.
Elapsed time is 116.492501 seconds.
Elapsed time is 114.952748 seconds.
Elapsed time is 127.217437 seconds.
Elapsed time is 127.705883 seconds.
Elapsed time is 117.863973 seconds.
Elapsed time is 122.687153 seconds.
Elapsed time is 135.196639 seconds.
Elapsed time is 124.833548 seconds.
Elapsed time is 118.288507 seconds.
Elapsed time is 120.533871 seconds.
Elapsed time is 118.768875 seconds.
Elapsed time is 110.496594 seconds.
Elapsed time is 128.108791 seconds.
Elapsed time is 118.944019 seconds.
Elapsed time is 119.294024 seconds.
Elapsed time is 118.639951 seconds.
Elapsed time is 125.183112 seconds.
Elapsed time is 109.167192 seconds.
Elapsed time is 123.711464 seconds.
Elapsed time is 121.666320 seconds.
Elapsed time is 124.290120 seconds.
Elapsed time is 126.374303 seconds.
Elapsed time is 113.481593 seconds.
Elapsed time is 112.751830 seconds.
Elapsed time is 128.235617 seconds.
Elapsed time is 119.852050 seconds.
Elapsed time is 124.681670 seconds.
Elapsed time is 118.105046 seconds.
Elapsed time is 123.832358 seconds.
Elapsed time is 115.841329 seconds.
Elapsed time is 134.466319 seconds.
Elapsed time is 131.912617 seconds.
Elapsed time is 122.957852 seconds.
Elapsed time is 117.445978 seconds.
Elapsed time is 120.837159 seconds.
Elapsed time is 129.267282 seconds.
Elapsed time is 123.594443 seconds.
Elapsed time is 130.214846 seconds.
Elapsed time is 130.530194 seconds.
Elapsed time is 146.647179 seconds.
Elapsed time is 149.428511 seconds.
Elapsed time is 139.766999 seconds.
Elapsed time is 139.547645 seconds.
Elapsed time is 133.278246 seconds.
Elapsed time is 131.008012 seconds.
Elapsed time is 134.863326 seconds.
Elapsed time is 128.969954 seconds.
Elapsed time is 138.814960 seconds.
Elapsed time is 146.000433 seconds.
Elapsed time is 135.754054 seconds.
Elapsed time is 133.148232 seconds.
Elapsed time is 138.226209 seconds.
Elapsed time is 133.903363 seconds.
Elapsed time is 130.259488 seconds.
Elapsed time is 118.387839 seconds.
Elapsed time is 122.414879 seconds.
Elapsed time is 114.842074 seconds.
Elapsed time is 125.568294 seconds.
Elapsed time is 118.162324 seconds.
Elapsed time is 129.035178 seconds.
Elapsed time is 138.141529 seconds.
Elapsed time is 128.925118 seconds.
Elapsed time is 127.198896 seconds.
Elapsed time is 140.648869 seconds.
Elapsed time is 138.862006 seconds.
Elapsed time is 133.372013 seconds.
Elapsed time is 131.201239 seconds.
Elapsed time is 114.870031 seconds.
Elapsed time is 119.773737 seconds.
Elapsed time is 118.024581 seconds.
Elapsed time is 124.429274 seconds.
Elapsed time is 121.921901 seconds.
Elapsed time is 134.641784 seconds.
Elapsed time is 125.268943 seconds.
Elapsed time is 130.389993 seconds.
Elapsed time is 126.363550 seconds.
Elapsed time is 130.349806 seconds.
Elapsed time is 117.533898 seconds.
Elapsed time is 142.341581 seconds.
Elapsed time is 137.090350 seconds.
Elapsed time is 133.616810 seconds.
Elapsed time is 111.774695 seconds.
Elapsed time is 115.286051 seconds.
Elapsed time is 117.175319 seconds.
Elapsed time is 125.922629 seconds.
Elapsed time is 122.319579 seconds.
Elapsed time is 121.341391 seconds.
Elapsed time is 124.160650 seconds.
Elapsed time is 123.212415 seconds.
Elapsed time is 124.288766 seconds.
Elapsed time is 128.135065 seconds.
Elapsed time is 134.267497 seconds.
Elapsed time is 118.475175 seconds.
Elapsed time is 112.947446 seconds.
Elapsed time is 118.502171 seconds.
Elapsed time is 129.108876 seconds.
Elapsed time is 120.282991 seconds.
Elapsed time is 122.722661 seconds.
Elapsed time is 127.012510 seconds.
Elapsed time is 125.704166 seconds.
Elapsed time is 126.881187 seconds.
Elapsed time is 141.221767 seconds.

                                        First-Order                    Norm of 
 Iteration  Func-count    Residual       optimality      Lambda           step
     0         125         6826.09        1.25e+07         0.01
Elapsed time is 132.813131 seconds.
Elapsed time is 135.142640 seconds.
Elapsed time is 133.993954 seconds.
Elapsed time is 121.952633 seconds.
Elapsed time is 125.417891 seconds.
Elapsed time is 122.080451 seconds.
Elapsed time is 117.029738 seconds.
Elapsed time is 140.412117 seconds.
Elapsed time is 150.671938 seconds.
Elapsed time is 157.010171 seconds.
Elapsed time is 158.800926 seconds.
Elapsed time is 150.073057 seconds.
Elapsed time is 142.957997 seconds.
Elapsed time is 132.586866 seconds.
Elapsed time is 121.617859 seconds.
Elapsed time is 117.657031 seconds.
Elapsed time is 110.011760 seconds.
Elapsed time is 117.182190 seconds.
Elapsed time is 128.426426 seconds.
Elapsed time is 138.053713 seconds.
Elapsed time is 108.012437 seconds.
Elapsed time is 127.817445 seconds.
Elapsed time is 121.194168 seconds.
Elapsed time is 135.652339 seconds.
Elapsed time is 132.172748 seconds.
Elapsed time is 117.918998 seconds.
Elapsed time is 126.181381 seconds.
Elapsed time is 111.184142 seconds.
Elapsed time is 126.823606 seconds.
Elapsed time is 125.574640 seconds.
Elapsed time is 120.954668 seconds.
Elapsed time is 120.476664 seconds.
Elapsed time is 141.084944 seconds.
Elapsed time is 132.083419 seconds.
Elapsed time is 135.421046 seconds.
Elapsed time is 132.011708 seconds.
Elapsed time is 118.813817 seconds.
Elapsed time is 123.325999 seconds.
Elapsed time is 122.451961 seconds.
Elapsed time is 130.160938 seconds.
Elapsed time is 121.141590 seconds.
Elapsed time is 121.534023 seconds.
Elapsed time is 118.972513 seconds.
Elapsed time is 114.115639 seconds.
Elapsed time is 129.411897 seconds.
Elapsed time is 119.099564 seconds.
Elapsed time is 119.953032 seconds.
Elapsed time is 132.770422 seconds.
Elapsed time is 123.179651 seconds.
Elapsed time is 142.373185 seconds.
Elapsed time is 146.161310 seconds.
Elapsed time is 151.842317 seconds.
Elapsed time is 146.776797 seconds.
Elapsed time is 141.460598 seconds.
Elapsed time is 130.205947 seconds.
Elapsed time is 126.172655 seconds.
Elapsed time is 117.818233 seconds.
Elapsed time is 107.350854 seconds.
Elapsed time is 116.643477 seconds.
Elapsed time is 121.972040 seconds.
Elapsed time is 129.902347 seconds.
Elapsed time is 115.128362 seconds.
Elapsed time is 115.516836 seconds.
Elapsed time is 115.924924 seconds.
Elapsed time is 129.941698 seconds.
Elapsed time is 135.083716 seconds.
Elapsed time is 138.793164 seconds.
Elapsed time is 132.731143 seconds.
Elapsed time is 145.502106 seconds.
Elapsed time is 136.401245 seconds.
Elapsed time is 139.433663 seconds.
Elapsed time is 130.125043 seconds.
Elapsed time is 139.384719 seconds.
Elapsed time is 132.701300 seconds.
Elapsed time is 125.598854 seconds.
Elapsed time is 133.896259 seconds.
Elapsed time is 139.259749 seconds.
Elapsed time is 139.214741 seconds.
Elapsed time is 140.525578 seconds.
Elapsed time is 142.158777 seconds.
Elapsed time is 129.159702 seconds.
Elapsed time is 130.135201 seconds.
Elapsed time is 109.146741 seconds.
Elapsed time is 114.603830 seconds.
Elapsed time is 128.019702 seconds.
Elapsed time is 124.554950 seconds.
Elapsed time is 123.172194 seconds.
Elapsed time is 111.851667 seconds.
Elapsed time is 119.691549 seconds.
Elapsed time is 123.804419 seconds.
Elapsed time is 115.623276 seconds.
Elapsed time is 138.644187 seconds.
Elapsed time is 137.211226 seconds.
Elapsed time is 132.231315 seconds.
Elapsed time is 129.927692 seconds.
Elapsed time is 132.558388 seconds.
Elapsed time is 125.532371 seconds.
Elapsed time is 129.301199 seconds.
Elapsed time is 138.118741 seconds.
Elapsed time is 135.524798 seconds.
Elapsed time is 133.851331 seconds.
Elapsed time is 134.289747 seconds.
Elapsed time is 141.515559 seconds.
Elapsed time is 144.279705 seconds.
Elapsed time is 134.398200 seconds.
Elapsed time is 115.929151 seconds.
Elapsed time is 118.950337 seconds.
Elapsed time is 135.359646 seconds.
Elapsed time is 127.683653 seconds.
Elapsed time is 132.277721 seconds.
Elapsed time is 121.068701 seconds.
Elapsed time is 134.197055 seconds.
Elapsed time is 119.833395 seconds.
Elapsed time is 131.017950 seconds.
Elapsed time is 120.433494 seconds.
Elapsed time is 126.147781 seconds.
Elapsed time is 124.993958 seconds.
Elapsed time is 128.337771 seconds.
Elapsed time is 111.558417 seconds.
Elapsed time is 119.082041 seconds.
Elapsed time is 119.642270 seconds.
Elapsed time is 109.849813 seconds.
Elapsed time is 120.949514 seconds.
Elapsed time is 126.464361 seconds.
Elapsed time is 145.322347 seconds.
     1         250         6496.64        1.61e+05        0.001      0.0210489
Elapsed time is 136.594361 seconds.
Elapsed time is 124.232433 seconds.
Elapsed time is 124.532763 seconds.
Elapsed time is 116.109293 seconds.
Elapsed time is 132.206884 seconds.
Elapsed time is 121.732409 seconds.
Elapsed time is 118.958895 seconds.
Elapsed time is 113.769344 seconds.
Elapsed time is 124.077462 seconds.
Elapsed time is 123.515301 seconds.
Elapsed time is 127.076421 seconds.
Elapsed time is 118.062680 seconds.
Elapsed time is 119.598298 seconds.
Elapsed time is 120.307896 seconds.
Elapsed time is 123.380363 seconds.
Elapsed time is 119.186074 seconds.
Elapsed time is 117.082781 seconds.
Elapsed time is 129.109515 seconds.
Elapsed time is 123.213878 seconds.
Elapsed time is 129.875093 seconds.
Elapsed time is 132.357918 seconds.
Elapsed time is 146.716230 seconds.
Elapsed time is 145.997988 seconds.
Elapsed time is 143.690600 seconds.
Elapsed time is 136.820397 seconds.
Elapsed time is 125.249668 seconds.
Elapsed time is 116.787990 seconds.
Elapsed time is 108.988827 seconds.
Elapsed time is 120.843603 seconds.
Elapsed time is 133.036757 seconds.
Elapsed time is 125.228082 seconds.
Elapsed time is 130.764941 seconds.
Elapsed time is 143.131611 seconds.
Elapsed time is 135.674155 seconds.
Elapsed time is 135.244033 seconds.
Elapsed time is 144.940706 seconds.
Elapsed time is 124.857174 seconds.
Elapsed time is 130.144257 seconds.
Elapsed time is 126.370668 seconds.
Elapsed time is 116.867675 seconds.
Elapsed time is 114.723178 seconds.
Elapsed time is 116.569441 seconds.
Elapsed time is 141.727680 seconds.
Elapsed time is 132.202409 seconds.
Elapsed time is 127.962984 seconds.
Elapsed time is 121.947471 seconds.
Elapsed time is 113.960360 seconds.
Elapsed time is 115.069421 seconds.
Elapsed time is 119.974428 seconds.
Elapsed time is 127.729936 seconds.
Elapsed time is 122.749474 seconds.
Elapsed time is 120.350799 seconds.
Elapsed time is 119.653845 seconds.
Elapsed time is 110.397383 seconds.
Elapsed time is 118.475588 seconds.
Elapsed time is 127.497314 seconds.
Elapsed time is 112.667599 seconds.
Elapsed time is 123.010435 seconds.
Elapsed time is 130.005070 seconds.
Elapsed time is 120.830485 seconds.
Elapsed time is 117.605139 seconds.
Elapsed time is 120.428663 seconds.
Elapsed time is 125.456067 seconds.
Elapsed time is 113.374635 seconds.
Elapsed time is 114.251552 seconds.
Elapsed time is 115.785506 seconds.
Elapsed time is 126.054467 seconds.
Elapsed time is 116.400401 seconds.
Elapsed time is 119.887749 seconds.
Elapsed time is 133.272055 seconds.
Elapsed time is 132.990805 seconds.
Elapsed time is 120.216266 seconds.
Elapsed time is 121.375165 seconds.
Elapsed time is 110.217000 seconds.
Elapsed time is 121.946468 seconds.
Elapsed time is 123.274686 seconds.
Elapsed time is 117.030621 seconds.
Elapsed time is 124.979455 seconds.
Elapsed time is 111.683062 seconds.
Elapsed time is 130.353014 seconds.
Elapsed time is 130.231983 seconds.
Elapsed time is 108.179610 seconds.
Elapsed time is 128.961396 seconds.
Elapsed time is 116.731881 seconds.
Elapsed time is 122.291314 seconds.
Elapsed time is 127.723049 seconds.
Elapsed time is 128.392572 seconds.
Elapsed time is 126.883642 seconds.
Elapsed time is 123.441115 seconds.
Elapsed time is 131.623517 seconds.
Elapsed time is 125.962399 seconds.
Elapsed time is 129.301517 seconds.
Elapsed time is 123.814298 seconds.
Elapsed time is 123.166055 seconds.
Elapsed time is 123.083851 seconds.
Elapsed time is 117.993728 seconds.
Elapsed time is 125.283679 seconds.
Elapsed time is 127.308203 seconds.
Elapsed time is 121.765773 seconds.
Elapsed time is 120.138214 seconds.
Elapsed time is 121.917812 seconds.
Elapsed time is 116.054025 seconds.
Elapsed time is 125.862327 seconds.
Elapsed time is 113.685986 seconds.
Elapsed time is 123.694323 seconds.
Elapsed time is 122.233997 seconds.
Elapsed time is 120.945121 seconds.
Elapsed time is 113.326666 seconds.
Elapsed time is 124.011127 seconds.
Elapsed time is 129.838372 seconds.
Elapsed time is 117.559803 seconds.
Elapsed time is 113.602088 seconds.
Elapsed time is 122.714096 seconds.
Elapsed time is 137.343043 seconds.
Elapsed time is 127.746488 seconds.
Elapsed time is 131.729573 seconds.
Elapsed time is 126.594425 seconds.
Elapsed time is 132.871905 seconds.
Elapsed time is 136.263937 seconds.
Elapsed time is 116.951904 seconds.
Elapsed time is 110.382239 seconds.
Elapsed time is 112.082054 seconds.
Elapsed time is 128.684875 seconds.
Elapsed time is 127.708425 seconds.
Elapsed time is 121.306643 seconds.
     2         375         6347.22         2.4e+06       0.0001       0.017774
Elapsed time is 117.754436 seconds.
Elapsed time is 119.646220 seconds.
Elapsed time is 131.479656 seconds.
Elapsed time is 113.922760 seconds.
Elapsed time is 118.528459 seconds.
Elapsed time is 128.712742 seconds.
Elapsed time is 128.884911 seconds.
Elapsed time is 129.383484 seconds.
Elapsed time is 144.628756 seconds.
Elapsed time is 140.867360 seconds.
Elapsed time is 120.573047 seconds.
Elapsed time is 119.083077 seconds.
Elapsed time is 121.484312 seconds.
Elapsed time is 128.321345 seconds.
Elapsed time is 122.130808 seconds.
Elapsed time is 121.450134 seconds.
Elapsed time is 117.730823 seconds.
Elapsed time is 118.752460 seconds.
Elapsed time is 118.309910 seconds.
Elapsed time is 119.670962 seconds.
Elapsed time is 133.321292 seconds.
Elapsed time is 122.907093 seconds.
Elapsed time is 134.537587 seconds.
Elapsed time is 124.684534 seconds.
Elapsed time is 109.056958 seconds.
Elapsed time is 131.302892 seconds.
Elapsed time is 118.018079 seconds.
Elapsed time is 125.484938 seconds.
Elapsed time is 122.496585 seconds.
Elapsed time is 126.129688 seconds.
Elapsed time is 123.654477 seconds.
Elapsed time is 119.261039 seconds.
Elapsed time is 113.105161 seconds.
Elapsed time is 124.167961 seconds.
Elapsed time is 129.992295 seconds.
Elapsed time is 112.252850 seconds.
Elapsed time is 123.939275 seconds.
Elapsed time is 118.213857 seconds.
Elapsed time is 123.092395 seconds.
Elapsed time is 132.514479 seconds.
Elapsed time is 124.265105 seconds.
Elapsed time is 128.051545 seconds.
Elapsed time is 115.647488 seconds.
Elapsed time is 117.749179 seconds.
Elapsed time is 119.177403 seconds.
Elapsed time is 122.920138 seconds.
Elapsed time is 127.914553 seconds.
Elapsed time is 116.667088 seconds.
Elapsed time is 127.043438 seconds.
Elapsed time is 141.503676 seconds.
Elapsed time is 148.818789 seconds.
Elapsed time is 147.265014 seconds.
Elapsed time is 141.203176 seconds.
Elapsed time is 130.103099 seconds.
Elapsed time is 128.033806 seconds.
Elapsed time is 129.473900 seconds.
Elapsed time is 103.318966 seconds.
Elapsed time is 131.744924 seconds.
Elapsed time is 117.568821 seconds.
Elapsed time is 126.260571 seconds.
Elapsed time is 119.684579 seconds.
Elapsed time is 113.940631 seconds.
Elapsed time is 127.201485 seconds.
Elapsed time is 121.935042 seconds.
Elapsed time is 116.810433 seconds.
Elapsed time is 120.635126 seconds.
Elapsed time is 125.556635 seconds.
Elapsed time is 116.348615 seconds.
Elapsed time is 127.989078 seconds.
Elapsed time is 135.133942 seconds.
Elapsed time is 119.398513 seconds.
Elapsed time is 121.120212 seconds.
Elapsed time is 118.238121 seconds.
Elapsed time is 124.700953 seconds.
Elapsed time is 129.070840 seconds.
Elapsed time is 125.614924 seconds.
Elapsed time is 124.833394 seconds.
Elapsed time is 116.941715 seconds.
Elapsed time is 113.987999 seconds.
Elapsed time is 124.815151 seconds.
Elapsed time is 118.224174 seconds.
Elapsed time is 120.270600 seconds.
Elapsed time is 121.098694 seconds.
Elapsed time is 125.354359 seconds.
Elapsed time is 120.180332 seconds.
Elapsed time is 117.255028 seconds.
Elapsed time is 119.503395 seconds.
Elapsed time is 112.053011 seconds.
Elapsed time is 132.586678 seconds.
Elapsed time is 131.200999 seconds.
Elapsed time is 124.579822 seconds.
Elapsed time is 131.561043 seconds.
Elapsed time is 116.719273 seconds.
Elapsed time is 112.660154 seconds.
Elapsed time is 123.295195 seconds.
Elapsed time is 128.091978 seconds.
Elapsed time is 131.029858 seconds.
Elapsed time is 118.276148 seconds.
Elapsed time is 123.244739 seconds.
Elapsed time is 115.625069 seconds.
Elapsed time is 115.323772 seconds.
Elapsed time is 122.332568 seconds.
Elapsed time is 117.818267 seconds.
Elapsed time is 117.555559 seconds.
Elapsed time is 118.807427 seconds.
Elapsed time is 126.974410 seconds.
Elapsed time is 111.201438 seconds.
Elapsed time is 117.128976 seconds.
Elapsed time is 119.860143 seconds.
Elapsed time is 120.564439 seconds.
Elapsed time is 121.555229 seconds.
Elapsed time is 130.239254 seconds.
Elapsed time is 133.800645 seconds.
Elapsed time is 125.091933 seconds.
Elapsed time is 128.541394 seconds.
Elapsed time is 124.185974 seconds.
Elapsed time is 114.347690 seconds.
Elapsed time is 109.496364 seconds.
Elapsed time is 114.472254 seconds.
Elapsed time is 126.809209 seconds.
Elapsed time is 127.887149 seconds.
Elapsed time is 123.887830 seconds.
Elapsed time is 119.190331 seconds.
Elapsed time is 139.638494 seconds.
Elapsed time is 130.511053 seconds.
     3         500          6254.6        4.84e+05        1e-05      0.0296242
Elapsed time is 124.648272 seconds.
Elapsed time is 121.055276 seconds.
Elapsed time is 130.657447 seconds.
Elapsed time is 122.146391 seconds.
Elapsed time is 109.032027 seconds.
Elapsed time is 122.969335 seconds.
Elapsed time is 113.462529 seconds.
Elapsed time is 118.046353 seconds.
Elapsed time is 129.862166 seconds.
Elapsed time is 127.992640 seconds.
Elapsed time is 117.551776 seconds.
Elapsed time is 125.775301 seconds.
Elapsed time is 118.919953 seconds.
Elapsed time is 129.131679 seconds.
Elapsed time is 118.172539 seconds.
Elapsed time is 115.688479 seconds.
Elapsed time is 116.146038 seconds.
Elapsed time is 113.315600 seconds.
Elapsed time is 127.679369 seconds.
Elapsed time is 126.143322 seconds.
Elapsed time is 110.416638 seconds.
Elapsed time is 132.032966 seconds.
Elapsed time is 109.950775 seconds.
Elapsed time is 122.178726 seconds.
Elapsed time is 120.933156 seconds.
Elapsed time is 126.123623 seconds.
Elapsed time is 116.089384 seconds.
Elapsed time is 125.358870 seconds.
Elapsed time is 128.962263 seconds.
Elapsed time is 127.250565 seconds.
Elapsed time is 126.686350 seconds.
Elapsed time is 136.181411 seconds.
Elapsed time is 128.781433 seconds.
Elapsed time is 142.405468 seconds.
Elapsed time is 145.814438 seconds.
Elapsed time is 154.534064 seconds.
Elapsed time is 152.238729 seconds.
Elapsed time is 148.494128 seconds.
Elapsed time is 147.948852 seconds.
Elapsed time is 144.079212 seconds.
Elapsed time is 142.051254 seconds.
Elapsed time is 136.828919 seconds.
Elapsed time is 131.755593 seconds.
Elapsed time is 122.237864 seconds.
Elapsed time is 135.600972 seconds.
Elapsed time is 128.280715 seconds.
Elapsed time is 138.449531 seconds.
Elapsed time is 130.842634 seconds.
Elapsed time is 133.243504 seconds.
Elapsed time is 133.760161 seconds.
Elapsed time is 146.546297 seconds.
Elapsed time is 140.060927 seconds.
Elapsed time is 142.348570 seconds.
Elapsed time is 142.409947 seconds.
Elapsed time is 147.855847 seconds.
Elapsed time is 151.950332 seconds.
Elapsed time is 157.237684 seconds.
Elapsed time is 161.098223 seconds.
Elapsed time is 159.516952 seconds.
Elapsed time is 155.140032 seconds.
Elapsed time is 153.256752 seconds.
Elapsed time is 141.220294 seconds.
Elapsed time is 124.470878 seconds.
Elapsed time is 133.260361 seconds.
Elapsed time is 133.405432 seconds.
Elapsed time is 136.180290 seconds.
Elapsed time is 132.883688 seconds.
Elapsed time is 134.512240 seconds.
Elapsed time is 121.631020 seconds.
Elapsed time is 115.675957 seconds.
Elapsed time is 121.815839 seconds.
Elapsed time is 119.986094 seconds.
Elapsed time is 116.243947 seconds.
Elapsed time is 123.249997 seconds.
Elapsed time is 118.213137 seconds.
Elapsed time is 129.137284 seconds.
Elapsed time is 114.183700 seconds.
Elapsed time is 123.937255 seconds.
Elapsed time is 126.736465 seconds.
Elapsed time is 110.206459 seconds.
Elapsed time is 116.974509 seconds.
Elapsed time is 122.452111 seconds.
Elapsed time is 116.777129 seconds.
Elapsed time is 116.779856 seconds.
Elapsed time is 123.881042 seconds.
Elapsed time is 128.111266 seconds.
Elapsed time is 125.648153 seconds.
Elapsed time is 133.051437 seconds.
Elapsed time is 136.659924 seconds.
Elapsed time is 137.353531 seconds.
Elapsed time is 137.695852 seconds.
Elapsed time is 150.113526 seconds.
Elapsed time is 136.533523 seconds.
Elapsed time is 144.270897 seconds.
Elapsed time is 137.771280 seconds.
Elapsed time is 136.985840 seconds.
Elapsed time is 130.583469 seconds.
Elapsed time is 134.124023 seconds.
Elapsed time is 136.752118 seconds.
Elapsed time is 120.963822 seconds.
Elapsed time is 111.092753 seconds.
Elapsed time is 117.875921 seconds.
Elapsed time is 129.027412 seconds.
Elapsed time is 138.371390 seconds.
Elapsed time is 135.548386 seconds.
Elapsed time is 131.921399 seconds.
Elapsed time is 124.787242 seconds.
Elapsed time is 117.219333 seconds.
Elapsed time is 122.619901 seconds.
Elapsed time is 115.673768 seconds.
Elapsed time is 119.883093 seconds.
Elapsed time is 115.795647 seconds.
Elapsed time is 125.315168 seconds.
Elapsed time is 120.361874 seconds.
Elapsed time is 129.557605 seconds.
Elapsed time is 134.100165 seconds.
Elapsed time is 126.890218 seconds.
Elapsed time is 115.903796 seconds.
Elapsed time is 110.260685 seconds.
Elapsed time is 121.535123 seconds.
Elapsed time is 129.697126 seconds.
Elapsed time is 133.932175 seconds.
Elapsed time is 115.972347 seconds.
Elapsed time is 118.092704 seconds.
Elapsed time is 123.880081 seconds.
     4         625         6179.81        1.71e+06        1e-06      0.0221568
Elapsed time is 115.171277 seconds.
Elapsed time is 114.650749 seconds.
Elapsed time is 120.244475 seconds.
Elapsed time is 125.115736 seconds.
Elapsed time is 123.012455 seconds.
Elapsed time is 112.335354 seconds.
Elapsed time is 117.494120 seconds.
Elapsed time is 119.099204 seconds.
Elapsed time is 120.628577 seconds.
Elapsed time is 128.754496 seconds.
Elapsed time is 132.700333 seconds.
Elapsed time is 134.533424 seconds.
Elapsed time is 141.002786 seconds.
Elapsed time is 135.380322 seconds.
Elapsed time is 126.065451 seconds.
Elapsed time is 121.750462 seconds.
Elapsed time is 123.146917 seconds.
Elapsed time is 127.867368 seconds.
Elapsed time is 122.663957 seconds.
Elapsed time is 124.994355 seconds.
Elapsed time is 127.413547 seconds.
Elapsed time is 139.373734 seconds.
Elapsed time is 121.255681 seconds.
Elapsed time is 122.906520 seconds.
Elapsed time is 124.792816 seconds.
Elapsed time is 110.570068 seconds.
Elapsed time is 118.822276 seconds.
Elapsed time is 123.695900 seconds.
Elapsed time is 125.110685 seconds.
Elapsed time is 131.733421 seconds.
Elapsed time is 126.223048 seconds.
Elapsed time is 126.088044 seconds.
Elapsed time is 113.746191 seconds.
Elapsed time is 133.569227 seconds.
Elapsed time is 129.611613 seconds.
Elapsed time is 127.058066 seconds.
Elapsed time is 129.162436 seconds.
Elapsed time is 113.465730 seconds.
Elapsed time is 112.368634 seconds.
Elapsed time is 126.094844 seconds.
Elapsed time is 129.132722 seconds.
Elapsed time is 120.531552 seconds.
Elapsed time is 135.850025 seconds.
Elapsed time is 129.510611 seconds.
Elapsed time is 120.111432 seconds.
Elapsed time is 120.161441 seconds.
Elapsed time is 118.082008 seconds.
Elapsed time is 122.141013 seconds.
Elapsed time is 124.985027 seconds.
Elapsed time is 125.053657 seconds.
Elapsed time is 112.874909 seconds.
Elapsed time is 127.589490 seconds.
Elapsed time is 119.685106 seconds.
Elapsed time is 126.971014 seconds.
Elapsed time is 124.672870 seconds.
Elapsed time is 120.755353 seconds.
Elapsed time is 119.573530 seconds.
Elapsed time is 110.627582 seconds.
Elapsed time is 108.405816 seconds.
Elapsed time is 137.151832 seconds.
Elapsed time is 133.303351 seconds.
Elapsed time is 122.733204 seconds.
Elapsed time is 127.044564 seconds.
Elapsed time is 125.517150 seconds.
Elapsed time is 124.766412 seconds.
Elapsed time is 132.550931 seconds.
Elapsed time is 124.829019 seconds.
Elapsed time is 121.358713 seconds.
Elapsed time is 127.792883 seconds.
Elapsed time is 121.888122 seconds.
Elapsed time is 133.578160 seconds.
Elapsed time is 128.045715 seconds.
Elapsed time is 127.715328 seconds.
Elapsed time is 117.569904 seconds.
Elapsed time is 114.583168 seconds.
Elapsed time is 124.575689 seconds.
Elapsed time is 121.150543 seconds.
Elapsed time is 121.578185 seconds.
Elapsed time is 117.697983 seconds.
Elapsed time is 126.938634 seconds.
Elapsed time is 114.803002 seconds.
Elapsed time is 121.398201 seconds.
Elapsed time is 134.538644 seconds.
Elapsed time is 129.026150 seconds.
Elapsed time is 128.572490 seconds.
Elapsed time is 122.530131 seconds.
Elapsed time is 124.978243 seconds.
Elapsed time is 146.401457 seconds.
Elapsed time is 131.268252 seconds.
Elapsed time is 131.615957 seconds.
Elapsed time is 122.398809 seconds.
Elapsed time is 120.266130 seconds.
Elapsed time is 118.045992 seconds.
Elapsed time is 108.872535 seconds.
Elapsed time is 117.522204 seconds.
Elapsed time is 121.514224 seconds.
Elapsed time is 126.718979 seconds.
Elapsed time is 130.408455 seconds.
Elapsed time is 118.860321 seconds.
Elapsed time is 106.458375 seconds.
Elapsed time is 126.046571 seconds.
Elapsed time is 125.520442 seconds.
Elapsed time is 135.126763 seconds.
Elapsed time is 123.098465 seconds.
Elapsed time is 127.485921 seconds.
Elapsed time is 123.366079 seconds.
Elapsed time is 119.688376 seconds.
Elapsed time is 122.334470 seconds.
Elapsed time is 117.949120 seconds.
Elapsed time is 122.455855 seconds.
Elapsed time is 120.316718 seconds.
Elapsed time is 120.846428 seconds.
Elapsed time is 126.257426 seconds.
Elapsed time is 101.523234 seconds.
Elapsed time is 136.689543 seconds.
Elapsed time is 124.702508 seconds.
Elapsed time is 116.943514 seconds.
Elapsed time is 116.736339 seconds.
Elapsed time is 134.944216 seconds.
Elapsed time is 119.925086 seconds.
Elapsed time is 125.297092 seconds.
Elapsed time is 120.028202 seconds.
Elapsed time is 114.777549 seconds.
Elapsed time is 125.245541 seconds.
Elapsed time is 117.960594 seconds.
     5         750         6099.76        2.19e+05        1e-07      0.0427664
Elapsed time is 114.422713 seconds.
Elapsed time is 116.625611 seconds.
Elapsed time is 120.467676 seconds.
Elapsed time is 140.293535 seconds.
Elapsed time is 139.294520 seconds.
Elapsed time is 129.590695 seconds.
Elapsed time is 133.487599 seconds.
Elapsed time is 138.086610 seconds.
Elapsed time is 123.768209 seconds.
Elapsed time is 124.946604 seconds.
Elapsed time is 121.902055 seconds.
Elapsed time is 122.384296 seconds.
Elapsed time is 127.801086 seconds.
Elapsed time is 128.126422 seconds.
Elapsed time is 137.427366 seconds.
Elapsed time is 129.268783 seconds.
Elapsed time is 124.017335 seconds.
Elapsed time is 122.707081 seconds.
Elapsed time is 120.668729 seconds.
Elapsed time is 127.898396 seconds.
Elapsed time is 103.000341 seconds.
Elapsed time is 128.783428 seconds.
Elapsed time is 118.447947 seconds.
Elapsed time is 124.083196 seconds.
Elapsed time is 128.853179 seconds.
Elapsed time is 117.292103 seconds.
Elapsed time is 124.334670 seconds.
Elapsed time is 136.377834 seconds.
Elapsed time is 202.247952 seconds.
Elapsed time is 217.374802 seconds.
Elapsed time is 215.413415 seconds.
Elapsed time is 199.827555 seconds.
Elapsed time is 191.410200 seconds.
Elapsed time is 186.768839 seconds.
Elapsed time is 197.014124 seconds.
Elapsed time is 209.177216 seconds.
Elapsed time is 204.808781 seconds.
Elapsed time is 186.904918 seconds.
Elapsed time is 149.498039 seconds.
Elapsed time is 157.048130 seconds.
Elapsed time is 211.201781 seconds.
Elapsed time is 206.652997 seconds.
Elapsed time is 220.489739 seconds.
Elapsed time is 210.357044 seconds.
Elapsed time is 219.394200 seconds.
Elapsed time is 238.176656 seconds.
Elapsed time is 253.015629 seconds.
Elapsed time is 249.736391 seconds.
Elapsed time is 233.759693 seconds.
Elapsed time is 192.499817 seconds.
Elapsed time is 145.422584 seconds.
Elapsed time is 115.296697 seconds.
Elapsed time is 120.297114 seconds.
Elapsed time is 122.789151 seconds.
Elapsed time is 120.009171 seconds.
Elapsed time is 131.480625 seconds.
Elapsed time is 134.310748 seconds.
Elapsed time is 128.882164 seconds.
Elapsed time is 140.284006 seconds.
Elapsed time is 139.521830 seconds.
Elapsed time is 131.372981 seconds.
Elapsed time is 140.706549 seconds.
Elapsed time is 140.778277 seconds.
Elapsed time is 141.541507 seconds.
Elapsed time is 142.092542 seconds.
Elapsed time is 141.720670 seconds.
Elapsed time is 146.869073 seconds.
Elapsed time is 146.932425 seconds.
Elapsed time is 144.567964 seconds.
Elapsed time is 135.120585 seconds.
Elapsed time is 128.304979 seconds.
Elapsed time is 129.642878 seconds.
Elapsed time is 131.026080 seconds.
Elapsed time is 132.512166 seconds.
Elapsed time is 126.831651 seconds.
Elapsed time is 126.734229 seconds.
Elapsed time is 136.597634 seconds.
Elapsed time is 127.858968 seconds.
Elapsed time is 132.507818 seconds.
Elapsed time is 131.785426 seconds.
Elapsed time is 118.203932 seconds.
Elapsed time is 109.313643 seconds.
Elapsed time is 125.149797 seconds.
Elapsed time is 124.228186 seconds.
Elapsed time is 126.592919 seconds.
Elapsed time is 129.456843 seconds.
Elapsed time is 139.924768 seconds.
Elapsed time is 140.807796 seconds.
Elapsed time is 138.982702 seconds.
Elapsed time is 146.674536 seconds.
Elapsed time is 146.117468 seconds.
Elapsed time is 139.712945 seconds.
Elapsed time is 143.053684 seconds.
Elapsed time is 156.466830 seconds.
Elapsed time is 161.089262 seconds.
Elapsed time is 161.517389 seconds.
Elapsed time is 165.522944 seconds.
Elapsed time is 160.798422 seconds.
Elapsed time is 163.856375 seconds.
Elapsed time is 163.432068 seconds.
Elapsed time is 153.526583 seconds.
Elapsed time is 152.203730 seconds.
Elapsed time is 145.613577 seconds.
Elapsed time is 134.848378 seconds.
Elapsed time is 130.337061 seconds.
Elapsed time is 127.936270 seconds.
Elapsed time is 123.357189 seconds.
Elapsed time is 113.902373 seconds.
Elapsed time is 109.299091 seconds.
Elapsed time is 117.914795 seconds.
Elapsed time is 128.518846 seconds.
Elapsed time is 134.353644 seconds.
Elapsed time is 128.525470 seconds.
Elapsed time is 134.745889 seconds.
Elapsed time is 134.125934 seconds.
Elapsed time is 126.471183 seconds.
Elapsed time is 122.719313 seconds.
Elapsed time is 127.085737 seconds.
Elapsed time is 124.764391 seconds.
Elapsed time is 123.320849 seconds.
Elapsed time is 108.419398 seconds.
Elapsed time is 123.239411 seconds.
Elapsed time is 112.822647 seconds.
Elapsed time is 110.643308 seconds.
Elapsed time is 117.817388 seconds.
     6         875         5986.26        2.88e+06        1e-08      0.0190321
Elapsed time is 113.665651 seconds.
Elapsed time is 119.449861 seconds.
Elapsed time is 107.800267 seconds.
Elapsed time is 113.419528 seconds.
Elapsed time is 119.106877 seconds.
Elapsed time is 124.735617 seconds.
Elapsed time is 111.660786 seconds.
Elapsed time is 114.869142 seconds.
Elapsed time is 119.255010 seconds.
Elapsed time is 117.453995 seconds.
Elapsed time is 114.718408 seconds.
Elapsed time is 117.589448 seconds.
Elapsed time is 136.205479 seconds.
Elapsed time is 145.469917 seconds.
Elapsed time is 144.220762 seconds.
Elapsed time is 140.682760 seconds.
Elapsed time is 132.898277 seconds.
Elapsed time is 141.610516 seconds.
Elapsed time is 144.743118 seconds.
Elapsed time is 152.470249 seconds.
Elapsed time is 150.531016 seconds.
Elapsed time is 150.155819 seconds.
Elapsed time is 149.196504 seconds.
Elapsed time is 151.084016 seconds.
Elapsed time is 152.693771 seconds.
Elapsed time is 154.427647 seconds.
Elapsed time is 157.717654 seconds.
Elapsed time is 160.205486 seconds.
Elapsed time is 162.851099 seconds.
Elapsed time is 166.137601 seconds.
Elapsed time is 165.658785 seconds.
Elapsed time is 155.667815 seconds.
Elapsed time is 143.212447 seconds.
Elapsed time is 138.113284 seconds.
Elapsed time is 143.478385 seconds.
Elapsed time is 110.959530 seconds.
Elapsed time is 121.708009 seconds.
Elapsed time is 128.063835 seconds.
Elapsed time is 130.608485 seconds.
Elapsed time is 133.696099 seconds.
Elapsed time is 133.457607 seconds.
Elapsed time is 148.031881 seconds.
Elapsed time is 152.875449 seconds.
Elapsed time is 149.304887 seconds.
Elapsed time is 153.164600 seconds.
Elapsed time is 155.565191 seconds.
Elapsed time is 157.004898 seconds.
Elapsed time is 156.387511 seconds.
Elapsed time is 152.817338 seconds.
Elapsed time is 159.095130 seconds.
Elapsed time is 157.767939 seconds.
Elapsed time is 157.983922 seconds.
Elapsed time is 155.430509 seconds.
Elapsed time is 152.271386 seconds.
Elapsed time is 151.343070 seconds.
Elapsed time is 143.721986 seconds.
Elapsed time is 142.815206 seconds.
Elapsed time is 150.987413 seconds.
Elapsed time is 148.504494 seconds.
Elapsed time is 145.959083 seconds.
Elapsed time is 147.218130 seconds.
Elapsed time is 144.281480 seconds.
Elapsed time is 144.833417 seconds.
Elapsed time is 141.502737 seconds.
Elapsed time is 150.742183 seconds.
Elapsed time is 152.665289 seconds.
Elapsed time is 157.408427 seconds.
Elapsed time is 160.097721 seconds.
Elapsed time is 164.106599 seconds.
Elapsed time is 165.877361 seconds.
Elapsed time is 160.509261 seconds.
Elapsed time is 153.324602 seconds.
Elapsed time is 149.833445 seconds.
Elapsed time is 141.284897 seconds.
Elapsed time is 138.095480 seconds.
Elapsed time is 126.330233 seconds.
Elapsed time is 114.909809 seconds.
Elapsed time is 113.702179 seconds.
Elapsed time is 114.919734 seconds.
Elapsed time is 115.368136 seconds.
Elapsed time is 118.057278 seconds.
Elapsed time is 123.505796 seconds.
Elapsed time is 118.515744 seconds.
Elapsed time is 122.285795 seconds.
Elapsed time is 124.234357 seconds.
Elapsed time is 119.480527 seconds.
Elapsed time is 117.364051 seconds.
Elapsed time is 114.644341 seconds.
Elapsed time is 126.967283 seconds.
Elapsed time is 115.489039 seconds.
Elapsed time is 118.568613 seconds.
Elapsed time is 121.531931 seconds.
Elapsed time is 110.573635 seconds.
Elapsed time is 124.174749 seconds.
Elapsed time is 119.816600 seconds.
Elapsed time is 118.473880 seconds.
Elapsed time is 124.285965 seconds.
Elapsed time is 119.481886 seconds.
Elapsed time is 121.023311 seconds.
Elapsed time is 117.691975 seconds.
Elapsed time is 121.531743 seconds.
Elapsed time is 117.660156 seconds.
Elapsed time is 116.217979 seconds.
Elapsed time is 116.849157 seconds.
Elapsed time is 122.363903 seconds.
Elapsed time is 108.394698 seconds.
Elapsed time is 117.914340 seconds.
Elapsed time is 121.897227 seconds.
Elapsed time is 111.541630 seconds.
Elapsed time is 108.104511 seconds.
Elapsed time is 120.435187 seconds.
Elapsed time is 130.733367 seconds.
Elapsed time is 125.526498 seconds.
Elapsed time is 121.035455 seconds.
Elapsed time is 122.613890 seconds.
Elapsed time is 115.985931 seconds.
Elapsed time is 117.234810 seconds.
Elapsed time is 123.974692 seconds.
Elapsed time is 115.459486 seconds.
Elapsed time is 107.893751 seconds.
Elapsed time is 124.402952 seconds.
Elapsed time is 129.832132 seconds.
Elapsed time is 117.859341 seconds.
Elapsed time is 119.874871 seconds.
Elapsed time is 125.800608 seconds.
     7        1000         5950.02        1.32e+05        1e-09      0.0154394
Elapsed time is 112.067271 seconds.
Elapsed time is 121.757154 seconds.
Elapsed time is 114.629749 seconds.
Elapsed time is 121.656457 seconds.
Elapsed time is 116.128720 seconds.
Elapsed time is 118.228504 seconds.
Elapsed time is 112.559811 seconds.
Elapsed time is 119.923413 seconds.
Elapsed time is 121.399522 seconds.
Elapsed time is 114.348853 seconds.
Elapsed time is 121.133073 seconds.
Elapsed time is 116.510708 seconds.
Elapsed time is 129.353751 seconds.
Elapsed time is 125.691649 seconds.
Elapsed time is 123.560070 seconds.
Elapsed time is 118.358580 seconds.
Elapsed time is 125.759643 seconds.
Elapsed time is 125.271950 seconds.
Elapsed time is 131.351015 seconds.
Elapsed time is 135.495634 seconds.
Elapsed time is 128.142309 seconds.
Elapsed time is 136.048753 seconds.
Elapsed time is 130.518556 seconds.
Elapsed time is 122.491089 seconds.
Elapsed time is 118.872000 seconds.
Elapsed time is 119.799043 seconds.
Elapsed time is 116.283293 seconds.
Elapsed time is 111.089109 seconds.
Elapsed time is 129.234190 seconds.
Elapsed time is 114.409344 seconds.
Elapsed time is 117.504904 seconds.
Elapsed time is 110.385526 seconds.
Elapsed time is 119.502729 seconds.
Elapsed time is 121.471345 seconds.
Elapsed time is 109.666741 seconds.
Elapsed time is 117.763089 seconds.
Elapsed time is 119.093672 seconds.
Elapsed time is 116.619135 seconds.
Elapsed time is 124.607324 seconds.
Elapsed time is 128.046680 seconds.
Elapsed time is 144.924069 seconds.
Elapsed time is 142.771170 seconds.
Elapsed time is 140.647856 seconds.
Elapsed time is 140.174455 seconds.
Elapsed time is 127.634074 seconds.
Elapsed time is 125.617389 seconds.
Elapsed time is 126.823909 seconds.
Elapsed time is 119.078926 seconds.
Elapsed time is 132.584652 seconds.
Elapsed time is 136.568943 seconds.
Elapsed time is 133.289712 seconds.
Elapsed time is 133.800555 seconds.
Elapsed time is 122.021375 seconds.
Elapsed time is 121.736673 seconds.
Elapsed time is 122.535307 seconds.
Elapsed time is 123.305430 seconds.
Elapsed time is 114.096948 seconds.
Elapsed time is 112.091762 seconds.
Elapsed time is 114.339098 seconds.
Elapsed time is 115.594662 seconds.
Elapsed time is 120.283433 seconds.
Elapsed time is 123.614616 seconds.
Elapsed time is 119.229038 seconds.
Elapsed time is 118.576801 seconds.
Elapsed time is 120.674561 seconds.
Elapsed time is 123.037000 seconds.
Elapsed time is 116.004282 seconds.
Elapsed time is 131.402072 seconds.
Elapsed time is 138.660525 seconds.
Elapsed time is 137.655792 seconds.
Elapsed time is 136.357456 seconds.
Elapsed time is 147.061664 seconds.
Elapsed time is 143.352154 seconds.
Elapsed time is 138.171202 seconds.
Elapsed time is 131.573666 seconds.
Elapsed time is 125.505440 seconds.
Elapsed time is 131.666848 seconds.
Elapsed time is 131.090755 seconds.
