MATLAB is selecting SOFTWARE OPENGL rendering.

                            < M A T L A B (R) >
                  Copyright 1984-2017 The MathWorks, Inc.
                   R2017b (9.3.0.713579) 64-bit (glnxa64)
                             September 14, 2017

 
To get started, type one of these: helpwin, helpdesk, or demo.
For product information, visit www.mathworks.com.
 

initres =

    9.5671

Starting parallel pool (parpool) using the 'local' profile ...
connected to 20 workers.
Elapsed time is 42.870032 seconds.
Elapsed time is 42.395751 seconds.
Elapsed time is 42.547132 seconds.
Elapsed time is 42.092033 seconds.
Elapsed time is 42.489492 seconds.
Elapsed time is 42.571402 seconds.
Elapsed time is 42.412926 seconds.
Elapsed time is 42.567492 seconds.
Elapsed time is 42.518387 seconds.
Elapsed time is 42.421332 seconds.
Elapsed time is 42.611563 seconds.
Elapsed time is 42.572868 seconds.
Elapsed time is 42.559923 seconds.
Elapsed time is 42.552810 seconds.
Elapsed time is 42.569109 seconds.
Elapsed time is 42.394384 seconds.
Elapsed time is 42.521744 seconds.
Elapsed time is 42.470042 seconds.
Elapsed time is 42.418552 seconds.
Elapsed time is 42.540744 seconds.
Elapsed time is 42.570616 seconds.
Elapsed time is 42.477115 seconds.
Elapsed time is 43.157522 seconds.
Elapsed time is 42.655693 seconds.
Elapsed time is 43.478710 seconds.
Elapsed time is 42.917025 seconds.
Elapsed time is 43.848634 seconds.
Elapsed time is 44.414500 seconds.
Elapsed time is 44.433848 seconds.
Elapsed time is 44.819438 seconds.
Elapsed time is 46.538354 seconds.
Elapsed time is 44.580593 seconds.
Elapsed time is 46.834055 seconds.
Elapsed time is 45.932229 seconds.
Elapsed time is 44.095997 seconds.
Elapsed time is 45.413083 seconds.
Elapsed time is 45.517678 seconds.
Elapsed time is 44.906971 seconds.
Elapsed time is 46.195039 seconds.
Elapsed time is 47.582400 seconds.
Elapsed time is 48.231400 seconds.
Elapsed time is 44.923450 seconds.
Elapsed time is 44.544912 seconds.
Elapsed time is 44.835310 seconds.
Elapsed time is 45.278848 seconds.
Elapsed time is 45.468250 seconds.
Elapsed time is 45.445567 seconds.
Elapsed time is 46.536288 seconds.
Elapsed time is 45.864914 seconds.
Elapsed time is 44.819691 seconds.
Elapsed time is 44.906351 seconds.
Elapsed time is 44.892645 seconds.
Elapsed time is 45.458506 seconds.
Elapsed time is 48.209236 seconds.
Elapsed time is 46.531887 seconds.
Elapsed time is 46.077748 seconds.
Elapsed time is 46.277092 seconds.
Elapsed time is 44.998805 seconds.
Elapsed time is 45.605149 seconds.
Elapsed time is 44.562855 seconds.
Elapsed time is 45.834924 seconds.
Elapsed time is 46.663429 seconds.
Elapsed time is 45.867160 seconds.
Elapsed time is 46.338668 seconds.
Elapsed time is 45.382351 seconds.
Elapsed time is 46.505790 seconds.
Elapsed time is 45.454239 seconds.
Elapsed time is 45.857218 seconds.
Elapsed time is 45.640681 seconds.
Elapsed time is 44.719578 seconds.
Elapsed time is 45.950880 seconds.
Elapsed time is 45.574526 seconds.
Elapsed time is 47.551168 seconds.
Elapsed time is 46.950291 seconds.
Elapsed time is 44.905374 seconds.
Elapsed time is 47.658493 seconds.
Elapsed time is 44.834081 seconds.
Elapsed time is 44.860417 seconds.
Elapsed time is 46.968844 seconds.
Elapsed time is 46.439516 seconds.
Elapsed time is 44.790824 seconds.
Elapsed time is 46.288974 seconds.
Elapsed time is 48.612928 seconds.
Elapsed time is 44.337301 seconds.
Elapsed time is 47.190286 seconds.
Elapsed time is 47.116219 seconds.
Elapsed time is 44.377363 seconds.
Elapsed time is 45.570742 seconds.
Elapsed time is 48.311336 seconds.
Elapsed time is 44.644337 seconds.
Elapsed time is 44.995174 seconds.
Elapsed time is 46.679496 seconds.
Elapsed time is 45.181155 seconds.
Elapsed time is 44.540671 seconds.
Elapsed time is 45.477001 seconds.
Elapsed time is 46.645096 seconds.
Elapsed time is 46.126032 seconds.
Elapsed time is 46.330854 seconds.
Elapsed time is 47.841814 seconds.
Elapsed time is 46.832445 seconds.
Elapsed time is 47.394712 seconds.
Elapsed time is 45.067277 seconds.
Elapsed time is 46.985670 seconds.
Elapsed time is 45.328664 seconds.
Elapsed time is 45.812393 seconds.
Elapsed time is 46.605514 seconds.
Elapsed time is 46.459489 seconds.
Elapsed time is 47.246890 seconds.
Elapsed time is 44.748545 seconds.
Elapsed time is 45.910456 seconds.
Elapsed time is 45.271487 seconds.
Elapsed time is 45.662437 seconds.
Elapsed time is 44.794663 seconds.
Elapsed time is 46.778378 seconds.
Elapsed time is 46.195323 seconds.
Elapsed time is 44.494328 seconds.
Elapsed time is 46.101338 seconds.
Elapsed time is 45.461048 seconds.
Elapsed time is 45.053880 seconds.
Elapsed time is 45.072466 seconds.
Elapsed time is 45.610771 seconds.
Elapsed time is 47.239559 seconds.
Elapsed time is 45.867716 seconds.
Elapsed time is 49.101118 seconds.
Elapsed time is 45.350597 seconds.

                                        First-Order                    Norm of 
 Iteration  Func-count    Residual       optimality      Lambda           step
     0         125         14139.6         1.2e+07         0.01
Elapsed time is 46.880431 seconds.
Elapsed time is 45.141166 seconds.
Elapsed time is 46.736888 seconds.
Elapsed time is 45.662127 seconds.
Elapsed time is 45.354131 seconds.
Elapsed time is 47.549041 seconds.
Elapsed time is 48.996813 seconds.
Elapsed time is 45.525444 seconds.
Elapsed time is 44.786929 seconds.
Elapsed time is 46.043865 seconds.
Elapsed time is 44.684655 seconds.
Elapsed time is 45.378127 seconds.
Elapsed time is 46.268111 seconds.
Elapsed time is 45.941718 seconds.
Elapsed time is 44.705363 seconds.
Elapsed time is 45.852438 seconds.
Elapsed time is 44.967746 seconds.
Elapsed time is 44.164009 seconds.
Elapsed time is 46.095895 seconds.
Elapsed time is 45.617933 seconds.
Elapsed time is 44.688240 seconds.
Elapsed time is 45.432133 seconds.
Elapsed time is 45.466364 seconds.
Elapsed time is 45.911503 seconds.
Elapsed time is 45.820738 seconds.
Elapsed time is 46.912085 seconds.
Elapsed time is 45.252886 seconds.
Elapsed time is 45.883362 seconds.
Elapsed time is 45.280783 seconds.
Elapsed time is 46.526869 seconds.
Elapsed time is 45.425560 seconds.
Elapsed time is 46.665370 seconds.
Elapsed time is 48.840659 seconds.
Elapsed time is 45.152217 seconds.
Elapsed time is 44.818165 seconds.
Elapsed time is 45.208096 seconds.
Elapsed time is 45.073482 seconds.
Elapsed time is 45.330664 seconds.
Elapsed time is 45.819594 seconds.
Elapsed time is 46.740714 seconds.
Elapsed time is 45.505574 seconds.
Elapsed time is 46.051404 seconds.
Elapsed time is 46.392901 seconds.
Elapsed time is 44.804228 seconds.
Elapsed time is 45.046484 seconds.
Elapsed time is 46.462444 seconds.
Elapsed time is 44.440665 seconds.
Elapsed time is 45.049947 seconds.
Elapsed time is 46.444279 seconds.
Elapsed time is 45.473639 seconds.
Elapsed time is 45.820734 seconds.
Elapsed time is 45.287057 seconds.
Elapsed time is 47.096177 seconds.
Elapsed time is 44.860693 seconds.
Elapsed time is 44.775309 seconds.
Elapsed time is 47.134412 seconds.
Elapsed time is 45.024568 seconds.
Elapsed time is 44.854337 seconds.
Elapsed time is 46.387448 seconds.
Elapsed time is 44.925577 seconds.
Elapsed time is 44.163306 seconds.
Elapsed time is 44.312074 seconds.
Elapsed time is 45.400282 seconds.
Elapsed time is 44.805628 seconds.
Elapsed time is 45.109754 seconds.
Elapsed time is 46.624040 seconds.
Elapsed time is 45.344660 seconds.
Elapsed time is 45.059588 seconds.
Elapsed time is 45.507161 seconds.
Elapsed time is 44.349209 seconds.
Elapsed time is 45.436577 seconds.
Elapsed time is 45.696408 seconds.
Elapsed time is 45.251229 seconds.
Elapsed time is 44.604971 seconds.
Elapsed time is 46.677246 seconds.
Elapsed time is 45.692737 seconds.
Elapsed time is 45.559907 seconds.
Elapsed time is 47.906297 seconds.
Elapsed time is 44.345399 seconds.
Elapsed time is 45.635572 seconds.
Elapsed time is 44.525710 seconds.
Elapsed time is 44.751912 seconds.
Elapsed time is 45.923765 seconds.
Elapsed time is 45.970142 seconds.
Elapsed time is 44.631696 seconds.
Elapsed time is 46.325656 seconds.
Elapsed time is 47.389752 seconds.
Elapsed time is 45.188753 seconds.
Elapsed time is 45.165508 seconds.
Elapsed time is 46.244925 seconds.
Elapsed time is 44.361036 seconds.
Elapsed time is 45.768462 seconds.
Elapsed time is 45.261093 seconds.
Elapsed time is 45.669686 seconds.
Elapsed time is 45.137148 seconds.
Elapsed time is 45.774282 seconds.
Elapsed time is 45.433565 seconds.
Elapsed time is 44.756228 seconds.
Elapsed time is 44.808048 seconds.
Elapsed time is 44.663684 seconds.
Elapsed time is 45.069609 seconds.
Elapsed time is 45.014072 seconds.
Elapsed time is 45.728331 seconds.
Elapsed time is 45.491025 seconds.
Elapsed time is 46.688357 seconds.
Elapsed time is 44.730715 seconds.
Elapsed time is 44.577508 seconds.
Elapsed time is 44.295997 seconds.
Elapsed time is 45.191829 seconds.
Elapsed time is 44.434706 seconds.
Elapsed time is 45.768335 seconds.
Elapsed time is 45.211553 seconds.
Elapsed time is 46.156656 seconds.
Elapsed time is 46.027634 seconds.
Elapsed time is 46.247102 seconds.
Elapsed time is 45.929261 seconds.
Elapsed time is 44.704206 seconds.
Elapsed time is 46.230470 seconds.
Elapsed time is 44.872636 seconds.
Elapsed time is 44.920282 seconds.
Elapsed time is 45.695697 seconds.
Elapsed time is 46.482494 seconds.
Elapsed time is 45.543144 seconds.
Elapsed time is 46.992343 seconds.
Elapsed time is 44.836710 seconds.
     1         250         8845.52        7.01e+06        0.001      0.0444442
Elapsed time is 44.919186 seconds.
Elapsed time is 45.204156 seconds.
Elapsed time is 47.589332 seconds.
Elapsed time is 45.595707 seconds.
Elapsed time is 46.068256 seconds.
Elapsed time is 45.977039 seconds.
Elapsed time is 45.538930 seconds.
Elapsed time is 45.385588 seconds.
Elapsed time is 45.593056 seconds.
Elapsed time is 46.339814 seconds.
Elapsed time is 46.778615 seconds.
Elapsed time is 45.699089 seconds.
Elapsed time is 44.812566 seconds.
Elapsed time is 45.060196 seconds.
Elapsed time is 44.746470 seconds.
Elapsed time is 44.461560 seconds.
Elapsed time is 45.222540 seconds.
Elapsed time is 45.236669 seconds.
Elapsed time is 46.019246 seconds.
Elapsed time is 45.387707 seconds.
Elapsed time is 45.396673 seconds.
Elapsed time is 45.389477 seconds.
Elapsed time is 44.499900 seconds.
Elapsed time is 45.332756 seconds.
Elapsed time is 45.131588 seconds.
Elapsed time is 44.701740 seconds.
Elapsed time is 45.855010 seconds.
Elapsed time is 46.207556 seconds.
Elapsed time is 44.953985 seconds.
Elapsed time is 45.683683 seconds.
Elapsed time is 44.620799 seconds.
Elapsed time is 44.778074 seconds.
Elapsed time is 45.774163 seconds.
Elapsed time is 45.688408 seconds.
Elapsed time is 45.916619 seconds.
Elapsed time is 46.232093 seconds.
Elapsed time is 46.000492 seconds.
Elapsed time is 45.290641 seconds.
Elapsed time is 45.151023 seconds.
Elapsed time is 45.105269 seconds.
Elapsed time is 45.457595 seconds.
Elapsed time is 45.726458 seconds.
Elapsed time is 48.560108 seconds.
Elapsed time is 45.512549 seconds.
Elapsed time is 44.685398 seconds.
Elapsed time is 44.653335 seconds.
Elapsed time is 44.547666 seconds.
Elapsed time is 45.667547 seconds.
Elapsed time is 45.845287 seconds.
Elapsed time is 45.988834 seconds.
Elapsed time is 47.972811 seconds.
Elapsed time is 44.770158 seconds.
Elapsed time is 44.547916 seconds.
Elapsed time is 45.191260 seconds.
Elapsed time is 47.070063 seconds.
Elapsed time is 45.257987 seconds.
Elapsed time is 45.181697 seconds.
Elapsed time is 49.461960 seconds.
Elapsed time is 44.198812 seconds.
Elapsed time is 44.910994 seconds.
Elapsed time is 44.852206 seconds.
Elapsed time is 45.286654 seconds.
Elapsed time is 47.374443 seconds.
Elapsed time is 45.786222 seconds.
Elapsed time is 46.011560 seconds.
Elapsed time is 45.447258 seconds.
Elapsed time is 44.885364 seconds.
Elapsed time is 46.279868 seconds.
Elapsed time is 45.498712 seconds.
Elapsed time is 45.558579 seconds.
Elapsed time is 46.836555 seconds.
Elapsed time is 45.571027 seconds.
Elapsed time is 45.163514 seconds.
Elapsed time is 46.458765 seconds.
Elapsed time is 44.295030 seconds.
Elapsed time is 46.044330 seconds.
Elapsed time is 45.705687 seconds.
Elapsed time is 45.575569 seconds.
Elapsed time is 45.053492 seconds.
Elapsed time is 48.317865 seconds.
Elapsed time is 47.962521 seconds.
Elapsed time is 44.627268 seconds.
Elapsed time is 45.217744 seconds.
Elapsed time is 45.473198 seconds.
Elapsed time is 46.335825 seconds.
Elapsed time is 45.255960 seconds.
Elapsed time is 48.429786 seconds.
Elapsed time is 46.571949 seconds.
Elapsed time is 44.850762 seconds.
Elapsed time is 45.648403 seconds.
Elapsed time is 46.416694 seconds.
Elapsed time is 45.754698 seconds.
Elapsed time is 46.611676 seconds.
Elapsed time is 44.988997 seconds.
Elapsed time is 47.986800 seconds.
Elapsed time is 45.021791 seconds.
Elapsed time is 45.179874 seconds.
Elapsed time is 46.230040 seconds.
Elapsed time is 47.015718 seconds.
Elapsed time is 45.314856 seconds.
Elapsed time is 45.388169 seconds.
Elapsed time is 46.406110 seconds.
Elapsed time is 44.997046 seconds.
Elapsed time is 45.701603 seconds.
Elapsed time is 45.125946 seconds.
Elapsed time is 44.583249 seconds.
Elapsed time is 45.194044 seconds.
Elapsed time is 44.672412 seconds.
Elapsed time is 44.993540 seconds.
Elapsed time is 45.460320 seconds.
Elapsed time is 46.029894 seconds.
Elapsed time is 45.423083 seconds.
Elapsed time is 45.748048 seconds.
Elapsed time is 44.426491 seconds.
Elapsed time is 45.106203 seconds.
Elapsed time is 44.529085 seconds.
Elapsed time is 44.969848 seconds.
Elapsed time is 46.378254 seconds.
Elapsed time is 45.868269 seconds.
Elapsed time is 45.437448 seconds.
Elapsed time is 46.694122 seconds.
Elapsed time is 45.067152 seconds.
Elapsed time is 44.890343 seconds.
Elapsed time is 45.258651 seconds.
Elapsed time is 46.711551 seconds.
     2         375         6730.19        4.35e+05       0.0001      0.0510219
Elapsed time is 46.127861 seconds.
Elapsed time is 47.170101 seconds.
Elapsed time is 44.609387 seconds.
Elapsed time is 45.069606 seconds.
Elapsed time is 44.568284 seconds.
Elapsed time is 44.561407 seconds.
Elapsed time is 44.576440 seconds.
Elapsed time is 45.178059 seconds.
Elapsed time is 45.336879 seconds.
Elapsed time is 45.486369 seconds.
Elapsed time is 47.532868 seconds.
Elapsed time is 44.789719 seconds.
Elapsed time is 44.455144 seconds.
Elapsed time is 47.679667 seconds.
Elapsed time is 45.774700 seconds.
Elapsed time is 45.516800 seconds.
Elapsed time is 48.244857 seconds.
Elapsed time is 47.633616 seconds.
Elapsed time is 45.147611 seconds.
Elapsed time is 48.814672 seconds.
Elapsed time is 45.611680 seconds.
Elapsed time is 44.621922 seconds.
Elapsed time is 48.139966 seconds.
Elapsed time is 48.622653 seconds.
Elapsed time is 45.699213 seconds.
Elapsed time is 45.035828 seconds.
Elapsed time is 46.826589 seconds.
Elapsed time is 44.557210 seconds.
Elapsed time is 45.340629 seconds.
Elapsed time is 44.703165 seconds.
Elapsed time is 45.387354 seconds.
Elapsed time is 46.803288 seconds.
Elapsed time is 48.157413 seconds.
Elapsed time is 45.647272 seconds.
Elapsed time is 46.852126 seconds.
Elapsed time is 45.570043 seconds.
Elapsed time is 45.244839 seconds.
Elapsed time is 45.952126 seconds.
Elapsed time is 47.076621 seconds.
Elapsed time is 46.712732 seconds.
Elapsed time is 45.891614 seconds.
Elapsed time is 47.729874 seconds.
Elapsed time is 45.900536 seconds.
Elapsed time is 44.923643 seconds.
Elapsed time is 45.352759 seconds.
Elapsed time is 46.402919 seconds.
Elapsed time is 50.923580 seconds.
Elapsed time is 46.213537 seconds.
Elapsed time is 45.509108 seconds.
Elapsed time is 45.594449 seconds.
Elapsed time is 45.077741 seconds.
Elapsed time is 46.276598 seconds.
Elapsed time is 45.913068 seconds.
Elapsed time is 45.229618 seconds.
Elapsed time is 45.775462 seconds.
Elapsed time is 46.231977 seconds.
Elapsed time is 44.808889 seconds.
Elapsed time is 44.612839 seconds.
Elapsed time is 45.603431 seconds.
Elapsed time is 47.295398 seconds.
Elapsed time is 45.249864 seconds.
Elapsed time is 45.130715 seconds.
Elapsed time is 47.573815 seconds.
Elapsed time is 46.484815 seconds.
Elapsed time is 45.016133 seconds.
Elapsed time is 46.598324 seconds.
Elapsed time is 46.894348 seconds.
Elapsed time is 46.341265 seconds.
Elapsed time is 45.566081 seconds.
Elapsed time is 47.491921 seconds.
Elapsed time is 45.117025 seconds.
Elapsed time is 45.161979 seconds.
Elapsed time is 45.700874 seconds.
Elapsed time is 45.334956 seconds.
Elapsed time is 46.419410 seconds.
Elapsed time is 46.757202 seconds.
Elapsed time is 49.539629 seconds.
Elapsed time is 44.833288 seconds.
Elapsed time is 47.275033 seconds.
Elapsed time is 45.230702 seconds.
Elapsed time is 45.136796 seconds.
Elapsed time is 46.511725 seconds.
Elapsed time is 45.412859 seconds.
Elapsed time is 44.256617 seconds.
Elapsed time is 46.099686 seconds.
Elapsed time is 48.599508 seconds.
Elapsed time is 44.948554 seconds.
Elapsed time is 45.775241 seconds.
Elapsed time is 47.348751 seconds.
Elapsed time is 44.780007 seconds.
Elapsed time is 48.585611 seconds.
Elapsed time is 45.022260 seconds.
Elapsed time is 44.624239 seconds.
Elapsed time is 46.150642 seconds.
Elapsed time is 46.405331 seconds.
Elapsed time is 45.485256 seconds.
Elapsed time is 46.114983 seconds.
Elapsed time is 46.723037 seconds.
Elapsed time is 45.766342 seconds.
Elapsed time is 45.552499 seconds.
Elapsed time is 46.890133 seconds.
Elapsed time is 44.978735 seconds.
Elapsed time is 44.432117 seconds.
Elapsed time is 45.382544 seconds.
Elapsed time is 45.172400 seconds.
Elapsed time is 46.863383 seconds.
Elapsed time is 46.658847 seconds.
Elapsed time is 47.857952 seconds.
Elapsed time is 47.792546 seconds.
Elapsed time is 44.919428 seconds.
Elapsed time is 47.141628 seconds.
Elapsed time is 48.480603 seconds.
Elapsed time is 45.618245 seconds.
Elapsed time is 45.074691 seconds.
Elapsed time is 50.220336 seconds.
Elapsed time is 45.901897 seconds.
Elapsed time is 46.480034 seconds.
Elapsed time is 45.422243 seconds.
Elapsed time is 45.386425 seconds.
Elapsed time is 45.064865 seconds.
Elapsed time is 45.781839 seconds.
Elapsed time is 45.925230 seconds.
Elapsed time is 46.751260 seconds.
Elapsed time is 46.365168 seconds.
Elapsed time is 45.444509 seconds.
     3         500         5777.47        1.29e+06        1e-05      0.0215318
Elapsed time is 46.026908 seconds.
Elapsed time is 45.343604 seconds.
Elapsed time is 47.549091 seconds.
Elapsed time is 45.252732 seconds.
Elapsed time is 45.950104 seconds.
Elapsed time is 48.274058 seconds.
Elapsed time is 44.847445 seconds.
Elapsed time is 44.378527 seconds.
Elapsed time is 45.321849 seconds.
Elapsed time is 46.094978 seconds.
Elapsed time is 44.201434 seconds.
Elapsed time is 45.057627 seconds.
Elapsed time is 50.384557 seconds.
Elapsed time is 44.273885 seconds.
Elapsed time is 45.585972 seconds.
Elapsed time is 51.714325 seconds.
Elapsed time is 44.470595 seconds.
Elapsed time is 44.994213 seconds.
Elapsed time is 47.520868 seconds.
Elapsed time is 44.983178 seconds.
Elapsed time is 44.542276 seconds.
Elapsed time is 45.335802 seconds.
Elapsed time is 46.725239 seconds.
Elapsed time is 44.336623 seconds.
Elapsed time is 46.490699 seconds.
Elapsed time is 47.139172 seconds.
Elapsed time is 45.193011 seconds.
Elapsed time is 45.052962 seconds.
Elapsed time is 45.226900 seconds.
Elapsed time is 45.838375 seconds.
Elapsed time is 44.607646 seconds.
Elapsed time is 46.429411 seconds.
Elapsed time is 46.533558 seconds.
Elapsed time is 45.215283 seconds.
Elapsed time is 44.638787 seconds.
Elapsed time is 45.194804 seconds.
Elapsed time is 44.490610 seconds.
Elapsed time is 45.442198 seconds.
Elapsed time is 45.860202 seconds.
Elapsed time is 45.813838 seconds.
Elapsed time is 45.555834 seconds.
Elapsed time is 44.181782 seconds.
Elapsed time is 45.140116 seconds.
Elapsed time is 45.295141 seconds.
Elapsed time is 45.016036 seconds.
Elapsed time is 44.942629 seconds.
Elapsed time is 47.618877 seconds.
Elapsed time is 46.230385 seconds.
Elapsed time is 44.199451 seconds.
Elapsed time is 48.397912 seconds.
Elapsed time is 46.591803 seconds.
Elapsed time is 44.414439 seconds.
Elapsed time is 45.151213 seconds.
Elapsed time is 48.198080 seconds.
Elapsed time is 43.950305 seconds.
Elapsed time is 44.747575 seconds.
Elapsed time is 52.408008 seconds.
Elapsed time is 45.271729 seconds.
Elapsed time is 44.344019 seconds.
Elapsed time is 53.081761 seconds.
Elapsed time is 47.394005 seconds.
Elapsed time is 44.524225 seconds.
Elapsed time is 45.107580 seconds.
Elapsed time is 47.905291 seconds.
Elapsed time is 44.734286 seconds.
Elapsed time is 48.319483 seconds.
Elapsed time is 47.904944 seconds.
Elapsed time is 45.316422 seconds.
Elapsed time is 44.011721 seconds.
Elapsed time is 45.129839 seconds.
Elapsed time is 45.892527 seconds.
Elapsed time is 45.646599 seconds.
Elapsed time is 47.358066 seconds.
Elapsed time is 45.908430 seconds.
Elapsed time is 44.528463 seconds.
Elapsed time is 47.607970 seconds.
Elapsed time is 45.249912 seconds.
Elapsed time is 44.338181 seconds.
Elapsed time is 46.056681 seconds.
Elapsed time is 45.074894 seconds.
Elapsed time is 44.811054 seconds.
Elapsed time is 47.033713 seconds.
Elapsed time is 44.882930 seconds.
Elapsed time is 45.731536 seconds.
Elapsed time is 45.841097 seconds.
Elapsed time is 45.255255 seconds.
Elapsed time is 44.882575 seconds.
Elapsed time is 45.504788 seconds.
Elapsed time is 45.451533 seconds.
Elapsed time is 48.272549 seconds.
Elapsed time is 44.742467 seconds.
Elapsed time is 45.642180 seconds.
Elapsed time is 46.154784 seconds.
Elapsed time is 44.929303 seconds.
Elapsed time is 45.465775 seconds.
Elapsed time is 46.767428 seconds.
Elapsed time is 46.398924 seconds.
Elapsed time is 45.750711 seconds.
Elapsed time is 46.111727 seconds.
Elapsed time is 45.631538 seconds.
Elapsed time is 45.153589 seconds.
Elapsed time is 45.563715 seconds.
Elapsed time is 44.500860 seconds.
Elapsed time is 45.084718 seconds.
Elapsed time is 45.815094 seconds.
Elapsed time is 45.644927 seconds.
Elapsed time is 47.581012 seconds.
Elapsed time is 45.317540 seconds.
Elapsed time is 45.992559 seconds.
Elapsed time is 44.521029 seconds.
Elapsed time is 45.131859 seconds.
Elapsed time is 45.763580 seconds.
Elapsed time is 45.120334 seconds.
Elapsed time is 46.377918 seconds.
Elapsed time is 45.452514 seconds.
Elapsed time is 44.983312 seconds.
Elapsed time is 44.944059 seconds.
Elapsed time is 46.779760 seconds.
Elapsed time is 45.379315 seconds.
Elapsed time is 46.233056 seconds.
Elapsed time is 45.394011 seconds.
Elapsed time is 46.075525 seconds.
Elapsed time is 49.274389 seconds.
Elapsed time is 46.472738 seconds.
Elapsed time is 48.533426 seconds.
     4         625         5398.62        2.97e+06        1e-06      0.0140281
Elapsed time is 44.819219 seconds.
Elapsed time is 46.761681 seconds.
Elapsed time is 45.212999 seconds.
Elapsed time is 46.157197 seconds.
Elapsed time is 49.034336 seconds.
Elapsed time is 47.647896 seconds.
Elapsed time is 48.794647 seconds.
Elapsed time is 44.738871 seconds.
Elapsed time is 46.239735 seconds.
Elapsed time is 46.744977 seconds.
Elapsed time is 45.704921 seconds.
Elapsed time is 46.673007 seconds.
Elapsed time is 48.107576 seconds.
Elapsed time is 47.173346 seconds.
Elapsed time is 46.733034 seconds.
Elapsed time is 44.872497 seconds.
Elapsed time is 46.110644 seconds.
Elapsed time is 46.113697 seconds.
Elapsed time is 45.606878 seconds.
Elapsed time is 47.676105 seconds.
Elapsed time is 48.931070 seconds.
Elapsed time is 47.121943 seconds.
Elapsed time is 45.072650 seconds.
Elapsed time is 49.531777 seconds.
Elapsed time is 46.168296 seconds.
Elapsed time is 45.076256 seconds.
Elapsed time is 50.977395 seconds.
Elapsed time is 47.117057 seconds.
Elapsed time is 44.754602 seconds.
Elapsed time is 45.459023 seconds.
Elapsed time is 47.127104 seconds.
Elapsed time is 46.234654 seconds.
Elapsed time is 49.431088 seconds.
Elapsed time is 51.829225 seconds.
Elapsed time is 45.682158 seconds.
Elapsed time is 49.581582 seconds.
Elapsed time is 46.820141 seconds.
Elapsed time is 46.647364 seconds.
Elapsed time is 45.807996 seconds.
Elapsed time is 52.412174 seconds.
Elapsed time is 52.863973 seconds.
Elapsed time is 45.902230 seconds.
Elapsed time is 44.567629 seconds.
Elapsed time is 47.095104 seconds.
Elapsed time is 49.247975 seconds.
Elapsed time is 46.372255 seconds.
Elapsed time is 45.768518 seconds.
Elapsed time is 48.280233 seconds.
Elapsed time is 44.538276 seconds.
Elapsed time is 46.019698 seconds.
Elapsed time is 45.824146 seconds.
Elapsed time is 46.033889 seconds.
Elapsed time is 47.115270 seconds.
Elapsed time is 48.845344 seconds.
Elapsed time is 48.358061 seconds.
Elapsed time is 45.973547 seconds.
Elapsed time is 47.763501 seconds.
Elapsed time is 47.013377 seconds.
Elapsed time is 44.679359 seconds.
Elapsed time is 46.352146 seconds.
Elapsed time is 45.980154 seconds.
Elapsed time is 45.677790 seconds.
Elapsed time is 46.112957 seconds.
Elapsed time is 45.920245 seconds.
Elapsed time is 44.836045 seconds.
Elapsed time is 44.679257 seconds.
Elapsed time is 45.372276 seconds.
Elapsed time is 45.113801 seconds.
Elapsed time is 46.345477 seconds.
Elapsed time is 50.479040 seconds.
Elapsed time is 45.755410 seconds.
Elapsed time is 46.198461 seconds.
Elapsed time is 44.770183 seconds.
Elapsed time is 45.539335 seconds.
Elapsed time is 44.772725 seconds.
Elapsed time is 45.434209 seconds.
Elapsed time is 45.391750 seconds.
Elapsed time is 44.461648 seconds.
Elapsed time is 46.318504 seconds.
Elapsed time is 46.288354 seconds.
Elapsed time is 44.609957 seconds.
Elapsed time is 44.814083 seconds.
Elapsed time is 45.065293 seconds.
Elapsed time is 44.471835 seconds.
Elapsed time is 44.724207 seconds.
Elapsed time is 46.342279 seconds.
Elapsed time is 46.553507 seconds.
Elapsed time is 45.387533 seconds.
Elapsed time is 45.708640 seconds.
Elapsed time is 47.453919 seconds.
Elapsed time is 45.518584 seconds.
Elapsed time is 45.251942 seconds.
Elapsed time is 45.229260 seconds.
Elapsed time is 46.107480 seconds.
Elapsed time is 45.356559 seconds.
Elapsed time is 47.016961 seconds.
Elapsed time is 46.965451 seconds.
Elapsed time is 46.457987 seconds.
Elapsed time is 44.986474 seconds.
Elapsed time is 45.503705 seconds.
Elapsed time is 45.873157 seconds.
Elapsed time is 45.802414 seconds.
Elapsed time is 46.729333 seconds.
Elapsed time is 46.220372 seconds.
Elapsed time is 45.509708 seconds.
Elapsed time is 49.942412 seconds.
Elapsed time is 46.187801 seconds.
Elapsed time is 45.004216 seconds.
Elapsed time is 44.842591 seconds.
Elapsed time is 48.194320 seconds.
Elapsed time is 45.560898 seconds.
Elapsed time is 45.393632 seconds.
Elapsed time is 46.067711 seconds.
Elapsed time is 46.617445 seconds.
Elapsed time is 44.599504 seconds.
Elapsed time is 45.112350 seconds.
Elapsed time is 46.345347 seconds.
Elapsed time is 45.063800 seconds.
Elapsed time is 48.903756 seconds.
Elapsed time is 47.805015 seconds.
Elapsed time is 45.302739 seconds.
Elapsed time is 45.935212 seconds.
Elapsed time is 54.377255 seconds.
Elapsed time is 47.291433 seconds.
Elapsed time is 44.705458 seconds.
     5         750         5169.16        1.11e+06        1e-07      0.0145449
Elapsed time is 44.813171 seconds.
Elapsed time is 51.621233 seconds.
Elapsed time is 46.450797 seconds.
Elapsed time is 44.271077 seconds.
Elapsed time is 45.682442 seconds.
Elapsed time is 49.308695 seconds.
Elapsed time is 49.053327 seconds.
Elapsed time is 45.799757 seconds.
Elapsed time is 48.265905 seconds.
Elapsed time is 44.292050 seconds.
Elapsed time is 47.021345 seconds.
Elapsed time is 47.686788 seconds.
Elapsed time is 44.696485 seconds.
Elapsed time is 45.928747 seconds.
Elapsed time is 47.135354 seconds.
Elapsed time is 46.253143 seconds.
Elapsed time is 44.358227 seconds.
Elapsed time is 47.718392 seconds.
Elapsed time is 46.659387 seconds.
Elapsed time is 44.467897 seconds.
Elapsed time is 46.441121 seconds.
Elapsed time is 48.498077 seconds.
Elapsed time is 45.319461 seconds.
Elapsed time is 46.168873 seconds.
Elapsed time is 46.832775 seconds.
Elapsed time is 45.252187 seconds.
Elapsed time is 44.265667 seconds.
Elapsed time is 47.513474 seconds.
Elapsed time is 48.307777 seconds.
Elapsed time is 45.545610 seconds.
Elapsed time is 47.140534 seconds.
Elapsed time is 45.628635 seconds.
Elapsed time is 45.141329 seconds.
Elapsed time is 46.600464 seconds.
Elapsed time is 45.016437 seconds.
Elapsed time is 44.730001 seconds.
Elapsed time is 45.525175 seconds.
Elapsed time is 44.971283 seconds.
Elapsed time is 46.453552 seconds.
Elapsed time is 46.405838 seconds.
Elapsed time is 45.822301 seconds.
Elapsed time is 44.965879 seconds.
Elapsed time is 46.703551 seconds.
Elapsed time is 46.418609 seconds.
Elapsed time is 45.200104 seconds.
Elapsed time is 44.452712 seconds.
Elapsed time is 48.716428 seconds.
Elapsed time is 46.599805 seconds.
Elapsed time is 44.317788 seconds.
Elapsed time is 47.293943 seconds.
Elapsed time is 46.308845 seconds.
Elapsed time is 44.573254 seconds.
Elapsed time is 44.542856 seconds.
Elapsed time is 47.211201 seconds.
Elapsed time is 46.361765 seconds.
Elapsed time is 45.003304 seconds.
Elapsed time is 47.467050 seconds.
Elapsed time is 47.181876 seconds.
Elapsed time is 45.281057 seconds.
Elapsed time is 46.339668 seconds.
Elapsed time is 46.658220 seconds.
Elapsed time is 45.161719 seconds.
Elapsed time is 45.140756 seconds.
Elapsed time is 47.499533 seconds.
Elapsed time is 45.629456 seconds.
Elapsed time is 45.608001 seconds.
Elapsed time is 46.699238 seconds.
Elapsed time is 45.577339 seconds.
Elapsed time is 44.435911 seconds.
Elapsed time is 45.653188 seconds.
Elapsed time is 45.549165 seconds.
Elapsed time is 46.209044 seconds.
Elapsed time is 45.040588 seconds.
Elapsed time is 46.173402 seconds.
Elapsed time is 45.475756 seconds.
Elapsed time is 44.792125 seconds.
Elapsed time is 45.377520 seconds.
Elapsed time is 44.648522 seconds.
Elapsed time is 45.254704 seconds.
Elapsed time is 44.870980 seconds.
Elapsed time is 45.392429 seconds.
Elapsed time is 46.119343 seconds.
Elapsed time is 45.890407 seconds.
Elapsed time is 47.997307 seconds.
Elapsed time is 46.435565 seconds.
Elapsed time is 45.008781 seconds.
Elapsed time is 45.683870 seconds.
Elapsed time is 45.081657 seconds.
Elapsed time is 45.779790 seconds.
Elapsed time is 46.059867 seconds.
Elapsed time is 45.638054 seconds.
Elapsed time is 45.825775 seconds.
Elapsed time is 44.889878 seconds.
Elapsed time is 46.313700 seconds.
Elapsed time is 45.175366 seconds.
Elapsed time is 46.022959 seconds.
Elapsed time is 49.639540 seconds.
Elapsed time is 45.523173 seconds.
Elapsed time is 46.933008 seconds.
Elapsed time is 45.073265 seconds.
Elapsed time is 46.034663 seconds.
Elapsed time is 46.166495 seconds.
Elapsed time is 45.430954 seconds.
Elapsed time is 47.788385 seconds.
Elapsed time is 45.136587 seconds.
Elapsed time is 45.519219 seconds.
Elapsed time is 45.765676 seconds.
Elapsed time is 45.088452 seconds.
Elapsed time is 45.019912 seconds.
Elapsed time is 44.664137 seconds.
Elapsed time is 46.337091 seconds.
Elapsed time is 46.171868 seconds.
Elapsed time is 45.668392 seconds.
Elapsed time is 46.285846 seconds.
Elapsed time is 45.614916 seconds.
Elapsed time is 45.657191 seconds.
Elapsed time is 46.092147 seconds.
Elapsed time is 46.853257 seconds.
Elapsed time is 45.074045 seconds.
Elapsed time is 44.662955 seconds.
Elapsed time is 45.196726 seconds.
Elapsed time is 46.053467 seconds.
Elapsed time is 45.737125 seconds.
Elapsed time is 45.445466 seconds.
Elapsed time is 47.267455 seconds.
     6         875         5032.84        1.04e+05        1e-08       0.021661
Elapsed time is 47.334009 seconds.
Elapsed time is 46.083019 seconds.
Elapsed time is 44.258882 seconds.
Elapsed time is 44.656898 seconds.
Elapsed time is 47.863200 seconds.
Elapsed time is 45.070666 seconds.
Elapsed time is 46.170110 seconds.
Elapsed time is 45.779088 seconds.
Elapsed time is 45.730856 seconds.
Elapsed time is 44.236776 seconds.
Elapsed time is 46.275925 seconds.
Elapsed time is 46.661965 seconds.
Elapsed time is 44.978572 seconds.
Elapsed time is 47.283804 seconds.
Elapsed time is 49.679999 seconds.
Elapsed time is 45.616398 seconds.
Elapsed time is 44.357252 seconds.
Elapsed time is 45.516549 seconds.
Elapsed time is 45.078901 seconds.
Elapsed time is 44.292053 seconds.
Elapsed time is 45.019628 seconds.
Elapsed time is 47.938475 seconds.
Elapsed time is 45.083326 seconds.
Elapsed time is 45.059481 seconds.
Elapsed time is 45.704454 seconds.
Elapsed time is 44.634720 seconds.
Elapsed time is 47.774296 seconds.
Elapsed time is 45.904305 seconds.
Elapsed time is 45.247171 seconds.
Elapsed time is 46.219424 seconds.
Elapsed time is 45.667166 seconds.
Elapsed time is 44.531509 seconds.
Elapsed time is 45.061371 seconds.
Elapsed time is 44.944144 seconds.
Elapsed time is 44.568088 seconds.
Elapsed time is 47.462536 seconds.
Elapsed time is 45.775104 seconds.
Elapsed time is 45.147018 seconds.
Elapsed time is 49.717896 seconds.
Elapsed time is 45.674605 seconds.
Elapsed time is 44.313557 seconds.
Elapsed time is 44.205448 seconds.
Elapsed time is 46.167293 seconds.
Elapsed time is 44.632825 seconds.
Elapsed time is 44.611234 seconds.
Elapsed time is 45.760625 seconds.
Elapsed time is 44.558862 seconds.
Elapsed time is 46.884505 seconds.
Elapsed time is 46.466545 seconds.
Elapsed time is 44.125060 seconds.
Elapsed time is 43.991785 seconds.
Elapsed time is 47.210926 seconds.
Elapsed time is 45.791374 seconds.
Elapsed time is 44.193697 seconds.
Elapsed time is 47.444671 seconds.
Elapsed time is 46.265242 seconds.
Elapsed time is 44.056759 seconds.
Elapsed time is 44.916814 seconds.
Elapsed time is 45.518658 seconds.
Elapsed time is 45.144959 seconds.
Elapsed time is 43.959438 seconds.
Elapsed time is 45.850135 seconds.
Elapsed time is 45.238885 seconds.
Elapsed time is 45.565923 seconds.
Elapsed time is 46.305185 seconds.
Elapsed time is 46.242891 seconds.
Elapsed time is 43.873305 seconds.
Elapsed time is 44.627769 seconds.
Elapsed time is 49.323632 seconds.
Elapsed time is 44.699470 seconds.
Elapsed time is 44.109988 seconds.
Elapsed time is 45.390549 seconds.
Elapsed time is 45.259999 seconds.
Elapsed time is 44.535629 seconds.
Elapsed time is 47.231855 seconds.
Elapsed time is 48.942280 seconds.
Elapsed time is 43.879817 seconds.
Elapsed time is 47.798628 seconds.
Elapsed time is 45.330256 seconds.
Elapsed time is 45.205953 seconds.
Elapsed time is 44.546093 seconds.
Elapsed time is 46.836341 seconds.
Elapsed time is 45.946496 seconds.
Elapsed time is 44.041563 seconds.
Elapsed time is 51.027338 seconds.
Elapsed time is 45.580494 seconds.
Elapsed time is 43.349060 seconds.
Elapsed time is 49.933453 seconds.
Elapsed time is 51.104389 seconds.
Elapsed time is 44.448582 seconds.
Elapsed time is 44.891590 seconds.
Elapsed time is 49.500070 seconds.
Elapsed time is 45.636661 seconds.
Elapsed time is 44.668044 seconds.
Elapsed time is 46.011092 seconds.
Elapsed time is 47.863125 seconds.
Elapsed time is 44.585800 seconds.
Elapsed time is 45.673325 seconds.
Elapsed time is 48.647805 seconds.
Elapsed time is 45.165674 seconds.
Elapsed time is 44.857931 seconds.
Elapsed time is 46.522501 seconds.
Elapsed time is 44.565727 seconds.
Elapsed time is 44.404698 seconds.
Elapsed time is 45.046706 seconds.
Elapsed time is 46.016489 seconds.
Elapsed time is 45.355183 seconds.
Elapsed time is 46.685190 seconds.
Elapsed time is 48.154080 seconds.
Elapsed time is 44.673685 seconds.
Elapsed time is 46.085533 seconds.
Elapsed time is 46.558591 seconds.
Elapsed time is 44.438580 seconds.
Elapsed time is 44.384410 seconds.
Elapsed time is 47.011839 seconds.
Elapsed time is 44.680209 seconds.
Elapsed time is 45.199666 seconds.
Elapsed time is 47.017568 seconds.
Elapsed time is 44.743929 seconds.
Elapsed time is 46.029079 seconds.
Elapsed time is 44.669702 seconds.
Elapsed time is 44.770842 seconds.
Elapsed time is 46.204655 seconds.
Elapsed time is 45.514673 seconds.
Elapsed time is 47.259593 seconds.
     7        1000         4929.83        1.34e+05        1e-09      0.0212031
Elapsed time is 45.743351 seconds.
Elapsed time is 45.875744 seconds.
Elapsed time is 46.079281 seconds.
Elapsed time is 45.775440 seconds.
Elapsed time is 44.748721 seconds.
Elapsed time is 44.967819 seconds.
Elapsed time is 44.822451 seconds.
Elapsed time is 44.760948 seconds.
Elapsed time is 45.918742 seconds.
Elapsed time is 46.209408 seconds.
Elapsed time is 45.173337 seconds.
Elapsed time is 45.703799 seconds.
Elapsed time is 45.481542 seconds.
Elapsed time is 46.227297 seconds.
Elapsed time is 45.408739 seconds.
Elapsed time is 46.636540 seconds.
Elapsed time is 45.460550 seconds.
Elapsed time is 44.770914 seconds.
Elapsed time is 47.248456 seconds.
Elapsed time is 46.651267 seconds.
Elapsed time is 46.000458 seconds.
Elapsed time is 44.263642 seconds.
Elapsed time is 45.916982 seconds.
Elapsed time is 45.029202 seconds.
Elapsed time is 45.007878 seconds.
Elapsed time is 46.122334 seconds.
Elapsed time is 45.898345 seconds.
Elapsed time is 44.834473 seconds.
Elapsed time is 45.800354 seconds.
Elapsed time is 45.816744 seconds.
Elapsed time is 47.804758 seconds.
Elapsed time is 44.823412 seconds.
Elapsed time is 45.155624 seconds.
Elapsed time is 45.175400 seconds.
Elapsed time is 44.621266 seconds.
Elapsed time is 45.782406 seconds.
Elapsed time is 45.249472 seconds.
Elapsed time is 45.238864 seconds.
Elapsed time is 45.693324 seconds.
Elapsed time is 45.123040 seconds.
Elapsed time is 45.439775 seconds.
Elapsed time is 48.178327 seconds.
Elapsed time is 46.072920 seconds.
Elapsed time is 46.105841 seconds.
Elapsed time is 44.931373 seconds.
Elapsed time is 46.131241 seconds.
Elapsed time is 45.603535 seconds.
Elapsed time is 46.646764 seconds.
Elapsed time is 44.683699 seconds.
Elapsed time is 44.173395 seconds.
Elapsed time is 47.005813 seconds.
Elapsed time is 44.715359 seconds.
Elapsed time is 45.349501 seconds.
Elapsed time is 45.717739 seconds.
Elapsed time is 46.273895 seconds.
Elapsed time is 47.420473 seconds.
Elapsed time is 44.582861 seconds.
Elapsed time is 46.901569 seconds.
Elapsed time is 44.296731 seconds.
Elapsed time is 44.362605 seconds.
Elapsed time is 45.165932 seconds.
Elapsed time is 45.009854 seconds.
Elapsed time is 46.454757 seconds.
Elapsed time is 46.044324 seconds.
Elapsed time is 46.803953 seconds.
Elapsed time is 45.399583 seconds.
Elapsed time is 45.067395 seconds.
Elapsed time is 44.817676 seconds.
Elapsed time is 44.799296 seconds.
Elapsed time is 44.481193 seconds.
Elapsed time is 46.680828 seconds.
Elapsed time is 49.106951 seconds.
Elapsed time is 45.283268 seconds.
Elapsed time is 46.401946 seconds.
Elapsed time is 45.674859 seconds.
Elapsed time is 45.407073 seconds.
Elapsed time is 44.815131 seconds.
Elapsed time is 45.434302 seconds.
Elapsed time is 45.451700 seconds.
Elapsed time is 45.679654 seconds.
Elapsed time is 46.170124 seconds.
Elapsed time is 46.437723 seconds.
Elapsed time is 45.044265 seconds.
Elapsed time is 44.006919 seconds.
Elapsed time is 44.658834 seconds.
Elapsed time is 44.449780 seconds.
Elapsed time is 46.048466 seconds.
Elapsed time is 45.998518 seconds.
Elapsed time is 45.148218 seconds.
Elapsed time is 45.271515 seconds.
Elapsed time is 46.088888 seconds.
Elapsed time is 44.852225 seconds.
Elapsed time is 45.557936 seconds.
Elapsed time is 44.641618 seconds.
Elapsed time is 45.494756 seconds.
Elapsed time is 47.743916 seconds.
Elapsed time is 45.539007 seconds.
Elapsed time is 44.949579 seconds.
Elapsed time is 45.661570 seconds.
Elapsed time is 45.434177 seconds.
Elapsed time is 43.830975 seconds.
Elapsed time is 46.137877 seconds.
Elapsed time is 45.181345 seconds.
Elapsed time is 44.532176 seconds.
Elapsed time is 44.743220 seconds.
Elapsed time is 45.507073 seconds.
Elapsed time is 45.791855 seconds.
Elapsed time is 44.820185 seconds.
Elapsed time is 47.428794 seconds.
Elapsed time is 46.106198 seconds.
Elapsed time is 44.951470 seconds.
Elapsed time is 45.278209 seconds.
Elapsed time is 44.272455 seconds.
Elapsed time is 44.889881 seconds.
Elapsed time is 47.273621 seconds.
Elapsed time is 45.358834 seconds.
Elapsed time is 45.658548 seconds.
Elapsed time is 49.334370 seconds.
Elapsed time is 45.475966 seconds.
Elapsed time is 45.558716 seconds.
Elapsed time is 49.640390 seconds.
Elapsed time is 44.462029 seconds.
Elapsed time is 43.833338 seconds.
Elapsed time is 46.086519 seconds.
Elapsed time is 49.217657 seconds.
     8        1125         4867.73        1.63e+05        1e-10      0.0196381
Elapsed time is 44.528743 seconds.
Elapsed time is 45.640328 seconds.
Elapsed time is 46.403165 seconds.
Elapsed time is 44.130914 seconds.
Elapsed time is 45.642441 seconds.
Elapsed time is 45.757496 seconds.
Elapsed time is 44.000409 seconds.
Elapsed time is 45.322169 seconds.
Elapsed time is 45.283962 seconds.
Elapsed time is 45.236493 seconds.
Elapsed time is 44.213932 seconds.
Elapsed time is 45.196122 seconds.
Elapsed time is 46.068408 seconds.
Elapsed time is 45.185557 seconds.
Elapsed time is 46.359350 seconds.
Elapsed time is 45.806511 seconds.
Elapsed time is 43.849508 seconds.
Elapsed time is 46.735725 seconds.
Elapsed time is 46.514626 seconds.
Elapsed time is 46.046009 seconds.
Elapsed time is 44.056289 seconds.
Elapsed time is 45.926164 seconds.
Elapsed time is 46.601624 seconds.
Elapsed time is 44.185235 seconds.
Elapsed time is 48.758870 seconds.
Elapsed time is 48.486943 seconds.
Elapsed time is 44.645204 seconds.
Elapsed time is 44.255209 seconds.
Elapsed time is 47.279897 seconds.
Elapsed time is 45.096019 seconds.
Elapsed time is 44.757468 seconds.
Elapsed time is 44.850491 seconds.
Elapsed time is 45.528266 seconds.
Elapsed time is 45.134248 seconds.
Elapsed time is 45.103067 seconds.
Elapsed time is 45.191691 seconds.
Elapsed time is 44.866798 seconds.
Elapsed time is 45.014420 seconds.
Elapsed time is 43.898965 seconds.
Elapsed time is 44.917979 seconds.
Elapsed time is 45.916173 seconds.
Elapsed time is 44.990768 seconds.
Elapsed time is 45.545794 seconds.
Elapsed time is 48.148956 seconds.
Elapsed time is 44.263993 seconds.
Elapsed time is 44.428621 seconds.
Elapsed time is 47.396938 seconds.
Elapsed time is 45.689893 seconds.
Elapsed time is 44.125617 seconds.
Elapsed time is 46.436728 seconds.
Elapsed time is 46.531483 seconds.
Elapsed time is 44.720533 seconds.
Elapsed time is 45.643912 seconds.
Elapsed time is 45.739000 seconds.
Elapsed time is 44.746707 seconds.
Elapsed time is 45.780189 seconds.
Elapsed time is 45.688512 seconds.
Elapsed time is 44.990774 seconds.
Elapsed time is 44.978731 seconds.
Elapsed time is 48.009067 seconds.
Elapsed time is 46.707540 seconds.
Elapsed time is 44.366544 seconds.
Elapsed time is 44.683416 seconds.
Elapsed time is 45.584007 seconds.
Elapsed time is 44.566484 seconds.
Elapsed time is 44.601029 seconds.
Elapsed time is 46.588045 seconds.
Elapsed time is 44.379614 seconds.
Elapsed time is 45.267218 seconds.
Elapsed time is 45.792099 seconds.
Elapsed time is 45.542684 seconds.
Elapsed time is 46.560351 seconds.
Elapsed time is 45.465344 seconds.
Elapsed time is 44.821393 seconds.
Elapsed time is 46.002511 seconds.
Elapsed time is 44.804727 seconds.
Elapsed time is 45.029993 seconds.
Elapsed time is 44.397196 seconds.
Elapsed time is 46.031518 seconds.
Elapsed time is 45.813021 seconds.
Elapsed time is 44.821352 seconds.
Elapsed time is 45.653910 seconds.
Elapsed time is 44.897075 seconds.
Elapsed time is 44.481261 seconds.
Elapsed time is 44.617605 seconds.
Elapsed time is 45.443614 seconds.
Elapsed time is 45.167812 seconds.
Elapsed time is 46.109977 seconds.
Elapsed time is 45.438999 seconds.
Elapsed time is 46.775135 seconds.
Elapsed time is 45.080171 seconds.
Elapsed time is 43.707022 seconds.
Elapsed time is 45.994095 seconds.
Elapsed time is 45.270953 seconds.
Elapsed time is 45.003057 seconds.
Elapsed time is 46.142819 seconds.
Elapsed time is 45.267188 seconds.
Elapsed time is 44.035394 seconds.
Elapsed time is 45.074709 seconds.
Elapsed time is 45.990458 seconds.
Elapsed time is 44.055108 seconds.
Elapsed time is 44.985141 seconds.
Elapsed time is 47.258003 seconds.
Elapsed time is 45.602626 seconds.
Elapsed time is 48.188624 seconds.
Elapsed time is 46.540176 seconds.
Elapsed time is 44.940095 seconds.
Elapsed time is 45.136519 seconds.
Elapsed time is 45.363490 seconds.
Elapsed time is 45.204508 seconds.
Elapsed time is 44.268297 seconds.
Elapsed time is 44.728631 seconds.
Elapsed time is 46.282749 seconds.
Elapsed time is 44.831194 seconds.
Elapsed time is 45.194192 seconds.
Elapsed time is 45.155624 seconds.
Elapsed time is 45.201017 seconds.
Elapsed time is 44.853856 seconds.
Elapsed time is 45.575178 seconds.
Elapsed time is 45.884653 seconds.
Elapsed time is 44.692954 seconds.
Elapsed time is 45.076354 seconds.
Elapsed time is 44.472336 seconds.
Elapsed time is 45.606844 seconds.
Elapsed time is 45.486501 seconds.
     9        1250         4807.48        6.55e+05        1e-11      0.0144723
Elapsed time is 45.173679 seconds.
Elapsed time is 48.191518 seconds.
Elapsed time is 45.326603 seconds.
Elapsed time is 45.106420 seconds.
Elapsed time is 44.778960 seconds.
Elapsed time is 45.818147 seconds.
Elapsed time is 44.647387 seconds.
Elapsed time is 45.543799 seconds.
Elapsed time is 46.298423 seconds.
Elapsed time is 44.546847 seconds.
Elapsed time is 45.620059 seconds.
Elapsed time is 44.593545 seconds.
Elapsed time is 44.242150 seconds.
Elapsed time is 44.817366 seconds.
Elapsed time is 46.165203 seconds.
Elapsed time is 44.303450 seconds.
Elapsed time is 46.617469 seconds.
Elapsed time is 48.519775 seconds.
Elapsed time is 44.773800 seconds.
Elapsed time is 45.428349 seconds.
Elapsed time is 45.582402 seconds.
Elapsed time is 44.136086 seconds.
Elapsed time is 44.946552 seconds.
Elapsed time is 45.246186 seconds.
Elapsed time is 45.094674 seconds.
Elapsed time is 44.367176 seconds.
Elapsed time is 46.026474 seconds.
Elapsed time is 44.441960 seconds.
Elapsed time is 44.651068 seconds.
Elapsed time is 45.243359 seconds.
Elapsed time is 45.311075 seconds.
Elapsed time is 50.215578 seconds.
Elapsed time is 44.837544 seconds.
Elapsed time is 48.592006 seconds.
Elapsed time is 45.352192 seconds.
Elapsed time is 45.340709 seconds.
Elapsed time is 45.666865 seconds.
Elapsed time is 46.732895 seconds.
Elapsed time is 44.991549 seconds.
Elapsed time is 45.360728 seconds.
Elapsed time is 47.827157 seconds.
Elapsed time is 46.054755 seconds.
Elapsed time is 45.425322 seconds.
Elapsed time is 45.146602 seconds.
Elapsed time is 44.659852 seconds.
Elapsed time is 44.679263 seconds.
Elapsed time is 44.712206 seconds.
Elapsed time is 46.769575 seconds.
Elapsed time is 44.855815 seconds.
Elapsed time is 45.261312 seconds.
Elapsed time is 46.242833 seconds.
Elapsed time is 45.149056 seconds.
Elapsed time is 45.138636 seconds.
Elapsed time is 45.111809 seconds.
Elapsed time is 45.471150 seconds.
Elapsed time is 44.453298 seconds.
Elapsed time is 45.763198 seconds.
Elapsed time is 45.079596 seconds.
Elapsed time is 44.862382 seconds.
Elapsed time is 45.254265 seconds.
Elapsed time is 45.685564 seconds.
Elapsed time is 44.688716 seconds.
Elapsed time is 45.745217 seconds.
Elapsed time is 45.552282 seconds.
Elapsed time is 44.841367 seconds.
Elapsed time is 44.868665 seconds.
Elapsed time is 46.007971 seconds.
Elapsed time is 45.649802 seconds.
Elapsed time is 45.666712 seconds.
Elapsed time is 46.643961 seconds.
Elapsed time is 44.499265 seconds.
Elapsed time is 44.686077 seconds.
Elapsed time is 44.955742 seconds.
Elapsed time is 44.920816 seconds.
Elapsed time is 45.438505 seconds.
Elapsed time is 46.184807 seconds.
Elapsed time is 45.184947 seconds.
Elapsed time is 46.476676 seconds.
Elapsed time is 45.500464 seconds.
Elapsed time is 46.805740 seconds.
Elapsed time is 45.105377 seconds.
Elapsed time is 44.177202 seconds.
Elapsed time is 45.378354 seconds.
Elapsed time is 45.309069 seconds.
Elapsed time is 44.533217 seconds.
Elapsed time is 46.446588 seconds.
Elapsed time is 46.988709 seconds.
Elapsed time is 44.609142 seconds.
Elapsed time is 46.493364 seconds.
Elapsed time is 45.276826 seconds.
Elapsed time is 44.198035 seconds.
Elapsed time is 44.849391 seconds.
Elapsed time is 46.892653 seconds.
Elapsed time is 45.065810 seconds.
Elapsed time is 45.641790 seconds.
Elapsed time is 45.789552 seconds.
Elapsed time is 46.595133 seconds.
Elapsed time is 46.005301 seconds.
Elapsed time is 45.730806 seconds.
Elapsed time is 45.578362 seconds.
Elapsed time is 48.569022 seconds.
Elapsed time is 44.358916 seconds.
Elapsed time is 45.329421 seconds.
Elapsed time is 47.066458 seconds.
Elapsed time is 46.470172 seconds.
Elapsed time is 46.243526 seconds.
Elapsed time is 48.026059 seconds.
Elapsed time is 47.746350 seconds.
Elapsed time is 46.831755 seconds.
Elapsed time is 44.727090 seconds.
Elapsed time is 45.358916 seconds.
Elapsed time is 44.414074 seconds.
Elapsed time is 44.972873 seconds.
Elapsed time is 46.439293 seconds.
Elapsed time is 45.275679 seconds.
Elapsed time is 46.255251 seconds.
Elapsed time is 46.361517 seconds.
Elapsed time is 45.381740 seconds.
Elapsed time is 45.326858 seconds.
Elapsed time is 45.722511 seconds.
Elapsed time is 44.685920 seconds.
Elapsed time is 44.566777 seconds.
Elapsed time is 45.263547 seconds.
Elapsed time is 46.551326 seconds.
Elapsed time is 45.450094 seconds.
    10        1375         4749.82        9.26e+04        1e-12     0.00981226
Elapsed time is 44.810504 seconds.
Elapsed time is 47.540567 seconds.
Elapsed time is 45.326388 seconds.
Elapsed time is 43.880636 seconds.
Elapsed time is 45.793555 seconds.
Elapsed time is 46.051490 seconds.
Elapsed time is 44.246817 seconds.
Elapsed time is 45.187910 seconds.
Elapsed time is 47.271402 seconds.
Elapsed time is 45.340551 seconds.
Elapsed time is 48.280240 seconds.
Elapsed time is 50.255362 seconds.
Elapsed time is 46.172924 seconds.
Elapsed time is 44.047732 seconds.
Elapsed time is 46.394910 seconds.
Elapsed time is 45.958036 seconds.
Elapsed time is 44.694395 seconds.
Elapsed time is 46.223004 seconds.
Elapsed time is 46.393318 seconds.
Elapsed time is 44.112387 seconds.
Elapsed time is 45.541651 seconds.
Elapsed time is 49.338534 seconds.
Elapsed time is 45.418690 seconds.
Elapsed time is 45.459989 seconds.
Elapsed time is 46.848564 seconds.
Elapsed time is 45.217302 seconds.
Elapsed time is 45.397234 seconds.
Elapsed time is 45.934525 seconds.
Elapsed time is 45.101262 seconds.
Elapsed time is 44.608919 seconds.
Elapsed time is 45.589606 seconds.
Elapsed time is 46.388621 seconds.
Elapsed time is 44.941815 seconds.
Elapsed time is 45.997735 seconds.
Elapsed time is 44.736811 seconds.
Elapsed time is 45.744054 seconds.
Elapsed time is 45.534211 seconds.
Elapsed time is 45.361572 seconds.
Elapsed time is 44.609289 seconds.
Elapsed time is 46.218920 seconds.
Elapsed time is 49.063216 seconds.
Elapsed time is 44.229603 seconds.
Elapsed time is 44.658154 seconds.
Elapsed time is 45.052177 seconds.
Elapsed time is 45.075027 seconds.
Elapsed time is 45.443913 seconds.
Elapsed time is 46.149333 seconds.
Elapsed time is 48.293734 seconds.
Elapsed time is 46.119971 seconds.
Elapsed time is 46.087056 seconds.
Elapsed time is 46.901793 seconds.
Elapsed time is 45.518885 seconds.
Elapsed time is 44.718061 seconds.
Elapsed time is 46.232700 seconds.
Elapsed time is 46.741235 seconds.
Elapsed time is 46.785903 seconds.
Elapsed time is 45.855026 seconds.
Elapsed time is 45.978654 seconds.
Elapsed time is 45.972961 seconds.
Elapsed time is 44.008667 seconds.
Elapsed time is 46.213259 seconds.
Elapsed time is 46.866248 seconds.
Elapsed time is 44.269716 seconds.
Elapsed time is 49.986901 seconds.
Elapsed time is 45.391230 seconds.
Elapsed time is 44.557263 seconds.
Elapsed time is 44.758288 seconds.
Elapsed time is 46.899486 seconds.
Elapsed time is 44.483501 seconds.
Elapsed time is 44.755843 seconds.
Elapsed time is 46.956237 seconds.
Elapsed time is 45.218356 seconds.
Elapsed time is 46.430753 seconds.
Elapsed time is 46.270808 seconds.
Elapsed time is 45.274568 seconds.
Elapsed time is 45.473844 seconds.
Elapsed time is 44.528236 seconds.
Elapsed time is 46.224251 seconds.
Elapsed time is 44.262851 seconds.
Elapsed time is 45.609710 seconds.
Elapsed time is 45.597422 seconds.
Elapsed time is 46.368611 seconds.
Elapsed time is 45.699696 seconds.
Elapsed time is 45.004046 seconds.
Elapsed time is 46.258837 seconds.
Elapsed time is 44.643814 seconds.
Elapsed time is 44.950471 seconds.
Elapsed time is 45.776614 seconds.
Elapsed time is 45.879777 seconds.
Elapsed time is 44.726178 seconds.
Elapsed time is 46.309123 seconds.
Elapsed time is 46.379433 seconds.
Elapsed time is 44.941348 seconds.
Elapsed time is 47.400948 seconds.
Elapsed time is 44.875018 seconds.
Elapsed time is 44.795778 seconds.
Elapsed time is 48.096144 seconds.
Elapsed time is 48.923991 seconds.
Elapsed time is 44.799198 seconds.
Elapsed time is 46.157082 seconds.
Elapsed time is 47.811066 seconds.
Elapsed time is 44.239301 seconds.
Elapsed time is 46.026770 seconds.
Elapsed time is 49.833752 seconds.
Elapsed time is 45.634164 seconds.
Elapsed time is 44.317005 seconds.
Elapsed time is 45.528357 seconds.
Elapsed time is 47.419771 seconds.
Elapsed time is 44.351083 seconds.
Elapsed time is 44.175712 seconds.
Elapsed time is 48.931119 seconds.
Elapsed time is 44.899527 seconds.
Elapsed time is 44.865778 seconds.
Elapsed time is 45.084550 seconds.
Elapsed time is 49.188362 seconds.
Elapsed time is 44.371347 seconds.
Elapsed time is 44.515456 seconds.
Elapsed time is 47.420976 seconds.
Elapsed time is 45.638710 seconds.
Elapsed time is 44.854442 seconds.
Elapsed time is 46.321557 seconds.
Elapsed time is 45.813748 seconds.
Elapsed time is 45.039756 seconds.
Elapsed time is 44.099636 seconds.
Elapsed time is 45.703515 seconds.
    11        1500         4708.25        9.93e+05        1e-13      0.0127255
Elapsed time is 45.076218 seconds.
Elapsed time is 47.637145 seconds.
Elapsed time is 44.649838 seconds.
Elapsed time is 44.881117 seconds.
Elapsed time is 45.573722 seconds.
Elapsed time is 44.427342 seconds.
Elapsed time is 44.810811 seconds.
Elapsed time is 45.893392 seconds.
Elapsed time is 45.981804 seconds.
Elapsed time is 45.782955 seconds.
Elapsed time is 45.803337 seconds.
Elapsed time is 47.361965 seconds.
Elapsed time is 44.755836 seconds.
Elapsed time is 45.001673 seconds.
Elapsed time is 45.434489 seconds.
Elapsed time is 44.960185 seconds.
Elapsed time is 45.452749 seconds.
Elapsed time is 45.934392 seconds.
Elapsed time is 45.062105 seconds.
Elapsed time is 47.332145 seconds.
Elapsed time is 46.846267 seconds.
Elapsed time is 44.756201 seconds.
Elapsed time is 44.145983 seconds.
Elapsed time is 45.320351 seconds.
Elapsed time is 45.443186 seconds.
Elapsed time is 45.043789 seconds.
Elapsed time is 46.699258 seconds.
Elapsed time is 45.981367 seconds.
Elapsed time is 47.583722 seconds.
Elapsed time is 44.978915 seconds.
Elapsed time is 45.910268 seconds.
Elapsed time is 45.082286 seconds.
Elapsed time is 45.216073 seconds.
Elapsed time is 46.100117 seconds.
Elapsed time is 49.194741 seconds.
Elapsed time is 45.159905 seconds.
Elapsed time is 45.356946 seconds.
Elapsed time is 45.244684 seconds.
Elapsed time is 45.702374 seconds.
Elapsed time is 44.635974 seconds.
Elapsed time is 45.292927 seconds.
Elapsed time is 45.316727 seconds.
Elapsed time is 46.007285 seconds.
Elapsed time is 46.756902 seconds.
Elapsed time is 45.462365 seconds.
Elapsed time is 45.993363 seconds.
Elapsed time is 47.566512 seconds.
Elapsed time is 44.157415 seconds.
Elapsed time is 44.983563 seconds.
Elapsed time is 45.481257 seconds.
Elapsed time is 44.764541 seconds.
Elapsed time is 45.041257 seconds.
Elapsed time is 45.231356 seconds.
Elapsed time is 50.594063 seconds.
Elapsed time is 44.407051 seconds.
Elapsed time is 44.404554 seconds.
Elapsed time is 44.656715 seconds.
Elapsed time is 44.676933 seconds.
Elapsed time is 44.269782 seconds.
Elapsed time is 46.976746 seconds.
Elapsed time is 45.390929 seconds.
Elapsed time is 45.320589 seconds.
Elapsed time is 45.781047 seconds.
Elapsed time is 44.822819 seconds.
Elapsed time is 45.584207 seconds.
Elapsed time is 44.838579 seconds.
Elapsed time is 46.427113 seconds.
Elapsed time is 45.039378 seconds.
Elapsed time is 45.617424 seconds.
Elapsed time is 46.413084 seconds.
Elapsed time is 45.439147 seconds.
Elapsed time is 45.183585 seconds.
Elapsed time is 45.260998 seconds.
Elapsed time is 44.454882 seconds.
Elapsed time is 44.594989 seconds.
Elapsed time is 45.968444 seconds.
Elapsed time is 46.022046 seconds.
Elapsed time is 45.519547 seconds.
Elapsed time is 46.193953 seconds.
Elapsed time is 44.686909 seconds.
Elapsed time is 45.208685 seconds.
Elapsed time is 44.330944 seconds.
Elapsed time is 45.220270 seconds.
Elapsed time is 45.358628 seconds.
Elapsed time is 44.649064 seconds.
Elapsed time is 45.607780 seconds.
Elapsed time is 45.169694 seconds.
Elapsed time is 45.431684 seconds.
Elapsed time is 44.647808 seconds.
Elapsed time is 47.241741 seconds.
Elapsed time is 44.088410 seconds.
Elapsed time is 44.220325 seconds.
Elapsed time is 46.101718 seconds.
Elapsed time is 45.885266 seconds.
Elapsed time is 44.985428 seconds.
Elapsed time is 44.950893 seconds.
Elapsed time is 45.288507 seconds.
Elapsed time is 45.580880 seconds.
Elapsed time is 44.596517 seconds.
Elapsed time is 43.883466 seconds.
Elapsed time is 45.323072 seconds.
Elapsed time is 44.242805 seconds.
Elapsed time is 45.607450 seconds.
Elapsed time is 45.563486 seconds.
Elapsed time is 45.479739 seconds.
Elapsed time is 48.863663 seconds.
Elapsed time is 46.084993 seconds.
Elapsed time is 45.073823 seconds.
Elapsed time is 44.695506 seconds.
Elapsed time is 44.595043 seconds.
Elapsed time is 45.069940 seconds.
Elapsed time is 45.391364 seconds.
Elapsed time is 45.175089 seconds.
Elapsed time is 45.199637 seconds.
Elapsed time is 46.857512 seconds.
Elapsed time is 43.954890 seconds.
Elapsed time is 46.271052 seconds.
Elapsed time is 45.272050 seconds.
Elapsed time is 44.031880 seconds.
Elapsed time is 46.135645 seconds.
Elapsed time is 45.526098 seconds.
Elapsed time is 44.145581 seconds.
Elapsed time is 45.685004 seconds.
Elapsed time is 48.307295 seconds.
Elapsed time is 44.388612 seconds.
    12        1625            4680        1.59e+06        1e-14      0.0090658
Elapsed time is 43.784400 seconds.
Elapsed time is 45.449672 seconds.
Elapsed time is 47.297112 seconds.
Elapsed time is 44.477895 seconds.
Elapsed time is 45.739829 seconds.
Elapsed time is 48.992127 seconds.
Elapsed time is 44.664571 seconds.
Elapsed time is 44.254960 seconds.
Elapsed time is 46.550924 seconds.
Elapsed time is 45.113306 seconds.
Elapsed time is 44.008903 seconds.
Elapsed time is 46.728575 seconds.
Elapsed time is 45.767852 seconds.
Elapsed time is 44.709713 seconds.
Elapsed time is 45.243340 seconds.
Elapsed time is 45.988534 seconds.
Elapsed time is 44.616868 seconds.
Elapsed time is 44.749077 seconds.
Elapsed time is 49.304546 seconds.
Elapsed time is 44.974292 seconds.
Elapsed time is 44.973429 seconds.
Elapsed time is 46.590936 seconds.
Elapsed time is 45.870805 seconds.
Elapsed time is 44.058899 seconds.
Elapsed time is 47.904996 seconds.
Elapsed time is 46.138057 seconds.
Elapsed time is 44.609837 seconds.
Elapsed time is 44.618075 seconds.
Elapsed time is 53.273743 seconds.
Elapsed time is 45.665682 seconds.
Elapsed time is 44.019131 seconds.
Elapsed time is 49.075436 seconds.
Elapsed time is 48.434857 seconds.
Elapsed time is 43.513824 seconds.
Elapsed time is 45.104996 seconds.
Elapsed time is 47.850985 seconds.
Elapsed time is 44.894106 seconds.
Elapsed time is 44.291664 seconds.
Elapsed time is 53.021128 seconds.
Elapsed time is 45.779758 seconds.
Elapsed time is 44.756213 seconds.
Elapsed time is 44.898590 seconds.
Elapsed time is 44.546166 seconds.
Elapsed time is 44.623243 seconds.
Elapsed time is 44.879074 seconds.
Elapsed time is 45.906975 seconds.
Elapsed time is 44.871855 seconds.
Elapsed time is 45.280458 seconds.
Elapsed time is 46.916569 seconds.
Elapsed time is 45.001269 seconds.
Elapsed time is 45.138157 seconds.
Elapsed time is 45.773457 seconds.
Elapsed time is 44.653072 seconds.
Elapsed time is 44.391563 seconds.
Elapsed time is 44.794641 seconds.
Elapsed time is 44.945987 seconds.
Elapsed time is 44.530248 seconds.
Elapsed time is 45.867430 seconds.
Elapsed time is 47.843498 seconds.
Elapsed time is 45.296391 seconds.
Elapsed time is 45.048228 seconds.
Elapsed time is 47.317747 seconds.
Elapsed time is 44.168325 seconds.
Elapsed time is 44.354550 seconds.
Elapsed time is 45.636189 seconds.
Elapsed time is 45.465134 seconds.
Elapsed time is 46.840206 seconds.
Elapsed time is 45.365498 seconds.
Elapsed time is 45.727013 seconds.
Elapsed time is 46.787407 seconds.
Elapsed time is 44.243988 seconds.
Elapsed time is 44.589537 seconds.
Elapsed time is 45.909213 seconds.
Elapsed time is 45.112360 seconds.
Elapsed time is 44.936647 seconds.
Elapsed time is 48.110689 seconds.
Elapsed time is 47.870677 seconds.
Elapsed time is 45.655185 seconds.
Elapsed time is 44.619023 seconds.
Elapsed time is 46.170315 seconds.
Elapsed time is 44.994295 seconds.
Elapsed time is 44.896420 seconds.
Elapsed time is 46.274698 seconds.
Elapsed time is 47.401107 seconds.
Elapsed time is 44.423646 seconds.
Elapsed time is 46.947932 seconds.
Elapsed time is 45.806545 seconds.
Elapsed time is 44.587586 seconds.
Elapsed time is 44.591745 seconds.
Elapsed time is 45.811643 seconds.
Elapsed time is 45.642661 seconds.
Elapsed time is 46.127361 seconds.
Elapsed time is 47.500787 seconds.
Elapsed time is 47.141001 seconds.
Elapsed time is 43.878428 seconds.
Elapsed time is 44.978640 seconds.
Elapsed time is 45.423758 seconds.
Elapsed time is 44.769457 seconds.
Elapsed time is 45.706343 seconds.
Elapsed time is 46.106454 seconds.
Elapsed time is 44.761607 seconds.
Elapsed time is 45.458183 seconds.
Elapsed time is 45.381665 seconds.
Elapsed time is 45.449491 seconds.
Elapsed time is 43.757947 seconds.
Elapsed time is 45.023396 seconds.
Elapsed time is 45.881365 seconds.
Elapsed time is 44.591215 seconds.
Elapsed time is 44.848763 seconds.
Elapsed time is 45.923583 seconds.
Elapsed time is 45.920434 seconds.
Elapsed time is 45.497539 seconds.
Elapsed time is 45.755765 seconds.
Elapsed time is 45.197275 seconds.
Elapsed time is 45.574413 seconds.
Elapsed time is 44.513440 seconds.
Elapsed time is 46.472748 seconds.
Elapsed time is 45.606599 seconds.
Elapsed time is 44.533201 seconds.
Elapsed time is 45.289407 seconds.
Elapsed time is 44.751155 seconds.
Elapsed time is 44.448244 seconds.
Elapsed time is 46.377822 seconds.
Elapsed time is 45.538058 seconds.
Elapsed time is 44.376797 seconds.
    13        1750         4640.53        3.17e+05        1e-15      0.0100083
Elapsed time is 45.221215 seconds.
Elapsed time is 45.674962 seconds.
Elapsed time is 44.757860 seconds.
Elapsed time is 44.835085 seconds.
Elapsed time is 50.727892 seconds.
Elapsed time is 47.919749 seconds.
Elapsed time is 44.575545 seconds.
Elapsed time is 44.472764 seconds.
Elapsed time is 46.746270 seconds.
Elapsed time is 44.694810 seconds.
Elapsed time is 45.189673 seconds.
Elapsed time is 46.600139 seconds.
Elapsed time is 45.258051 seconds.
Elapsed time is 45.444192 seconds.
Elapsed time is 45.754373 seconds.
Elapsed time is 45.032146 seconds.
Elapsed time is 44.196557 seconds.
Elapsed time is 46.653792 seconds.
Elapsed time is 45.337823 seconds.
Elapsed time is 44.569690 seconds.
Elapsed time is 49.029657 seconds.
Elapsed time is 45.591851 seconds.
Elapsed time is 43.903062 seconds.
Elapsed time is 44.724502 seconds.
Elapsed time is 45.807738 seconds.
Elapsed time is 44.013389 seconds.
Elapsed time is 43.487316 seconds.
Elapsed time is 45.149702 seconds.
Elapsed time is 44.084465 seconds.
Elapsed time is 44.066981 seconds.
Elapsed time is 44.508757 seconds.
Elapsed time is 43.823943 seconds.
Elapsed time is 44.119961 seconds.
Elapsed time is 43.834886 seconds.
Elapsed time is 44.551290 seconds.
Elapsed time is 45.057978 seconds.
Elapsed time is 44.222474 seconds.
Elapsed time is 44.441357 seconds.
Elapsed time is 44.877790 seconds.
Elapsed time is 44.069062 seconds.
Elapsed time is 43.360893 seconds.
Elapsed time is 44.924255 seconds.
Elapsed time is 45.995643 seconds.
Elapsed time is 43.423892 seconds.
Elapsed time is 43.586538 seconds.
Elapsed time is 44.881683 seconds.
Elapsed time is 43.655046 seconds.
Elapsed time is 44.396068 seconds.
Elapsed time is 44.871680 seconds.
Elapsed time is 43.479221 seconds.
Elapsed time is 43.808683 seconds.
Elapsed time is 44.497555 seconds.
Elapsed time is 44.377642 seconds.
Elapsed time is 43.767448 seconds.
Elapsed time is 44.554659 seconds.
Elapsed time is 45.177270 seconds.
Elapsed time is 43.718057 seconds.
Elapsed time is 43.956113 seconds.
Elapsed time is 43.901111 seconds.
Elapsed time is 44.130883 seconds.
Elapsed time is 42.945089 seconds.
Elapsed time is 45.360745 seconds.
Elapsed time is 44.954136 seconds.
Elapsed time is 42.972477 seconds.
Elapsed time is 45.957344 seconds.
Elapsed time is 45.709619 seconds.
Elapsed time is 43.267048 seconds.
Elapsed time is 43.331206 seconds.
Elapsed time is 45.275371 seconds.
Elapsed time is 44.030854 seconds.
Elapsed time is 43.541278 seconds.
Elapsed time is 44.662569 seconds.
Elapsed time is 44.446605 seconds.
Elapsed time is 43.234718 seconds.
Elapsed time is 43.661195 seconds.
Elapsed time is 45.509999 seconds.
Elapsed time is 43.560113 seconds.
Elapsed time is 43.294669 seconds.
Elapsed time is 44.891961 seconds.
Elapsed time is 43.644373 seconds.
Elapsed time is 43.076083 seconds.
Elapsed time is 44.351128 seconds.
Elapsed time is 43.277111 seconds.
Elapsed time is 43.208949 seconds.
Elapsed time is 43.438405 seconds.
Elapsed time is 43.498855 seconds.
Elapsed time is 42.990677 seconds.
Elapsed time is 43.156983 seconds.
Elapsed time is 43.200008 seconds.
Elapsed time is 42.855793 seconds.
Elapsed time is 43.542182 seconds.
Elapsed time is 42.626317 seconds.
Elapsed time is 42.707397 seconds.
Elapsed time is 42.567074 seconds.
Elapsed time is 42.657767 seconds.
Elapsed time is 42.391833 seconds.
Elapsed time is 42.783759 seconds.
Elapsed time is 42.481891 seconds.
Elapsed time is 42.513841 seconds.
Elapsed time is 42.798471 seconds.
Elapsed time is 42.489250 seconds.
Elapsed time is 42.673858 seconds.
Elapsed time is 42.443144 seconds.
Elapsed time is 42.693454 seconds.
Elapsed time is 42.450377 seconds.
Elapsed time is 42.890449 seconds.
Elapsed time is 43.175972 seconds.
Elapsed time is 42.808439 seconds.
Elapsed time is 42.536666 seconds.
Elapsed time is 42.766665 seconds.
Elapsed time is 42.818198 seconds.
Elapsed time is 42.594087 seconds.
Elapsed time is 42.842030 seconds.
Elapsed time is 42.823351 seconds.
Elapsed time is 42.780486 seconds.
Elapsed time is 42.759687 seconds.
Elapsed time is 42.587125 seconds.
Elapsed time is 42.747961 seconds.
Elapsed time is 42.701793 seconds.
Elapsed time is 42.706796 seconds.
Elapsed time is 42.837600 seconds.
Elapsed time is 43.166429 seconds.
Elapsed time is 43.131407 seconds.
Elapsed time is 43.258141 seconds.
Elapsed time is 42.743025 seconds.
    14        1875         4621.92        3.72e+05        1e-16     0.00759581
Elapsed time is 42.945740 seconds.
Elapsed time is 42.599546 seconds.
Elapsed time is 42.500831 seconds.
Elapsed time is 42.640635 seconds.
Elapsed time is 43.158722 seconds.
Elapsed time is 42.723808 seconds.
Elapsed time is 42.664077 seconds.
Elapsed time is 42.786701 seconds.
Elapsed time is 42.604674 seconds.
Elapsed time is 42.633692 seconds.
Elapsed time is 42.623506 seconds.
Elapsed time is 42.739342 seconds.
Elapsed time is 42.646742 seconds.
Elapsed time is 42.562761 seconds.
Elapsed time is 42.640308 seconds.
Elapsed time is 42.659354 seconds.
Elapsed time is 42.683549 seconds.
Elapsed time is 42.890247 seconds.
Elapsed time is 42.651068 seconds.
Elapsed time is 42.721878 seconds.
Elapsed time is 42.595249 seconds.
Elapsed time is 42.774557 seconds.
Elapsed time is 42.741359 seconds.
Elapsed time is 42.557279 seconds.

Local minimum possible.

lsqnonlin stopped because the relative size of the current step is less than
the default value of the step size tolerance.



map
   1.0e+03 *

    1.3784         0    0.9502
         0    1.3629    0.5382
         0         0    0.0010

Parallel pool using the 'local' profile is shutting down.
  message with properties:

    Identifier: 'MATLAB:connector:connector:ConnectorNotRunning'
     Arguments: {}

