MATLAB is selecting SOFTWARE OPENGL rendering.

                            < M A T L A B (R) >
                  Copyright 1984-2017 The MathWorks, Inc.
                   R2017b (9.3.0.713579) 64-bit (glnxa64)
                             September 14, 2017

 
To get started, type one of these: helpwin, helpdesk, or demo.
For product information, visit www.mathworks.com.
 

initres =

    9.5671

Starting parallel pool (parpool) using the 'local' profile ...
connected to 20 workers.
Elapsed time is 60.086804 seconds.
Elapsed time is 58.697428 seconds.
Elapsed time is 56.471442 seconds.
Elapsed time is 58.163016 seconds.
Elapsed time is 69.900884 seconds.
Elapsed time is 56.705059 seconds.
Elapsed time is 54.001085 seconds.
Elapsed time is 58.719958 seconds.
Elapsed time is 54.792555 seconds.
Elapsed time is 61.733772 seconds.
Elapsed time is 62.439324 seconds.
Elapsed time is 56.476630 seconds.
Elapsed time is 56.615443 seconds.
Elapsed time is 57.463774 seconds.
Elapsed time is 57.194916 seconds.
Elapsed time is 60.723573 seconds.
Elapsed time is 65.060009 seconds.
Elapsed time is 56.919087 seconds.
Elapsed time is 65.984392 seconds.
Elapsed time is 57.926262 seconds.
Elapsed time is 59.771197 seconds.
Elapsed time is 55.388509 seconds.
Elapsed time is 58.853128 seconds.
Elapsed time is 56.692224 seconds.
Elapsed time is 61.550971 seconds.
Elapsed time is 63.876606 seconds.
Elapsed time is 55.385554 seconds.
Elapsed time is 57.215082 seconds.
Elapsed time is 57.516029 seconds.
Elapsed time is 54.295685 seconds.
Elapsed time is 57.131545 seconds.
Elapsed time is 54.853549 seconds.
Elapsed time is 56.145457 seconds.
Elapsed time is 59.913285 seconds.
Elapsed time is 54.586997 seconds.
Elapsed time is 56.469164 seconds.
Elapsed time is 60.975590 seconds.
Elapsed time is 55.117264 seconds.
Elapsed time is 57.570014 seconds.
Elapsed time is 57.222175 seconds.
Elapsed time is 55.589261 seconds.
Elapsed time is 56.825432 seconds.
Elapsed time is 62.417697 seconds.
Elapsed time is 54.300769 seconds.
Elapsed time is 58.284774 seconds.
Elapsed time is 55.465587 seconds.
Elapsed time is 56.017683 seconds.
Elapsed time is 60.659748 seconds.
Elapsed time is 54.664398 seconds.
Elapsed time is 57.182601 seconds.
Elapsed time is 66.472214 seconds.
Elapsed time is 56.432609 seconds.
Elapsed time is 57.399867 seconds.
Elapsed time is 61.940276 seconds.
Elapsed time is 58.291501 seconds.
Elapsed time is 74.188598 seconds.
Elapsed time is 56.461763 seconds.
Elapsed time is 59.110256 seconds.
Elapsed time is 56.938368 seconds.
Elapsed time is 55.785049 seconds.
Elapsed time is 72.898099 seconds.
Elapsed time is 54.400000 seconds.
Elapsed time is 64.692189 seconds.
Elapsed time is 56.478036 seconds.
Elapsed time is 59.972799 seconds.
Elapsed time is 65.630852 seconds.
Elapsed time is 53.710836 seconds.
Elapsed time is 60.961250 seconds.
Elapsed time is 55.263173 seconds.
Elapsed time is 57.498636 seconds.
Elapsed time is 65.285291 seconds.
Elapsed time is 55.640408 seconds.
Elapsed time is 56.907695 seconds.
Elapsed time is 56.576288 seconds.
Elapsed time is 56.592004 seconds.
Elapsed time is 58.351393 seconds.
Elapsed time is 54.808980 seconds.
Elapsed time is 55.857437 seconds.
Elapsed time is 70.287211 seconds.
Elapsed time is 62.165265 seconds.
Elapsed time is 57.004651 seconds.
Elapsed time is 68.459451 seconds.
Elapsed time is 55.332079 seconds.
Elapsed time is 57.412723 seconds.
Elapsed time is 58.539786 seconds.
Elapsed time is 55.970439 seconds.
Elapsed time is 58.621597 seconds.
Elapsed time is 57.566052 seconds.
Elapsed time is 59.635115 seconds.
Elapsed time is 64.325760 seconds.
Elapsed time is 56.567842 seconds.
Elapsed time is 55.110610 seconds.
Elapsed time is 63.835095 seconds.
Elapsed time is 56.579062 seconds.
Elapsed time is 67.248585 seconds.
Elapsed time is 70.472015 seconds.
Elapsed time is 54.851939 seconds.
Elapsed time is 61.240473 seconds.
Elapsed time is 58.440146 seconds.
Elapsed time is 57.808648 seconds.
Elapsed time is 76.141642 seconds.
Elapsed time is 59.604530 seconds.
Elapsed time is 56.810513 seconds.
Elapsed time is 66.798994 seconds.
Elapsed time is 53.121528 seconds.
Elapsed time is 64.511490 seconds.
Elapsed time is 66.934692 seconds.
Elapsed time is 54.304812 seconds.
Elapsed time is 69.123343 seconds.
Elapsed time is 51.425388 seconds.
Elapsed time is 68.486538 seconds.
Elapsed time is 62.308722 seconds.
Elapsed time is 54.411741 seconds.
Elapsed time is 66.480914 seconds.
Elapsed time is 57.047307 seconds.
Elapsed time is 57.959022 seconds.
Elapsed time is 67.241030 seconds.
Elapsed time is 55.553990 seconds.
Elapsed time is 58.304954 seconds.
Elapsed time is 73.876719 seconds.
Elapsed time is 56.389754 seconds.
Elapsed time is 59.592911 seconds.
Elapsed time is 66.230902 seconds.
Elapsed time is 53.458825 seconds.
Elapsed time is 61.525649 seconds.

                                        First-Order                    Norm of 
 Iteration  Func-count    Residual       optimality      Lambda           step
     0         125         8582.41        7.02e+05         0.01
Elapsed time is 58.197541 seconds.
Elapsed time is 53.207784 seconds.
Elapsed time is 67.751249 seconds.
Elapsed time is 64.884147 seconds.
Elapsed time is 54.670683 seconds.
Elapsed time is 56.251847 seconds.
Elapsed time is 59.666655 seconds.
Elapsed time is 54.326426 seconds.
Elapsed time is 56.569919 seconds.
Elapsed time is 66.021468 seconds.
Elapsed time is 53.739600 seconds.
Elapsed time is 61.593508 seconds.
Elapsed time is 59.512959 seconds.
Elapsed time is 56.016233 seconds.
Elapsed time is 69.899740 seconds.
Elapsed time is 66.908116 seconds.
Elapsed time is 55.895753 seconds.
Elapsed time is 61.944625 seconds.
Elapsed time is 56.583708 seconds.
Elapsed time is 54.645950 seconds.
Elapsed time is 58.600228 seconds.
Elapsed time is 59.821908 seconds.
Elapsed time is 64.244214 seconds.
Elapsed time is 59.644841 seconds.
Elapsed time is 56.822574 seconds.
Elapsed time is 54.983804 seconds.
Elapsed time is 59.505719 seconds.
Elapsed time is 60.111920 seconds.
Elapsed time is 57.138247 seconds.
Elapsed time is 58.825453 seconds.
Elapsed time is 56.881841 seconds.
Elapsed time is 57.964960 seconds.
Elapsed time is 64.250477 seconds.
Elapsed time is 56.513041 seconds.
Elapsed time is 55.872552 seconds.
Elapsed time is 57.433899 seconds.
Elapsed time is 62.049044 seconds.
Elapsed time is 68.068158 seconds.
Elapsed time is 77.692336 seconds.
Elapsed time is 57.844494 seconds.
Elapsed time is 59.429160 seconds.
Elapsed time is 53.934830 seconds.
Elapsed time is 54.367938 seconds.
Elapsed time is 62.802653 seconds.
Elapsed time is 61.611951 seconds.
Elapsed time is 56.598553 seconds.
Elapsed time is 57.147531 seconds.
Elapsed time is 59.687875 seconds.
Elapsed time is 55.233404 seconds.
Elapsed time is 55.882992 seconds.
Elapsed time is 54.926795 seconds.
Elapsed time is 60.549819 seconds.
Elapsed time is 62.468420 seconds.
Elapsed time is 60.784951 seconds.
Elapsed time is 62.880110 seconds.
Elapsed time is 60.991345 seconds.
Elapsed time is 54.483577 seconds.
Elapsed time is 59.326046 seconds.
Elapsed time is 57.262582 seconds.
Elapsed time is 56.888674 seconds.
Elapsed time is 59.766214 seconds.
Elapsed time is 62.227382 seconds.
Elapsed time is 56.231991 seconds.
Elapsed time is 57.813392 seconds.
Elapsed time is 58.102151 seconds.
Elapsed time is 56.276130 seconds.
Elapsed time is 58.991603 seconds.
Elapsed time is 56.130160 seconds.
Elapsed time is 55.116489 seconds.
Elapsed time is 60.616696 seconds.
Elapsed time is 56.725640 seconds.
Elapsed time is 58.724872 seconds.
Elapsed time is 56.613505 seconds.
Elapsed time is 57.135740 seconds.
Elapsed time is 59.613357 seconds.
Elapsed time is 62.725200 seconds.
Elapsed time is 56.216543 seconds.
Elapsed time is 56.179645 seconds.
Elapsed time is 54.476192 seconds.
Elapsed time is 55.195752 seconds.
Elapsed time is 56.560302 seconds.
Elapsed time is 58.098268 seconds.
Elapsed time is 55.639060 seconds.
Elapsed time is 57.680736 seconds.
Elapsed time is 65.577925 seconds.
Elapsed time is 56.360745 seconds.
Elapsed time is 55.549365 seconds.
Elapsed time is 56.439683 seconds.
Elapsed time is 57.330160 seconds.
Elapsed time is 68.397033 seconds.
Elapsed time is 56.722124 seconds.
Elapsed time is 54.783753 seconds.
Elapsed time is 63.750412 seconds.
Elapsed time is 59.111626 seconds.
Elapsed time is 56.266036 seconds.
Elapsed time is 55.005894 seconds.
Elapsed time is 55.054687 seconds.
Elapsed time is 57.633973 seconds.
Elapsed time is 58.792699 seconds.
Elapsed time is 57.418542 seconds.
Elapsed time is 61.110268 seconds.
Elapsed time is 55.448454 seconds.
Elapsed time is 56.490199 seconds.
Elapsed time is 56.032089 seconds.
Elapsed time is 57.053106 seconds.
Elapsed time is 56.383191 seconds.
Elapsed time is 58.434330 seconds.
Elapsed time is 61.261167 seconds.
Elapsed time is 55.610468 seconds.
Elapsed time is 57.718583 seconds.
Elapsed time is 54.918173 seconds.
Elapsed time is 54.926711 seconds.
Elapsed time is 66.822264 seconds.
Elapsed time is 56.801447 seconds.
Elapsed time is 57.846703 seconds.
Elapsed time is 60.315500 seconds.
Elapsed time is 56.044730 seconds.
Elapsed time is 55.848445 seconds.
Elapsed time is 68.496384 seconds.
Elapsed time is 63.837952 seconds.
Elapsed time is 57.323595 seconds.
Elapsed time is 67.919749 seconds.
Elapsed time is 54.375907 seconds.
Elapsed time is 58.419657 seconds.
Elapsed time is 59.764033 seconds.
     1         250         3804.28        2.01e+06        0.001       0.060358
Elapsed time is 56.062478 seconds.
Elapsed time is 55.170466 seconds.
Elapsed time is 65.357047 seconds.
Elapsed time is 55.848426 seconds.
Elapsed time is 59.397683 seconds.
Elapsed time is 57.465272 seconds.
Elapsed time is 54.288238 seconds.
Elapsed time is 65.006652 seconds.
Elapsed time is 55.050544 seconds.
Elapsed time is 56.204426 seconds.
Elapsed time is 64.879680 seconds.
Elapsed time is 54.571635 seconds.
Elapsed time is 64.392240 seconds.
Elapsed time is 58.711214 seconds.
Elapsed time is 55.098660 seconds.
Elapsed time is 64.952435 seconds.
Elapsed time is 54.517692 seconds.
Elapsed time is 65.315218 seconds.
Elapsed time is 68.001577 seconds.
Elapsed time is 53.835552 seconds.
Elapsed time is 62.723557 seconds.
Elapsed time is 56.277783 seconds.
Elapsed time is 57.974817 seconds.
Elapsed time is 81.096085 seconds.
Elapsed time is 52.491920 seconds.
Elapsed time is 64.664897 seconds.
Elapsed time is 59.144681 seconds.
Elapsed time is 53.851592 seconds.
Elapsed time is 54.072422 seconds.
Elapsed time is 56.290473 seconds.
Elapsed time is 57.931301 seconds.
Elapsed time is 84.356606 seconds.
Elapsed time is 58.358860 seconds.
Elapsed time is 57.082811 seconds.
Elapsed time is 55.650363 seconds.
Elapsed time is 55.374992 seconds.
Elapsed time is 59.725434 seconds.
Elapsed time is 55.784718 seconds.
Elapsed time is 61.881216 seconds.
Elapsed time is 60.125382 seconds.
Elapsed time is 53.200414 seconds.
Elapsed time is 60.718941 seconds.
Elapsed time is 58.549240 seconds.
Elapsed time is 54.820806 seconds.
Elapsed time is 68.652186 seconds.
Elapsed time is 57.999480 seconds.
Elapsed time is 61.236752 seconds.
Elapsed time is 67.695294 seconds.
Elapsed time is 53.304229 seconds.
Elapsed time is 73.701188 seconds.
Elapsed time is 56.850126 seconds.
Elapsed time is 54.235156 seconds.
Elapsed time is 62.621675 seconds.
Elapsed time is 57.771441 seconds.
Elapsed time is 55.567666 seconds.
Elapsed time is 64.985194 seconds.
Elapsed time is 52.441038 seconds.
Elapsed time is 67.203538 seconds.
Elapsed time is 61.235292 seconds.
Elapsed time is 54.463778 seconds.
Elapsed time is 61.354028 seconds.
Elapsed time is 52.378154 seconds.
Elapsed time is 63.828276 seconds.
Elapsed time is 62.487092 seconds.
Elapsed time is 54.147003 seconds.
Elapsed time is 60.971193 seconds.
Elapsed time is 56.456817 seconds.
Elapsed time is 58.154974 seconds.
Elapsed time is 59.177452 seconds.
Elapsed time is 53.395156 seconds.
Elapsed time is 55.159457 seconds.
Elapsed time is 57.649466 seconds.
Elapsed time is 55.833916 seconds.
Elapsed time is 60.045152 seconds.
Elapsed time is 83.000730 seconds.
Elapsed time is 56.580144 seconds.
Elapsed time is 54.992919 seconds.
Elapsed time is 55.300792 seconds.
Elapsed time is 58.448900 seconds.
Elapsed time is 57.683534 seconds.
Elapsed time is 56.713487 seconds.
Elapsed time is 54.479121 seconds.
Elapsed time is 56.163331 seconds.
Elapsed time is 60.819247 seconds.
Elapsed time is 55.233622 seconds.
Elapsed time is 57.360630 seconds.
Elapsed time is 56.637520 seconds.
Elapsed time is 54.197880 seconds.
Elapsed time is 60.190766 seconds.
Elapsed time is 73.138916 seconds.
Elapsed time is 77.735866 seconds.
Elapsed time is 51.439232 seconds.
Elapsed time is 63.547957 seconds.
Elapsed time is 55.130214 seconds.
Elapsed time is 60.301324 seconds.
Elapsed time is 63.704632 seconds.
Elapsed time is 53.781427 seconds.
Elapsed time is 77.331096 seconds.
Elapsed time is 55.903717 seconds.
Elapsed time is 59.575533 seconds.
Elapsed time is 59.126857 seconds.
Elapsed time is 53.228094 seconds.
Elapsed time is 73.310586 seconds.
Elapsed time is 69.695323 seconds.
Elapsed time is 55.385712 seconds.
Elapsed time is 69.878010 seconds.
Elapsed time is 53.982464 seconds.
Elapsed time is 63.032694 seconds.
Elapsed time is 75.800948 seconds.
Elapsed time is 54.645677 seconds.
Elapsed time is 72.062481 seconds.
Elapsed time is 58.475508 seconds.
Elapsed time is 60.014162 seconds.
Elapsed time is 66.093145 seconds.
Elapsed time is 53.996378 seconds.
Elapsed time is 59.667966 seconds.
Elapsed time is 79.595550 seconds.
Elapsed time is 52.817527 seconds.
Elapsed time is 68.515931 seconds.
Elapsed time is 56.237226 seconds.
Elapsed time is 61.983169 seconds.
Elapsed time is 60.496097 seconds.
Elapsed time is 55.196329 seconds.
Elapsed time is 56.855357 seconds.
Elapsed time is 77.103552 seconds.
     2         375         2381.15        2.15e+05       0.0001      0.0395384
Elapsed time is 66.197329 seconds.
Elapsed time is 54.673044 seconds.
Elapsed time is 63.764921 seconds.
Elapsed time is 55.471757 seconds.
Elapsed time is 57.276479 seconds.
Elapsed time is 73.324121 seconds.
Elapsed time is 54.816702 seconds.
Elapsed time is 61.996982 seconds.
Elapsed time is 75.484707 seconds.
Elapsed time is 59.063159 seconds.
Elapsed time is 57.030114 seconds.
Elapsed time is 61.611560 seconds.
Elapsed time is 53.261084 seconds.
Elapsed time is 59.538507 seconds.
Elapsed time is 56.913763 seconds.
Elapsed time is 53.923649 seconds.
Elapsed time is 60.485293 seconds.
Elapsed time is 86.401236 seconds.
Elapsed time is 54.773604 seconds.
Elapsed time is 68.851475 seconds.
Elapsed time is 54.867486 seconds.
Elapsed time is 54.684971 seconds.
Elapsed time is 61.324726 seconds.
Elapsed time is 60.403036 seconds.
Elapsed time is 55.278721 seconds.
Elapsed time is 59.807385 seconds.
Elapsed time is 72.146962 seconds.
Elapsed time is 62.828535 seconds.
Elapsed time is 68.145128 seconds.
Elapsed time is 53.241296 seconds.
Elapsed time is 58.686472 seconds.
Elapsed time is 54.634902 seconds.
Elapsed time is 58.618579 seconds.
Elapsed time is 55.849018 seconds.
Elapsed time is 60.952485 seconds.
Elapsed time is 56.678882 seconds.
Elapsed time is 57.518520 seconds.
Elapsed time is 60.314182 seconds.
Elapsed time is 57.847396 seconds.
Elapsed time is 59.274816 seconds.
Elapsed time is 57.784491 seconds.
Elapsed time is 54.607999 seconds.
Elapsed time is 57.447479 seconds.
Elapsed time is 61.803481 seconds.
Elapsed time is 55.170104 seconds.
Elapsed time is 60.089604 seconds.
Elapsed time is 75.914462 seconds.
Elapsed time is 52.777067 seconds.
Elapsed time is 66.678311 seconds.
Elapsed time is 55.109954 seconds.
Elapsed time is 68.347444 seconds.
Elapsed time is 81.685305 seconds.
Elapsed time is 53.527356 seconds.
Elapsed time is 65.320040 seconds.
Elapsed time is 62.096534 seconds.
Elapsed time is 57.601841 seconds.
Elapsed time is 68.562996 seconds.
Elapsed time is 57.593736 seconds.
Elapsed time is 57.055061 seconds.
Elapsed time is 66.789965 seconds.
Elapsed time is 57.588058 seconds.
Elapsed time is 59.422612 seconds.
Elapsed time is 56.016282 seconds.
Elapsed time is 54.960476 seconds.
Elapsed time is 63.169421 seconds.
Elapsed time is 57.337265 seconds.
Elapsed time is 55.939454 seconds.
Elapsed time is 60.994451 seconds.
Elapsed time is 66.871974 seconds.
Elapsed time is 56.611625 seconds.
Elapsed time is 58.167017 seconds.
Elapsed time is 58.821480 seconds.
Elapsed time is 58.981883 seconds.
Elapsed time is 58.070714 seconds.
Elapsed time is 57.601135 seconds.
Elapsed time is 55.325795 seconds.
Elapsed time is 57.581363 seconds.
Elapsed time is 58.702635 seconds.
Elapsed time is 57.896157 seconds.
Elapsed time is 57.373586 seconds.
Elapsed time is 56.636847 seconds.
Elapsed time is 56.894031 seconds.
Elapsed time is 57.429695 seconds.
Elapsed time is 56.503660 seconds.
Elapsed time is 55.186959 seconds.
Elapsed time is 58.121508 seconds.
Elapsed time is 57.335018 seconds.
Elapsed time is 55.527960 seconds.
Elapsed time is 58.761571 seconds.
Elapsed time is 55.897027 seconds.
Elapsed time is 57.169667 seconds.
Elapsed time is 61.346924 seconds.
Elapsed time is 56.987313 seconds.
Elapsed time is 59.390226 seconds.
Elapsed time is 57.330675 seconds.
Elapsed time is 55.145910 seconds.
Elapsed time is 59.310664 seconds.
Elapsed time is 56.310144 seconds.
Elapsed time is 54.691603 seconds.
Elapsed time is 58.253337 seconds.
Elapsed time is 56.867559 seconds.
Elapsed time is 56.969053 seconds.
Elapsed time is 58.762099 seconds.
Elapsed time is 56.356920 seconds.
Elapsed time is 59.633855 seconds.
Elapsed time is 59.900797 seconds.
Elapsed time is 59.755739 seconds.
Elapsed time is 57.976369 seconds.
Elapsed time is 55.941955 seconds.
Elapsed time is 57.476410 seconds.
Elapsed time is 58.170426 seconds.
Elapsed time is 58.408482 seconds.
Elapsed time is 63.422590 seconds.
Elapsed time is 57.742692 seconds.
Elapsed time is 68.540638 seconds.
Elapsed time is 57.832864 seconds.
Elapsed time is 57.704428 seconds.
Elapsed time is 70.196553 seconds.
Elapsed time is 56.053046 seconds.
Elapsed time is 58.016424 seconds.
Elapsed time is 56.912529 seconds.
Elapsed time is 54.694057 seconds.
Elapsed time is 59.095955 seconds.
Elapsed time is 56.401250 seconds.
Elapsed time is 60.761460 seconds.
     3         500         1845.85        1.49e+05        1e-05      0.0435476
Elapsed time is 63.543295 seconds.
Elapsed time is 78.116947 seconds.
Elapsed time is 61.882088 seconds.
Elapsed time is 57.287553 seconds.
Elapsed time is 56.162041 seconds.
Elapsed time is 53.223326 seconds.
Elapsed time is 63.292407 seconds.
Elapsed time is 58.475347 seconds.
Elapsed time is 55.639819 seconds.
Elapsed time is 63.326412 seconds.
Elapsed time is 71.891143 seconds.
Elapsed time is 53.587534 seconds.
Elapsed time is 59.928984 seconds.
Elapsed time is 57.369252 seconds.
Elapsed time is 55.400032 seconds.
Elapsed time is 70.031205 seconds.
Elapsed time is 54.976873 seconds.
Elapsed time is 57.807252 seconds.
Elapsed time is 65.786256 seconds.
Elapsed time is 56.706391 seconds.
Elapsed time is 56.016913 seconds.
Elapsed time is 69.840263 seconds.
Elapsed time is 54.797656 seconds.
Elapsed time is 56.836417 seconds.
Elapsed time is 72.842830 seconds.
Elapsed time is 54.965314 seconds.
Elapsed time is 66.698554 seconds.
Elapsed time is 78.270977 seconds.
Elapsed time is 52.990699 seconds.
Elapsed time is 60.727066 seconds.
Elapsed time is 54.108344 seconds.
Elapsed time is 62.122095 seconds.
Elapsed time is 60.691755 seconds.
Elapsed time is 56.000943 seconds.
Elapsed time is 80.008827 seconds.
Elapsed time is 64.348287 seconds.
Elapsed time is 54.132511 seconds.
Elapsed time is 57.811798 seconds.
Elapsed time is 52.278320 seconds.
Elapsed time is 60.478656 seconds.
Elapsed time is 63.837838 seconds.
Elapsed time is 55.561737 seconds.
Elapsed time is 56.609082 seconds.
Elapsed time is 56.898338 seconds.
Elapsed time is 53.994661 seconds.
Elapsed time is 60.210225 seconds.
Elapsed time is 56.722414 seconds.
Elapsed time is 53.532268 seconds.
Elapsed time is 77.319994 seconds.
Elapsed time is 56.229418 seconds.
Elapsed time is 60.055482 seconds.
Elapsed time is 64.202160 seconds.
Elapsed time is 54.015868 seconds.
Elapsed time is 66.860418 seconds.
Elapsed time is 66.922801 seconds.
Elapsed time is 54.198385 seconds.
Elapsed time is 61.450754 seconds.
Elapsed time is 54.941759 seconds.
Elapsed time is 56.180204 seconds.
Elapsed time is 63.832091 seconds.
Elapsed time is 77.974029 seconds.
Elapsed time is 58.869988 seconds.
Elapsed time is 58.215397 seconds.
Elapsed time is 63.762892 seconds.
Elapsed time is 55.048169 seconds.
Elapsed time is 55.535656 seconds.
Elapsed time is 61.053789 seconds.
Elapsed time is 60.796280 seconds.
Elapsed time is 55.674202 seconds.
Elapsed time is 66.266791 seconds.
Elapsed time is 55.525898 seconds.
Elapsed time is 54.697981 seconds.
Elapsed time is 58.213214 seconds.
Elapsed time is 60.598278 seconds.
Elapsed time is 57.756306 seconds.
Elapsed time is 55.814623 seconds.
Elapsed time is 57.549610 seconds.
Elapsed time is 57.448681 seconds.
Elapsed time is 62.197559 seconds.
Elapsed time is 59.592948 seconds.
Elapsed time is 58.629883 seconds.
Elapsed time is 62.038005 seconds.
Elapsed time is 56.382097 seconds.
Elapsed time is 56.494328 seconds.
Elapsed time is 55.653469 seconds.
Elapsed time is 56.829870 seconds.
Elapsed time is 58.201389 seconds.
Elapsed time is 58.224837 seconds.
Elapsed time is 56.784569 seconds.
Elapsed time is 56.276583 seconds.
Elapsed time is 59.995400 seconds.
Elapsed time is 69.234075 seconds.
Elapsed time is 55.206719 seconds.
Elapsed time is 57.936933 seconds.
Elapsed time is 57.997501 seconds.
Elapsed time is 57.034808 seconds.
Elapsed time is 58.344175 seconds.
Elapsed time is 71.012643 seconds.
Elapsed time is 55.632211 seconds.
Elapsed time is 56.718391 seconds.
Elapsed time is 58.122053 seconds.
Elapsed time is 56.997551 seconds.
Elapsed time is 59.671199 seconds.
Elapsed time is 56.153801 seconds.
Elapsed time is 59.705322 seconds.
Elapsed time is 62.553333 seconds.
Elapsed time is 67.935809 seconds.
Elapsed time is 58.606554 seconds.
Elapsed time is 55.000073 seconds.
Elapsed time is 55.524350 seconds.
Elapsed time is 57.143969 seconds.
Elapsed time is 65.361657 seconds.
Elapsed time is 56.300461 seconds.
Elapsed time is 57.697910 seconds.
Elapsed time is 55.595899 seconds.
Elapsed time is 57.597789 seconds.
Elapsed time is 60.305266 seconds.
Elapsed time is 58.007844 seconds.
Elapsed time is 59.793400 seconds.
Elapsed time is 75.649650 seconds.
Elapsed time is 54.015424 seconds.
Elapsed time is 61.027412 seconds.
Elapsed time is 58.147363 seconds.
Elapsed time is 55.913486 seconds.
Elapsed time is 66.552827 seconds.
     4         625         1608.39         1.4e+05        1e-06       0.020757
Elapsed time is 60.868520 seconds.
Elapsed time is 57.447505 seconds.
Elapsed time is 59.368405 seconds.
Elapsed time is 71.410695 seconds.
Elapsed time is 59.450204 seconds.
Elapsed time is 56.451792 seconds.
Elapsed time is 54.321208 seconds.
Elapsed time is 58.692905 seconds.
Elapsed time is 62.192077 seconds.
Elapsed time is 56.969049 seconds.
Elapsed time is 56.583017 seconds.
Elapsed time is 59.460146 seconds.
Elapsed time is 55.845544 seconds.
Elapsed time is 57.700623 seconds.
Elapsed time is 56.605529 seconds.
Elapsed time is 57.569536 seconds.
Elapsed time is 82.617626 seconds.
Elapsed time is 57.647640 seconds.
Elapsed time is 54.821662 seconds.
Elapsed time is 55.662105 seconds.
Elapsed time is 58.895093 seconds.
Elapsed time is 56.524108 seconds.
Elapsed time is 59.912782 seconds.
Elapsed time is 55.974078 seconds.
Elapsed time is 54.457042 seconds.
Elapsed time is 55.387765 seconds.
Elapsed time is 60.882922 seconds.
Elapsed time is 58.100933 seconds.
Elapsed time is 56.580359 seconds.
Elapsed time is 55.723498 seconds.
Elapsed time is 55.589807 seconds.
Elapsed time is 56.288588 seconds.
Elapsed time is 56.532468 seconds.
Elapsed time is 55.010611 seconds.
Elapsed time is 61.881855 seconds.
Elapsed time is 74.929209 seconds.
Elapsed time is 67.049103 seconds.
Elapsed time is 55.524791 seconds.
Elapsed time is 57.669670 seconds.
Elapsed time is 56.610669 seconds.
Elapsed time is 58.488612 seconds.
Elapsed time is 59.028205 seconds.
Elapsed time is 54.347252 seconds.
Elapsed time is 60.189446 seconds.
Elapsed time is 59.494987 seconds.
Elapsed time is 66.350790 seconds.
Elapsed time is 53.393268 seconds.
Elapsed time is 60.834731 seconds.
Elapsed time is 56.427801 seconds.
Elapsed time is 60.955999 seconds.
Elapsed time is 57.361068 seconds.
Elapsed time is 56.313788 seconds.
Elapsed time is 60.839774 seconds.
Elapsed time is 61.782979 seconds.
Elapsed time is 59.034670 seconds.
Elapsed time is 58.913781 seconds.
Elapsed time is 57.988538 seconds.
Elapsed time is 59.746335 seconds.
Elapsed time is 57.658912 seconds.
Elapsed time is 57.014311 seconds.
Elapsed time is 55.758109 seconds.
Elapsed time is 56.686942 seconds.
Elapsed time is 58.024427 seconds.
Elapsed time is 60.234245 seconds.
Elapsed time is 57.446179 seconds.
Elapsed time is 56.068732 seconds.
Elapsed time is 57.919105 seconds.
Elapsed time is 60.959881 seconds.
Elapsed time is 58.733039 seconds.
Elapsed time is 70.646013 seconds.
Elapsed time is 57.001445 seconds.
Elapsed time is 57.272184 seconds.
Elapsed time is 58.819036 seconds.
Elapsed time is 57.597353 seconds.
Elapsed time is 56.055137 seconds.
Elapsed time is 55.823994 seconds.
Elapsed time is 57.574057 seconds.
Elapsed time is 60.922172 seconds.
Elapsed time is 61.568292 seconds.
Elapsed time is 58.061591 seconds.
Elapsed time is 54.375730 seconds.
Elapsed time is 56.008614 seconds.
Elapsed time is 58.537526 seconds.
Elapsed time is 58.326740 seconds.
Elapsed time is 56.072098 seconds.
Elapsed time is 55.296538 seconds.
Elapsed time is 61.006312 seconds.
Elapsed time is 59.185672 seconds.
Elapsed time is 59.696521 seconds.
Elapsed time is 55.964622 seconds.
Elapsed time is 55.909711 seconds.
Elapsed time is 56.831215 seconds.
Elapsed time is 70.926089 seconds.
Elapsed time is 64.838492 seconds.
Elapsed time is 53.008263 seconds.
Elapsed time is 59.669006 seconds.
Elapsed time is 58.363758 seconds.
Elapsed time is 57.998909 seconds.
Elapsed time is 57.908111 seconds.
Elapsed time is 56.185697 seconds.
Elapsed time is 58.182583 seconds.
Elapsed time is 60.479282 seconds.
Elapsed time is 55.692109 seconds.
Elapsed time is 57.645954 seconds.
Elapsed time is 59.221369 seconds.
Elapsed time is 56.330308 seconds.
Elapsed time is 56.070145 seconds.
Elapsed time is 61.829131 seconds.
Elapsed time is 81.982331 seconds.
Elapsed time is 79.228121 seconds.
Elapsed time is 54.864973 seconds.
Elapsed time is 56.006255 seconds.
Elapsed time is 57.196201 seconds.
Elapsed time is 54.073848 seconds.
Elapsed time is 54.362714 seconds.
Elapsed time is 60.064878 seconds.
Elapsed time is 56.200545 seconds.
Elapsed time is 60.708695 seconds.
Elapsed time is 65.349291 seconds.
Elapsed time is 55.416460 seconds.
Elapsed time is 60.251165 seconds.
Elapsed time is 67.356357 seconds.
Elapsed time is 56.463520 seconds.
Elapsed time is 54.121538 seconds.
Elapsed time is 58.601529 seconds.
     5         750         1481.04        1.37e+06        1e-07      0.0201254
Elapsed time is 56.503005 seconds.
Elapsed time is 61.048752 seconds.
Elapsed time is 60.198697 seconds.
Elapsed time is 53.711716 seconds.
Elapsed time is 57.437791 seconds.
Elapsed time is 74.284097 seconds.
Elapsed time is 51.357781 seconds.
Elapsed time is 54.173626 seconds.
Elapsed time is 53.510012 seconds.
Elapsed time is 55.582873 seconds.
Elapsed time is 55.583077 seconds.
Elapsed time is 54.751573 seconds.
Elapsed time is 55.226255 seconds.
Elapsed time is 55.918216 seconds.
Elapsed time is 54.991866 seconds.
Elapsed time is 54.285655 seconds.
Elapsed time is 54.452939 seconds.
Elapsed time is 54.018505 seconds.
Elapsed time is 54.743647 seconds.
Elapsed time is 53.867706 seconds.
Elapsed time is 54.512452 seconds.
Elapsed time is 54.475821 seconds.
Elapsed time is 54.119536 seconds.
Elapsed time is 54.156845 seconds.
Elapsed time is 53.777475 seconds.
Elapsed time is 53.602358 seconds.
Elapsed time is 56.960199 seconds.
Elapsed time is 55.173063 seconds.
Elapsed time is 53.920177 seconds.
Elapsed time is 53.678204 seconds.
Elapsed time is 54.094052 seconds.
Elapsed time is 53.808410 seconds.
Elapsed time is 53.918422 seconds.
Elapsed time is 55.718259 seconds.
Elapsed time is 54.123256 seconds.
Elapsed time is 54.876462 seconds.
Elapsed time is 56.025453 seconds.
Elapsed time is 54.179071 seconds.
Elapsed time is 53.765909 seconds.
Elapsed time is 54.944303 seconds.
Elapsed time is 53.791795 seconds.
Elapsed time is 52.953303 seconds.
Elapsed time is 54.764868 seconds.
Elapsed time is 54.357497 seconds.
Elapsed time is 53.443082 seconds.
Elapsed time is 55.174511 seconds.
Elapsed time is 53.763239 seconds.
Elapsed time is 54.413213 seconds.
Elapsed time is 53.335332 seconds.
Elapsed time is 53.528362 seconds.
Elapsed time is 54.393336 seconds.
Elapsed time is 55.259961 seconds.
Elapsed time is 54.345618 seconds.
Elapsed time is 54.845197 seconds.
Elapsed time is 53.471521 seconds.
Elapsed time is 55.143140 seconds.
Elapsed time is 53.714870 seconds.
Elapsed time is 54.093413 seconds.
Elapsed time is 56.146625 seconds.
Elapsed time is 53.930727 seconds.
Elapsed time is 53.730220 seconds.
Elapsed time is 53.830939 seconds.
Elapsed time is 53.151921 seconds.
Elapsed time is 53.444071 seconds.
Elapsed time is 54.417593 seconds.
Elapsed time is 53.378791 seconds.
Elapsed time is 54.730130 seconds.
Elapsed time is 56.224364 seconds.
Elapsed time is 54.182715 seconds.
Elapsed time is 53.289366 seconds.
Elapsed time is 53.598103 seconds.
Elapsed time is 53.712784 seconds.
Elapsed time is 54.048262 seconds.
Elapsed time is 55.570535 seconds.
Elapsed time is 53.746320 seconds.
Elapsed time is 54.245268 seconds.
Elapsed time is 55.419807 seconds.
Elapsed time is 55.214908 seconds.
Elapsed time is 54.066691 seconds.
Elapsed time is 53.933559 seconds.
Elapsed time is 52.884462 seconds.
Elapsed time is 54.348412 seconds.
Elapsed time is 53.886541 seconds.
Elapsed time is 54.928078 seconds.
Elapsed time is 55.184403 seconds.
Elapsed time is 53.772898 seconds.
Elapsed time is 54.261708 seconds.
Elapsed time is 54.232024 seconds.
Elapsed time is 53.067446 seconds.
Elapsed time is 54.375191 seconds.
Elapsed time is 53.182142 seconds.
Elapsed time is 53.600230 seconds.
Elapsed time is 54.185857 seconds.
Elapsed time is 53.357248 seconds.
Elapsed time is 53.623493 seconds.
Elapsed time is 53.892683 seconds.
Elapsed time is 54.226021 seconds.
Elapsed time is 54.662907 seconds.
Elapsed time is 55.698019 seconds.
Elapsed time is 55.830688 seconds.
Elapsed time is 53.685341 seconds.
Elapsed time is 54.108434 seconds.
Elapsed time is 54.061773 seconds.
Elapsed time is 52.526721 seconds.
Elapsed time is 55.573232 seconds.
Elapsed time is 54.347488 seconds.
Elapsed time is 53.515062 seconds.
Elapsed time is 57.671582 seconds.
Elapsed time is 54.303228 seconds.
Elapsed time is 53.085508 seconds.
Elapsed time is 54.508579 seconds.
Elapsed time is 53.544395 seconds.
Elapsed time is 53.521775 seconds.
Elapsed time is 59.602664 seconds.
Elapsed time is 53.456922 seconds.
Elapsed time is 53.022085 seconds.
Elapsed time is 56.368075 seconds.
Elapsed time is 55.785448 seconds.
Elapsed time is 52.877132 seconds.
Elapsed time is 54.586360 seconds.
Elapsed time is 53.582070 seconds.
Elapsed time is 51.775798 seconds.
Elapsed time is 56.517041 seconds.
Elapsed time is 54.615846 seconds.
Elapsed time is 52.814986 seconds.
     6         875         1428.05        1.43e+07        1e-08      0.0161508
Elapsed time is 55.885366 seconds.
Elapsed time is 55.651990 seconds.
Elapsed time is 52.853195 seconds.
Elapsed time is 56.099492 seconds.
Elapsed time is 53.619210 seconds.
Elapsed time is 52.239749 seconds.
Elapsed time is 56.480459 seconds.
Elapsed time is 54.739233 seconds.
Elapsed time is 52.976870 seconds.
Elapsed time is 61.759160 seconds.
Elapsed time is 52.901554 seconds.
Elapsed time is 53.488965 seconds.
Elapsed time is 56.143129 seconds.
Elapsed time is 52.804054 seconds.
Elapsed time is 55.064141 seconds.
Elapsed time is 59.283088 seconds.
Elapsed time is 52.485391 seconds.
Elapsed time is 56.999417 seconds.
Elapsed time is 55.837841 seconds.
Elapsed time is 52.585097 seconds.
Elapsed time is 54.231590 seconds.
Elapsed time is 55.777524 seconds.
Elapsed time is 52.544225 seconds.
Elapsed time is 56.456036 seconds.
Elapsed time is 56.929093 seconds.
Elapsed time is 52.631636 seconds.
Elapsed time is 55.385809 seconds.
Elapsed time is 55.325045 seconds.
Elapsed time is 52.869564 seconds.
Elapsed time is 54.371437 seconds.
Elapsed time is 55.623008 seconds.
Elapsed time is 53.462572 seconds.
Elapsed time is 55.074479 seconds.
Elapsed time is 56.708737 seconds.
Elapsed time is 52.823222 seconds.
Elapsed time is 53.006734 seconds.
Elapsed time is 54.333701 seconds.
Elapsed time is 52.899574 seconds.
Elapsed time is 52.673411 seconds.
Elapsed time is 56.025090 seconds.
Elapsed time is 55.507975 seconds.
Elapsed time is 52.694293 seconds.
Elapsed time is 55.245067 seconds.
Elapsed time is 53.890718 seconds.
Elapsed time is 53.465924 seconds.
Elapsed time is 54.611456 seconds.
Elapsed time is 54.926891 seconds.
Elapsed time is 53.398208 seconds.
Elapsed time is 56.879259 seconds.
Elapsed time is 54.058648 seconds.
Elapsed time is 53.045739 seconds.
Elapsed time is 58.519621 seconds.
Elapsed time is 53.515455 seconds.
Elapsed time is 54.469785 seconds.
Elapsed time is 62.061185 seconds.
Elapsed time is 52.983496 seconds.
Elapsed time is 54.283990 seconds.
Elapsed time is 59.415501 seconds.
Elapsed time is 53.200598 seconds.
Elapsed time is 54.721079 seconds.
Elapsed time is 57.181837 seconds.
Elapsed time is 53.507780 seconds.
Elapsed time is 53.741319 seconds.
Elapsed time is 62.603004 seconds.
Elapsed time is 52.642390 seconds.
Elapsed time is 54.078757 seconds.
Elapsed time is 59.556145 seconds.
Elapsed time is 53.435422 seconds.
Elapsed time is 54.964843 seconds.
Elapsed time is 54.948293 seconds.
Elapsed time is 52.527623 seconds.
Elapsed time is 53.803952 seconds.
Elapsed time is 56.745269 seconds.
Elapsed time is 53.137779 seconds.
Elapsed time is 55.317543 seconds.
Elapsed time is 55.564915 seconds.
Elapsed time is 52.899199 seconds.
Elapsed time is 55.932317 seconds.
Elapsed time is 60.658252 seconds.
Elapsed time is 53.089373 seconds.
Elapsed time is 56.098352 seconds.
Elapsed time is 57.101446 seconds.
Elapsed time is 53.316624 seconds.
Elapsed time is 55.549416 seconds.
Elapsed time is 55.708794 seconds.
Elapsed time is 52.533250 seconds.
Elapsed time is 55.359663 seconds.
Elapsed time is 56.954012 seconds.
Elapsed time is 53.444802 seconds.
Elapsed time is 55.759614 seconds.
Elapsed time is 57.708191 seconds.
Elapsed time is 52.880798 seconds.
Elapsed time is 54.263505 seconds.
Elapsed time is 56.309683 seconds.
Elapsed time is 53.445056 seconds.
Elapsed time is 53.471310 seconds.
Elapsed time is 60.596240 seconds.
Elapsed time is 53.121457 seconds.
Elapsed time is 54.158253 seconds.
Elapsed time is 57.185313 seconds.
Elapsed time is 53.302526 seconds.
Elapsed time is 55.462015 seconds.
Elapsed time is 56.882629 seconds.
Elapsed time is 53.723349 seconds.
Elapsed time is 56.200806 seconds.
Elapsed time is 55.178852 seconds.
Elapsed time is 53.214543 seconds.
Elapsed time is 53.914164 seconds.
Elapsed time is 56.135057 seconds.
Elapsed time is 56.029517 seconds.
Elapsed time is 57.014275 seconds.
Elapsed time is 55.659926 seconds.
Elapsed time is 54.081951 seconds.
Elapsed time is 55.946679 seconds.
Elapsed time is 54.984827 seconds.
Elapsed time is 53.663115 seconds.
Elapsed time is 53.818035 seconds.
Elapsed time is 54.208189 seconds.
Elapsed time is 53.316844 seconds.
Elapsed time is 54.470697 seconds.
Elapsed time is 54.376572 seconds.
Elapsed time is 53.541626 seconds.
Elapsed time is 54.518700 seconds.
Elapsed time is 54.456816 seconds.
Elapsed time is 53.315284 seconds.
     7        1000         1374.61        3.79e+05        1e-09      0.0160814
Elapsed time is 54.811742 seconds.
Elapsed time is 53.846391 seconds.
Elapsed time is 53.082597 seconds.
Elapsed time is 55.846514 seconds.
Elapsed time is 55.320587 seconds.
Elapsed time is 53.870732 seconds.
Elapsed time is 57.581876 seconds.
Elapsed time is 58.544982 seconds.
Elapsed time is 52.175373 seconds.
Elapsed time is 56.891629 seconds.
Elapsed time is 54.896501 seconds.
Elapsed time is 52.823139 seconds.
Elapsed time is 55.972710 seconds.
Elapsed time is 55.550021 seconds.
Elapsed time is 52.408333 seconds.
Elapsed time is 53.737922 seconds.
Elapsed time is 52.734582 seconds.
Elapsed time is 52.574410 seconds.
Elapsed time is 56.714108 seconds.
Elapsed time is 57.300445 seconds.
Elapsed time is 53.109500 seconds.
Elapsed time is 54.649283 seconds.
Elapsed time is 56.766405 seconds.
Elapsed time is 53.362975 seconds.
Elapsed time is 53.653366 seconds.
Elapsed time is 56.987313 seconds.
Elapsed time is 52.831855 seconds.
Elapsed time is 55.058120 seconds.
Elapsed time is 57.001061 seconds.
Elapsed time is 52.645894 seconds.
Elapsed time is 54.605321 seconds.
Elapsed time is 57.639910 seconds.
Elapsed time is 52.178285 seconds.
Elapsed time is 54.629854 seconds.
Elapsed time is 53.769730 seconds.
Elapsed time is 52.351540 seconds.
Elapsed time is 54.347259 seconds.
Elapsed time is 54.450561 seconds.
Elapsed time is 54.344858 seconds.
Elapsed time is 54.457374 seconds.
Elapsed time is 52.517012 seconds.
Elapsed time is 53.892300 seconds.
Elapsed time is 52.481640 seconds.
Elapsed time is 53.151057 seconds.
Elapsed time is 54.054035 seconds.
Elapsed time is 53.692372 seconds.
Elapsed time is 55.089357 seconds.
Elapsed time is 55.522432 seconds.
Elapsed time is 54.241932 seconds.
Elapsed time is 54.775040 seconds.
Elapsed time is 53.871325 seconds.
Elapsed time is 52.663548 seconds.
Elapsed time is 53.944834 seconds.
Elapsed time is 56.120668 seconds.
Elapsed time is 53.089378 seconds.
Elapsed time is 54.020794 seconds.
Elapsed time is 54.819445 seconds.
Elapsed time is 53.737180 seconds.
Elapsed time is 53.465731 seconds.
Elapsed time is 54.202533 seconds.
Elapsed time is 53.782864 seconds.
Elapsed time is 52.841044 seconds.
Elapsed time is 54.382390 seconds.
Elapsed time is 53.673753 seconds.
Elapsed time is 53.774870 seconds.
Elapsed time is 54.227626 seconds.
Elapsed time is 53.557253 seconds.
Elapsed time is 52.972837 seconds.
Elapsed time is 53.059526 seconds.
Elapsed time is 53.875207 seconds.
Elapsed time is 54.440486 seconds.
Elapsed time is 54.400746 seconds.
Elapsed time is 53.562453 seconds.
Elapsed time is 57.630534 seconds.
Elapsed time is 53.668007 seconds.
Elapsed time is 53.105097 seconds.
Elapsed time is 54.594141 seconds.
Elapsed time is 52.840437 seconds.
Elapsed time is 54.382598 seconds.
Elapsed time is 57.763315 seconds.
Elapsed time is 53.571392 seconds.
Elapsed time is 54.211417 seconds.
Elapsed time is 59.512380 seconds.
Elapsed time is 54.844382 seconds.
Elapsed time is 52.427249 seconds.
Elapsed time is 57.660799 seconds.
Elapsed time is 53.489380 seconds.
Elapsed time is 56.198559 seconds.
Elapsed time is 60.426166 seconds.
Elapsed time is 58.332549 seconds.
Elapsed time is 51.704932 seconds.
Elapsed time is 56.337946 seconds.
Elapsed time is 57.595576 seconds.
Elapsed time is 53.087156 seconds.
Elapsed time is 56.646011 seconds.
Elapsed time is 55.390141 seconds.
Elapsed time is 53.200501 seconds.
Elapsed time is 63.144457 seconds.
Elapsed time is 55.934540 seconds.
Elapsed time is 52.324026 seconds.
Elapsed time is 56.498493 seconds.
Elapsed time is 55.451492 seconds.
Elapsed time is 52.524543 seconds.
Elapsed time is 59.298673 seconds.
Elapsed time is 54.417497 seconds.
Elapsed time is 52.735521 seconds.
Elapsed time is 60.067095 seconds.
Elapsed time is 58.223285 seconds.
Elapsed time is 53.283588 seconds.
Elapsed time is 53.890628 seconds.
Elapsed time is 53.004272 seconds.
Elapsed time is 51.892474 seconds.
Elapsed time is 59.317161 seconds.
Elapsed time is 54.466284 seconds.
Elapsed time is 52.950863 seconds.
Elapsed time is 60.010155 seconds.
Elapsed time is 56.675027 seconds.
Elapsed time is 54.739787 seconds.
Elapsed time is 54.878268 seconds.
Elapsed time is 55.196580 seconds.
Elapsed time is 52.378587 seconds.
Elapsed time is 54.063361 seconds.
Elapsed time is 54.519296 seconds.
Elapsed time is 53.045205 seconds.
Elapsed time is 57.538486 seconds.
     8        1125         1343.85        3.01e+07        1e-10      0.0157997
Elapsed time is 56.259460 seconds.
Elapsed time is 55.300660 seconds.
Elapsed time is 54.178768 seconds.
Elapsed time is 54.654525 seconds.
Elapsed time is 53.926407 seconds.
Elapsed time is 52.266406 seconds.
Elapsed time is 55.657278 seconds.
Elapsed time is 56.516742 seconds.
Elapsed time is 53.230203 seconds.
Elapsed time is 54.124742 seconds.
Elapsed time is 56.177369 seconds.
Elapsed time is 54.144404 seconds.
Elapsed time is 53.143726 seconds.
Elapsed time is 55.118743 seconds.
Elapsed time is 53.208129 seconds.
Elapsed time is 53.449323 seconds.
Elapsed time is 55.163326 seconds.
Elapsed time is 55.657170 seconds.
Elapsed time is 53.025354 seconds.
Elapsed time is 55.149658 seconds.
Elapsed time is 55.955561 seconds.
Elapsed time is 52.752824 seconds.
Elapsed time is 54.636527 seconds.
Elapsed time is 54.861843 seconds.
Elapsed time is 53.578864 seconds.
Elapsed time is 55.407780 seconds.
Elapsed time is 54.974110 seconds.
Elapsed time is 52.818111 seconds.
Elapsed time is 56.562161 seconds.
Elapsed time is 55.713164 seconds.
Elapsed time is 52.589718 seconds.
Elapsed time is 56.822670 seconds.
Elapsed time is 56.085863 seconds.
Elapsed time is 50.864727 seconds.
Elapsed time is 58.564588 seconds.
Elapsed time is 54.892128 seconds.
Elapsed time is 53.249994 seconds.
Elapsed time is 60.637867 seconds.
Elapsed time is 53.704709 seconds.
Elapsed time is 53.942937 seconds.
Elapsed time is 59.007175 seconds.
Elapsed time is 54.692345 seconds.
Elapsed time is 54.816980 seconds.
Elapsed time is 57.659194 seconds.
Elapsed time is 52.927304 seconds.
Elapsed time is 55.658024 seconds.
Elapsed time is 61.568184 seconds.
Elapsed time is 52.903350 seconds.
Elapsed time is 54.094011 seconds.
Elapsed time is 56.926344 seconds.
Elapsed time is 51.890092 seconds.
Elapsed time is 54.665933 seconds.
Elapsed time is 53.704831 seconds.
Elapsed time is 52.397712 seconds.
Elapsed time is 60.442336 seconds.
Elapsed time is 53.629692 seconds.
Elapsed time is 54.016477 seconds.
Elapsed time is 58.666458 seconds.
Elapsed time is 53.101374 seconds.
Elapsed time is 55.020739 seconds.
Elapsed time is 53.043551 seconds.
Elapsed time is 53.263331 seconds.
Elapsed time is 57.922433 seconds.
Elapsed time is 53.066476 seconds.
Elapsed time is 52.297870 seconds.
Elapsed time is 54.811128 seconds.
Elapsed time is 51.871404 seconds.
Elapsed time is 56.480087 seconds.
Elapsed time is 55.243856 seconds.
Elapsed time is 52.648007 seconds.
Elapsed time is 56.848203 seconds.
Elapsed time is 54.344687 seconds.
Elapsed time is 52.540092 seconds.
Elapsed time is 56.404054 seconds.
Elapsed time is 55.625203 seconds.
Elapsed time is 53.635978 seconds.
Elapsed time is 56.589068 seconds.
Elapsed time is 52.597883 seconds.
Elapsed time is 52.934258 seconds.
Elapsed time is 54.924728 seconds.
Elapsed time is 54.707837 seconds.
Elapsed time is 55.122808 seconds.
Elapsed time is 55.814207 seconds.
Elapsed time is 52.785974 seconds.
Elapsed time is 52.348257 seconds.
Elapsed time is 54.123719 seconds.
Elapsed time is 53.911416 seconds.
Elapsed time is 53.529640 seconds.
Elapsed time is 55.948137 seconds.
Elapsed time is 53.604127 seconds.
Elapsed time is 53.196349 seconds.
Elapsed time is 54.944187 seconds.
Elapsed time is 52.713572 seconds.
Elapsed time is 55.151987 seconds.
Elapsed time is 56.934510 seconds.
Elapsed time is 52.585169 seconds.
Elapsed time is 56.277324 seconds.
Elapsed time is 57.109463 seconds.
Elapsed time is 53.216072 seconds.
Elapsed time is 55.978942 seconds.
Elapsed time is 57.283425 seconds.
Elapsed time is 52.717331 seconds.
Elapsed time is 62.736599 seconds.
Elapsed time is 56.015306 seconds.
Elapsed time is 55.551481 seconds.
Elapsed time is 52.343548 seconds.
Elapsed time is 54.732582 seconds.
Elapsed time is 54.418063 seconds.
Elapsed time is 54.084889 seconds.
Elapsed time is 56.185823 seconds.
Elapsed time is 56.128269 seconds.
Elapsed time is 53.078764 seconds.
Elapsed time is 55.278465 seconds.
Elapsed time is 53.217275 seconds.
Elapsed time is 53.581996 seconds.
Elapsed time is 55.434432 seconds.
Elapsed time is 53.935493 seconds.
Elapsed time is 54.201673 seconds.
Elapsed time is 58.468850 seconds.
Elapsed time is 57.203935 seconds.
Elapsed time is 54.693265 seconds.
Elapsed time is 56.137499 seconds.
Elapsed time is 53.123719 seconds.
Elapsed time is 52.178734 seconds.
Elapsed time is 58.013598 seconds.
     9        1250          1308.1        1.25e+05        1e-11      0.0216184
Elapsed time is 56.255784 seconds.
Elapsed time is 55.610139 seconds.
Elapsed time is 63.950110 seconds.
Elapsed time is 56.100748 seconds.
Elapsed time is 57.181275 seconds.
Elapsed time is 59.267876 seconds.
Elapsed time is 59.242322 seconds.
Elapsed time is 62.431571 seconds.
Elapsed time is 59.121610 seconds.
Elapsed time is 57.444804 seconds.
Elapsed time is 57.794999 seconds.
Elapsed time is 56.092013 seconds.
Elapsed time is 53.986833 seconds.
Elapsed time is 65.642142 seconds.
Elapsed time is 64.521743 seconds.
Elapsed time is 59.316736 seconds.
Elapsed time is 79.731221 seconds.
Elapsed time is 61.268741 seconds.
Elapsed time is 55.556799 seconds.
Elapsed time is 59.459674 seconds.
Elapsed time is 53.854731 seconds.
Elapsed time is 74.970717 seconds.
Elapsed time is 59.942424 seconds.
Elapsed time is 59.670342 seconds.
Elapsed time is 70.645507 seconds.
Elapsed time is 67.731135 seconds.
Elapsed time is 56.533246 seconds.
Elapsed time is 60.071176 seconds.
Elapsed time is 53.860660 seconds.
Elapsed time is 62.709715 seconds.
Elapsed time is 67.595151 seconds.
Elapsed time is 56.150385 seconds.
Elapsed time is 63.672528 seconds.
Elapsed time is 64.506910 seconds.
Elapsed time is 57.714622 seconds.
Elapsed time is 54.224808 seconds.
Elapsed time is 59.889358 seconds.
Elapsed time is 53.457780 seconds.
Elapsed time is 64.736883 seconds.
Elapsed time is 59.245410 seconds.
Elapsed time is 59.026630 seconds.
Elapsed time is 62.486032 seconds.
Elapsed time is 55.852767 seconds.
Elapsed time is 79.918943 seconds.
Elapsed time is 66.538779 seconds.
Elapsed time is 59.604786 seconds.
Elapsed time is 87.367596 seconds.
Elapsed time is 54.230474 seconds.
Elapsed time is 62.673209 seconds.
Elapsed time is 55.094091 seconds.
Elapsed time is 65.703752 seconds.
Elapsed time is 80.798836 seconds.
Elapsed time is 82.836773 seconds.
Elapsed time is 55.108817 seconds.
Elapsed time is 72.768462 seconds.
Elapsed time is 54.866093 seconds.
Elapsed time is 95.468822 seconds.
Elapsed time is 71.212492 seconds.
Elapsed time is 73.496317 seconds.
Elapsed time is 57.364838 seconds.
Elapsed time is 71.186492 seconds.
Elapsed time is 64.775007 seconds.
Elapsed time is 71.471093 seconds.
Elapsed time is 91.804527 seconds.
Elapsed time is 55.881998 seconds.
Elapsed time is 79.521956 seconds.
Elapsed time is 69.015065 seconds.
Elapsed time is 71.229170 seconds.
Elapsed time is 51.919879 seconds.
Elapsed time is 75.195310 seconds.
Elapsed time is 55.093422 seconds.
Elapsed time is 91.700816 seconds.
Elapsed time is 60.796912 seconds.
Elapsed time is 77.668083 seconds.
Elapsed time is 104.975044 seconds.
Elapsed time is 74.018553 seconds.
Elapsed time is 68.469022 seconds.
Elapsed time is 54.655045 seconds.
Elapsed time is 74.873883 seconds.
Elapsed time is 54.179030 seconds.
Elapsed time is 65.993927 seconds.
Elapsed time is 83.495192 seconds.
Elapsed time is 71.270283 seconds.
Elapsed time is 60.833581 seconds.
Elapsed time is 67.686029 seconds.
Elapsed time is 66.430103 seconds.
Elapsed time is 59.999752 seconds.
Elapsed time is 53.194214 seconds.
Elapsed time is 74.540985 seconds.
Elapsed time is 54.651912 seconds.
Elapsed time is 58.234013 seconds.
Elapsed time is 54.288670 seconds.
Elapsed time is 71.130877 seconds.
Elapsed time is 71.983118 seconds.
Elapsed time is 89.832293 seconds.
Elapsed time is 79.145519 seconds.
Elapsed time is 55.128112 seconds.
Elapsed time is 69.749328 seconds.
Elapsed time is 56.005416 seconds.
Elapsed time is 73.090720 seconds.
Elapsed time is 69.794348 seconds.
Elapsed time is 54.448558 seconds.
Elapsed time is 68.439093 seconds.
Elapsed time is 60.679630 seconds.
Elapsed time is 59.724195 seconds.
Elapsed time is 55.200213 seconds.
Elapsed time is 64.846443 seconds.
Elapsed time is 56.506085 seconds.
Elapsed time is 55.293190 seconds.
Elapsed time is 60.939079 seconds.
Elapsed time is 56.163509 seconds.
Elapsed time is 65.302247 seconds.
Elapsed time is 66.169638 seconds.
Elapsed time is 54.964142 seconds.
Elapsed time is 67.537505 seconds.
Elapsed time is 65.524984 seconds.
Elapsed time is 54.307113 seconds.
Elapsed time is 59.859059 seconds.
Elapsed time is 63.988053 seconds.
Elapsed time is 56.322013 seconds.
Elapsed time is 75.573652 seconds.
Elapsed time is 71.406384 seconds.
Elapsed time is 60.426059 seconds.
Elapsed time is 72.928064 seconds.
Elapsed time is 52.684169 seconds.
    10        1375         1296.75         3.9e+05        1e-12       0.021878
Elapsed time is 65.833474 seconds.
Elapsed time is 59.623761 seconds.
Elapsed time is 58.716227 seconds.
Elapsed time is 94.037045 seconds.
Elapsed time is 54.354823 seconds.
Elapsed time is 60.013521 seconds.
Elapsed time is 65.258036 seconds.
Elapsed time is 57.958146 seconds.
Elapsed time is 63.154557 seconds.
Elapsed time is 58.206770 seconds.
Elapsed time is 72.169210 seconds.
Elapsed time is 72.813077 seconds.
Elapsed time is 56.968012 seconds.
Elapsed time is 70.620310 seconds.
Elapsed time is 56.790628 seconds.
Elapsed time is 65.062562 seconds.
Elapsed time is 54.627063 seconds.
Elapsed time is 57.093626 seconds.
Elapsed time is 69.697177 seconds.
Elapsed time is 56.845828 seconds.
Elapsed time is 65.640793 seconds.
Elapsed time is 57.846943 seconds.
Elapsed time is 71.572399 seconds.
Elapsed time is 58.988867 seconds.
Elapsed time is 61.084517 seconds.
Elapsed time is 58.671229 seconds.
Elapsed time is 61.191327 seconds.
Elapsed time is 71.579118 seconds.
Elapsed time is 57.874369 seconds.
Elapsed time is 70.608537 seconds.
Elapsed time is 54.865546 seconds.
Elapsed time is 59.886367 seconds.
Elapsed time is 65.895778 seconds.
Elapsed time is 59.484113 seconds.
Elapsed time is 100.073397 seconds.
Elapsed time is 80.579430 seconds.
Elapsed time is 61.317689 seconds.
Elapsed time is 71.351658 seconds.
Elapsed time is 57.238189 seconds.
Elapsed time is 70.131982 seconds.
Elapsed time is 81.225692 seconds.
Elapsed time is 58.866899 seconds.
Elapsed time is 86.605793 seconds.
Elapsed time is 68.989818 seconds.
Elapsed time is 58.285028 seconds.
Elapsed time is 63.197219 seconds.
Elapsed time is 60.951642 seconds.
Elapsed time is 62.685061 seconds.
Elapsed time is 58.902958 seconds.
Elapsed time is 75.265563 seconds.
Elapsed time is 59.751433 seconds.
Elapsed time is 64.505004 seconds.
Elapsed time is 63.555270 seconds.
Elapsed time is 69.292458 seconds.
Elapsed time is 56.671614 seconds.
Elapsed time is 68.140693 seconds.
Elapsed time is 61.092459 seconds.
Elapsed time is 58.740317 seconds.
Elapsed time is 66.748492 seconds.
Elapsed time is 55.697372 seconds.
Elapsed time is 61.510460 seconds.
Elapsed time is 63.176740 seconds.
Elapsed time is 58.851291 seconds.
Elapsed time is 69.443491 seconds.
Elapsed time is 61.800418 seconds.
Elapsed time is 59.439853 seconds.
Elapsed time is 74.887140 seconds.
Elapsed time is 55.889307 seconds.
Elapsed time is 56.197970 seconds.
Elapsed time is 58.538894 seconds.
Elapsed time is 55.321125 seconds.
Elapsed time is 76.579809 seconds.
Elapsed time is 63.520132 seconds.
Elapsed time is 57.973503 seconds.
Elapsed time is 71.699809 seconds.
Elapsed time is 55.342379 seconds.
Elapsed time is 64.098616 seconds.
Elapsed time is 61.301476 seconds.
Elapsed time is 58.388008 seconds.
Elapsed time is 68.320593 seconds.
Elapsed time is 56.717817 seconds.
Elapsed time is 65.033221 seconds.
Elapsed time is 57.739694 seconds.
Elapsed time is 57.327826 seconds.
Elapsed time is 62.072742 seconds.
Elapsed time is 60.721240 seconds.
Elapsed time is 60.376833 seconds.
Elapsed time is 56.155229 seconds.
Elapsed time is 60.135078 seconds.
Elapsed time is 59.774203 seconds.
Elapsed time is 61.492877 seconds.
Elapsed time is 60.385013 seconds.
Elapsed time is 58.985522 seconds.
Elapsed time is 63.952350 seconds.
Elapsed time is 65.105231 seconds.
Elapsed time is 59.413078 seconds.
Elapsed time is 63.166074 seconds.
Elapsed time is 59.414091 seconds.
Elapsed time is 58.781968 seconds.
Elapsed time is 55.343683 seconds.
Elapsed time is 57.377060 seconds.
Elapsed time is 60.032170 seconds.
Elapsed time is 59.912627 seconds.
Elapsed time is 62.264708 seconds.
Elapsed time is 67.809164 seconds.
Elapsed time is 79.268470 seconds.
Elapsed time is 54.714191 seconds.
Elapsed time is 59.302752 seconds.
Elapsed time is 57.043928 seconds.
Elapsed time is 60.843776 seconds.
Elapsed time is 60.073811 seconds.
Elapsed time is 58.973393 seconds.
Elapsed time is 61.626123 seconds.
Elapsed time is 61.559248 seconds.
Elapsed time is 55.744530 seconds.
Elapsed time is 56.953015 seconds.
Elapsed time is 56.784875 seconds.
Elapsed time is 66.840596 seconds.
Elapsed time is 65.404128 seconds.
Elapsed time is 58.072855 seconds.
Elapsed time is 62.489203 seconds.
Elapsed time is 77.177090 seconds.
Elapsed time is 56.922889 seconds.
Elapsed time is 58.790996 seconds.
Elapsed time is 57.164876 seconds.
    11        1500         1258.97        8.39e+04        1e-13      0.0223732
Elapsed time is 55.290050 seconds.
Elapsed time is 72.821741 seconds.
Elapsed time is 55.249907 seconds.
Elapsed time is 61.096037 seconds.
Elapsed time is 79.896111 seconds.
Elapsed time is 59.096723 seconds.
Elapsed time is 61.404568 seconds.
Elapsed time is 66.342835 seconds.
Elapsed time is 54.368026 seconds.
Elapsed time is 67.483998 seconds.
Elapsed time is 55.752426 seconds.
Elapsed time is 55.718410 seconds.
Elapsed time is 62.127147 seconds.
Elapsed time is 58.253591 seconds.
Elapsed time is 59.821323 seconds.
Elapsed time is 66.719641 seconds.
Elapsed time is 59.516436 seconds.
Elapsed time is 55.071394 seconds.
Elapsed time is 56.262058 seconds.
Elapsed time is 54.364012 seconds.
Elapsed time is 60.790646 seconds.
Elapsed time is 55.394978 seconds.
Elapsed time is 57.454652 seconds.
Elapsed time is 57.808653 seconds.
Elapsed time is 55.673878 seconds.
Elapsed time is 58.279587 seconds.
Elapsed time is 56.711407 seconds.
Elapsed time is 60.364849 seconds.
Elapsed time is 57.163195 seconds.
Elapsed time is 59.886384 seconds.
Elapsed time is 66.953305 seconds.
Elapsed time is 56.371823 seconds.
Elapsed time is 62.997579 seconds.
Elapsed time is 57.196547 seconds.
Elapsed time is 55.727365 seconds.
Elapsed time is 62.029630 seconds.
Elapsed time is 57.990148 seconds.
Elapsed time is 59.512359 seconds.
Elapsed time is 58.576988 seconds.
Elapsed time is 58.350297 seconds.
Elapsed time is 56.484356 seconds.
Elapsed time is 58.296976 seconds.
Elapsed time is 57.938318 seconds.
Elapsed time is 58.678993 seconds.
Elapsed time is 59.833449 seconds.
Elapsed time is 66.193663 seconds.
Elapsed time is 54.624367 seconds.
Elapsed time is 58.884308 seconds.
Elapsed time is 54.563759 seconds.
Elapsed time is 61.841784 seconds.
Elapsed time is 69.072405 seconds.
Elapsed time is 57.806571 seconds.
Elapsed time is 61.555867 seconds.
Elapsed time is 60.777394 seconds.
Elapsed time is 58.215868 seconds.
Elapsed time is 57.443523 seconds.
Elapsed time is 54.806015 seconds.
Elapsed time is 57.484232 seconds.
Elapsed time is 54.751561 seconds.
Elapsed time is 70.100064 seconds.
Elapsed time is 57.564930 seconds.
Elapsed time is 61.019104 seconds.
Elapsed time is 63.166545 seconds.
Elapsed time is 66.160295 seconds.
Elapsed time is 61.509623 seconds.
Elapsed time is 67.719998 seconds.
Elapsed time is 56.145570 seconds.
Elapsed time is 54.334895 seconds.
Elapsed time is 59.362367 seconds.
Elapsed time is 58.882988 seconds.
Elapsed time is 61.284564 seconds.
Elapsed time is 60.743946 seconds.
Elapsed time is 57.856391 seconds.
Elapsed time is 56.076057 seconds.
Elapsed time is 57.117027 seconds.
Elapsed time is 55.844390 seconds.
Elapsed time is 58.952733 seconds.
Elapsed time is 66.475929 seconds.
Elapsed time is 61.201100 seconds.
Elapsed time is 55.009933 seconds.
Elapsed time is 55.598242 seconds.
Elapsed time is 56.712716 seconds.
Elapsed time is 59.605883 seconds.
Elapsed time is 62.407919 seconds.
Elapsed time is 65.790045 seconds.
Elapsed time is 56.048570 seconds.
Elapsed time is 58.190108 seconds.
Elapsed time is 55.720188 seconds.
Elapsed time is 54.143077 seconds.
Elapsed time is 65.640635 seconds.
Elapsed time is 55.193610 seconds.
Elapsed time is 66.650802 seconds.
Elapsed time is 68.766860 seconds.
Elapsed time is 53.591978 seconds.
Elapsed time is 68.098957 seconds.
Elapsed time is 54.337562 seconds.
Elapsed time is 56.823133 seconds.
Elapsed time is 67.617238 seconds.
Elapsed time is 60.763773 seconds.
Elapsed time is 59.142667 seconds.
Elapsed time is 88.172014 seconds.
Elapsed time is 66.681224 seconds.
Elapsed time is 63.023907 seconds.
Elapsed time is 85.396908 seconds.
Elapsed time is 66.957544 seconds.
Elapsed time is 58.278174 seconds.
Elapsed time is 66.937337 seconds.
Elapsed time is 55.824155 seconds.
Elapsed time is 60.837015 seconds.
Elapsed time is 62.533334 seconds.
Elapsed time is 56.800736 seconds.
Elapsed time is 63.357792 seconds.
Elapsed time is 57.205353 seconds.
Elapsed time is 56.303409 seconds.
Elapsed time is 65.769365 seconds.
Elapsed time is 57.510927 seconds.
Elapsed time is 58.423380 seconds.
Elapsed time is 71.055864 seconds.
Elapsed time is 59.810628 seconds.
Elapsed time is 58.233701 seconds.
Elapsed time is 62.422789 seconds.
Elapsed time is 56.663546 seconds.
Elapsed time is 54.121725 seconds.
Elapsed time is 58.492824 seconds.
Elapsed time is 61.168124 seconds.
    12        1625         1254.04        9.68e+04        1e-14      0.0197807
Elapsed time is 57.221495 seconds.
Elapsed time is 53.774932 seconds.
Elapsed time is 67.484361 seconds.
Elapsed time is 63.859392 seconds.
Elapsed time is 56.994274 seconds.
Elapsed time is 60.969952 seconds.
Elapsed time is 70.001830 seconds.
Elapsed time is 56.882744 seconds.
Elapsed time is 60.429517 seconds.
Elapsed time is 66.429810 seconds.
Elapsed time is 55.629915 seconds.
Elapsed time is 55.683877 seconds.
Elapsed time is 61.184072 seconds.
Elapsed time is 55.689558 seconds.
Elapsed time is 58.060983 seconds.
Elapsed time is 57.641020 seconds.
Elapsed time is 67.267429 seconds.
Elapsed time is 65.270656 seconds.
Elapsed time is 61.039358 seconds.
Elapsed time is 63.299205 seconds.
Elapsed time is 55.647772 seconds.
Elapsed time is 62.720027 seconds.
Elapsed time is 60.976415 seconds.
Elapsed time is 56.144794 seconds.
Elapsed time is 58.320344 seconds.
Elapsed time is 59.241372 seconds.
Elapsed time is 58.498702 seconds.
Elapsed time is 62.020175 seconds.
Elapsed time is 56.353799 seconds.
Elapsed time is 61.525963 seconds.
Elapsed time is 60.532366 seconds.
Elapsed time is 58.730245 seconds.
Elapsed time is 59.348026 seconds.
Elapsed time is 65.069051 seconds.
Elapsed time is 57.828826 seconds.
Elapsed time is 61.944941 seconds.
Elapsed time is 61.207347 seconds.
Elapsed time is 55.316242 seconds.
Elapsed time is 66.737038 seconds.
Elapsed time is 59.610861 seconds.
Elapsed time is 57.348875 seconds.
Elapsed time is 70.788256 seconds.
Elapsed time is 61.911860 seconds.
Elapsed time is 57.514395 seconds.
Elapsed time is 64.415693 seconds.
Elapsed time is 57.687977 seconds.
Elapsed time is 62.262785 seconds.
Elapsed time is 59.695262 seconds.
Elapsed time is 59.003222 seconds.
Elapsed time is 61.975306 seconds.
Elapsed time is 62.523282 seconds.
Elapsed time is 62.384758 seconds.
Elapsed time is 57.187769 seconds.
Elapsed time is 57.701591 seconds.
Elapsed time is 54.777557 seconds.
Elapsed time is 57.863491 seconds.
Elapsed time is 57.268511 seconds.
Elapsed time is 59.398688 seconds.
Elapsed time is 65.018643 seconds.
Elapsed time is 59.788270 seconds.
Elapsed time is 57.788149 seconds.
Elapsed time is 56.176000 seconds.
Elapsed time is 57.393570 seconds.
Elapsed time is 59.514174 seconds.
Elapsed time is 64.486108 seconds.
Elapsed time is 56.552261 seconds.
Elapsed time is 61.973629 seconds.
Elapsed time is 56.445479 seconds.
Elapsed time is 56.014670 seconds.
Elapsed time is 57.085460 seconds.
Elapsed time is 54.671002 seconds.
Elapsed time is 62.422439 seconds.
Elapsed time is 58.258072 seconds.
Elapsed time is 56.545116 seconds.
Elapsed time is 59.293418 seconds.
Elapsed time is 58.337966 seconds.
Elapsed time is 55.308333 seconds.
Elapsed time is 74.236255 seconds.
Elapsed time is 56.191755 seconds.
Elapsed time is 54.735938 seconds.
Elapsed time is 58.468347 seconds.
Elapsed time is 54.610192 seconds.
Elapsed time is 67.390088 seconds.
Elapsed time is 56.547384 seconds.
Elapsed time is 67.519021 seconds.
Elapsed time is 64.732646 seconds.
Elapsed time is 61.190979 seconds.
Elapsed time is 59.175281 seconds.
Elapsed time is 60.996204 seconds.
Elapsed time is 57.352239 seconds.
Elapsed time is 61.667713 seconds.
Elapsed time is 57.921453 seconds.
Elapsed time is 59.007553 seconds.
Elapsed time is 59.861011 seconds.
Elapsed time is 56.700194 seconds.
Elapsed time is 54.707909 seconds.
Elapsed time is 62.411686 seconds.
Elapsed time is 58.082958 seconds.
Elapsed time is 57.709885 seconds.
Elapsed time is 63.232483 seconds.
Elapsed time is 60.360851 seconds.
Elapsed time is 56.084888 seconds.
Elapsed time is 56.722754 seconds.
Elapsed time is 55.687652 seconds.
Elapsed time is 62.246086 seconds.
Elapsed time is 59.147337 seconds.
Elapsed time is 59.587833 seconds.
Elapsed time is 58.908169 seconds.
Elapsed time is 61.049677 seconds.
Elapsed time is 57.009965 seconds.
Elapsed time is 61.474644 seconds.
Elapsed time is 62.621938 seconds.
Elapsed time is 53.068235 seconds.
Elapsed time is 58.036263 seconds.
Elapsed time is 55.103779 seconds.
Elapsed time is 56.591910 seconds.
Elapsed time is 67.330584 seconds.
Elapsed time is 54.554221 seconds.
Elapsed time is 62.056730 seconds.
Elapsed time is 61.841274 seconds.
Elapsed time is 55.711257 seconds.
Elapsed time is 61.707971 seconds.
Elapsed time is 61.156333 seconds.
Elapsed time is 56.325341 seconds.
Elapsed time is 64.537268 seconds.
    13        1750         1234.07        7.84e+05        1e-15     0.00971487
Elapsed time is 55.286018 seconds.
Elapsed time is 57.025147 seconds.
Elapsed time is 60.367191 seconds.
Elapsed time is 54.503818 seconds.
Elapsed time is 61.360455 seconds.
Elapsed time is 59.578954 seconds.
Elapsed time is 57.487057 seconds.
Elapsed time is 62.558961 seconds.
Elapsed time is 59.166787 seconds.
Elapsed time is 55.653419 seconds.
Elapsed time is 60.011517 seconds.
Elapsed time is 54.169914 seconds.
Elapsed time is 69.979961 seconds.
Elapsed time is 65.443605 seconds.
Elapsed time is 56.761263 seconds.
Elapsed time is 71.363989 seconds.
Elapsed time is 73.110206 seconds.
Elapsed time is 57.421203 seconds.
Elapsed time is 57.081396 seconds.
Elapsed time is 65.320745 seconds.
Elapsed time is 55.409474 seconds.
Elapsed time is 60.217568 seconds.
Elapsed time is 54.208613 seconds.
Elapsed time is 58.393668 seconds.
Elapsed time is 59.788184 seconds.
Elapsed time is 56.200608 seconds.
Elapsed time is 61.926608 seconds.
Elapsed time is 61.452957 seconds.
Elapsed time is 53.681286 seconds.
Elapsed time is 59.093631 seconds.
Elapsed time is 77.682678 seconds.
Elapsed time is 62.178945 seconds.
Elapsed time is 56.211571 seconds.
Elapsed time is 74.202505 seconds.
Elapsed time is 58.917609 seconds.
Elapsed time is 60.563387 seconds.
Elapsed time is 56.690486 seconds.
Elapsed time is 54.954396 seconds.
Elapsed time is 64.785499 seconds.
Elapsed time is 61.413596 seconds.
Elapsed time is 58.860788 seconds.
Elapsed time is 58.867432 seconds.
Elapsed time is 63.120774 seconds.
Elapsed time is 56.942454 seconds.
Elapsed time is 56.026977 seconds.
Elapsed time is 59.524360 seconds.
Elapsed time is 61.347430 seconds.
Elapsed time is 57.802800 seconds.
Elapsed time is 80.072010 seconds.
Elapsed time is 59.881644 seconds.
Elapsed time is 58.138041 seconds.
Elapsed time is 56.251096 seconds.
Elapsed time is 59.244399 seconds.
Elapsed time is 56.008398 seconds.
Elapsed time is 57.774548 seconds.
Elapsed time is 64.842650 seconds.
Elapsed time is 57.454832 seconds.
Elapsed time is 61.203828 seconds.
Elapsed time is 57.636618 seconds.
Elapsed time is 55.835374 seconds.
Elapsed time is 60.849992 seconds.
Elapsed time is 57.358143 seconds.
Elapsed time is 60.493850 seconds.
Elapsed time is 62.069119 seconds.
Elapsed time is 58.260059 seconds.
Elapsed time is 53.887643 seconds.
Elapsed time is 58.480348 seconds.
Elapsed time is 56.335875 seconds.
Elapsed time is 60.305294 seconds.
Elapsed time is 68.384187 seconds.
Elapsed time is 61.129065 seconds.
Elapsed time is 60.805102 seconds.
Elapsed time is 59.805606 seconds.
Elapsed time is 58.993593 seconds.
Elapsed time is 55.353348 seconds.
Elapsed time is 61.539552 seconds.
Elapsed time is 61.303573 seconds.
Elapsed time is 55.988746 seconds.
Elapsed time is 58.816869 seconds.
Elapsed time is 57.572425 seconds.
Elapsed time is 58.148511 seconds.
Elapsed time is 57.504136 seconds.
Elapsed time is 66.309220 seconds.
Elapsed time is 60.666237 seconds.
Elapsed time is 58.888584 seconds.
Elapsed time is 62.942677 seconds.
Elapsed time is 53.863458 seconds.
Elapsed time is 63.199829 seconds.
Elapsed time is 54.988530 seconds.
Elapsed time is 60.212231 seconds.
Elapsed time is 60.301915 seconds.
Elapsed time is 58.554152 seconds.
Elapsed time is 67.214350 seconds.
Elapsed time is 57.617096 seconds.
Elapsed time is 56.279992 seconds.
Elapsed time is 65.037411 seconds.
Elapsed time is 64.354850 seconds.
Elapsed time is 58.983022 seconds.
Elapsed time is 57.501914 seconds.
Elapsed time is 56.166824 seconds.
Elapsed time is 61.709064 seconds.
Elapsed time is 61.045813 seconds.
Elapsed time is 57.250381 seconds.
Elapsed time is 63.136206 seconds.
Elapsed time is 61.139792 seconds.
Elapsed time is 65.338009 seconds.
Elapsed time is 67.911755 seconds.
Elapsed time is 56.988908 seconds.
Elapsed time is 55.400386 seconds.
Elapsed time is 58.134608 seconds.
Elapsed time is 66.397518 seconds.
Elapsed time is 59.276560 seconds.
Elapsed time is 69.205857 seconds.
Elapsed time is 61.055497 seconds.
Elapsed time is 58.988865 seconds.
Elapsed time is 56.295849 seconds.
Elapsed time is 56.158167 seconds.
Elapsed time is 56.591638 seconds.
Elapsed time is 56.034560 seconds.
Elapsed time is 59.182458 seconds.
Elapsed time is 59.486226 seconds.
Elapsed time is 62.180663 seconds.
Elapsed time is 56.505130 seconds.
Elapsed time is 56.124781 seconds.
Elapsed time is 59.546933 seconds.
    14        1875         1219.02        6.68e+05        1e-16      0.0173738
Elapsed time is 54.317977 seconds.
Elapsed time is 57.520031 seconds.
Elapsed time is 57.130339 seconds.
Elapsed time is 73.794607 seconds.
Elapsed time is 58.103365 seconds.
Elapsed time is 58.796522 seconds.
Elapsed time is 64.160014 seconds.
Elapsed time is 54.593900 seconds.
Elapsed time is 64.300664 seconds.
Elapsed time is 59.154108 seconds.
Elapsed time is 54.743882 seconds.
Elapsed time is 63.173031 seconds.
Elapsed time is 60.069397 seconds.
Elapsed time is 69.338548 seconds.
Elapsed time is 62.959144 seconds.
Elapsed time is 59.370267 seconds.
Elapsed time is 59.883367 seconds.
Elapsed time is 58.504167 seconds.
Elapsed time is 55.772115 seconds.
Elapsed time is 55.530752 seconds.
Elapsed time is 57.467351 seconds.
Elapsed time is 57.648877 seconds.
Elapsed time is 57.517524 seconds.
Elapsed time is 60.062386 seconds.
Elapsed time is 57.833915 seconds.
Elapsed time is 56.534224 seconds.
Elapsed time is 58.784597 seconds.
Elapsed time is 54.905829 seconds.
Elapsed time is 58.574475 seconds.
Elapsed time is 59.162131 seconds.
Elapsed time is 59.150221 seconds.
Elapsed time is 59.999950 seconds.
Elapsed time is 58.930400 seconds.
Elapsed time is 59.954003 seconds.
Elapsed time is 57.216477 seconds.
Elapsed time is 55.884215 seconds.
Elapsed time is 56.915325 seconds.
Elapsed time is 59.085615 seconds.
Elapsed time is 58.681600 seconds.
Elapsed time is 64.628297 seconds.
Elapsed time is 58.507310 seconds.
Elapsed time is 56.780421 seconds.
Elapsed time is 56.633055 seconds.
Elapsed time is 58.870269 seconds.
Elapsed time is 59.359803 seconds.
Elapsed time is 57.997352 seconds.
Elapsed time is 56.442777 seconds.
Elapsed time is 56.434939 seconds.
Elapsed time is 63.571736 seconds.
Elapsed time is 57.652652 seconds.
Elapsed time is 58.853212 seconds.
Elapsed time is 63.166514 seconds.
Elapsed time is 60.191032 seconds.
Elapsed time is 58.751503 seconds.
Elapsed time is 55.303884 seconds.
Elapsed time is 56.828191 seconds.
Elapsed time is 56.670813 seconds.
Elapsed time is 60.975109 seconds.
Elapsed time is 55.527002 seconds.
Elapsed time is 62.561901 seconds.
Elapsed time is 58.177297 seconds.
Elapsed time is 57.947512 seconds.
Elapsed time is 61.557696 seconds.
Elapsed time is 54.753864 seconds.
Elapsed time is 60.707377 seconds.
Elapsed time is 57.970788 seconds.
Elapsed time is 58.323187 seconds.
Elapsed time is 67.194523 seconds.
Elapsed time is 60.346684 seconds.
Elapsed time is 57.166926 seconds.
Elapsed time is 64.149440 seconds.
Elapsed time is 55.484227 seconds.
Elapsed time is 61.152257 seconds.
Elapsed time is 63.680094 seconds.
Elapsed time is 55.358382 seconds.
Elapsed time is 61.797149 seconds.
Elapsed time is 63.088611 seconds.
Elapsed time is 57.006490 seconds.
Elapsed time is 71.960832 seconds.
Elapsed time is 57.345762 seconds.
Elapsed time is 56.429884 seconds.
Elapsed time is 74.387232 seconds.
Elapsed time is 54.195089 seconds.
Elapsed time is 65.411980 seconds.
Elapsed time is 64.945386 seconds.
Elapsed time is 53.647182 seconds.
Elapsed time is 68.366469 seconds.
Elapsed time is 58.007402 seconds.
Elapsed time is 62.322244 seconds.
Elapsed time is 58.349757 seconds.
Elapsed time is 53.417033 seconds.
Elapsed time is 67.327786 seconds.
Elapsed time is 58.214616 seconds.
Elapsed time is 57.262691 seconds.
Elapsed time is 62.242021 seconds.
Elapsed time is 55.348896 seconds.
Elapsed time is 55.585142 seconds.
Elapsed time is 55.244281 seconds.
Elapsed time is 56.623059 seconds.
Elapsed time is 59.042168 seconds.
Elapsed time is 60.102172 seconds.
Elapsed time is 62.808858 seconds.
Elapsed time is 65.143186 seconds.
Elapsed time is 73.990157 seconds.
Elapsed time is 60.554509 seconds.
Elapsed time is 63.656235 seconds.
Elapsed time is 65.235941 seconds.
Elapsed time is 57.909292 seconds.
Elapsed time is 57.359898 seconds.
Elapsed time is 57.015275 seconds.
Elapsed time is 55.589763 seconds.
Elapsed time is 59.843183 seconds.
Elapsed time is 61.542738 seconds.
Elapsed time is 65.179254 seconds.
Elapsed time is 65.294704 seconds.
Elapsed time is 57.974093 seconds.
Elapsed time is 58.672740 seconds.
Elapsed time is 63.465975 seconds.
Elapsed time is 56.399435 seconds.
Elapsed time is 67.810962 seconds.
Elapsed time is 58.415624 seconds.
Elapsed time is 57.101005 seconds.
Elapsed time is 66.067467 seconds.
Elapsed time is 59.339541 seconds.
Elapsed time is 56.568160 seconds.
    15        2000         1186.87        1.64e+06        1e-17     0.00949591
Elapsed time is 59.901691 seconds.
Elapsed time is 58.340107 seconds.
Elapsed time is 58.008402 seconds.
Elapsed time is 58.000033 seconds.
Elapsed time is 58.595440 seconds.
Elapsed time is 60.620051 seconds.
Elapsed time is 56.824083 seconds.
Elapsed time is 59.548975 seconds.
Elapsed time is 58.481528 seconds.
Elapsed time is 56.122784 seconds.
Elapsed time is 55.462705 seconds.
Elapsed time is 58.598689 seconds.
Elapsed time is 68.252348 seconds.
Elapsed time is 55.018555 seconds.
Elapsed time is 58.310145 seconds.
Elapsed time is 58.945277 seconds.
Elapsed time is 55.159041 seconds.
Elapsed time is 56.950456 seconds.
Elapsed time is 60.517624 seconds.
Elapsed time is 55.531588 seconds.
Elapsed time is 61.034574 seconds.
Elapsed time is 61.812231 seconds.
Elapsed time is 55.461780 seconds.
Elapsed time is 60.079487 seconds.
Elapsed time is 59.667544 seconds.
Elapsed time is 58.389399 seconds.
Elapsed time is 55.683876 seconds.
Elapsed time is 54.749117 seconds.
Elapsed time is 57.185761 seconds.
Elapsed time is 56.530394 seconds.
Elapsed time is 61.325008 seconds.
Elapsed time is 56.705312 seconds.
Elapsed time is 54.636770 seconds.
Elapsed time is 57.694354 seconds.
Elapsed time is 54.693873 seconds.
Elapsed time is 54.552417 seconds.
Elapsed time is 55.344107 seconds.
Elapsed time is 54.263011 seconds.
Elapsed time is 56.790985 seconds.
Elapsed time is 57.522213 seconds.
Elapsed time is 56.874678 seconds.
Elapsed time is 59.021127 seconds.
Elapsed time is 59.311215 seconds.
Elapsed time is 57.236474 seconds.
Elapsed time is 58.227087 seconds.
Elapsed time is 53.840173 seconds.
Elapsed time is 56.886143 seconds.
Elapsed time is 55.488309 seconds.
Elapsed time is 54.317168 seconds.
Elapsed time is 54.409184 seconds.
Elapsed time is 54.076021 seconds.
Elapsed time is 56.583221 seconds.
Elapsed time is 59.251223 seconds.
Elapsed time is 55.141671 seconds.
Elapsed time is 57.684295 seconds.
Elapsed time is 61.490000 seconds.
Elapsed time is 53.314498 seconds.
Elapsed time is 56.826466 seconds.
Elapsed time is 55.686649 seconds.
Elapsed time is 53.447547 seconds.
Elapsed time is 59.037046 seconds.
Elapsed time is 55.027488 seconds.
Elapsed time is 56.643708 seconds.
Elapsed time is 65.604735 seconds.
Elapsed time is 53.636909 seconds.
Elapsed time is 55.603265 seconds.
Elapsed time is 64.707550 seconds.
Elapsed time is 52.927879 seconds.
Elapsed time is 58.437424 seconds.
Elapsed time is 56.801516 seconds.
Elapsed time is 55.120568 seconds.
Elapsed time is 55.533141 seconds.
Elapsed time is 57.020341 seconds.
Elapsed time is 58.205875 seconds.
Elapsed time is 53.767321 seconds.
Elapsed time is 58.367328 seconds.
Elapsed time is 53.847872 seconds.
Elapsed time is 60.220664 seconds.
Elapsed time is 57.678711 seconds.
Elapsed time is 52.895289 seconds.
Elapsed time is 61.619479 seconds.
Elapsed time is 52.230464 seconds.
Elapsed time is 69.015195 seconds.
Elapsed time is 55.465788 seconds.
Elapsed time is 57.702384 seconds.
Elapsed time is 76.325727 seconds.
Elapsed time is 52.289060 seconds.
Elapsed time is 63.286055 seconds.
Elapsed time is 54.280943 seconds.
Elapsed time is 55.146834 seconds.
Elapsed time is 55.411824 seconds.
Elapsed time is 55.877557 seconds.
Elapsed time is 56.268777 seconds.
Elapsed time is 55.442724 seconds.
Elapsed time is 63.006887 seconds.
Elapsed time is 60.757870 seconds.
Elapsed time is 56.458837 seconds.
Elapsed time is 57.355460 seconds.
Elapsed time is 60.227739 seconds.
Elapsed time is 56.941458 seconds.
Elapsed time is 55.675588 seconds.
Elapsed time is 55.855886 seconds.
Elapsed time is 54.824290 seconds.
Elapsed time is 54.690084 seconds.
Elapsed time is 53.816554 seconds.
Elapsed time is 55.386205 seconds.
Elapsed time is 55.609852 seconds.
Elapsed time is 53.763476 seconds.
Elapsed time is 57.141303 seconds.
Elapsed time is 62.373300 seconds.
Elapsed time is 54.323281 seconds.
Elapsed time is 55.722262 seconds.
Elapsed time is 56.483394 seconds.
Elapsed time is 54.930479 seconds.
Elapsed time is 57.199173 seconds.
Elapsed time is 58.857397 seconds.
Elapsed time is 54.072339 seconds.
Elapsed time is 58.833502 seconds.
Elapsed time is 55.213958 seconds.
Elapsed time is 55.904379 seconds.
Elapsed time is 61.571265 seconds.
Elapsed time is 55.461263 seconds.
Elapsed time is 55.432536 seconds.
Elapsed time is 60.447932 seconds.
Elapsed time is 55.760302 seconds.
Elapsed time is 54.066272 seconds.
Elapsed time is 55.168492 seconds.
Elapsed time is 53.194100 seconds.
Elapsed time is 57.831780 seconds.
Elapsed time is 55.455344 seconds.
Elapsed time is 55.601654 seconds.
Elapsed time is 55.668108 seconds.
Elapsed time is 60.526412 seconds.
Elapsed time is 56.310127 seconds.
Elapsed time is 59.795137 seconds.
Elapsed time is 58.074468 seconds.
Elapsed time is 54.534161 seconds.
Elapsed time is 55.445445 seconds.
Elapsed time is 56.659113 seconds.
Elapsed time is 53.272399 seconds.
Elapsed time is 62.472261 seconds.
Elapsed time is 55.724902 seconds.
Elapsed time is 54.928164 seconds.
Elapsed time is 63.450801 seconds.
    16        2144         1185.11        3.48e+05          100      0.0135852
Elapsed time is 55.976205 seconds.
Elapsed time is 54.191611 seconds.
Elapsed time is 68.296020 seconds.
Elapsed time is 56.058028 seconds.
Elapsed time is 55.741294 seconds.
Elapsed time is 61.564357 seconds.
Elapsed time is 55.066672 seconds.
Elapsed time is 55.293989 seconds.
Elapsed time is 64.951931 seconds.
Elapsed time is 56.485530 seconds.
Elapsed time is 55.837988 seconds.
Elapsed time is 63.565428 seconds.
Elapsed time is 54.915992 seconds.
Elapsed time is 56.598062 seconds.
Elapsed time is 58.704615 seconds.
Elapsed time is 52.594885 seconds.
Elapsed time is 57.219663 seconds.
Elapsed time is 55.725485 seconds.
Elapsed time is 56.854081 seconds.
Elapsed time is 68.082988 seconds.
Elapsed time is 53.814020 seconds.
Elapsed time is 56.163549 seconds.
Elapsed time is 59.891340 seconds.
Elapsed time is 53.237490 seconds.
Elapsed time is 59.507160 seconds.
Elapsed time is 55.203791 seconds.
Elapsed time is 56.446015 seconds.
Elapsed time is 69.413205 seconds.
Elapsed time is 54.458174 seconds.
Elapsed time is 55.390942 seconds.
Elapsed time is 63.863096 seconds.
Elapsed time is 52.904284 seconds.
Elapsed time is 61.409750 seconds.
Elapsed time is 65.957121 seconds.
Elapsed time is 54.072958 seconds.
Elapsed time is 58.083931 seconds.
Elapsed time is 62.745534 seconds.
Elapsed time is 53.820956 seconds.
Elapsed time is 59.251853 seconds.
Elapsed time is 52.946736 seconds.
Elapsed time is 55.659108 seconds.
Elapsed time is 60.197048 seconds.
Elapsed time is 53.309985 seconds.
Elapsed time is 60.637698 seconds.
Elapsed time is 60.030264 seconds.
Elapsed time is 54.963791 seconds.
Elapsed time is 58.612413 seconds.
Elapsed time is 59.027446 seconds.
Elapsed time is 54.579289 seconds.
Elapsed time is 59.158160 seconds.
Elapsed time is 57.653289 seconds.
Elapsed time is 55.895150 seconds.
Elapsed time is 56.675043 seconds.
Elapsed time is 56.627423 seconds.
Elapsed time is 57.605420 seconds.
Elapsed time is 55.076627 seconds.
Elapsed time is 55.981720 seconds.
Elapsed time is 55.954147 seconds.
Elapsed time is 54.537670 seconds.
Elapsed time is 57.480881 seconds.
Elapsed time is 54.251842 seconds.
Elapsed time is 55.565166 seconds.
Elapsed time is 56.764392 seconds.
Elapsed time is 56.819136 seconds.
Elapsed time is 55.892992 seconds.
Elapsed time is 56.873534 seconds.
Elapsed time is 56.726581 seconds.
Elapsed time is 57.842311 seconds.
Elapsed time is 58.965775 seconds.
Elapsed time is 55.624530 seconds.
Elapsed time is 55.195546 seconds.
Elapsed time is 56.807940 seconds.
Elapsed time is 53.804345 seconds.
Elapsed time is 56.550052 seconds.
Elapsed time is 57.573623 seconds.
Elapsed time is 54.460640 seconds.
Elapsed time is 59.167321 seconds.
Elapsed time is 58.424603 seconds.
Elapsed time is 54.144571 seconds.
Elapsed time is 58.600283 seconds.
Elapsed time is 58.234884 seconds.
Elapsed time is 54.215660 seconds.
Elapsed time is 64.393313 seconds.
Elapsed time is 56.904729 seconds.
Elapsed time is 54.209159 seconds.
Elapsed time is 56.461873 seconds.
Elapsed time is 54.227501 seconds.
Elapsed time is 57.053949 seconds.
Elapsed time is 65.048370 seconds.
Elapsed time is 56.994009 seconds.
Elapsed time is 57.098814 seconds.
Elapsed time is 55.767447 seconds.
Elapsed time is 55.735659 seconds.
Elapsed time is 58.812219 seconds.
Elapsed time is 55.468314 seconds.
Elapsed time is 55.373327 seconds.
Elapsed time is 55.732286 seconds.
Elapsed time is 53.546551 seconds.
Elapsed time is 54.921291 seconds.
Elapsed time is 57.323583 seconds.
Elapsed time is 54.323443 seconds.
Elapsed time is 60.022701 seconds.
Elapsed time is 57.791784 seconds.
Elapsed time is 55.165202 seconds.
Elapsed time is 58.683331 seconds.
Elapsed time is 54.864515 seconds.
Elapsed time is 53.867182 seconds.
Elapsed time is 55.999107 seconds.
Elapsed time is 54.040324 seconds.
Elapsed time is 53.347053 seconds.
Elapsed time is 56.377561 seconds.
Elapsed time is 57.691862 seconds.
Elapsed time is 54.654649 seconds.
Elapsed time is 58.771811 seconds.
Elapsed time is 54.562012 seconds.
Elapsed time is 62.014464 seconds.
Elapsed time is 60.409791 seconds.
Elapsed time is 54.770367 seconds.
Elapsed time is 56.654669 seconds.
Elapsed time is 56.406118 seconds.
Elapsed time is 53.084896 seconds.
Elapsed time is 61.571626 seconds.
Elapsed time is 56.375876 seconds.
Elapsed time is 55.027900 seconds.
Elapsed time is 57.722684 seconds.
    17        2269         1167.45        4.63e+05           10      0.0167028
Elapsed time is 54.800533 seconds.
Elapsed time is 52.845087 seconds.
Elapsed time is 60.399547 seconds.
Elapsed time is 57.132725 seconds.
Elapsed time is 53.778045 seconds.
Elapsed time is 55.514960 seconds.
Elapsed time is 53.063655 seconds.
Elapsed time is 55.492578 seconds.
Elapsed time is 55.489339 seconds.
Elapsed time is 56.463085 seconds.
Elapsed time is 53.932936 seconds.
Elapsed time is 55.076202 seconds.
Elapsed time is 54.236162 seconds.
Elapsed time is 55.012928 seconds.
Elapsed time is 56.514479 seconds.
Elapsed time is 54.691153 seconds.
Elapsed time is 55.430095 seconds.
Elapsed time is 56.300699 seconds.
Elapsed time is 55.148321 seconds.
Elapsed time is 58.640246 seconds.
Elapsed time is 54.534758 seconds.
Elapsed time is 53.763773 seconds.
Elapsed time is 63.295094 seconds.
Elapsed time is 54.312599 seconds.
Elapsed time is 54.380872 seconds.
Elapsed time is 61.503162 seconds.
Elapsed time is 53.619521 seconds.
Elapsed time is 61.819393 seconds.
Elapsed time is 56.854525 seconds.
Elapsed time is 54.144213 seconds.
Elapsed time is 57.869771 seconds.
Elapsed time is 54.017189 seconds.
Elapsed time is 56.571060 seconds.
Elapsed time is 58.878569 seconds.
Elapsed time is 55.933053 seconds.
Elapsed time is 53.214765 seconds.
Elapsed time is 59.324215 seconds.
Elapsed time is 55.481298 seconds.
Elapsed time is 53.814804 seconds.
Elapsed time is 71.303211 seconds.
Elapsed time is 53.144415 seconds.
Elapsed time is 57.363108 seconds.
Elapsed time is 57.259121 seconds.
Elapsed time is 52.801328 seconds.
Elapsed time is 61.053927 seconds.
Elapsed time is 52.951518 seconds.
Elapsed time is 58.175078 seconds.
Elapsed time is 55.487887 seconds.
Elapsed time is 56.138327 seconds.
Elapsed time is 56.042054 seconds.
Elapsed time is 53.956718 seconds.
Elapsed time is 56.079045 seconds.
Elapsed time is 54.167622 seconds.
Elapsed time is 55.455956 seconds.
Elapsed time is 56.255277 seconds.
Elapsed time is 53.338055 seconds.
Elapsed time is 56.772108 seconds.
Elapsed time is 56.191903 seconds.
Elapsed time is 54.774566 seconds.
Elapsed time is 59.087751 seconds.
Elapsed time is 54.763740 seconds.
Elapsed time is 54.936439 seconds.
Elapsed time is 56.831039 seconds.
Elapsed time is 53.723781 seconds.
Elapsed time is 56.518259 seconds.
Elapsed time is 56.850363 seconds.
Elapsed time is 53.772775 seconds.
Elapsed time is 60.674254 seconds.
Elapsed time is 53.111172 seconds.
Elapsed time is 61.210579 seconds.
Elapsed time is 63.755061 seconds.
Elapsed time is 52.624395 seconds.
Elapsed time is 71.296985 seconds.
Elapsed time is 61.311853 seconds.
Elapsed time is 55.031410 seconds.
Elapsed time is 68.591209 seconds.
Elapsed time is 52.815754 seconds.
Elapsed time is 59.049593 seconds.
Elapsed time is 59.087618 seconds.
Elapsed time is 52.754270 seconds.
Elapsed time is 66.358296 seconds.
Elapsed time is 58.278300 seconds.
Elapsed time is 56.026560 seconds.
Elapsed time is 70.031604 seconds.
Elapsed time is 55.617266 seconds.
Elapsed time is 57.366443 seconds.
Elapsed time is 63.772242 seconds.
Elapsed time is 54.622895 seconds.
Elapsed time is 63.682682 seconds.
Elapsed time is 55.922341 seconds.
Elapsed time is 52.939680 seconds.
Elapsed time is 65.086367 seconds.
Elapsed time is 55.067261 seconds.
Elapsed time is 54.682943 seconds.
Elapsed time is 60.012833 seconds.
Elapsed time is 60.812655 seconds.
Elapsed time is 55.275953 seconds.
Elapsed time is 57.986543 seconds.
Elapsed time is 58.521094 seconds.
Elapsed time is 53.864803 seconds.
Elapsed time is 58.150128 seconds.
Elapsed time is 53.649826 seconds.
Elapsed time is 57.550102 seconds.
Elapsed time is 58.481187 seconds.
Elapsed time is 55.836991 seconds.
Elapsed time is 55.944408 seconds.
Elapsed time is 62.962750 seconds.
Elapsed time is 56.651293 seconds.
Elapsed time is 54.112944 seconds.
Elapsed time is 57.160208 seconds.
Elapsed time is 54.393047 seconds.
Elapsed time is 53.584058 seconds.
Elapsed time is 59.269495 seconds.
Elapsed time is 56.021713 seconds.
Elapsed time is 54.184505 seconds.
Elapsed time is 58.088531 seconds.
Elapsed time is 54.166785 seconds.
Elapsed time is 54.897204 seconds.
Elapsed time is 58.566648 seconds.
Elapsed time is 52.967349 seconds.
Elapsed time is 57.535580 seconds.
Elapsed time is 61.261085 seconds.
Elapsed time is 51.786428 seconds.
Elapsed time is 64.560319 seconds.
Elapsed time is 59.855703 seconds.
    18        2394         1153.97        1.77e+06            1      0.0133926
Elapsed time is 53.361975 seconds.
Elapsed time is 64.222586 seconds.
Elapsed time is 55.103900 seconds.
Elapsed time is 56.201976 seconds.
Elapsed time is 56.674507 seconds.
Elapsed time is 52.659479 seconds.
Elapsed time is 68.446059 seconds.
Elapsed time is 59.120623 seconds.
Elapsed time is 52.320240 seconds.
Elapsed time is 65.807428 seconds.
Elapsed time is 54.282226 seconds.
Elapsed time is 54.479653 seconds.
Elapsed time is 57.275842 seconds.
Elapsed time is 52.884839 seconds.
Elapsed time is 56.310278 seconds.
Elapsed time is 58.336686 seconds.
Elapsed time is 54.088338 seconds.
Elapsed time is 66.432657 seconds.
Elapsed time is 56.383381 seconds.
Elapsed time is 54.782272 seconds.
Elapsed time is 58.671000 seconds.
Elapsed time is 55.310380 seconds.
Elapsed time is 54.321680 seconds.
Elapsed time is 57.345821 seconds.
Elapsed time is 54.595227 seconds.
Elapsed time is 54.601126 seconds.
Elapsed time is 54.580684 seconds.
Elapsed time is 53.541760 seconds.
Elapsed time is 53.621094 seconds.
Elapsed time is 55.585976 seconds.
Elapsed time is 54.304304 seconds.
Elapsed time is 57.269421 seconds.
Elapsed time is 59.150804 seconds.
Elapsed time is 54.337301 seconds.
Elapsed time is 55.248816 seconds.
Elapsed time is 55.180977 seconds.
Elapsed time is 54.048533 seconds.
Elapsed time is 58.808025 seconds.
Elapsed time is 54.492523 seconds.
Elapsed time is 53.513787 seconds.
Elapsed time is 57.289818 seconds.
Elapsed time is 57.367281 seconds.
Elapsed time is 54.987234 seconds.
Elapsed time is 59.302348 seconds.
Elapsed time is 55.476607 seconds.
Elapsed time is 64.093672 seconds.
Elapsed time is 62.361053 seconds.
Elapsed time is 60.229561 seconds.
Elapsed time is 77.678614 seconds.
Elapsed time is 56.884321 seconds.
Elapsed time is 73.284648 seconds.
Elapsed time is 60.658853 seconds.
Elapsed time is 75.335068 seconds.
Elapsed time is 71.048246 seconds.
Elapsed time is 57.704041 seconds.
Elapsed time is 61.581747 seconds.
Elapsed time is 59.097377 seconds.
Elapsed time is 57.678913 seconds.
Elapsed time is 62.513549 seconds.
Elapsed time is 57.051850 seconds.
Elapsed time is 67.639008 seconds.
Elapsed time is 59.121964 seconds.
Elapsed time is 63.569956 seconds.
Elapsed time is 63.786193 seconds.
Elapsed time is 65.108695 seconds.
Elapsed time is 59.840881 seconds.
Elapsed time is 56.797955 seconds.
Elapsed time is 83.897214 seconds.
Elapsed time is 55.806293 seconds.
Elapsed time is 63.329769 seconds.
Elapsed time is 54.898727 seconds.
Elapsed time is 65.163023 seconds.
Elapsed time is 57.034003 seconds.
Elapsed time is 57.716174 seconds.
Elapsed time is 59.558072 seconds.
Elapsed time is 58.891457 seconds.
Elapsed time is 60.109485 seconds.
Elapsed time is 60.732467 seconds.
Elapsed time is 58.605306 seconds.
Elapsed time is 57.284822 seconds.
Elapsed time is 62.189245 seconds.
Elapsed time is 57.143474 seconds.
Elapsed time is 64.782887 seconds.
Elapsed time is 65.275115 seconds.
Elapsed time is 56.803851 seconds.
Elapsed time is 63.049394 seconds.
Elapsed time is 55.370108 seconds.
Elapsed time is 71.098442 seconds.
Elapsed time is 56.798387 seconds.
Elapsed time is 61.999870 seconds.
Elapsed time is 54.968362 seconds.
Elapsed time is 61.696487 seconds.
Elapsed time is 55.363601 seconds.
Elapsed time is 54.391611 seconds.
Elapsed time is 56.695865 seconds.
Elapsed time is 55.250910 seconds.
Elapsed time is 54.877915 seconds.
Elapsed time is 57.406849 seconds.
Elapsed time is 57.956167 seconds.
Elapsed time is 64.265934 seconds.
Elapsed time is 56.908410 seconds.
Elapsed time is 59.322616 seconds.
Elapsed time is 55.213332 seconds.
Elapsed time is 55.088201 seconds.
Elapsed time is 57.407964 seconds.
Elapsed time is 54.612025 seconds.
Elapsed time is 60.171389 seconds.
Elapsed time is 56.894854 seconds.
Elapsed time is 54.660540 seconds.
Elapsed time is 70.315804 seconds.
Elapsed time is 54.473408 seconds.
Elapsed time is 60.703717 seconds.
Elapsed time is 62.571066 seconds.
Elapsed time is 53.126682 seconds.
Elapsed time is 58.578413 seconds.
Elapsed time is 53.846961 seconds.
Elapsed time is 54.962371 seconds.
Elapsed time is 73.511287 seconds.
Elapsed time is 55.545318 seconds.
Elapsed time is 54.841076 seconds.
Elapsed time is 58.566996 seconds.
Elapsed time is 52.761387 seconds.
Elapsed time is 53.337315 seconds.
Elapsed time is 56.587321 seconds.
Elapsed time is 54.781354 seconds.
    19        2519         1139.02        1.95e+05          0.1     0.00742883
Elapsed time is 63.074255 seconds.
Elapsed time is 56.881498 seconds.
Elapsed time is 52.955140 seconds.
Elapsed time is 55.951886 seconds.
Elapsed time is 56.106319 seconds.
Elapsed time is 54.044789 seconds.
Elapsed time is 55.475895 seconds.
Elapsed time is 57.819535 seconds.
Elapsed time is 56.586398 seconds.
Elapsed time is 54.505310 seconds.
Elapsed time is 57.633106 seconds.
Elapsed time is 54.204130 seconds.
Elapsed time is 57.101970 seconds.
Elapsed time is 60.528412 seconds.
Elapsed time is 55.329502 seconds.
Elapsed time is 53.401562 seconds.
Elapsed time is 60.854523 seconds.
Elapsed time is 53.186789 seconds.
Elapsed time is 61.076590 seconds.
Elapsed time is 57.464786 seconds.
Elapsed time is 56.130173 seconds.
Elapsed time is 58.938599 seconds.
Elapsed time is 55.081003 seconds.
Elapsed time is 55.904073 seconds.
Elapsed time is 59.316899 seconds.
Elapsed time is 55.453658 seconds.
Elapsed time is 57.336248 seconds.
Elapsed time is 58.556632 seconds.
Elapsed time is 59.324921 seconds.
Elapsed time is 55.553087 seconds.
Elapsed time is 55.966602 seconds.
Elapsed time is 53.740224 seconds.
Elapsed time is 76.611133 seconds.
Elapsed time is 63.872545 seconds.
Elapsed time is 56.854956 seconds.
Elapsed time is 68.849778 seconds.
Elapsed time is 59.442214 seconds.
Elapsed time is 53.482126 seconds.
Elapsed time is 71.363439 seconds.
Elapsed time is 55.580916 seconds.
Elapsed time is 59.465712 seconds.
Elapsed time is 60.673680 seconds.
Elapsed time is 55.493291 seconds.
Elapsed time is 56.004134 seconds.
Elapsed time is 58.040672 seconds.
Elapsed time is 55.798040 seconds.
Elapsed time is 56.823247 seconds.
Elapsed time is 56.224007 seconds.
Elapsed time is 56.769046 seconds.
Elapsed time is 61.550459 seconds.
Elapsed time is 57.662211 seconds.
Elapsed time is 57.789749 seconds.
Elapsed time is 55.549372 seconds.
Elapsed time is 55.074422 seconds.
Elapsed time is 56.305246 seconds.
Elapsed time is 57.282671 seconds.
Elapsed time is 60.109938 seconds.
Elapsed time is 57.981904 seconds.
Elapsed time is 57.958951 seconds.
Elapsed time is 60.525511 seconds.
Elapsed time is 58.770014 seconds.
Elapsed time is 55.332537 seconds.
Elapsed time is 53.856065 seconds.
Elapsed time is 54.138655 seconds.
Elapsed time is 62.427339 seconds.
Elapsed time is 59.956031 seconds.
Elapsed time is 56.174950 seconds.
Elapsed time is 69.541731 seconds.
Elapsed time is 72.914442 seconds.
Elapsed time is 95.252143 seconds.
Elapsed time is 86.441603 seconds.
Elapsed time is 73.962906 seconds.
Elapsed time is 68.951983 seconds.
Elapsed time is 65.985682 seconds.
Elapsed time is 74.420385 seconds.
Elapsed time is 72.503472 seconds.
Elapsed time is 63.199008 seconds.
Elapsed time is 85.817320 seconds.
Elapsed time is 75.415937 seconds.
Elapsed time is 67.453536 seconds.
Elapsed time is 72.488841 seconds.
Elapsed time is 70.256432 seconds.
Elapsed time is 83.798848 seconds.
Elapsed time is 81.323911 seconds.
Elapsed time is 68.892612 seconds.
Elapsed time is 60.448688 seconds.
Elapsed time is 65.062517 seconds.
Elapsed time is 71.886824 seconds.
Elapsed time is 92.919843 seconds.
Elapsed time is 58.957234 seconds.
Elapsed time is 71.156388 seconds.
Elapsed time is 72.339713 seconds.
Elapsed time is 70.268859 seconds.
Elapsed time is 76.406276 seconds.
Elapsed time is 61.213911 seconds.
Elapsed time is 57.939560 seconds.
Elapsed time is 81.573093 seconds.
Elapsed time is 107.353703 seconds.
Elapsed time is 81.820448 seconds.
Elapsed time is 58.421604 seconds.
Elapsed time is 60.177090 seconds.
Elapsed time is 81.379356 seconds.
Elapsed time is 73.230810 seconds.
Elapsed time is 64.640569 seconds.
Elapsed time is 78.724550 seconds.
Elapsed time is 67.004014 seconds.
Elapsed time is 77.046518 seconds.
Elapsed time is 85.259807 seconds.
Elapsed time is 61.043377 seconds.
Elapsed time is 91.216528 seconds.
Elapsed time is 64.586572 seconds.
Elapsed time is 93.109856 seconds.
Elapsed time is 72.533605 seconds.
Elapsed time is 69.788535 seconds.
Elapsed time is 73.424492 seconds.
Elapsed time is 62.090775 seconds.
Elapsed time is 76.228198 seconds.
Elapsed time is 61.190487 seconds.
Elapsed time is 87.546853 seconds.
Elapsed time is 63.674887 seconds.
Elapsed time is 57.443213 seconds.
Elapsed time is 65.231169 seconds.
Elapsed time is 57.059374 seconds.
Elapsed time is 55.366217 seconds.
Elapsed time is 63.457753 seconds.
Elapsed time is 56.492402 seconds.
Elapsed time is 61.015907 seconds.
Elapsed time is 66.569654 seconds.
Elapsed time is 63.640438 seconds.
Elapsed time is 61.251681 seconds.
Elapsed time is 65.860167 seconds.
Elapsed time is 63.216748 seconds.
Elapsed time is 57.790137 seconds.
    20        2652         1133.05        2.87e+06        1e+07    0.000726079

Local minimum possible.

lsqnonlin stopped because the relative size of the current step is less than
the default value of the step size tolerance.



map
   1.0e+03 *

    1.3785         0    0.9502
         0    1.3629    0.5382
         0         0    0.0010

Parallel pool using the 'local' profile is shutting down.
  message with properties:

    Identifier: 'MATLAB:connector:connector:ConnectorNotRunning'
     Arguments: {}

