MATLAB is selecting SOFTWARE OPENGL rendering.

                            < M A T L A B (R) >
                  Copyright 1984-2017 The MathWorks, Inc.
                   R2017b (9.3.0.713579) 64-bit (glnxa64)
                             September 14, 2017

 
To get started, type one of these: helpwin, helpdesk, or demo.
For product information, visit www.mathworks.com.
 

initres =

    9.5671

Starting parallel pool (parpool) using the 'local' profile ...
connected to 20 workers.
Elapsed time is 70.697073 seconds.
Elapsed time is 77.051739 seconds.
Elapsed time is 66.568310 seconds.
Elapsed time is 69.219161 seconds.
Elapsed time is 68.204074 seconds.
Elapsed time is 71.314291 seconds.
Elapsed time is 65.760659 seconds.
Elapsed time is 66.291771 seconds.
Elapsed time is 70.475515 seconds.
Elapsed time is 72.085888 seconds.
Elapsed time is 65.565375 seconds.
Elapsed time is 64.696815 seconds.
Elapsed time is 68.490649 seconds.
Elapsed time is 69.522852 seconds.
Elapsed time is 68.278969 seconds.
Elapsed time is 74.251637 seconds.
Elapsed time is 77.635427 seconds.
Elapsed time is 73.774420 seconds.
Elapsed time is 69.071796 seconds.
Elapsed time is 67.601945 seconds.
Elapsed time is 79.724441 seconds.
Elapsed time is 76.332056 seconds.
Elapsed time is 65.563827 seconds.
Elapsed time is 67.000009 seconds.
Elapsed time is 66.955516 seconds.
Elapsed time is 69.741880 seconds.
Elapsed time is 72.035266 seconds.
Elapsed time is 70.586825 seconds.
Elapsed time is 70.308612 seconds.
Elapsed time is 67.126274 seconds.
Elapsed time is 82.547087 seconds.
Elapsed time is 68.696023 seconds.
Elapsed time is 67.138223 seconds.
Elapsed time is 75.176722 seconds.
Elapsed time is 74.274947 seconds.
Elapsed time is 64.809536 seconds.
Elapsed time is 69.449075 seconds.
Elapsed time is 66.001320 seconds.
Elapsed time is 66.195759 seconds.
Elapsed time is 63.621479 seconds.
Elapsed time is 69.847242 seconds.
Elapsed time is 66.122272 seconds.
Elapsed time is 63.636413 seconds.
Elapsed time is 67.083311 seconds.
Elapsed time is 72.672439 seconds.
Elapsed time is 66.270887 seconds.
Elapsed time is 65.294689 seconds.
Elapsed time is 67.474304 seconds.
Elapsed time is 69.375552 seconds.
Elapsed time is 74.172191 seconds.
Elapsed time is 64.663346 seconds.
Elapsed time is 68.471471 seconds.
Elapsed time is 67.698827 seconds.
Elapsed time is 65.433841 seconds.
Elapsed time is 63.476034 seconds.
Elapsed time is 79.720403 seconds.
Elapsed time is 86.931490 seconds.
Elapsed time is 78.437643 seconds.
Elapsed time is 66.005578 seconds.
Elapsed time is 79.484747 seconds.
Elapsed time is 103.522887 seconds.
Elapsed time is 73.696563 seconds.
Elapsed time is 65.237756 seconds.
Elapsed time is 99.519176 seconds.
Elapsed time is 90.154026 seconds.
Elapsed time is 64.547842 seconds.
Elapsed time is 78.060613 seconds.
Elapsed time is 87.762567 seconds.
Elapsed time is 76.441805 seconds.
Elapsed time is 64.643977 seconds.
Elapsed time is 79.903697 seconds.
Elapsed time is 73.116275 seconds.
Elapsed time is 68.150786 seconds.
Elapsed time is 65.174226 seconds.
Elapsed time is 68.890157 seconds.
Elapsed time is 68.550359 seconds.
Elapsed time is 65.350787 seconds.
Elapsed time is 70.551369 seconds.
Elapsed time is 76.061136 seconds.
Elapsed time is 72.690237 seconds.
Elapsed time is 65.960197 seconds.
Elapsed time is 67.044679 seconds.
Elapsed time is 67.620254 seconds.
Elapsed time is 65.202113 seconds.
Elapsed time is 69.605225 seconds.
Elapsed time is 69.747064 seconds.
Elapsed time is 67.988151 seconds.
Elapsed time is 69.245352 seconds.
Elapsed time is 74.941523 seconds.
Elapsed time is 80.268292 seconds.
Elapsed time is 76.150605 seconds.
Elapsed time is 67.235742 seconds.
Elapsed time is 66.794663 seconds.
Elapsed time is 71.305287 seconds.
Elapsed time is 70.604731 seconds.
Elapsed time is 63.851540 seconds.
Elapsed time is 72.989572 seconds.
Elapsed time is 65.189472 seconds.
Elapsed time is 66.007267 seconds.
Elapsed time is 100.950563 seconds.
Elapsed time is 86.426755 seconds.
Elapsed time is 64.386981 seconds.
Elapsed time is 66.332732 seconds.
Elapsed time is 100.219153 seconds.
Elapsed time is 75.855180 seconds.
Elapsed time is 64.945586 seconds.
Elapsed time is 77.126815 seconds.
Elapsed time is 96.792995 seconds.
Elapsed time is 65.589049 seconds.
Elapsed time is 64.890409 seconds.
Elapsed time is 71.395464 seconds.
Elapsed time is 68.099169 seconds.
Elapsed time is 68.253284 seconds.
Elapsed time is 67.677768 seconds.
Elapsed time is 91.078995 seconds.
Elapsed time is 84.021384 seconds.
Elapsed time is 62.482329 seconds.
Elapsed time is 75.056573 seconds.
Elapsed time is 77.306759 seconds.
Elapsed time is 64.628088 seconds.
Elapsed time is 68.313200 seconds.
Elapsed time is 77.449289 seconds.
Elapsed time is 89.719090 seconds.
Elapsed time is 83.462477 seconds.
Elapsed time is 66.133064 seconds.

                                        First-Order                    Norm of 
 Iteration  Func-count    Residual       optimality      Lambda           step
     0         125         13677.3        4.82e+06         0.01
Elapsed time is 65.606234 seconds.
Elapsed time is 79.686586 seconds.
Elapsed time is 81.694643 seconds.
Elapsed time is 87.153684 seconds.
Elapsed time is 72.339298 seconds.
Elapsed time is 66.998968 seconds.
Elapsed time is 76.195240 seconds.
Elapsed time is 80.076945 seconds.
Elapsed time is 76.259790 seconds.
Elapsed time is 65.282169 seconds.
Elapsed time is 73.044116 seconds.
Elapsed time is 70.465412 seconds.
Elapsed time is 72.770479 seconds.
Elapsed time is 71.356518 seconds.
Elapsed time is 74.735463 seconds.
Elapsed time is 69.333595 seconds.
Elapsed time is 65.749101 seconds.
Elapsed time is 66.840943 seconds.
Elapsed time is 70.312849 seconds.
Elapsed time is 68.927959 seconds.
Elapsed time is 69.605487 seconds.
Elapsed time is 66.610093 seconds.
Elapsed time is 69.259991 seconds.
Elapsed time is 78.147159 seconds.
Elapsed time is 69.248028 seconds.
Elapsed time is 77.060454 seconds.
Elapsed time is 68.776208 seconds.
Elapsed time is 79.666250 seconds.
Elapsed time is 87.156878 seconds.
Elapsed time is 70.992764 seconds.
Elapsed time is 71.487509 seconds.
Elapsed time is 67.848634 seconds.
Elapsed time is 73.462380 seconds.
Elapsed time is 70.447785 seconds.
Elapsed time is 66.438823 seconds.
Elapsed time is 67.915424 seconds.
Elapsed time is 71.788121 seconds.
Elapsed time is 69.581357 seconds.
Elapsed time is 73.422407 seconds.
Elapsed time is 70.289899 seconds.
Elapsed time is 74.104183 seconds.
Elapsed time is 70.545094 seconds.
Elapsed time is 75.388942 seconds.
Elapsed time is 72.994570 seconds.
Elapsed time is 72.252902 seconds.
Elapsed time is 66.096384 seconds.
Elapsed time is 65.483172 seconds.
Elapsed time is 75.674666 seconds.
Elapsed time is 87.476407 seconds.
Elapsed time is 76.450334 seconds.
Elapsed time is 64.191125 seconds.
Elapsed time is 68.645571 seconds.
Elapsed time is 67.925754 seconds.
Elapsed time is 64.131154 seconds.
Elapsed time is 66.097728 seconds.
Elapsed time is 67.372793 seconds.
Elapsed time is 67.562432 seconds.
Elapsed time is 70.074895 seconds.
Elapsed time is 69.942675 seconds.
Elapsed time is 69.512507 seconds.
Elapsed time is 66.342034 seconds.
Elapsed time is 68.665689 seconds.
Elapsed time is 69.154411 seconds.
Elapsed time is 69.713898 seconds.
Elapsed time is 73.239086 seconds.
Elapsed time is 67.537432 seconds.
Elapsed time is 68.657278 seconds.
Elapsed time is 74.280429 seconds.
Elapsed time is 75.346879 seconds.
Elapsed time is 72.650283 seconds.
Elapsed time is 69.306666 seconds.
Elapsed time is 66.763657 seconds.
Elapsed time is 74.642520 seconds.
Elapsed time is 67.351773 seconds.
Elapsed time is 68.103211 seconds.
Elapsed time is 77.913212 seconds.
Elapsed time is 75.448548 seconds.
Elapsed time is 70.809914 seconds.
Elapsed time is 72.179623 seconds.
Elapsed time is 79.804132 seconds.
Elapsed time is 79.474549 seconds.
Elapsed time is 78.529272 seconds.
Elapsed time is 76.237383 seconds.
Elapsed time is 73.981591 seconds.
Elapsed time is 69.610298 seconds.
Elapsed time is 68.546272 seconds.
Elapsed time is 65.661901 seconds.
Elapsed time is 72.038830 seconds.
Elapsed time is 67.753888 seconds.
Elapsed time is 72.607008 seconds.
Elapsed time is 66.463620 seconds.
Elapsed time is 69.850143 seconds.
Elapsed time is 70.197437 seconds.
Elapsed time is 78.452404 seconds.
Elapsed time is 71.409522 seconds.
Elapsed time is 67.480567 seconds.
Elapsed time is 70.478224 seconds.
Elapsed time is 87.476582 seconds.
Elapsed time is 79.620173 seconds.
Elapsed time is 68.396178 seconds.
Elapsed time is 66.513916 seconds.
Elapsed time is 69.441393 seconds.
Elapsed time is 74.584191 seconds.
Elapsed time is 76.881878 seconds.
Elapsed time is 64.067941 seconds.
Elapsed time is 67.564045 seconds.
Elapsed time is 80.521912 seconds.
Elapsed time is 70.464519 seconds.
Elapsed time is 65.786241 seconds.
Elapsed time is 68.220155 seconds.
Elapsed time is 69.452647 seconds.
Elapsed time is 71.413395 seconds.
Elapsed time is 64.027442 seconds.
Elapsed time is 77.155692 seconds.
Elapsed time is 75.064778 seconds.
Elapsed time is 70.549291 seconds.
Elapsed time is 66.005913 seconds.
Elapsed time is 94.757468 seconds.
Elapsed time is 82.000313 seconds.
Elapsed time is 66.537450 seconds.
Elapsed time is 65.720944 seconds.
Elapsed time is 104.141034 seconds.
Elapsed time is 97.972250 seconds.
Elapsed time is 63.265126 seconds.
Elapsed time is 83.247166 seconds.
     1         250         7307.24        2.82e+06        0.001      0.0590666
Elapsed time is 92.068235 seconds.
Elapsed time is 70.696733 seconds.
Elapsed time is 64.589145 seconds.
Elapsed time is 74.711148 seconds.
Elapsed time is 76.482085 seconds.
Elapsed time is 63.849633 seconds.
Elapsed time is 65.369410 seconds.
Elapsed time is 76.734020 seconds.
Elapsed time is 85.994732 seconds.
Elapsed time is 72.328700 seconds.
Elapsed time is 64.447191 seconds.
Elapsed time is 73.078060 seconds.
Elapsed time is 78.287170 seconds.
Elapsed time is 73.369225 seconds.
Elapsed time is 64.387424 seconds.
Elapsed time is 77.385827 seconds.
Elapsed time is 83.404844 seconds.
Elapsed time is 70.148455 seconds.
Elapsed time is 69.640024 seconds.
Elapsed time is 86.245999 seconds.
Elapsed time is 69.316298 seconds.
Elapsed time is 71.709676 seconds.
Elapsed time is 65.507827 seconds.
Elapsed time is 72.768506 seconds.
Elapsed time is 82.256885 seconds.
Elapsed time is 70.995551 seconds.
Elapsed time is 65.559647 seconds.
Elapsed time is 78.977228 seconds.
Elapsed time is 82.286028 seconds.
Elapsed time is 76.763601 seconds.
Elapsed time is 64.164998 seconds.
Elapsed time is 72.211802 seconds.
Elapsed time is 75.081609 seconds.
Elapsed time is 67.396166 seconds.
Elapsed time is 68.357986 seconds.
Elapsed time is 75.982795 seconds.
Elapsed time is 79.837771 seconds.
Elapsed time is 75.876691 seconds.
Elapsed time is 73.444113 seconds.
Elapsed time is 74.881021 seconds.
Elapsed time is 75.457431 seconds.
Elapsed time is 71.200265 seconds.
Elapsed time is 70.003419 seconds.
Elapsed time is 67.553222 seconds.
Elapsed time is 75.054019 seconds.
Elapsed time is 73.047474 seconds.
Elapsed time is 71.042592 seconds.
Elapsed time is 71.244880 seconds.
Elapsed time is 73.891950 seconds.
Elapsed time is 79.877059 seconds.
Elapsed time is 72.861475 seconds.
Elapsed time is 70.289154 seconds.
Elapsed time is 74.656909 seconds.
Elapsed time is 91.854495 seconds.
Elapsed time is 81.146389 seconds.
Elapsed time is 84.901893 seconds.
Elapsed time is 64.391403 seconds.
Elapsed time is 72.739365 seconds.
Elapsed time is 83.005746 seconds.
Elapsed time is 70.854578 seconds.
Elapsed time is 65.893341 seconds.
Elapsed time is 93.818678 seconds.
Elapsed time is 77.105185 seconds.
Elapsed time is 64.766873 seconds.
Elapsed time is 73.674051 seconds.
Elapsed time is 89.126240 seconds.
Elapsed time is 93.179004 seconds.
Elapsed time is 71.077473 seconds.
Elapsed time is 69.427109 seconds.
Elapsed time is 89.451122 seconds.
Elapsed time is 86.882338 seconds.
Elapsed time is 65.459903 seconds.
Elapsed time is 68.846799 seconds.
Elapsed time is 72.450712 seconds.
Elapsed time is 64.834868 seconds.
Elapsed time is 64.353484 seconds.
Elapsed time is 69.862956 seconds.
Elapsed time is 87.025613 seconds.
Elapsed time is 78.357332 seconds.
Elapsed time is 66.404518 seconds.
Elapsed time is 67.383622 seconds.
Elapsed time is 72.201364 seconds.
Elapsed time is 86.454362 seconds.
Elapsed time is 77.156382 seconds.
Elapsed time is 64.358816 seconds.
Elapsed time is 77.105908 seconds.
Elapsed time is 81.976014 seconds.
Elapsed time is 65.874090 seconds.
Elapsed time is 64.766864 seconds.
Elapsed time is 78.402549 seconds.
Elapsed time is 83.412030 seconds.
Elapsed time is 72.607647 seconds.
Elapsed time is 64.681792 seconds.
Elapsed time is 68.787918 seconds.
Elapsed time is 69.928099 seconds.
Elapsed time is 67.285559 seconds.
Elapsed time is 66.086447 seconds.
Elapsed time is 78.803279 seconds.
Elapsed time is 82.230268 seconds.
Elapsed time is 64.064984 seconds.
Elapsed time is 76.722446 seconds.
Elapsed time is 62.842430 seconds.
Elapsed time is 67.844494 seconds.
Elapsed time is 64.187260 seconds.
Elapsed time is 66.041999 seconds.
Elapsed time is 75.474721 seconds.
Elapsed time is 84.647861 seconds.
Elapsed time is 78.914015 seconds.
Elapsed time is 69.252543 seconds.
Elapsed time is 63.346766 seconds.
Elapsed time is 68.132262 seconds.
Elapsed time is 69.164446 seconds.
Elapsed time is 66.973627 seconds.
Elapsed time is 66.986185 seconds.
Elapsed time is 67.850994 seconds.
Elapsed time is 74.619536 seconds.
Elapsed time is 72.003397 seconds.
Elapsed time is 65.171324 seconds.
Elapsed time is 70.075771 seconds.
Elapsed time is 69.684177 seconds.
Elapsed time is 82.891230 seconds.
Elapsed time is 82.854203 seconds.
Elapsed time is 70.018127 seconds.
Elapsed time is 68.446860 seconds.
Elapsed time is 79.064840 seconds.
     2         375         5229.27        1.36e+06       0.0001      0.0315811
Elapsed time is 82.225068 seconds.
Elapsed time is 84.439482 seconds.
Elapsed time is 71.776778 seconds.
Elapsed time is 69.787104 seconds.
Elapsed time is 72.796083 seconds.
Elapsed time is 72.045112 seconds.
Elapsed time is 63.899277 seconds.
Elapsed time is 73.197357 seconds.
Elapsed time is 68.068583 seconds.
Elapsed time is 68.888843 seconds.
Elapsed time is 67.514832 seconds.
Elapsed time is 65.716418 seconds.
Elapsed time is 65.301489 seconds.
Elapsed time is 67.079640 seconds.
Elapsed time is 64.093806 seconds.
Elapsed time is 67.874653 seconds.
Elapsed time is 67.724098 seconds.
Elapsed time is 74.651024 seconds.
Elapsed time is 64.349278 seconds.
Elapsed time is 64.963404 seconds.
Elapsed time is 69.785766 seconds.
Elapsed time is 66.283293 seconds.
Elapsed time is 68.384296 seconds.
Elapsed time is 69.571295 seconds.
Elapsed time is 71.968883 seconds.
Elapsed time is 69.948115 seconds.
Elapsed time is 67.885209 seconds.
Elapsed time is 66.065267 seconds.
Elapsed time is 68.954964 seconds.
Elapsed time is 71.609198 seconds.
Elapsed time is 65.296664 seconds.
Elapsed time is 73.263710 seconds.
Elapsed time is 82.058701 seconds.
Elapsed time is 66.706444 seconds.
Elapsed time is 68.240495 seconds.
Elapsed time is 70.316492 seconds.
Elapsed time is 69.666888 seconds.
Elapsed time is 66.909836 seconds.
Elapsed time is 67.597843 seconds.
Elapsed time is 67.935569 seconds.
Elapsed time is 68.782938 seconds.
Elapsed time is 65.887397 seconds.
Elapsed time is 67.244640 seconds.
Elapsed time is 71.695638 seconds.
Elapsed time is 73.552571 seconds.
Elapsed time is 65.853076 seconds.
Elapsed time is 68.401525 seconds.
Elapsed time is 70.829842 seconds.
Elapsed time is 66.604360 seconds.
Elapsed time is 65.603921 seconds.
Elapsed time is 66.147165 seconds.
Elapsed time is 71.812553 seconds.
Elapsed time is 69.728007 seconds.
Elapsed time is 65.347444 seconds.
Elapsed time is 70.359022 seconds.
Elapsed time is 76.512930 seconds.
Elapsed time is 68.032217 seconds.
Elapsed time is 75.778437 seconds.
Elapsed time is 66.673818 seconds.
Elapsed time is 74.731568 seconds.
Elapsed time is 77.481389 seconds.
Elapsed time is 65.891312 seconds.
Elapsed time is 66.014598 seconds.
Elapsed time is 70.113244 seconds.
Elapsed time is 69.145741 seconds.
Elapsed time is 64.630405 seconds.
Elapsed time is 73.253994 seconds.
Elapsed time is 81.515666 seconds.
Elapsed time is 75.657462 seconds.
Elapsed time is 66.400858 seconds.
Elapsed time is 65.518668 seconds.
Elapsed time is 69.492259 seconds.
Elapsed time is 73.364038 seconds.
Elapsed time is 63.525530 seconds.
Elapsed time is 65.712442 seconds.
Elapsed time is 73.930511 seconds.
Elapsed time is 74.900083 seconds.
Elapsed time is 62.944286 seconds.
Elapsed time is 68.953798 seconds.
Elapsed time is 70.344301 seconds.
Elapsed time is 70.814502 seconds.
Elapsed time is 69.770104 seconds.
Elapsed time is 68.907221 seconds.
Elapsed time is 68.983705 seconds.
Elapsed time is 66.924011 seconds.
Elapsed time is 65.650331 seconds.
Elapsed time is 72.292737 seconds.
Elapsed time is 85.911613 seconds.
Elapsed time is 88.596524 seconds.
Elapsed time is 65.433225 seconds.
Elapsed time is 75.415588 seconds.
Elapsed time is 81.640913 seconds.
Elapsed time is 62.757811 seconds.
Elapsed time is 70.346901 seconds.
Elapsed time is 74.403085 seconds.
Elapsed time is 71.724296 seconds.
Elapsed time is 70.255254 seconds.
Elapsed time is 84.873205 seconds.
Elapsed time is 71.004266 seconds.
Elapsed time is 64.033218 seconds.
Elapsed time is 68.313995 seconds.
Elapsed time is 76.274636 seconds.
Elapsed time is 71.745501 seconds.
Elapsed time is 66.093297 seconds.
Elapsed time is 68.542017 seconds.
Elapsed time is 68.688091 seconds.
Elapsed time is 66.190854 seconds.
Elapsed time is 67.896959 seconds.
Elapsed time is 77.247533 seconds.
Elapsed time is 73.381557 seconds.
Elapsed time is 62.953340 seconds.
Elapsed time is 69.432940 seconds.
Elapsed time is 71.140663 seconds.
Elapsed time is 69.037001 seconds.
Elapsed time is 66.989392 seconds.
Elapsed time is 72.543258 seconds.
Elapsed time is 68.515377 seconds.
Elapsed time is 68.814725 seconds.
Elapsed time is 78.431529 seconds.
Elapsed time is 76.976542 seconds.
Elapsed time is 73.767727 seconds.
Elapsed time is 65.389418 seconds.
Elapsed time is 72.034677 seconds.
Elapsed time is 80.166642 seconds.
Elapsed time is 67.938232 seconds.
     3         500         4498.35        1.06e+06        1e-05      0.0293947
Elapsed time is 75.680622 seconds.
Elapsed time is 69.912643 seconds.
Elapsed time is 64.971741 seconds.
Elapsed time is 69.694476 seconds.
Elapsed time is 74.971501 seconds.
Elapsed time is 71.534741 seconds.
Elapsed time is 69.702363 seconds.
Elapsed time is 69.475006 seconds.
Elapsed time is 67.682012 seconds.
Elapsed time is 72.496432 seconds.
Elapsed time is 67.583035 seconds.
Elapsed time is 69.080122 seconds.
Elapsed time is 69.953965 seconds.
Elapsed time is 71.270398 seconds.
Elapsed time is 67.055951 seconds.
Elapsed time is 69.845061 seconds.
Elapsed time is 68.822458 seconds.
Elapsed time is 68.435085 seconds.
Elapsed time is 67.455081 seconds.
Elapsed time is 66.426602 seconds.
Elapsed time is 66.937824 seconds.
Elapsed time is 66.412501 seconds.
Elapsed time is 75.486633 seconds.
Elapsed time is 67.064366 seconds.
Elapsed time is 75.996580 seconds.
Elapsed time is 65.363844 seconds.
Elapsed time is 74.553399 seconds.
Elapsed time is 78.260939 seconds.
Elapsed time is 65.805654 seconds.
Elapsed time is 68.440989 seconds.
Elapsed time is 73.451806 seconds.
Elapsed time is 73.112291 seconds.
Elapsed time is 65.237392 seconds.
Elapsed time is 67.512617 seconds.
Elapsed time is 78.329748 seconds.
Elapsed time is 75.262485 seconds.
Elapsed time is 75.237305 seconds.
Elapsed time is 66.030588 seconds.
Elapsed time is 83.773770 seconds.
Elapsed time is 83.838670 seconds.
Elapsed time is 70.292718 seconds.
Elapsed time is 67.344943 seconds.
Elapsed time is 70.669956 seconds.
Elapsed time is 70.624281 seconds.
Elapsed time is 67.158498 seconds.
Elapsed time is 76.133696 seconds.
Elapsed time is 83.907484 seconds.
Elapsed time is 66.902715 seconds.
Elapsed time is 66.467147 seconds.
Elapsed time is 78.430448 seconds.
Elapsed time is 71.303132 seconds.
Elapsed time is 65.521998 seconds.
Elapsed time is 71.522532 seconds.
Elapsed time is 75.562764 seconds.
Elapsed time is 73.494284 seconds.
Elapsed time is 66.055096 seconds.
Elapsed time is 71.369005 seconds.
Elapsed time is 74.547989 seconds.
Elapsed time is 84.118202 seconds.
Elapsed time is 66.676668 seconds.
Elapsed time is 64.837181 seconds.
Elapsed time is 67.237922 seconds.
Elapsed time is 73.431784 seconds.
Elapsed time is 67.510155 seconds.
Elapsed time is 70.997471 seconds.
Elapsed time is 86.841446 seconds.
Elapsed time is 65.391269 seconds.
Elapsed time is 67.198082 seconds.
Elapsed time is 65.187081 seconds.
Elapsed time is 69.981684 seconds.
Elapsed time is 65.974757 seconds.
Elapsed time is 66.274155 seconds.
Elapsed time is 68.447113 seconds.
Elapsed time is 71.260760 seconds.
Elapsed time is 78.690957 seconds.
Elapsed time is 75.130282 seconds.
Elapsed time is 70.253809 seconds.
Elapsed time is 68.177667 seconds.
Elapsed time is 67.264037 seconds.
Elapsed time is 67.082549 seconds.
Elapsed time is 67.145169 seconds.
Elapsed time is 73.953670 seconds.
Elapsed time is 77.927532 seconds.
Elapsed time is 72.659820 seconds.
Elapsed time is 66.501116 seconds.
Elapsed time is 66.476201 seconds.
Elapsed time is 66.313835 seconds.
Elapsed time is 67.888864 seconds.
Elapsed time is 64.649753 seconds.
Elapsed time is 71.317060 seconds.
Elapsed time is 70.216870 seconds.
Elapsed time is 72.389535 seconds.
Elapsed time is 67.982250 seconds.
Elapsed time is 69.132510 seconds.
Elapsed time is 66.996093 seconds.
Elapsed time is 67.582155 seconds.
Elapsed time is 66.109174 seconds.
Elapsed time is 69.820098 seconds.
Elapsed time is 65.219274 seconds.
Elapsed time is 66.459462 seconds.
Elapsed time is 66.432341 seconds.
Elapsed time is 70.539256 seconds.
Elapsed time is 68.303877 seconds.
Elapsed time is 68.553912 seconds.
Elapsed time is 69.536272 seconds.
Elapsed time is 65.402828 seconds.
Elapsed time is 67.379350 seconds.
Elapsed time is 65.748748 seconds.
Elapsed time is 70.120810 seconds.
Elapsed time is 67.434760 seconds.
Elapsed time is 70.553068 seconds.
Elapsed time is 72.997695 seconds.
Elapsed time is 75.957646 seconds.
Elapsed time is 68.953299 seconds.
Elapsed time is 71.092630 seconds.
Elapsed time is 64.651346 seconds.
Elapsed time is 71.029350 seconds.
Elapsed time is 70.924703 seconds.
Elapsed time is 66.653954 seconds.
Elapsed time is 68.041981 seconds.
Elapsed time is 69.449456 seconds.
Elapsed time is 67.101323 seconds.
Elapsed time is 66.772371 seconds.
Elapsed time is 65.196014 seconds.
Elapsed time is 67.221171 seconds.
     4         625         4204.46        1.67e+05        1e-06      0.0163584
Elapsed time is 69.715594 seconds.
Elapsed time is 67.081382 seconds.
Elapsed time is 70.630592 seconds.
Elapsed time is 65.412907 seconds.
Elapsed time is 65.480159 seconds.
Elapsed time is 70.926394 seconds.
Elapsed time is 67.755313 seconds.
Elapsed time is 69.989983 seconds.
Elapsed time is 73.105916 seconds.
Elapsed time is 62.912559 seconds.
Elapsed time is 66.775999 seconds.
Elapsed time is 63.692243 seconds.
Elapsed time is 69.053173 seconds.
Elapsed time is 67.989244 seconds.
Elapsed time is 70.534659 seconds.
Elapsed time is 70.912938 seconds.
Elapsed time is 69.639655 seconds.
Elapsed time is 66.908993 seconds.
Elapsed time is 71.931063 seconds.
Elapsed time is 71.491157 seconds.
Elapsed time is 71.456639 seconds.
Elapsed time is 87.541659 seconds.
Elapsed time is 82.883153 seconds.
Elapsed time is 64.280131 seconds.
Elapsed time is 67.323960 seconds.
Elapsed time is 69.952346 seconds.
Elapsed time is 81.856247 seconds.
Elapsed time is 69.584542 seconds.
Elapsed time is 69.766423 seconds.
Elapsed time is 79.862968 seconds.
Elapsed time is 70.991666 seconds.
Elapsed time is 63.818684 seconds.
Elapsed time is 70.074219 seconds.
Elapsed time is 74.126823 seconds.
Elapsed time is 71.078292 seconds.
Elapsed time is 68.964800 seconds.
Elapsed time is 65.997281 seconds.
Elapsed time is 72.417056 seconds.
Elapsed time is 69.081005 seconds.
Elapsed time is 63.930362 seconds.
Elapsed time is 72.570317 seconds.
Elapsed time is 92.350351 seconds.
Elapsed time is 65.574328 seconds.
Elapsed time is 63.540398 seconds.
Elapsed time is 64.577751 seconds.
Elapsed time is 66.074505 seconds.
Elapsed time is 63.538917 seconds.
Elapsed time is 62.949011 seconds.
Elapsed time is 65.570917 seconds.
Elapsed time is 67.227354 seconds.
Elapsed time is 63.930318 seconds.
Elapsed time is 64.839431 seconds.
Elapsed time is 65.140096 seconds.
Elapsed time is 65.456418 seconds.
Elapsed time is 64.505994 seconds.
Elapsed time is 65.454685 seconds.
Elapsed time is 63.832699 seconds.
Elapsed time is 63.751175 seconds.
Elapsed time is 67.245497 seconds.
Elapsed time is 64.148314 seconds.
Elapsed time is 64.940819 seconds.
Elapsed time is 64.514641 seconds.
Elapsed time is 62.647196 seconds.
Elapsed time is 64.340440 seconds.
Elapsed time is 65.094457 seconds.
Elapsed time is 66.137095 seconds.
Elapsed time is 63.740743 seconds.
Elapsed time is 64.244609 seconds.
Elapsed time is 67.639878 seconds.
Elapsed time is 63.302689 seconds.
Elapsed time is 65.455472 seconds.
Elapsed time is 64.166728 seconds.
Elapsed time is 64.315025 seconds.
Elapsed time is 66.900093 seconds.
Elapsed time is 63.431801 seconds.
Elapsed time is 62.757076 seconds.
Elapsed time is 64.910916 seconds.
Elapsed time is 64.753955 seconds.
Elapsed time is 63.474751 seconds.
Elapsed time is 64.055053 seconds.
Elapsed time is 62.937014 seconds.
Elapsed time is 64.694541 seconds.
Elapsed time is 64.739967 seconds.
Elapsed time is 64.887545 seconds.
Elapsed time is 63.291810 seconds.
Elapsed time is 65.635033 seconds.
Elapsed time is 65.631182 seconds.
Elapsed time is 63.495451 seconds.
Elapsed time is 62.785589 seconds.
Elapsed time is 64.565777 seconds.
Elapsed time is 65.479198 seconds.
Elapsed time is 63.316211 seconds.
Elapsed time is 63.460829 seconds.
Elapsed time is 64.433586 seconds.
Elapsed time is 65.024914 seconds.
Elapsed time is 64.383772 seconds.
Elapsed time is 63.218233 seconds.
Elapsed time is 64.075540 seconds.
Elapsed time is 65.260095 seconds.
Elapsed time is 68.104914 seconds.
Elapsed time is 64.073912 seconds.
Elapsed time is 62.705187 seconds.
Elapsed time is 65.209465 seconds.
Elapsed time is 64.332182 seconds.
Elapsed time is 62.884203 seconds.
Elapsed time is 63.823054 seconds.
Elapsed time is 64.177214 seconds.
Elapsed time is 64.591448 seconds.
Elapsed time is 63.896123 seconds.
Elapsed time is 65.047506 seconds.
Elapsed time is 65.584865 seconds.
Elapsed time is 64.798451 seconds.
Elapsed time is 65.296153 seconds.
Elapsed time is 64.538707 seconds.
Elapsed time is 63.912102 seconds.
Elapsed time is 63.724495 seconds.
Elapsed time is 66.444814 seconds.
Elapsed time is 63.899076 seconds.
Elapsed time is 63.852623 seconds.
Elapsed time is 64.815515 seconds.
Elapsed time is 64.290482 seconds.
Elapsed time is 63.695326 seconds.
Elapsed time is 63.457560 seconds.
Elapsed time is 63.017826 seconds.
Elapsed time is 63.193629 seconds.
     5         750         4071.73        8.58e+05        1e-07       0.025069
Elapsed time is 63.036261 seconds.
Elapsed time is 65.157404 seconds.
Elapsed time is 66.752640 seconds.
Elapsed time is 63.551610 seconds.
Elapsed time is 62.859552 seconds.
Elapsed time is 64.493556 seconds.
Elapsed time is 66.435171 seconds.
Elapsed time is 64.450758 seconds.
Elapsed time is 63.557955 seconds.
Elapsed time is 67.127488 seconds.
Elapsed time is 66.176560 seconds.
Elapsed time is 62.111257 seconds.
Elapsed time is 63.474644 seconds.
Elapsed time is 65.899892 seconds.
Elapsed time is 67.443878 seconds.
Elapsed time is 63.031348 seconds.
Elapsed time is 63.530469 seconds.
Elapsed time is 66.216817 seconds.
Elapsed time is 72.638038 seconds.
Elapsed time is 62.555441 seconds.
Elapsed time is 62.492370 seconds.
Elapsed time is 70.768981 seconds.
Elapsed time is 64.904277 seconds.
Elapsed time is 61.605502 seconds.
Elapsed time is 62.690494 seconds.
Elapsed time is 72.817188 seconds.
Elapsed time is 71.064644 seconds.
Elapsed time is 66.299249 seconds.
Elapsed time is 61.504834 seconds.
Elapsed time is 66.378255 seconds.
Elapsed time is 65.257866 seconds.
Elapsed time is 66.155690 seconds.
Elapsed time is 62.982148 seconds.
Elapsed time is 64.747566 seconds.
Elapsed time is 67.722759 seconds.
Elapsed time is 64.400080 seconds.
Elapsed time is 63.119202 seconds.
Elapsed time is 66.542516 seconds.
Elapsed time is 67.735926 seconds.
Elapsed time is 62.558047 seconds.
Elapsed time is 61.981244 seconds.
Elapsed time is 65.733270 seconds.
Elapsed time is 65.577221 seconds.
Elapsed time is 61.974146 seconds.
Elapsed time is 63.056831 seconds.
Elapsed time is 66.197232 seconds.
Elapsed time is 66.857392 seconds.
Elapsed time is 64.273197 seconds.
Elapsed time is 63.088225 seconds.
Elapsed time is 65.102304 seconds.
Elapsed time is 67.632243 seconds.
Elapsed time is 65.984610 seconds.
Elapsed time is 63.250773 seconds.
Elapsed time is 64.441587 seconds.
Elapsed time is 65.817166 seconds.
Elapsed time is 65.766013 seconds.
Elapsed time is 63.721727 seconds.
Elapsed time is 63.283354 seconds.
Elapsed time is 65.310102 seconds.
Elapsed time is 64.973670 seconds.
Elapsed time is 64.986798 seconds.
Elapsed time is 63.623871 seconds.
Elapsed time is 63.326906 seconds.
Elapsed time is 67.570782 seconds.
Elapsed time is 64.301702 seconds.
Elapsed time is 62.109845 seconds.
Elapsed time is 64.259371 seconds.
Elapsed time is 66.624004 seconds.
Elapsed time is 64.360469 seconds.
Elapsed time is 60.798033 seconds.
Elapsed time is 65.868233 seconds.
Elapsed time is 70.816938 seconds.
Elapsed time is 64.645702 seconds.
Elapsed time is 62.244190 seconds.
Elapsed time is 64.000176 seconds.
Elapsed time is 69.453960 seconds.
Elapsed time is 66.711524 seconds.
Elapsed time is 61.073582 seconds.
Elapsed time is 65.664370 seconds.
Elapsed time is 69.640948 seconds.
Elapsed time is 66.845256 seconds.
Elapsed time is 62.678147 seconds.
Elapsed time is 64.980347 seconds.
Elapsed time is 70.954833 seconds.
Elapsed time is 68.601148 seconds.
Elapsed time is 63.213569 seconds.
Elapsed time is 61.498841 seconds.
Elapsed time is 69.023092 seconds.
Elapsed time is 69.729523 seconds.
Elapsed time is 66.675309 seconds.
Elapsed time is 61.707590 seconds.
Elapsed time is 69.127318 seconds.
Elapsed time is 67.501031 seconds.
Elapsed time is 63.637468 seconds.
Elapsed time is 61.993916 seconds.
Elapsed time is 64.603753 seconds.
Elapsed time is 67.025496 seconds.
Elapsed time is 64.741638 seconds.
Elapsed time is 62.821861 seconds.
Elapsed time is 63.811535 seconds.
Elapsed time is 65.974945 seconds.
Elapsed time is 65.860886 seconds.
Elapsed time is 63.864135 seconds.
Elapsed time is 62.290162 seconds.
Elapsed time is 64.156250 seconds.
Elapsed time is 72.144348 seconds.
Elapsed time is 64.457530 seconds.
Elapsed time is 62.593496 seconds.
Elapsed time is 66.086148 seconds.
Elapsed time is 68.094102 seconds.
Elapsed time is 66.490464 seconds.
Elapsed time is 63.144988 seconds.
Elapsed time is 66.278088 seconds.
Elapsed time is 66.162167 seconds.
Elapsed time is 64.970754 seconds.
Elapsed time is 64.317641 seconds.
Elapsed time is 65.614645 seconds.
Elapsed time is 69.720183 seconds.
Elapsed time is 65.152844 seconds.
Elapsed time is 62.060573 seconds.
Elapsed time is 63.557844 seconds.
Elapsed time is 65.327344 seconds.
Elapsed time is 63.512682 seconds.
Elapsed time is 62.984204 seconds.
Elapsed time is 63.577008 seconds.
     6         875         3979.98        9.76e+04        1e-08      0.0113897
Elapsed time is 63.786126 seconds.
Elapsed time is 64.043873 seconds.
Elapsed time is 61.669122 seconds.
Elapsed time is 62.832213 seconds.
Elapsed time is 64.044716 seconds.
Elapsed time is 64.588146 seconds.
Elapsed time is 63.053942 seconds.
Elapsed time is 62.771465 seconds.
Elapsed time is 65.585710 seconds.
Elapsed time is 65.046656 seconds.
Elapsed time is 63.518903 seconds.
Elapsed time is 65.398000 seconds.
Elapsed time is 70.072679 seconds.
Elapsed time is 69.362128 seconds.
Elapsed time is 61.624600 seconds.
Elapsed time is 62.752129 seconds.
Elapsed time is 66.083166 seconds.
Elapsed time is 67.146614 seconds.
Elapsed time is 62.002517 seconds.
Elapsed time is 62.019804 seconds.
Elapsed time is 63.219464 seconds.
Elapsed time is 66.546334 seconds.
Elapsed time is 65.138907 seconds.
Elapsed time is 63.134570 seconds.
Elapsed time is 65.062770 seconds.
Elapsed time is 66.949112 seconds.
Elapsed time is 63.765854 seconds.
Elapsed time is 61.489421 seconds.
Elapsed time is 66.908957 seconds.
Elapsed time is 68.277198 seconds.
Elapsed time is 64.666590 seconds.
Elapsed time is 62.413611 seconds.
Elapsed time is 64.294889 seconds.
Elapsed time is 66.904789 seconds.
Elapsed time is 64.274346 seconds.
Elapsed time is 62.690843 seconds.
Elapsed time is 65.452425 seconds.
Elapsed time is 63.607803 seconds.
Elapsed time is 64.670597 seconds.
Elapsed time is 64.865150 seconds.
Elapsed time is 63.661373 seconds.
Elapsed time is 62.521607 seconds.
Elapsed time is 66.238448 seconds.
Elapsed time is 64.147967 seconds.
Elapsed time is 64.284305 seconds.
Elapsed time is 64.845330 seconds.
Elapsed time is 63.601934 seconds.
Elapsed time is 63.686709 seconds.
Elapsed time is 63.944225 seconds.
Elapsed time is 64.828066 seconds.
Elapsed time is 66.601265 seconds.
Elapsed time is 65.653912 seconds.
Elapsed time is 65.277328 seconds.
Elapsed time is 63.443861 seconds.
Elapsed time is 64.223930 seconds.
Elapsed time is 65.313076 seconds.
Elapsed time is 64.866228 seconds.
Elapsed time is 63.836809 seconds.
Elapsed time is 63.894308 seconds.
Elapsed time is 65.811272 seconds.
Elapsed time is 65.077361 seconds.
Elapsed time is 64.811030 seconds.
Elapsed time is 65.074929 seconds.
Elapsed time is 64.025796 seconds.
Elapsed time is 64.751841 seconds.
Elapsed time is 63.840378 seconds.
Elapsed time is 64.425693 seconds.
Elapsed time is 64.252895 seconds.
Elapsed time is 63.443203 seconds.
Elapsed time is 65.061839 seconds.
Elapsed time is 64.887405 seconds.
Elapsed time is 63.683450 seconds.
Elapsed time is 63.142717 seconds.
Elapsed time is 65.529540 seconds.
Elapsed time is 69.913230 seconds.
Elapsed time is 65.898403 seconds.
Elapsed time is 62.457916 seconds.
Elapsed time is 63.524652 seconds.
Elapsed time is 69.864716 seconds.
Elapsed time is 69.891462 seconds.
Elapsed time is 63.300374 seconds.
Elapsed time is 64.258739 seconds.
Elapsed time is 67.504506 seconds.
Elapsed time is 68.559751 seconds.
Elapsed time is 64.971110 seconds.
Elapsed time is 62.082370 seconds.
Elapsed time is 70.822876 seconds.
Elapsed time is 65.227081 seconds.
Elapsed time is 62.739619 seconds.
Elapsed time is 60.988916 seconds.
Elapsed time is 67.709519 seconds.
Elapsed time is 67.776716 seconds.
Elapsed time is 66.659035 seconds.
Elapsed time is 62.618639 seconds.
Elapsed time is 74.013041 seconds.
Elapsed time is 75.988037 seconds.
Elapsed time is 70.445660 seconds.
Elapsed time is 62.284408 seconds.
Elapsed time is 67.240813 seconds.
Elapsed time is 81.371178 seconds.
Elapsed time is 71.768260 seconds.
Elapsed time is 63.640228 seconds.
Elapsed time is 62.899233 seconds.
Elapsed time is 71.726515 seconds.
Elapsed time is 65.970021 seconds.
Elapsed time is 61.201301 seconds.
Elapsed time is 64.342672 seconds.
Elapsed time is 69.638380 seconds.
Elapsed time is 66.526469 seconds.
Elapsed time is 63.424039 seconds.
Elapsed time is 62.429629 seconds.
Elapsed time is 65.482538 seconds.
Elapsed time is 69.069498 seconds.
Elapsed time is 64.296842 seconds.
Elapsed time is 62.524429 seconds.
Elapsed time is 64.835063 seconds.
Elapsed time is 68.039881 seconds.
Elapsed time is 63.944674 seconds.
Elapsed time is 62.985380 seconds.
Elapsed time is 65.676593 seconds.
Elapsed time is 68.546398 seconds.
Elapsed time is 65.854013 seconds.
Elapsed time is 64.287957 seconds.
Elapsed time is 63.587310 seconds.
Elapsed time is 65.385827 seconds.
     7        1000         3920.25         1.4e+05        1e-09      0.0144418
Elapsed time is 69.991354 seconds.
Elapsed time is 66.985741 seconds.
Elapsed time is 64.232119 seconds.
Elapsed time is 61.959312 seconds.
Elapsed time is 65.946733 seconds.
Elapsed time is 66.429613 seconds.
Elapsed time is 66.612045 seconds.
Elapsed time is 62.055838 seconds.
Elapsed time is 64.105400 seconds.
Elapsed time is 66.353865 seconds.
Elapsed time is 66.158701 seconds.
Elapsed time is 66.081000 seconds.
Elapsed time is 63.358786 seconds.
Elapsed time is 68.279952 seconds.
Elapsed time is 67.473475 seconds.
Elapsed time is 65.992645 seconds.
Elapsed time is 64.363031 seconds.
Elapsed time is 65.154655 seconds.
Elapsed time is 65.542729 seconds.
Elapsed time is 65.085981 seconds.
Elapsed time is 62.701990 seconds.
Elapsed time is 63.028777 seconds.
Elapsed time is 67.999433 seconds.
Elapsed time is 72.100814 seconds.
Elapsed time is 61.711490 seconds.
Elapsed time is 64.458640 seconds.
Elapsed time is 67.535809 seconds.
Elapsed time is 71.448565 seconds.
Elapsed time is 63.590648 seconds.
Elapsed time is 61.132722 seconds.
Elapsed time is 67.076308 seconds.
Elapsed time is 67.051645 seconds.
Elapsed time is 61.726899 seconds.
Elapsed time is 64.323091 seconds.
Elapsed time is 68.205664 seconds.
Elapsed time is 64.811535 seconds.
Elapsed time is 60.771494 seconds.
Elapsed time is 66.827824 seconds.
Elapsed time is 72.388152 seconds.
Elapsed time is 64.661922 seconds.
Elapsed time is 62.074487 seconds.
Elapsed time is 74.915236 seconds.
Elapsed time is 69.576597 seconds.
Elapsed time is 64.234185 seconds.
Elapsed time is 64.942448 seconds.
Elapsed time is 66.867261 seconds.
Elapsed time is 69.423799 seconds.
Elapsed time is 62.479853 seconds.
Elapsed time is 63.317972 seconds.
Elapsed time is 69.911675 seconds.
Elapsed time is 70.590502 seconds.
Elapsed time is 63.078932 seconds.
Elapsed time is 63.468447 seconds.
Elapsed time is 66.423335 seconds.
Elapsed time is 73.014486 seconds.
Elapsed time is 64.315094 seconds.
Elapsed time is 62.047220 seconds.
Elapsed time is 68.485329 seconds.
Elapsed time is 67.750134 seconds.
Elapsed time is 63.143212 seconds.
Elapsed time is 62.911503 seconds.
Elapsed time is 65.931482 seconds.
Elapsed time is 67.167247 seconds.
Elapsed time is 65.508784 seconds.
Elapsed time is 61.783923 seconds.
Elapsed time is 65.662605 seconds.
Elapsed time is 66.111594 seconds.
Elapsed time is 68.001267 seconds.
Elapsed time is 63.452251 seconds.
Elapsed time is 62.032774 seconds.
Elapsed time is 65.090059 seconds.
Elapsed time is 69.488835 seconds.
Elapsed time is 64.738927 seconds.
Elapsed time is 63.657676 seconds.
Elapsed time is 66.764124 seconds.
Elapsed time is 70.695923 seconds.
Elapsed time is 68.863668 seconds.
Elapsed time is 66.074946 seconds.
Elapsed time is 61.901831 seconds.
Elapsed time is 65.326118 seconds.
Elapsed time is 65.920067 seconds.
Elapsed time is 64.222426 seconds.
Elapsed time is 61.156032 seconds.
Elapsed time is 62.717506 seconds.
Elapsed time is 67.785286 seconds.
Elapsed time is 66.756822 seconds.
Elapsed time is 64.704735 seconds.
Elapsed time is 61.578392 seconds.
Elapsed time is 69.694628 seconds.
Elapsed time is 66.660699 seconds.
Elapsed time is 64.003898 seconds.
Elapsed time is 63.290471 seconds.
Elapsed time is 67.033856 seconds.
Elapsed time is 74.041702 seconds.
Elapsed time is 68.381888 seconds.
Elapsed time is 64.330568 seconds.
Elapsed time is 63.889091 seconds.
Elapsed time is 68.980009 seconds.
Elapsed time is 67.768917 seconds.
Elapsed time is 63.301589 seconds.
Elapsed time is 65.310922 seconds.
Elapsed time is 73.316700 seconds.
Elapsed time is 69.511903 seconds.
Elapsed time is 66.725298 seconds.
Elapsed time is 66.620456 seconds.
Elapsed time is 77.122154 seconds.
Elapsed time is 71.752670 seconds.
Elapsed time is 69.186898 seconds.
Elapsed time is 68.697043 seconds.
Elapsed time is 74.357564 seconds.
Elapsed time is 75.739394 seconds.
Elapsed time is 77.539674 seconds.
Elapsed time is 75.062016 seconds.
Elapsed time is 93.771477 seconds.
Elapsed time is 74.737762 seconds.
Elapsed time is 64.968141 seconds.
Elapsed time is 81.972492 seconds.
Elapsed time is 101.220011 seconds.
Elapsed time is 75.299018 seconds.
Elapsed time is 77.125168 seconds.
Elapsed time is 99.336377 seconds.
Elapsed time is 81.380684 seconds.
Elapsed time is 66.656897 seconds.
Elapsed time is 69.245729 seconds.
Elapsed time is 94.986696 seconds.
     8        1125         3859.97        9.78e+04        1e-10      0.0260241
Elapsed time is 81.033720 seconds.
Elapsed time is 68.091318 seconds.
Elapsed time is 70.187994 seconds.
Elapsed time is 77.139560 seconds.
Elapsed time is 78.206166 seconds.
Elapsed time is 68.499779 seconds.
Elapsed time is 64.778995 seconds.
Elapsed time is 87.977828 seconds.
Elapsed time is 89.647583 seconds.
Elapsed time is 72.292728 seconds.
Elapsed time is 77.648315 seconds.
Elapsed time is 119.543206 seconds.
Elapsed time is 94.169687 seconds.
Elapsed time is 69.301939 seconds.
Elapsed time is 76.017633 seconds.
Elapsed time is 93.652202 seconds.
Elapsed time is 95.209253 seconds.
Elapsed time is 67.224086 seconds.
Elapsed time is 78.531346 seconds.
Elapsed time is 64.840783 seconds.
Elapsed time is 94.100342 seconds.
Elapsed time is 64.526141 seconds.
Elapsed time is 86.482463 seconds.
Elapsed time is 85.551488 seconds.
Elapsed time is 75.674032 seconds.
Elapsed time is 83.377589 seconds.
Elapsed time is 70.197699 seconds.
Elapsed time is 102.992728 seconds.
Elapsed time is 79.241704 seconds.
Elapsed time is 65.809511 seconds.
Elapsed time is 92.042110 seconds.
Elapsed time is 84.284429 seconds.
Elapsed time is 81.857020 seconds.
Elapsed time is 62.673145 seconds.
Elapsed time is 89.018348 seconds.
Elapsed time is 72.082868 seconds.
Elapsed time is 59.615962 seconds.
Elapsed time is 107.740828 seconds.
Elapsed time is 108.044769 seconds.
Elapsed time is 71.325078 seconds.
Elapsed time is 86.383318 seconds.
Elapsed time is 71.286574 seconds.
Elapsed time is 76.457069 seconds.
Elapsed time is 112.996120 seconds.
Elapsed time is 84.519525 seconds.
Elapsed time is 66.046410 seconds.
Elapsed time is 77.703598 seconds.
Elapsed time is 83.666638 seconds.
Elapsed time is 76.706214 seconds.
Elapsed time is 79.792596 seconds.
Elapsed time is 63.060969 seconds.
Elapsed time is 76.686699 seconds.
Elapsed time is 91.271544 seconds.
Elapsed time is 64.265977 seconds.
Elapsed time is 85.999476 seconds.
Elapsed time is 77.036743 seconds.
Elapsed time is 81.384893 seconds.
Elapsed time is 97.957568 seconds.
Elapsed time is 70.574400 seconds.
Elapsed time is 68.551010 seconds.
Elapsed time is 79.824186 seconds.
Elapsed time is 64.591612 seconds.
Elapsed time is 64.329118 seconds.
Elapsed time is 84.170726 seconds.
Elapsed time is 65.376705 seconds.
Elapsed time is 72.693835 seconds.
Elapsed time is 66.166379 seconds.
Elapsed time is 66.204115 seconds.
Elapsed time is 70.296368 seconds.
Elapsed time is 76.663795 seconds.
Elapsed time is 67.856133 seconds.
Elapsed time is 68.134568 seconds.
Elapsed time is 76.845929 seconds.
Elapsed time is 74.382348 seconds.
Elapsed time is 64.564280 seconds.
Elapsed time is 70.266237 seconds.
Elapsed time is 77.565497 seconds.
Elapsed time is 68.123799 seconds.
Elapsed time is 68.925683 seconds.
Elapsed time is 83.899993 seconds.
Elapsed time is 91.557281 seconds.
Elapsed time is 63.861226 seconds.
Elapsed time is 92.239260 seconds.
Elapsed time is 99.711459 seconds.
Elapsed time is 64.745412 seconds.
Elapsed time is 81.786381 seconds.
Elapsed time is 100.531811 seconds.
Elapsed time is 65.558533 seconds.
Elapsed time is 70.700457 seconds.
Elapsed time is 87.431439 seconds.
Elapsed time is 69.660302 seconds.
Elapsed time is 81.617030 seconds.
Elapsed time is 86.618112 seconds.
Elapsed time is 80.691899 seconds.
Elapsed time is 75.767384 seconds.
Elapsed time is 86.940126 seconds.
Elapsed time is 72.313648 seconds.
Elapsed time is 77.552414 seconds.
Elapsed time is 89.462043 seconds.
Elapsed time is 88.964562 seconds.
Elapsed time is 81.410279 seconds.
Elapsed time is 68.075210 seconds.
Elapsed time is 83.592915 seconds.
Elapsed time is 78.284586 seconds.
Elapsed time is 105.727036 seconds.
Elapsed time is 88.430147 seconds.
Elapsed time is 83.702793 seconds.
Elapsed time is 73.026941 seconds.
Elapsed time is 102.681489 seconds.
Elapsed time is 123.783233 seconds.
Elapsed time is 92.441685 seconds.
Elapsed time is 76.974094 seconds.
Elapsed time is 126.883729 seconds.
Elapsed time is 118.605152 seconds.
Elapsed time is 86.015217 seconds.
Elapsed time is 71.248192 seconds.
Elapsed time is 97.987617 seconds.
Elapsed time is 102.349899 seconds.
Elapsed time is 68.482067 seconds.
Elapsed time is 101.124303 seconds.
Elapsed time is 88.014131 seconds.
Elapsed time is 94.605195 seconds.
Elapsed time is 78.887851 seconds.
Elapsed time is 72.358005 seconds.
Elapsed time is 79.888191 seconds.
     9        1250         3810.97        1.07e+05        1e-11      0.0169306
Elapsed time is 87.320027 seconds.
Elapsed time is 68.363035 seconds.
Elapsed time is 79.346373 seconds.
Elapsed time is 66.953099 seconds.
Elapsed time is 86.057196 seconds.
Elapsed time is 80.742265 seconds.
Elapsed time is 71.748835 seconds.
Elapsed time is 73.443781 seconds.
Elapsed time is 73.225679 seconds.
Elapsed time is 65.690405 seconds.
Elapsed time is 85.463442 seconds.
Elapsed time is 90.372117 seconds.
Elapsed time is 70.434350 seconds.
Elapsed time is 68.950109 seconds.
Elapsed time is 78.914199 seconds.
Elapsed time is 79.953407 seconds.
Elapsed time is 62.987284 seconds.
Elapsed time is 68.938028 seconds.
Elapsed time is 87.383478 seconds.
Elapsed time is 66.698797 seconds.
Elapsed time is 64.411090 seconds.
Elapsed time is 72.121670 seconds.
Elapsed time is 69.149549 seconds.
Elapsed time is 66.589793 seconds.
Elapsed time is 88.506440 seconds.
Elapsed time is 77.826354 seconds.
Elapsed time is 67.210720 seconds.
Elapsed time is 74.715642 seconds.
Elapsed time is 74.895396 seconds.
Elapsed time is 66.884059 seconds.
Elapsed time is 75.486959 seconds.
Elapsed time is 64.532139 seconds.
Elapsed time is 72.063266 seconds.
Elapsed time is 71.253294 seconds.
Elapsed time is 66.314657 seconds.
Elapsed time is 73.843750 seconds.
Elapsed time is 70.762825 seconds.
Elapsed time is 68.842253 seconds.
Elapsed time is 78.421533 seconds.
Elapsed time is 83.068341 seconds.
Elapsed time is 72.556863 seconds.
Elapsed time is 67.443896 seconds.
Elapsed time is 71.004585 seconds.
Elapsed time is 72.139664 seconds.
Elapsed time is 72.845535 seconds.
Elapsed time is 74.885072 seconds.
Elapsed time is 74.614035 seconds.
Elapsed time is 75.915122 seconds.
Elapsed time is 71.537292 seconds.
Elapsed time is 76.977561 seconds.
Elapsed time is 81.653846 seconds.
Elapsed time is 65.682824 seconds.
Elapsed time is 77.481065 seconds.
Elapsed time is 89.967776 seconds.
Elapsed time is 75.015586 seconds.
Elapsed time is 66.701895 seconds.
Elapsed time is 73.030505 seconds.
Elapsed time is 66.989266 seconds.
Elapsed time is 67.533116 seconds.
Elapsed time is 70.132836 seconds.
Elapsed time is 85.441830 seconds.
Elapsed time is 68.604104 seconds.
Elapsed time is 67.121686 seconds.
Elapsed time is 72.614881 seconds.
Elapsed time is 64.763940 seconds.
Elapsed time is 63.892927 seconds.
Elapsed time is 74.986272 seconds.
Elapsed time is 70.185297 seconds.
Elapsed time is 67.334783 seconds.
Elapsed time is 76.444483 seconds.
Elapsed time is 86.086530 seconds.
Elapsed time is 73.374038 seconds.
Elapsed time is 66.904343 seconds.
Elapsed time is 81.008016 seconds.
Elapsed time is 75.924438 seconds.
Elapsed time is 67.906498 seconds.
Elapsed time is 70.777940 seconds.
Elapsed time is 79.516103 seconds.
Elapsed time is 73.891922 seconds.
Elapsed time is 71.630550 seconds.
Elapsed time is 72.659201 seconds.
Elapsed time is 81.071848 seconds.
Elapsed time is 69.800212 seconds.
Elapsed time is 69.139149 seconds.
Elapsed time is 81.617989 seconds.
Elapsed time is 71.954930 seconds.
Elapsed time is 71.924438 seconds.
Elapsed time is 76.763783 seconds.
Elapsed time is 67.188655 seconds.
Elapsed time is 72.390657 seconds.
Elapsed time is 68.248143 seconds.
Elapsed time is 67.143902 seconds.
Elapsed time is 69.943503 seconds.
Elapsed time is 76.090113 seconds.
Elapsed time is 67.023747 seconds.
Elapsed time is 73.144639 seconds.
Elapsed time is 77.180707 seconds.
Elapsed time is 69.132707 seconds.
Elapsed time is 69.192968 seconds.
Elapsed time is 72.870827 seconds.
Elapsed time is 74.037944 seconds.
Elapsed time is 71.873777 seconds.
Elapsed time is 67.864675 seconds.
Elapsed time is 72.480086 seconds.
Elapsed time is 74.770768 seconds.
Elapsed time is 76.313879 seconds.
Elapsed time is 71.892564 seconds.
Elapsed time is 66.609866 seconds.
Elapsed time is 75.361950 seconds.
Elapsed time is 78.168196 seconds.
Elapsed time is 78.456064 seconds.
Elapsed time is 68.305844 seconds.
Elapsed time is 73.134853 seconds.
Elapsed time is 74.124603 seconds.
Elapsed time is 71.858597 seconds.
Elapsed time is 72.312749 seconds.
Elapsed time is 68.357006 seconds.
Elapsed time is 76.461909 seconds.
Elapsed time is 92.604513 seconds.
Elapsed time is 84.729554 seconds.
Elapsed time is 71.426436 seconds.
Elapsed time is 79.602155 seconds.
Elapsed time is 79.890529 seconds.
Elapsed time is 84.103347 seconds.
Elapsed time is 78.235205 seconds.
    10        1375         3784.53        1.17e+05        1e-12      0.0218087
Elapsed time is 78.378636 seconds.
Elapsed time is 78.159797 seconds.
Elapsed time is 78.269222 seconds.
Elapsed time is 74.820978 seconds.
Elapsed time is 67.693373 seconds.
Elapsed time is 70.492285 seconds.
Elapsed time is 74.717471 seconds.
Elapsed time is 76.047716 seconds.
Elapsed time is 70.099425 seconds.
Elapsed time is 72.403959 seconds.
Elapsed time is 82.468876 seconds.
Elapsed time is 76.918150 seconds.
Elapsed time is 69.328780 seconds.
Elapsed time is 71.097891 seconds.
Elapsed time is 76.623288 seconds.
Elapsed time is 76.152857 seconds.
Elapsed time is 80.365016 seconds.
Elapsed time is 69.402552 seconds.
Elapsed time is 71.058772 seconds.
Elapsed time is 79.178208 seconds.
Elapsed time is 90.287294 seconds.
Elapsed time is 82.655443 seconds.
Elapsed time is 64.570842 seconds.
Elapsed time is 85.208152 seconds.
Elapsed time is 89.182616 seconds.
Elapsed time is 92.628080 seconds.
Elapsed time is 66.261905 seconds.
Elapsed time is 84.589278 seconds.
Elapsed time is 91.840124 seconds.
Elapsed time is 80.509404 seconds.
Elapsed time is 72.542001 seconds.
Elapsed time is 97.356411 seconds.
Elapsed time is 78.390309 seconds.
Elapsed time is 66.900733 seconds.
Elapsed time is 68.412422 seconds.
Elapsed time is 70.811835 seconds.
Elapsed time is 71.076848 seconds.
Elapsed time is 68.539468 seconds.
Elapsed time is 69.149841 seconds.
Elapsed time is 73.929086 seconds.
Elapsed time is 68.785896 seconds.
Elapsed time is 73.449323 seconds.
Elapsed time is 68.358745 seconds.
Elapsed time is 77.772395 seconds.
Elapsed time is 68.554142 seconds.
Elapsed time is 67.155359 seconds.
Elapsed time is 70.908606 seconds.
Elapsed time is 68.975303 seconds.
Elapsed time is 74.508911 seconds.
Elapsed time is 69.874488 seconds.
Elapsed time is 72.235724 seconds.
Elapsed time is 70.710114 seconds.
Elapsed time is 75.217756 seconds.
Elapsed time is 74.460085 seconds.
Elapsed time is 67.810495 seconds.
Elapsed time is 78.326637 seconds.
Elapsed time is 69.791820 seconds.
Elapsed time is 73.790793 seconds.
Elapsed time is 77.136598 seconds.
Elapsed time is 70.014073 seconds.
Elapsed time is 72.251003 seconds.
Elapsed time is 72.557572 seconds.
Elapsed time is 80.443027 seconds.
Elapsed time is 75.756198 seconds.
Elapsed time is 70.853474 seconds.
Elapsed time is 74.970197 seconds.
Elapsed time is 74.271728 seconds.
Elapsed time is 70.150569 seconds.
Elapsed time is 69.279866 seconds.
Elapsed time is 69.949295 seconds.
Elapsed time is 72.003470 seconds.
Elapsed time is 73.228938 seconds.
Elapsed time is 65.201686 seconds.
Elapsed time is 68.584678 seconds.
Elapsed time is 74.252373 seconds.
Elapsed time is 75.252300 seconds.
Elapsed time is 72.394646 seconds.
Elapsed time is 66.174676 seconds.
Elapsed time is 72.327232 seconds.
Elapsed time is 72.806915 seconds.
Elapsed time is 67.134265 seconds.
Elapsed time is 74.097561 seconds.
Elapsed time is 78.662149 seconds.
Elapsed time is 74.630652 seconds.
Elapsed time is 68.333405 seconds.
Elapsed time is 77.690461 seconds.
Elapsed time is 78.958583 seconds.
Elapsed time is 67.288251 seconds.
Elapsed time is 69.075067 seconds.
Elapsed time is 72.524498 seconds.
Elapsed time is 81.023107 seconds.
Elapsed time is 64.684262 seconds.
Elapsed time is 71.983772 seconds.
Elapsed time is 70.526013 seconds.
Elapsed time is 67.915525 seconds.
Elapsed time is 69.912390 seconds.
Elapsed time is 75.561108 seconds.
Elapsed time is 70.020684 seconds.
Elapsed time is 78.095938 seconds.
Elapsed time is 71.533528 seconds.
Elapsed time is 69.650686 seconds.
Elapsed time is 77.395988 seconds.
Elapsed time is 74.988840 seconds.
Elapsed time is 75.424980 seconds.
Elapsed time is 78.211738 seconds.
Elapsed time is 75.152819 seconds.
Elapsed time is 67.158659 seconds.
Elapsed time is 69.870796 seconds.
Elapsed time is 73.979283 seconds.
Elapsed time is 80.383588 seconds.
Elapsed time is 68.240136 seconds.
Elapsed time is 64.930471 seconds.
Elapsed time is 78.323529 seconds.
Elapsed time is 66.508790 seconds.
Elapsed time is 74.240261 seconds.
Elapsed time is 71.032388 seconds.
Elapsed time is 78.584634 seconds.
Elapsed time is 76.847694 seconds.
Elapsed time is 66.790157 seconds.
Elapsed time is 78.049218 seconds.
Elapsed time is 98.113627 seconds.
Elapsed time is 67.145554 seconds.
Elapsed time is 67.703337 seconds.
Elapsed time is 81.533795 seconds.
Elapsed time is 70.690037 seconds.
    11        1500         3749.85         3.2e+06        1e-13      0.0263473
Elapsed time is 68.864847 seconds.
Elapsed time is 79.402932 seconds.
Elapsed time is 80.964917 seconds.
Elapsed time is 67.295068 seconds.
Elapsed time is 70.806191 seconds.
Elapsed time is 71.547911 seconds.
Elapsed time is 79.935621 seconds.
Elapsed time is 67.179204 seconds.
Elapsed time is 68.013622 seconds.
Elapsed time is 68.700199 seconds.
Elapsed time is 68.249216 seconds.
Elapsed time is 69.316350 seconds.
Elapsed time is 67.859340 seconds.
Elapsed time is 66.573945 seconds.
Elapsed time is 69.107151 seconds.
Elapsed time is 68.431354 seconds.
Elapsed time is 75.950553 seconds.
Elapsed time is 70.320302 seconds.
Elapsed time is 72.184464 seconds.
Elapsed time is 67.949919 seconds.
Elapsed time is 76.194418 seconds.
Elapsed time is 73.384622 seconds.
Elapsed time is 87.848422 seconds.
Elapsed time is 67.615464 seconds.
Elapsed time is 67.730974 seconds.
Elapsed time is 74.980226 seconds.
Elapsed time is 72.680800 seconds.
Elapsed time is 67.606541 seconds.
Elapsed time is 71.525876 seconds.
Elapsed time is 71.797871 seconds.
Elapsed time is 71.115841 seconds.
Elapsed time is 65.682985 seconds.
Elapsed time is 70.021655 seconds.
Elapsed time is 75.637371 seconds.
Elapsed time is 73.006322 seconds.
Elapsed time is 68.552223 seconds.
Elapsed time is 73.130863 seconds.
Elapsed time is 77.239451 seconds.
Elapsed time is 67.121368 seconds.
Elapsed time is 68.839256 seconds.
Elapsed time is 76.126721 seconds.
Elapsed time is 77.167243 seconds.
Elapsed time is 69.017018 seconds.
Elapsed time is 69.059558 seconds.
Elapsed time is 83.371246 seconds.
Elapsed time is 70.006159 seconds.
Elapsed time is 65.071722 seconds.
Elapsed time is 82.825647 seconds.
Elapsed time is 73.551438 seconds.
Elapsed time is 73.059328 seconds.
Elapsed time is 67.803543 seconds.
Elapsed time is 81.441404 seconds.
Elapsed time is 74.709314 seconds.
Elapsed time is 74.441132 seconds.
Elapsed time is 69.572330 seconds.
Elapsed time is 73.163655 seconds.
Elapsed time is 83.391625 seconds.
Elapsed time is 66.500111 seconds.
Elapsed time is 71.399693 seconds.
Elapsed time is 82.051560 seconds.
Elapsed time is 77.473068 seconds.
Elapsed time is 68.187518 seconds.
Elapsed time is 77.009531 seconds.
Elapsed time is 85.335578 seconds.
Elapsed time is 76.762465 seconds.
Elapsed time is 72.475172 seconds.
Elapsed time is 80.382601 seconds.
Elapsed time is 76.416829 seconds.
Elapsed time is 72.320593 seconds.
Elapsed time is 77.169138 seconds.
Elapsed time is 74.271506 seconds.
Elapsed time is 69.126596 seconds.
Elapsed time is 69.306102 seconds.
Elapsed time is 74.283308 seconds.
Elapsed time is 73.916197 seconds.
Elapsed time is 69.538100 seconds.
Elapsed time is 87.702893 seconds.
Elapsed time is 72.066195 seconds.
Elapsed time is 75.370402 seconds.
Elapsed time is 81.033606 seconds.
Elapsed time is 66.230218 seconds.
Elapsed time is 74.084876 seconds.
Elapsed time is 75.990194 seconds.
Elapsed time is 70.798432 seconds.
Elapsed time is 67.816065 seconds.
Elapsed time is 81.970860 seconds.
Elapsed time is 77.564134 seconds.
Elapsed time is 71.466602 seconds.
Elapsed time is 74.611373 seconds.
Elapsed time is 72.065820 seconds.
Elapsed time is 76.904213 seconds.
Elapsed time is 73.191612 seconds.
Elapsed time is 69.956712 seconds.
Elapsed time is 71.297070 seconds.
Elapsed time is 78.769921 seconds.
Elapsed time is 71.109232 seconds.
Elapsed time is 80.143652 seconds.
Elapsed time is 70.439056 seconds.
Elapsed time is 66.356384 seconds.
Elapsed time is 76.345590 seconds.
Elapsed time is 73.208924 seconds.
Elapsed time is 67.474590 seconds.
Elapsed time is 65.349355 seconds.
Elapsed time is 69.439093 seconds.
Elapsed time is 75.840352 seconds.
Elapsed time is 82.167749 seconds.
Elapsed time is 76.002541 seconds.
Elapsed time is 67.454127 seconds.
Elapsed time is 75.221951 seconds.
Elapsed time is 77.637688 seconds.
Elapsed time is 68.455482 seconds.
Elapsed time is 71.478108 seconds.
Elapsed time is 76.147399 seconds.
Elapsed time is 74.144548 seconds.
Elapsed time is 65.324535 seconds.
Elapsed time is 65.185421 seconds.
Elapsed time is 78.049137 seconds.
Elapsed time is 71.130108 seconds.
Elapsed time is 66.707524 seconds.
Elapsed time is 78.062850 seconds.
Elapsed time is 83.944094 seconds.
Elapsed time is 76.741767 seconds.
Elapsed time is 65.594168 seconds.
Elapsed time is 95.124265 seconds.
Elapsed time is 72.825845 seconds.
    12        1625         3726.73         1.1e+06        1e-14      0.0166119
Elapsed time is 69.044860 seconds.
Elapsed time is 79.171318 seconds.
Elapsed time is 75.316916 seconds.
Elapsed time is 73.677343 seconds.
Elapsed time is 71.513069 seconds.
Elapsed time is 71.764779 seconds.
Elapsed time is 78.975580 seconds.
Elapsed time is 75.569459 seconds.
Elapsed time is 72.396446 seconds.
Elapsed time is 66.404925 seconds.
Elapsed time is 74.351778 seconds.
Elapsed time is 81.628932 seconds.
Elapsed time is 67.956763 seconds.
Elapsed time is 67.484006 seconds.
Elapsed time is 82.236649 seconds.
Elapsed time is 68.343580 seconds.
Elapsed time is 64.636900 seconds.
Elapsed time is 84.727906 seconds.
Elapsed time is 65.766909 seconds.
Elapsed time is 62.667662 seconds.
Elapsed time is 81.688694 seconds.
Elapsed time is 82.520082 seconds.
Elapsed time is 68.913237 seconds.
Elapsed time is 67.258667 seconds.
Elapsed time is 77.242191 seconds.
Elapsed time is 78.170954 seconds.
Elapsed time is 67.838024 seconds.
Elapsed time is 74.939592 seconds.
Elapsed time is 90.064047 seconds.
Elapsed time is 76.167037 seconds.
Elapsed time is 67.563837 seconds.
Elapsed time is 69.911989 seconds.
Elapsed time is 74.670411 seconds.
Elapsed time is 72.421875 seconds.
Elapsed time is 70.498329 seconds.
Elapsed time is 78.679021 seconds.
Elapsed time is 75.239708 seconds.
Elapsed time is 70.930566 seconds.
Elapsed time is 67.821858 seconds.
Elapsed time is 75.999320 seconds.
Elapsed time is 75.230973 seconds.
Elapsed time is 72.165342 seconds.
Elapsed time is 69.437819 seconds.
Elapsed time is 76.160987 seconds.
Elapsed time is 70.139768 seconds.
Elapsed time is 69.173467 seconds.
Elapsed time is 74.027583 seconds.
Elapsed time is 75.989454 seconds.
Elapsed time is 70.172992 seconds.
Elapsed time is 70.292864 seconds.
Elapsed time is 68.000944 seconds.
Elapsed time is 72.703411 seconds.
Elapsed time is 70.353677 seconds.
Elapsed time is 76.592951 seconds.
Elapsed time is 71.439082 seconds.
Elapsed time is 70.617083 seconds.
Elapsed time is 72.006593 seconds.
Elapsed time is 67.970819 seconds.
Elapsed time is 78.808688 seconds.
Elapsed time is 73.999294 seconds.
Elapsed time is 66.892846 seconds.
Elapsed time is 77.443075 seconds.
Elapsed time is 75.346677 seconds.
Elapsed time is 70.477793 seconds.
Elapsed time is 68.670736 seconds.
Elapsed time is 72.353434 seconds.
Elapsed time is 72.762585 seconds.
Elapsed time is 69.260908 seconds.
Elapsed time is 79.612832 seconds.
Elapsed time is 74.785790 seconds.
Elapsed time is 71.949380 seconds.
Elapsed time is 67.702895 seconds.
Elapsed time is 77.728981 seconds.
Elapsed time is 69.174010 seconds.
Elapsed time is 62.564920 seconds.
Elapsed time is 68.965288 seconds.
Elapsed time is 74.806417 seconds.
Elapsed time is 69.960991 seconds.
Elapsed time is 67.806202 seconds.
Elapsed time is 74.452786 seconds.
Elapsed time is 82.475544 seconds.
Elapsed time is 72.033742 seconds.
Elapsed time is 64.782571 seconds.
Elapsed time is 85.425979 seconds.
Elapsed time is 95.499704 seconds.
Elapsed time is 68.008529 seconds.
Elapsed time is 70.999514 seconds.
Elapsed time is 95.535161 seconds.
Elapsed time is 70.779110 seconds.
Elapsed time is 64.761736 seconds.
Elapsed time is 78.641038 seconds.
Elapsed time is 79.926491 seconds.
Elapsed time is 67.697879 seconds.
Elapsed time is 71.172607 seconds.
Elapsed time is 74.051571 seconds.
Elapsed time is 75.250539 seconds.
Elapsed time is 65.860062 seconds.
Elapsed time is 69.390943 seconds.
Elapsed time is 72.776350 seconds.
Elapsed time is 64.439188 seconds.
Elapsed time is 65.932766 seconds.
Elapsed time is 74.681869 seconds.
Elapsed time is 71.253582 seconds.
Elapsed time is 72.795897 seconds.
Elapsed time is 74.677704 seconds.
Elapsed time is 70.812289 seconds.
Elapsed time is 73.600731 seconds.
Elapsed time is 68.069377 seconds.
Elapsed time is 74.147530 seconds.
Elapsed time is 75.867118 seconds.
Elapsed time is 76.064446 seconds.
Elapsed time is 77.635584 seconds.
Elapsed time is 74.258111 seconds.
Elapsed time is 72.385682 seconds.
Elapsed time is 71.942361 seconds.
Elapsed time is 77.098682 seconds.
Elapsed time is 70.653810 seconds.
Elapsed time is 68.998890 seconds.
Elapsed time is 66.672495 seconds.
Elapsed time is 71.029444 seconds.
Elapsed time is 69.600694 seconds.
Elapsed time is 69.672206 seconds.
Elapsed time is 67.950857 seconds.
Elapsed time is 76.095494 seconds.
Elapsed time is 67.100627 seconds.
    13        1750         3697.52        4.82e+05        1e-15      0.0185609
Elapsed time is 68.873760 seconds.
Elapsed time is 75.540038 seconds.
Elapsed time is 68.236906 seconds.
Elapsed time is 72.196639 seconds.
Elapsed time is 81.958982 seconds.
Elapsed time is 74.097489 seconds.
Elapsed time is 77.638495 seconds.
Elapsed time is 74.509898 seconds.
Elapsed time is 65.820955 seconds.
Elapsed time is 71.123031 seconds.
Elapsed time is 85.934505 seconds.
Elapsed time is 84.271965 seconds.
Elapsed time is 83.321179 seconds.
Elapsed time is 70.064741 seconds.
Elapsed time is 66.364777 seconds.
Elapsed time is 68.778989 seconds.
Elapsed time is 71.517374 seconds.
Elapsed time is 66.151433 seconds.
Elapsed time is 71.824792 seconds.
Elapsed time is 83.283590 seconds.
Elapsed time is 78.320500 seconds.
Elapsed time is 70.017704 seconds.
Elapsed time is 67.030099 seconds.

Local minimum possible.

lsqnonlin stopped because the relative size of the current step is less than
the default value of the step size tolerance.



map
   1.0e+03 *

    1.3785         0    0.9502
         0    1.3630    0.5382
         0         0    0.0010

Parallel pool using the 'local' profile is shutting down.
  message with properties:

    Identifier: 'MATLAB:connector:connector:ConnectorNotRunning'
     Arguments: {}

