MATLAB is selecting SOFTWARE OPENGL rendering.

                            < M A T L A B (R) >
                  Copyright 1984-2017 The MathWorks, Inc.
                   R2017b (9.3.0.713579) 64-bit (glnxa64)
                             September 14, 2017

 
To get started, type one of these: helpwin, helpdesk, or demo.
For product information, visit www.mathworks.com.
 

initres =

   9.567050448943702

Starting parallel pool (parpool) using the 'local' profile ...
connected to 20 workers.
Elapsed time is 94.078528 seconds.
Elapsed time is 92.476878 seconds.
Elapsed time is 94.451030 seconds.
Elapsed time is 91.977798 seconds.
Elapsed time is 91.145239 seconds.
Elapsed time is 92.836640 seconds.
Elapsed time is 90.027853 seconds.
Elapsed time is 90.803333 seconds.
Elapsed time is 90.672045 seconds.
Elapsed time is 91.340803 seconds.
Elapsed time is 91.174905 seconds.
Elapsed time is 91.090941 seconds.
Elapsed time is 91.932280 seconds.
Elapsed time is 92.138185 seconds.
Elapsed time is 92.061897 seconds.
Elapsed time is 91.560019 seconds.
Elapsed time is 90.923788 seconds.
Elapsed time is 91.230850 seconds.
Elapsed time is 91.601516 seconds.
Elapsed time is 91.125235 seconds.
Elapsed time is 92.686854 seconds.
Elapsed time is 90.756177 seconds.
Elapsed time is 91.097576 seconds.
Elapsed time is 91.611825 seconds.
Elapsed time is 90.405116 seconds.
Elapsed time is 90.571545 seconds.
Elapsed time is 90.833945 seconds.
Elapsed time is 90.888549 seconds.
Elapsed time is 90.860129 seconds.
Elapsed time is 92.790515 seconds.
Elapsed time is 90.983659 seconds.
Elapsed time is 90.285675 seconds.
Elapsed time is 92.541310 seconds.
Elapsed time is 91.319500 seconds.
Elapsed time is 91.390662 seconds.
Elapsed time is 91.077143 seconds.
Elapsed time is 91.519065 seconds.
Elapsed time is 92.670531 seconds.
Elapsed time is 91.285665 seconds.
Elapsed time is 90.327108 seconds.
Elapsed time is 90.950416 seconds.
Elapsed time is 90.623699 seconds.
Elapsed time is 91.119511 seconds.
Elapsed time is 91.134315 seconds.
Elapsed time is 90.257263 seconds.
Elapsed time is 90.339721 seconds.
Elapsed time is 91.050009 seconds.
Elapsed time is 90.272336 seconds.
Elapsed time is 90.474106 seconds.
Elapsed time is 90.748300 seconds.
Elapsed time is 91.222931 seconds.
Elapsed time is 90.935627 seconds.
Elapsed time is 89.970553 seconds.
Elapsed time is 90.145889 seconds.
Elapsed time is 90.295831 seconds.
Elapsed time is 90.194625 seconds.
Elapsed time is 91.477221 seconds.
Elapsed time is 91.144747 seconds.
Elapsed time is 90.626171 seconds.
Elapsed time is 90.312372 seconds.
Elapsed time is 90.607154 seconds.
Elapsed time is 91.271201 seconds.
Elapsed time is 90.423562 seconds.
Elapsed time is 90.269444 seconds.
Elapsed time is 90.428123 seconds.
Elapsed time is 91.523589 seconds.
Elapsed time is 90.283659 seconds.
Elapsed time is 90.198274 seconds.
Elapsed time is 89.990865 seconds.
Elapsed time is 90.511507 seconds.
Elapsed time is 90.990020 seconds.
Elapsed time is 90.324651 seconds.
Elapsed time is 90.208786 seconds.
Elapsed time is 90.125850 seconds.
Elapsed time is 90.620842 seconds.
Elapsed time is 90.400300 seconds.
Elapsed time is 90.311860 seconds.
Elapsed time is 90.036706 seconds.
Elapsed time is 90.176240 seconds.
Elapsed time is 90.650834 seconds.
Elapsed time is 90.129783 seconds.
Elapsed time is 90.239865 seconds.
Elapsed time is 90.155353 seconds.
Elapsed time is 90.400468 seconds.
Elapsed time is 90.591339 seconds.
Elapsed time is 90.854683 seconds.
Elapsed time is 90.093947 seconds.
Elapsed time is 90.327752 seconds.
Elapsed time is 90.033704 seconds.
Elapsed time is 91.703545 seconds.
Elapsed time is 90.253515 seconds.
Elapsed time is 90.272499 seconds.
Elapsed time is 90.071511 seconds.
Elapsed time is 90.087499 seconds.
Elapsed time is 90.091997 seconds.
Elapsed time is 89.856859 seconds.
Elapsed time is 90.194030 seconds.
Elapsed time is 90.786027 seconds.
Elapsed time is 90.031383 seconds.
Elapsed time is 90.029305 seconds.
Elapsed time is 90.842664 seconds.
Elapsed time is 89.753029 seconds.
Elapsed time is 89.973929 seconds.
Elapsed time is 90.478384 seconds.
Elapsed time is 90.242461 seconds.
Elapsed time is 89.925837 seconds.
Elapsed time is 89.690051 seconds.
Elapsed time is 90.005037 seconds.
Elapsed time is 90.926167 seconds.
Elapsed time is 90.822299 seconds.
Elapsed time is 90.346902 seconds.
Elapsed time is 90.403807 seconds.
Elapsed time is 90.066568 seconds.
Elapsed time is 91.757349 seconds.
Elapsed time is 90.892986 seconds.
Elapsed time is 90.334801 seconds.
Elapsed time is 90.472479 seconds.
Elapsed time is 91.337635 seconds.
Elapsed time is 90.608519 seconds.
Elapsed time is 90.858279 seconds.
Elapsed time is 92.666303 seconds.
Elapsed time is 90.428004 seconds.
Elapsed time is 92.064716 seconds.
Elapsed time is 90.573845 seconds.
Elapsed time is 90.107386 seconds.

                                        First-Order                    Norm of 
 Iteration  Func-count    Residual       optimality      Lambda           step
     0         125         19950.6        1.43e+06         0.01
Elapsed time is 90.364867 seconds.
Elapsed time is 90.437396 seconds.
Elapsed time is 90.477113 seconds.
Elapsed time is 90.385557 seconds.
Elapsed time is 97.276050 seconds.
Elapsed time is 91.375102 seconds.
Elapsed time is 90.437908 seconds.
Elapsed time is 90.503127 seconds.
Elapsed time is 90.579727 seconds.
Elapsed time is 90.532871 seconds.
Elapsed time is 91.031198 seconds.
Elapsed time is 91.332499 seconds.
Elapsed time is 91.420688 seconds.
Elapsed time is 90.900443 seconds.
Elapsed time is 91.164199 seconds.
Elapsed time is 90.606958 seconds.
Elapsed time is 89.876794 seconds.
Elapsed time is 90.692132 seconds.
Elapsed time is 90.583681 seconds.
Elapsed time is 90.629746 seconds.
Elapsed time is 91.505497 seconds.
Elapsed time is 90.518482 seconds.
Elapsed time is 90.394346 seconds.
Elapsed time is 90.445209 seconds.
Elapsed time is 90.707669 seconds.
Elapsed time is 91.127837 seconds.
Elapsed time is 91.387778 seconds.
Elapsed time is 91.037456 seconds.
Elapsed time is 91.048008 seconds.
Elapsed time is 90.943008 seconds.
Elapsed time is 90.602763 seconds.
Elapsed time is 90.996640 seconds.
Elapsed time is 90.674523 seconds.
Elapsed time is 91.138984 seconds.
Elapsed time is 135.744163 seconds.
Elapsed time is 137.784191 seconds.
Elapsed time is 171.346899 seconds.
Elapsed time is 189.005809 seconds.
Elapsed time is 213.873649 seconds.
Elapsed time is 224.363028 seconds.
Elapsed time is 222.265489 seconds.
Elapsed time is 222.751836 seconds.
Elapsed time is 152.605876 seconds.
Elapsed time is 149.652295 seconds.
Elapsed time is 176.777032 seconds.
Elapsed time is 177.216616 seconds.
Elapsed time is 188.298749 seconds.
Elapsed time is 190.608415 seconds.
Elapsed time is 182.991281 seconds.
Elapsed time is 193.954549 seconds.
Elapsed time is 206.774795 seconds.
Elapsed time is 223.049433 seconds.
Elapsed time is 223.604271 seconds.
Elapsed time is 179.920310 seconds.
Elapsed time is 139.604886 seconds.
Elapsed time is 134.474404 seconds.
Elapsed time is 146.257228 seconds.
Elapsed time is 168.270879 seconds.
Elapsed time is 186.853792 seconds.
Elapsed time is 193.511336 seconds.
Elapsed time is 180.588853 seconds.
Elapsed time is 184.133771 seconds.
Elapsed time is 161.618807 seconds.
Elapsed time is 172.458021 seconds.
Elapsed time is 208.908949 seconds.
Elapsed time is 184.696882 seconds.
Elapsed time is 142.084284 seconds.
Elapsed time is 152.997337 seconds.
Elapsed time is 155.904745 seconds.
Elapsed time is 176.181116 seconds.
Elapsed time is 174.727606 seconds.
Elapsed time is 182.514317 seconds.
Elapsed time is 177.949090 seconds.
Elapsed time is 189.553525 seconds.
Elapsed time is 212.619575 seconds.
Elapsed time is 181.375438 seconds.
Elapsed time is 156.515500 seconds.
Elapsed time is 179.577259 seconds.
Elapsed time is 186.999078 seconds.
Elapsed time is 194.061625 seconds.
Elapsed time is 208.746589 seconds.
Elapsed time is 203.524761 seconds.
Elapsed time is 170.995472 seconds.
Elapsed time is 168.197854 seconds.
Elapsed time is 177.002700 seconds.
Elapsed time is 193.643434 seconds.
Elapsed time is 197.428999 seconds.
Elapsed time is 218.288543 seconds.
Elapsed time is 186.572471 seconds.
Elapsed time is 149.470807 seconds.
Elapsed time is 141.422456 seconds.
Elapsed time is 176.191613 seconds.
Elapsed time is 183.332163 seconds.
Elapsed time is 191.941021 seconds.
Elapsed time is 181.000630 seconds.
Elapsed time is 170.538676 seconds.
Elapsed time is 166.316687 seconds.
Elapsed time is 170.748083 seconds.
Elapsed time is 162.279597 seconds.
Elapsed time is 173.296399 seconds.
Elapsed time is 169.280201 seconds.
Elapsed time is 199.541809 seconds.
Elapsed time is 190.923742 seconds.
Elapsed time is 128.583624 seconds.
Elapsed time is 140.382139 seconds.
Elapsed time is 147.615262 seconds.
Elapsed time is 157.576163 seconds.
Elapsed time is 166.466125 seconds.
Elapsed time is 175.093471 seconds.
Elapsed time is 177.416029 seconds.
Elapsed time is 171.909242 seconds.
Elapsed time is 166.447377 seconds.
Elapsed time is 177.225011 seconds.
Elapsed time is 177.315158 seconds.
Elapsed time is 170.358365 seconds.
Elapsed time is 165.333170 seconds.
Elapsed time is 164.191778 seconds.
Elapsed time is 163.203008 seconds.
Elapsed time is 168.734324 seconds.
Elapsed time is 165.934228 seconds.
Elapsed time is 171.915316 seconds.
Elapsed time is 168.252732 seconds.
Elapsed time is 156.610065 seconds.
Elapsed time is 164.137288 seconds.
Elapsed time is 170.179814 seconds.
     1         250         12218.8        9.92e+05        0.001      0.0492421
Elapsed time is 187.465109 seconds.
Elapsed time is 194.819463 seconds.
Elapsed time is 189.201522 seconds.
Elapsed time is 119.644331 seconds.
Elapsed time is 127.580799 seconds.
Elapsed time is 134.404128 seconds.
Elapsed time is 146.466957 seconds.
Elapsed time is 141.980433 seconds.
Elapsed time is 163.273518 seconds.
Elapsed time is 151.760416 seconds.
Elapsed time is 156.563457 seconds.
Elapsed time is 169.084004 seconds.
Elapsed time is 189.656942 seconds.
Elapsed time is 199.266860 seconds.
Elapsed time is 170.003478 seconds.
Elapsed time is 142.587773 seconds.
Elapsed time is 139.817278 seconds.
Elapsed time is 158.135919 seconds.
Elapsed time is 176.820638 seconds.
Elapsed time is 194.301981 seconds.
Elapsed time is 172.586056 seconds.
Elapsed time is 168.455348 seconds.
Elapsed time is 174.815426 seconds.
Elapsed time is 180.547550 seconds.
Elapsed time is 169.466737 seconds.
Elapsed time is 170.711961 seconds.
Elapsed time is 159.180559 seconds.
Elapsed time is 156.559702 seconds.
Elapsed time is 167.101792 seconds.
Elapsed time is 173.681180 seconds.
Elapsed time is 166.291931 seconds.
Elapsed time is 188.232984 seconds.
Elapsed time is 192.328367 seconds.
Elapsed time is 226.464722 seconds.
Elapsed time is 162.428250 seconds.
Elapsed time is 132.016805 seconds.
Elapsed time is 136.713011 seconds.
Elapsed time is 140.773289 seconds.
Elapsed time is 155.016641 seconds.
Elapsed time is 168.012354 seconds.
Elapsed time is 175.758187 seconds.
Elapsed time is 179.449833 seconds.
Elapsed time is 190.906131 seconds.
Elapsed time is 200.771452 seconds.
Elapsed time is 176.558180 seconds.
Elapsed time is 139.234316 seconds.
Elapsed time is 143.643888 seconds.
Elapsed time is 144.918439 seconds.
Elapsed time is 146.968544 seconds.
Elapsed time is 149.700225 seconds.
Elapsed time is 144.168929 seconds.
Elapsed time is 174.009227 seconds.
Elapsed time is 180.595245 seconds.
Elapsed time is 185.306676 seconds.
Elapsed time is 213.912237 seconds.
Elapsed time is 173.354734 seconds.
Elapsed time is 132.272011 seconds.
Elapsed time is 138.692075 seconds.
Elapsed time is 158.022316 seconds.
Elapsed time is 165.114305 seconds.
Elapsed time is 163.643921 seconds.
Elapsed time is 169.520801 seconds.
Elapsed time is 174.873835 seconds.
Elapsed time is 185.571450 seconds.
Elapsed time is 189.165611 seconds.
Elapsed time is 187.441268 seconds.
Elapsed time is 146.891421 seconds.
Elapsed time is 134.093810 seconds.
Elapsed time is 144.290210 seconds.
Elapsed time is 148.093428 seconds.
Elapsed time is 157.701022 seconds.
Elapsed time is 163.134979 seconds.
Elapsed time is 155.961439 seconds.
Elapsed time is 151.732861 seconds.
Elapsed time is 170.053828 seconds.
Elapsed time is 194.511847 seconds.
Elapsed time is 216.697379 seconds.
Elapsed time is 192.708910 seconds.
Elapsed time is 148.848656 seconds.
Elapsed time is 134.084679 seconds.
Elapsed time is 147.460766 seconds.
Elapsed time is 162.788728 seconds.
Elapsed time is 170.017679 seconds.
Elapsed time is 186.503863 seconds.
Elapsed time is 184.742794 seconds.
Elapsed time is 172.292276 seconds.
Elapsed time is 183.239437 seconds.
Elapsed time is 220.885652 seconds.
Elapsed time is 193.090979 seconds.
Elapsed time is 131.711523 seconds.
Elapsed time is 148.823289 seconds.
Elapsed time is 160.439749 seconds.
Elapsed time is 159.278579 seconds.
Elapsed time is 159.764223 seconds.
Elapsed time is 163.924973 seconds.
Elapsed time is 154.628279 seconds.
Elapsed time is 164.689992 seconds.
Elapsed time is 182.388933 seconds.
Elapsed time is 193.886378 seconds.
Elapsed time is 212.849520 seconds.
Elapsed time is 189.600326 seconds.
Elapsed time is 154.997047 seconds.
Elapsed time is 130.490547 seconds.
Elapsed time is 141.377319 seconds.
Elapsed time is 151.308455 seconds.
Elapsed time is 137.728455 seconds.
Elapsed time is 137.500051 seconds.
Elapsed time is 154.603657 seconds.
Elapsed time is 160.826929 seconds.
Elapsed time is 156.021684 seconds.
Elapsed time is 175.367408 seconds.
Elapsed time is 187.783594 seconds.
Elapsed time is 206.276592 seconds.
Elapsed time is 145.029227 seconds.
Elapsed time is 141.505850 seconds.
Elapsed time is 155.002075 seconds.
Elapsed time is 145.295716 seconds.
Elapsed time is 149.471464 seconds.
Elapsed time is 162.587504 seconds.
Elapsed time is 172.761344 seconds.
Elapsed time is 179.065033 seconds.
Elapsed time is 173.526991 seconds.
Elapsed time is 186.762909 seconds.
Elapsed time is 173.382051 seconds.
Elapsed time is 199.422729 seconds.
     2         375         10007.7        2.69e+06       0.0001      0.0321826
Elapsed time is 162.595300 seconds.
Elapsed time is 143.363553 seconds.
Elapsed time is 155.381117 seconds.
Elapsed time is 153.669215 seconds.
Elapsed time is 156.111130 seconds.
Elapsed time is 165.097200 seconds.
Elapsed time is 161.449455 seconds.
Elapsed time is 170.546701 seconds.
Elapsed time is 160.892618 seconds.
Elapsed time is 153.653250 seconds.
Elapsed time is 170.255251 seconds.
Elapsed time is 167.559665 seconds.
Elapsed time is 184.454680 seconds.
Elapsed time is 197.426912 seconds.
Elapsed time is 194.109450 seconds.
Elapsed time is 133.859003 seconds.
Elapsed time is 128.057253 seconds.
Elapsed time is 139.774925 seconds.
Elapsed time is 140.140965 seconds.
Elapsed time is 151.004428 seconds.
Elapsed time is 153.550356 seconds.
Elapsed time is 170.386691 seconds.
Elapsed time is 171.194205 seconds.
Elapsed time is 183.845694 seconds.
Elapsed time is 184.724511 seconds.
Elapsed time is 207.536541 seconds.
Elapsed time is 218.740224 seconds.
Elapsed time is 187.895355 seconds.
Elapsed time is 155.569406 seconds.
Elapsed time is 138.548197 seconds.
Elapsed time is 130.152479 seconds.
Elapsed time is 140.123626 seconds.
Elapsed time is 145.428353 seconds.
Elapsed time is 152.605046 seconds.
Elapsed time is 171.570604 seconds.
Elapsed time is 171.609301 seconds.
Elapsed time is 170.390841 seconds.
Elapsed time is 169.273256 seconds.
Elapsed time is 168.064073 seconds.
Elapsed time is 165.046796 seconds.
Elapsed time is 174.898872 seconds.
Elapsed time is 170.699748 seconds.
Elapsed time is 167.278986 seconds.
Elapsed time is 170.789814 seconds.
Elapsed time is 171.438118 seconds.
Elapsed time is 165.769503 seconds.
Elapsed time is 163.637142 seconds.
Elapsed time is 164.388325 seconds.
Elapsed time is 165.211026 seconds.
Elapsed time is 168.530672 seconds.
Elapsed time is 164.068437 seconds.
Elapsed time is 168.917644 seconds.
Elapsed time is 165.969170 seconds.
Elapsed time is 172.294182 seconds.
Elapsed time is 160.880388 seconds.
Elapsed time is 166.937219 seconds.
Elapsed time is 180.916623 seconds.
Elapsed time is 168.548123 seconds.
Elapsed time is 196.478901 seconds.
Elapsed time is 217.498572 seconds.
Elapsed time is 188.299790 seconds.
Elapsed time is 138.776282 seconds.
Elapsed time is 136.061326 seconds.
Elapsed time is 136.005175 seconds.
Elapsed time is 153.443179 seconds.
Elapsed time is 153.440707 seconds.
Elapsed time is 158.774923 seconds.
Elapsed time is 170.415634 seconds.
Elapsed time is 171.030396 seconds.
Elapsed time is 185.928375 seconds.
Elapsed time is 180.960357 seconds.
Elapsed time is 216.990277 seconds.
Elapsed time is 192.052405 seconds.
Elapsed time is 134.740729 seconds.
Elapsed time is 127.057094 seconds.
Elapsed time is 142.973891 seconds.
Elapsed time is 145.519662 seconds.
Elapsed time is 145.961076 seconds.
Elapsed time is 151.383072 seconds.
Elapsed time is 162.077116 seconds.
Elapsed time is 168.273140 seconds.
Elapsed time is 170.329395 seconds.
Elapsed time is 164.865108 seconds.
Elapsed time is 162.149087 seconds.
Elapsed time is 161.250188 seconds.
Elapsed time is 156.573863 seconds.
Elapsed time is 157.292848 seconds.
Elapsed time is 171.080259 seconds.
Elapsed time is 185.689054 seconds.
Elapsed time is 192.910974 seconds.
Elapsed time is 164.543694 seconds.
Elapsed time is 176.422885 seconds.
Elapsed time is 201.725029 seconds.
Elapsed time is 200.293376 seconds.
Elapsed time is 211.866700 seconds.
Elapsed time is 198.402842 seconds.
Elapsed time is 185.973979 seconds.
Elapsed time is 130.510650 seconds.
Elapsed time is 146.789800 seconds.
Elapsed time is 147.145396 seconds.
Elapsed time is 152.711127 seconds.
Elapsed time is 154.926192 seconds.
Elapsed time is 155.317219 seconds.
Elapsed time is 149.522870 seconds.
Elapsed time is 165.410577 seconds.
Elapsed time is 174.560772 seconds.
Elapsed time is 182.487690 seconds.
Elapsed time is 189.436513 seconds.
Elapsed time is 185.446772 seconds.
Elapsed time is 199.376730 seconds.
Elapsed time is 200.962342 seconds.
Elapsed time is 179.972700 seconds.
Elapsed time is 128.971975 seconds.
Elapsed time is 130.929868 seconds.
Elapsed time is 145.781665 seconds.
Elapsed time is 147.478666 seconds.
Elapsed time is 152.955000 seconds.
Elapsed time is 167.352590 seconds.
Elapsed time is 169.769357 seconds.
Elapsed time is 179.758255 seconds.
Elapsed time is 180.499555 seconds.
Elapsed time is 173.701264 seconds.
Elapsed time is 198.419999 seconds.
Elapsed time is 195.411191 seconds.
Elapsed time is 192.398134 seconds.
     3         500         9332.48        1.94e+05        1e-05      0.0697558
Elapsed time is 217.642529 seconds.
Elapsed time is 198.095527 seconds.
Elapsed time is 159.499782 seconds.
Elapsed time is 164.792462 seconds.
Elapsed time is 168.539081 seconds.
Elapsed time is 166.887563 seconds.
Elapsed time is 179.956508 seconds.
Elapsed time is 191.796231 seconds.
Elapsed time is 183.345297 seconds.
Elapsed time is 206.278617 seconds.
Elapsed time is 190.522085 seconds.
Elapsed time is 223.721725 seconds.
Elapsed time is 233.870033 seconds.
Elapsed time is 230.055587 seconds.
Elapsed time is 232.756034 seconds.
Elapsed time is 246.177723 seconds.
Elapsed time is 235.174146 seconds.
Elapsed time is 210.852358 seconds.
Elapsed time is 174.077961 seconds.
Elapsed time is 191.472205 seconds.
Elapsed time is 203.585655 seconds.
Elapsed time is 210.566624 seconds.
Elapsed time is 223.948192 seconds.
Elapsed time is 244.006628 seconds.
Elapsed time is 211.375288 seconds.
Elapsed time is 164.071305 seconds.
Elapsed time is 164.577555 seconds.
Elapsed time is 176.123735 seconds.
Elapsed time is 190.237869 seconds.
Elapsed time is 200.322081 seconds.
Elapsed time is 208.434571 seconds.
Elapsed time is 222.780785 seconds.
Elapsed time is 221.733359 seconds.
Elapsed time is 221.931902 seconds.
Elapsed time is 227.897319 seconds.
Elapsed time is 225.303985 seconds.
Elapsed time is 244.567546 seconds.
Elapsed time is 193.153707 seconds.
Elapsed time is 151.404520 seconds.
Elapsed time is 171.611058 seconds.
Elapsed time is 205.902171 seconds.
Elapsed time is 212.214499 seconds.
Elapsed time is 228.138550 seconds.
Elapsed time is 227.248162 seconds.
Elapsed time is 220.566422 seconds.
Elapsed time is 212.043151 seconds.
Elapsed time is 243.439493 seconds.
Elapsed time is 201.201351 seconds.
Elapsed time is 168.194548 seconds.
Elapsed time is 183.276045 seconds.
Elapsed time is 202.902611 seconds.
Elapsed time is 204.760500 seconds.
Elapsed time is 226.775803 seconds.
Elapsed time is 231.194465 seconds.
Elapsed time is 233.609761 seconds.
Elapsed time is 214.868158 seconds.
Elapsed time is 197.309094 seconds.
Elapsed time is 169.632363 seconds.
Elapsed time is 162.183064 seconds.
Elapsed time is 181.174523 seconds.
Elapsed time is 190.229683 seconds.
Elapsed time is 197.755631 seconds.
Elapsed time is 228.922369 seconds.
Elapsed time is 229.310278 seconds.
Elapsed time is 241.165469 seconds.
Elapsed time is 183.901374 seconds.
Elapsed time is 189.696963 seconds.
Elapsed time is 186.582415 seconds.
Elapsed time is 193.409290 seconds.
Elapsed time is 182.741243 seconds.
Elapsed time is 192.991306 seconds.
Elapsed time is 208.966124 seconds.
Elapsed time is 220.630656 seconds.
Elapsed time is 242.730195 seconds.
Elapsed time is 221.450569 seconds.
Elapsed time is 186.133442 seconds.
Elapsed time is 192.694794 seconds.
Elapsed time is 164.829634 seconds.
Elapsed time is 166.487050 seconds.
Elapsed time is 184.934092 seconds.
Elapsed time is 198.490494 seconds.
Elapsed time is 186.257979 seconds.
Elapsed time is 214.980051 seconds.
Elapsed time is 229.854836 seconds.
Elapsed time is 224.914226 seconds.
Elapsed time is 227.643047 seconds.
Elapsed time is 239.361972 seconds.
Elapsed time is 245.080141 seconds.
Elapsed time is 191.373279 seconds.
Elapsed time is 168.258433 seconds.
Elapsed time is 180.945007 seconds.
Elapsed time is 203.175224 seconds.
Elapsed time is 194.888425 seconds.
Elapsed time is 205.911873 seconds.
Elapsed time is 222.175588 seconds.
Elapsed time is 231.349538 seconds.
Elapsed time is 245.166692 seconds.
Elapsed time is 207.150390 seconds.
Elapsed time is 160.899329 seconds.
Elapsed time is 181.341481 seconds.
Elapsed time is 201.843317 seconds.
Elapsed time is 233.251187 seconds.
Elapsed time is 227.895805 seconds.
Elapsed time is 218.786465 seconds.
Elapsed time is 240.102531 seconds.
Elapsed time is 188.632474 seconds.
Elapsed time is 161.055553 seconds.
Elapsed time is 166.172088 seconds.
Elapsed time is 181.848120 seconds.
Elapsed time is 197.432808 seconds.
Elapsed time is 199.641193 seconds.
Elapsed time is 209.819438 seconds.
Elapsed time is 209.036279 seconds.
Elapsed time is 230.276981 seconds.
Elapsed time is 229.559803 seconds.
Elapsed time is 244.397387 seconds.
Elapsed time is 194.575012 seconds.
Elapsed time is 170.196896 seconds.
Elapsed time is 175.678244 seconds.
Elapsed time is 196.058174 seconds.
Elapsed time is 206.180971 seconds.
Elapsed time is 204.047261 seconds.
Elapsed time is 236.966185 seconds.
Elapsed time is 209.552300 seconds.
Elapsed time is 203.165945 seconds.
     4         625         9093.02        2.81e+06        1e-06      0.0184071
Elapsed time is 221.353807 seconds.
Elapsed time is 142.569802 seconds.
Elapsed time is 198.518290 seconds.
Elapsed time is 215.570762 seconds.
Elapsed time is 232.908433 seconds.
Elapsed time is 190.208564 seconds.
Elapsed time is 147.231355 seconds.
Elapsed time is 165.713213 seconds.
Elapsed time is 187.608045 seconds.
Elapsed time is 210.268341 seconds.
Elapsed time is 225.541651 seconds.
Elapsed time is 227.055161 seconds.
Elapsed time is 196.311853 seconds.
Elapsed time is 159.772409 seconds.
Elapsed time is 182.219155 seconds.
Elapsed time is 187.399770 seconds.
Elapsed time is 201.525680 seconds.
Elapsed time is 214.553637 seconds.
Elapsed time is 212.958046 seconds.
Elapsed time is 215.504181 seconds.
Elapsed time is 234.420423 seconds.
Elapsed time is 191.350663 seconds.
Elapsed time is 201.237119 seconds.
Elapsed time is 164.195313 seconds.
Elapsed time is 193.829670 seconds.
Elapsed time is 211.786810 seconds.
Elapsed time is 218.147932 seconds.
Elapsed time is 215.083595 seconds.
Elapsed time is 218.739082 seconds.
Elapsed time is 160.895608 seconds.
Elapsed time is 181.633640 seconds.
Elapsed time is 185.852894 seconds.
Elapsed time is 192.910088 seconds.
Elapsed time is 226.692344 seconds.
Elapsed time is 232.702823 seconds.
Elapsed time is 222.429380 seconds.
Elapsed time is 216.576428 seconds.
Elapsed time is 171.017856 seconds.
Elapsed time is 178.431863 seconds.
Elapsed time is 207.506631 seconds.
Elapsed time is 228.822684 seconds.
Elapsed time is 226.841299 seconds.
Elapsed time is 240.146584 seconds.
Elapsed time is 167.565248 seconds.
Elapsed time is 156.834934 seconds.
Elapsed time is 170.207546 seconds.
Elapsed time is 205.041820 seconds.
Elapsed time is 206.531311 seconds.
Elapsed time is 220.280896 seconds.
Elapsed time is 240.397262 seconds.
Elapsed time is 203.925556 seconds.
Elapsed time is 149.718234 seconds.
Elapsed time is 158.591212 seconds.
Elapsed time is 179.556206 seconds.
Elapsed time is 199.600243 seconds.
Elapsed time is 204.116368 seconds.
Elapsed time is 234.820968 seconds.
Elapsed time is 249.280595 seconds.
Elapsed time is 219.545965 seconds.
Elapsed time is 149.813208 seconds.
Elapsed time is 182.978858 seconds.
Elapsed time is 208.824936 seconds.
Elapsed time is 221.040444 seconds.
Elapsed time is 199.159182 seconds.
Elapsed time is 212.196684 seconds.
Elapsed time is 224.826194 seconds.
Elapsed time is 221.916560 seconds.
Elapsed time is 221.965769 seconds.
Elapsed time is 235.710563 seconds.
Elapsed time is 223.728551 seconds.
Elapsed time is 188.353329 seconds.
Elapsed time is 159.608572 seconds.
Elapsed time is 168.878148 seconds.
Elapsed time is 179.959868 seconds.
Elapsed time is 202.647358 seconds.
Elapsed time is 207.933396 seconds.
Elapsed time is 218.839907 seconds.
Elapsed time is 225.172361 seconds.
Elapsed time is 232.236316 seconds.
Elapsed time is 218.088454 seconds.
Elapsed time is 168.705281 seconds.
Elapsed time is 164.642235 seconds.
Elapsed time is 182.731854 seconds.
Elapsed time is 197.740759 seconds.
Elapsed time is 195.681478 seconds.
Elapsed time is 223.585648 seconds.
Elapsed time is 221.466416 seconds.
Elapsed time is 225.673908 seconds.
Elapsed time is 228.978339 seconds.
Elapsed time is 229.633449 seconds.
Elapsed time is 226.286029 seconds.
Elapsed time is 221.077650 seconds.
Elapsed time is 227.761091 seconds.
Elapsed time is 233.262671 seconds.
Elapsed time is 240.538947 seconds.
Elapsed time is 147.696303 seconds.
Elapsed time is 173.949738 seconds.
Elapsed time is 167.936749 seconds.
Elapsed time is 194.757088 seconds.
Elapsed time is 208.610541 seconds.
Elapsed time is 202.740994 seconds.
Elapsed time is 215.815540 seconds.
Elapsed time is 232.931344 seconds.
Elapsed time is 232.635540 seconds.
Elapsed time is 227.410665 seconds.
Elapsed time is 233.798489 seconds.
Elapsed time is 186.305026 seconds.
Elapsed time is 175.625069 seconds.
Elapsed time is 182.794575 seconds.
Elapsed time is 191.069029 seconds.
Elapsed time is 196.833208 seconds.
Elapsed time is 210.102650 seconds.
Elapsed time is 205.856859 seconds.
Elapsed time is 220.279197 seconds.
Elapsed time is 230.512022 seconds.
Elapsed time is 224.173436 seconds.
Elapsed time is 231.826352 seconds.
Elapsed time is 223.883171 seconds.
Elapsed time is 236.170378 seconds.
Elapsed time is 166.159405 seconds.
Elapsed time is 188.345237 seconds.
Elapsed time is 210.457109 seconds.
Elapsed time is 224.245917 seconds.
Elapsed time is 233.127950 seconds.
Elapsed time is 229.580241 seconds.
Elapsed time is 236.070126 seconds.
Elapsed time is 192.861676 seconds.
Elapsed time is 163.883447 seconds.
Elapsed time is 171.567481 seconds.
Elapsed time is 189.439997 seconds.
Elapsed time is 207.562736 seconds.
Elapsed time is 227.387442 seconds.
Elapsed time is 233.455582 seconds.
Elapsed time is 218.626512 seconds.
Elapsed time is 223.382438 seconds.
Elapsed time is 190.368697 seconds.
     5         761         8918.99        7.18e+05       100000      0.0105716
Elapsed time is 150.742298 seconds.
Elapsed time is 153.395085 seconds.
Elapsed time is 196.133047 seconds.
Elapsed time is 201.916358 seconds.
Elapsed time is 229.834990 seconds.
Elapsed time is 224.069836 seconds.
Elapsed time is 236.690032 seconds.
Elapsed time is 238.309734 seconds.
Elapsed time is 169.483134 seconds.
Elapsed time is 153.714977 seconds.
Elapsed time is 153.359915 seconds.
Elapsed time is 183.339445 seconds.
Elapsed time is 206.011458 seconds.
Elapsed time is 199.495684 seconds.
Elapsed time is 226.600886 seconds.
Elapsed time is 235.368506 seconds.
Elapsed time is 204.165053 seconds.
Elapsed time is 174.742692 seconds.
Elapsed time is 200.335484 seconds.
Elapsed time is 197.993525 seconds.
Elapsed time is 190.802772 seconds.
Elapsed time is 214.297215 seconds.
Elapsed time is 241.525244 seconds.
Elapsed time is 207.480825 seconds.
Elapsed time is 150.232659 seconds.
Elapsed time is 183.226934 seconds.
Elapsed time is 195.133157 seconds.
Elapsed time is 205.661994 seconds.
Elapsed time is 199.200580 seconds.
Elapsed time is 217.346604 seconds.
Elapsed time is 233.219982 seconds.
Elapsed time is 232.270205 seconds.
Elapsed time is 151.907149 seconds.
Elapsed time is 165.346761 seconds.
Elapsed time is 175.895804 seconds.
Elapsed time is 195.565663 seconds.
Elapsed time is 204.062836 seconds.
Elapsed time is 223.973532 seconds.
Elapsed time is 231.200835 seconds.
Elapsed time is 189.858477 seconds.
Elapsed time is 158.096238 seconds.
Elapsed time is 181.959237 seconds.
Elapsed time is 195.202636 seconds.
Elapsed time is 206.789578 seconds.
Elapsed time is 216.696419 seconds.
Elapsed time is 241.375233 seconds.
Elapsed time is 195.136365 seconds.
Elapsed time is 153.421930 seconds.
Elapsed time is 189.714870 seconds.
Elapsed time is 187.018340 seconds.
Elapsed time is 193.532301 seconds.
Elapsed time is 216.981163 seconds.
Elapsed time is 237.350767 seconds.
Elapsed time is 215.013422 seconds.
Elapsed time is 184.524296 seconds.
Elapsed time is 173.286654 seconds.
Elapsed time is 187.976663 seconds.
Elapsed time is 218.677330 seconds.
Elapsed time is 229.679655 seconds.
Elapsed time is 228.065931 seconds.
Elapsed time is 256.460509 seconds.
Elapsed time is 201.239775 seconds.
Elapsed time is 170.646064 seconds.
Elapsed time is 177.878111 seconds.
Elapsed time is 173.860074 seconds.
Elapsed time is 188.703446 seconds.
Elapsed time is 199.535920 seconds.
Elapsed time is 224.511571 seconds.
Elapsed time is 220.011361 seconds.
Elapsed time is 219.604143 seconds.
Elapsed time is 224.910940 seconds.
Elapsed time is 238.767898 seconds.
Elapsed time is 249.007181 seconds.
Elapsed time is 176.332020 seconds.
Elapsed time is 195.321941 seconds.
Elapsed time is 201.299952 seconds.
Elapsed time is 228.737471 seconds.
Elapsed time is 230.679379 seconds.
Elapsed time is 225.893942 seconds.
Elapsed time is 215.509623 seconds.
Elapsed time is 212.874002 seconds.
Elapsed time is 223.813654 seconds.
Elapsed time is 240.091483 seconds.
Elapsed time is 231.851899 seconds.
Elapsed time is 170.048615 seconds.
Elapsed time is 172.738443 seconds.
Elapsed time is 188.301839 seconds.
Elapsed time is 219.424649 seconds.
Elapsed time is 216.325755 seconds.
Elapsed time is 223.342923 seconds.
Elapsed time is 205.672272 seconds.
Elapsed time is 166.349381 seconds.
Elapsed time is 199.423853 seconds.
Elapsed time is 205.080005 seconds.
Elapsed time is 233.510206 seconds.
Elapsed time is 235.246894 seconds.
Elapsed time is 189.047764 seconds.
Elapsed time is 175.157778 seconds.
Elapsed time is 197.956111 seconds.
Elapsed time is 189.961621 seconds.
Elapsed time is 203.422998 seconds.
Elapsed time is 223.035839 seconds.
Elapsed time is 234.385472 seconds.
Elapsed time is 220.711225 seconds.
Elapsed time is 206.378765 seconds.
Elapsed time is 157.692714 seconds.
Elapsed time is 186.805774 seconds.
Elapsed time is 213.653795 seconds.
Elapsed time is 224.532246 seconds.
Elapsed time is 242.914092 seconds.
Elapsed time is 189.228582 seconds.
Elapsed time is 157.020619 seconds.
Elapsed time is 183.175455 seconds.
Elapsed time is 200.230133 seconds.
Elapsed time is 209.438176 seconds.
Elapsed time is 235.758082 seconds.
Elapsed time is 236.813102 seconds.
Elapsed time is 216.242835 seconds.
Elapsed time is 199.002193 seconds.
Elapsed time is 183.082904 seconds.
Elapsed time is 203.004856 seconds.
Elapsed time is 228.487873 seconds.
Elapsed time is 238.978783 seconds.
Elapsed time is 234.007397 seconds.
Elapsed time is 201.357313 seconds.
     6         886         8793.29        2.58e+06        10000     0.00980711
Elapsed time is 167.316224 seconds.
Elapsed time is 184.671968 seconds.
Elapsed time is 225.419506 seconds.
Elapsed time is 218.718457 seconds.
Elapsed time is 224.919634 seconds.
Elapsed time is 231.471169 seconds.
Elapsed time is 234.093810 seconds.
Elapsed time is 237.112376 seconds.
Elapsed time is 191.863636 seconds.
Elapsed time is 153.654626 seconds.
Elapsed time is 171.803142 seconds.
Elapsed time is 217.441136 seconds.
Elapsed time is 230.457198 seconds.
Elapsed time is 234.907626 seconds.
Elapsed time is 232.150970 seconds.
Elapsed time is 187.333636 seconds.
Elapsed time is 169.029130 seconds.
Elapsed time is 184.680272 seconds.
Elapsed time is 193.445375 seconds.
Elapsed time is 206.684337 seconds.
Elapsed time is 232.024970 seconds.
Elapsed time is 219.565939 seconds.
Elapsed time is 242.516567 seconds.
Elapsed time is 230.428875 seconds.
Elapsed time is 198.257540 seconds.
Elapsed time is 162.415410 seconds.
Elapsed time is 185.962508 seconds.
Elapsed time is 206.667916 seconds.
Elapsed time is 239.047974 seconds.
Elapsed time is 244.763237 seconds.
Elapsed time is 241.091933 seconds.
Elapsed time is 163.831193 seconds.
Elapsed time is 206.224363 seconds.
Elapsed time is 214.115037 seconds.
Elapsed time is 216.352375 seconds.
Elapsed time is 229.979682 seconds.
Elapsed time is 223.674083 seconds.
Elapsed time is 223.017960 seconds.
Elapsed time is 218.309756 seconds.
Elapsed time is 238.834856 seconds.
Elapsed time is 209.581221 seconds.
Elapsed time is 155.092830 seconds.
Elapsed time is 187.293910 seconds.
Elapsed time is 206.423146 seconds.
Elapsed time is 224.596310 seconds.
Elapsed time is 239.640180 seconds.
Elapsed time is 241.059341 seconds.
Elapsed time is 201.320445 seconds.
Elapsed time is 208.574142 seconds.
Elapsed time is 231.018734 seconds.
Elapsed time is 233.374130 seconds.
Elapsed time is 248.377221 seconds.
Elapsed time is 209.785072 seconds.
Elapsed time is 181.973096 seconds.
Elapsed time is 180.048034 seconds.
Elapsed time is 193.273290 seconds.
Elapsed time is 206.977717 seconds.
Elapsed time is 207.115279 seconds.
Elapsed time is 229.203431 seconds.
Elapsed time is 228.082552 seconds.
Elapsed time is 213.043600 seconds.
Elapsed time is 211.781918 seconds.
Elapsed time is 238.251862 seconds.
Elapsed time is 250.415865 seconds.
Elapsed time is 186.843358 seconds.
Elapsed time is 156.995233 seconds.
Elapsed time is 198.069117 seconds.
Elapsed time is 184.194907 seconds.
Elapsed time is 202.253212 seconds.
Elapsed time is 216.422663 seconds.
Elapsed time is 227.379645 seconds.
Elapsed time is 218.452479 seconds.
Elapsed time is 234.097366 seconds.
Elapsed time is 248.056135 seconds.
Elapsed time is 217.885699 seconds.
Elapsed time is 179.070455 seconds.
Elapsed time is 165.389000 seconds.
Elapsed time is 165.345204 seconds.
Elapsed time is 173.634450 seconds.
Elapsed time is 196.023851 seconds.
Elapsed time is 199.139477 seconds.
Elapsed time is 213.606584 seconds.
Elapsed time is 224.641344 seconds.
Elapsed time is 239.606834 seconds.
Elapsed time is 214.711339 seconds.
Elapsed time is 170.011992 seconds.
Elapsed time is 170.898453 seconds.
Elapsed time is 189.679323 seconds.
Elapsed time is 194.309869 seconds.
Elapsed time is 194.297288 seconds.
Elapsed time is 231.998481 seconds.
Elapsed time is 234.891997 seconds.
Elapsed time is 211.737031 seconds.
Elapsed time is 156.851012 seconds.
Elapsed time is 190.295554 seconds.
Elapsed time is 199.801146 seconds.
Elapsed time is 204.177519 seconds.
Elapsed time is 221.868773 seconds.
Elapsed time is 228.281622 seconds.
Elapsed time is 229.662136 seconds.
Elapsed time is 176.055142 seconds.
Elapsed time is 154.732780 seconds.
Elapsed time is 202.791102 seconds.
Elapsed time is 183.352674 seconds.
Elapsed time is 204.617372 seconds.
Elapsed time is 216.805981 seconds.
Elapsed time is 224.380719 seconds.
Elapsed time is 227.587862 seconds.
Elapsed time is 220.281465 seconds.
Elapsed time is 239.584428 seconds.
Elapsed time is 240.758031 seconds.
Elapsed time is 230.450308 seconds.
Elapsed time is 191.949141 seconds.
Elapsed time is 166.794472 seconds.
Elapsed time is 157.271286 seconds.
Elapsed time is 162.911921 seconds.
Elapsed time is 198.127458 seconds.
Elapsed time is 190.057753 seconds.
Elapsed time is 202.582538 seconds.
Elapsed time is 199.313151 seconds.
Elapsed time is 220.708929 seconds.
Elapsed time is 214.943063 seconds.
Elapsed time is 214.187311 seconds.
Elapsed time is 228.584988 seconds.
Elapsed time is 230.782686 seconds.
     7        1011         8689.07        1.29e+05         1000      0.0173404
Elapsed time is 230.294449 seconds.
Elapsed time is 174.000058 seconds.
Elapsed time is 161.718600 seconds.
Elapsed time is 185.649393 seconds.
Elapsed time is 196.726277 seconds.
Elapsed time is 194.180673 seconds.
Elapsed time is 203.096270 seconds.
Elapsed time is 228.527261 seconds.
Elapsed time is 216.012239 seconds.
Elapsed time is 215.109350 seconds.
Elapsed time is 233.784539 seconds.
Elapsed time is 180.135875 seconds.
Elapsed time is 157.016958 seconds.
Elapsed time is 179.296319 seconds.
Elapsed time is 189.250934 seconds.
Elapsed time is 181.017381 seconds.
Elapsed time is 206.568918 seconds.
Elapsed time is 200.897144 seconds.
Elapsed time is 226.947307 seconds.
Elapsed time is 232.735802 seconds.
Elapsed time is 228.480532 seconds.
Elapsed time is 206.216538 seconds.
Elapsed time is 176.998567 seconds.
Elapsed time is 160.865728 seconds.
Elapsed time is 193.374267 seconds.
Elapsed time is 198.293118 seconds.
Elapsed time is 230.568035 seconds.
Elapsed time is 238.680378 seconds.
Elapsed time is 216.040511 seconds.
Elapsed time is 194.513259 seconds.
Elapsed time is 154.809469 seconds.
Elapsed time is 169.108022 seconds.
Elapsed time is 169.990622 seconds.
Elapsed time is 178.111757 seconds.
Elapsed time is 183.276658 seconds.
Elapsed time is 186.731243 seconds.
Elapsed time is 210.876419 seconds.
Elapsed time is 209.013590 seconds.
Elapsed time is 195.145852 seconds.
Elapsed time is 229.865977 seconds.
Elapsed time is 236.417700 seconds.
Elapsed time is 194.997107 seconds.
Elapsed time is 159.114576 seconds.
Elapsed time is 185.242286 seconds.
Elapsed time is 187.534877 seconds.
Elapsed time is 196.494860 seconds.
Elapsed time is 193.180917 seconds.
Elapsed time is 199.852481 seconds.
Elapsed time is 227.214789 seconds.
Elapsed time is 243.104958 seconds.
Elapsed time is 153.285928 seconds.
Elapsed time is 171.721207 seconds.
Elapsed time is 190.210527 seconds.
Elapsed time is 227.705707 seconds.
Elapsed time is 241.010546 seconds.
Elapsed time is 226.931483 seconds.
Elapsed time is 162.642295 seconds.
Elapsed time is 180.308482 seconds.
Elapsed time is 195.869287 seconds.
Elapsed time is 201.201741 seconds.
Elapsed time is 197.119321 seconds.
Elapsed time is 222.223437 seconds.
Elapsed time is 224.309973 seconds.
Elapsed time is 208.432675 seconds.
Elapsed time is 235.652322 seconds.
Elapsed time is 167.668107 seconds.
Elapsed time is 179.553938 seconds.
Elapsed time is 203.242589 seconds.
Elapsed time is 209.307574 seconds.
Elapsed time is 230.270926 seconds.
Elapsed time is 227.423013 seconds.
Elapsed time is 239.088415 seconds.
Elapsed time is 220.818160 seconds.
Elapsed time is 219.295104 seconds.
Elapsed time is 186.308394 seconds.
Elapsed time is 169.142431 seconds.
Elapsed time is 184.627819 seconds.
Elapsed time is 190.069899 seconds.
Elapsed time is 205.811647 seconds.
Elapsed time is 229.868828 seconds.
Elapsed time is 226.266971 seconds.
Elapsed time is 229.507087 seconds.
Elapsed time is 242.926415 seconds.
Elapsed time is 224.583075 seconds.
Elapsed time is 166.144918 seconds.
Elapsed time is 193.326954 seconds.
Elapsed time is 212.861150 seconds.
Elapsed time is 239.506787 seconds.
Elapsed time is 242.903593 seconds.
Elapsed time is 202.470860 seconds.
Elapsed time is 169.217599 seconds.
Elapsed time is 183.063051 seconds.
Elapsed time is 211.836170 seconds.
Elapsed time is 240.575083 seconds.
Elapsed time is 218.119054 seconds.
Elapsed time is 209.701916 seconds.
Elapsed time is 240.955647 seconds.
Elapsed time is 197.590713 seconds.
Elapsed time is 158.449360 seconds.
Elapsed time is 168.472229 seconds.
Elapsed time is 190.168416 seconds.
Elapsed time is 211.544874 seconds.
Elapsed time is 205.202903 seconds.
Elapsed time is 220.521068 seconds.
Elapsed time is 233.489357 seconds.
Elapsed time is 238.786684 seconds.
Elapsed time is 221.534202 seconds.
Elapsed time is 157.064219 seconds.
Elapsed time is 163.272059 seconds.
Elapsed time is 164.223451 seconds.
Elapsed time is 199.274823 seconds.
Elapsed time is 210.596260 seconds.
Elapsed time is 222.561791 seconds.
Elapsed time is 228.488998 seconds.
Elapsed time is 225.680875 seconds.
Elapsed time is 226.958031 seconds.
Elapsed time is 236.856283 seconds.
Elapsed time is 169.729653 seconds.
Elapsed time is 183.847510 seconds.
Elapsed time is 208.949321 seconds.
Elapsed time is 229.977934 seconds.
Elapsed time is 237.908337 seconds.
Elapsed time is 238.236807 seconds.
Elapsed time is 243.712766 seconds.
Elapsed time is 184.213192 seconds.
     8        1136         8610.81        3.79e+05          100      0.0101467
Elapsed time is 130.167437 seconds.
Elapsed time is 176.760173 seconds.
Elapsed time is 214.665983 seconds.
Elapsed time is 221.053607 seconds.
Elapsed time is 225.243361 seconds.
Elapsed time is 226.689842 seconds.
Elapsed time is 190.434076 seconds.
Elapsed time is 170.356475 seconds.
Elapsed time is 177.355316 seconds.
Elapsed time is 203.207307 seconds.
Elapsed time is 217.543800 seconds.
Elapsed time is 208.866499 seconds.
Elapsed time is 221.053975 seconds.
Elapsed time is 223.526393 seconds.
Elapsed time is 233.190295 seconds.
Elapsed time is 222.261979 seconds.
Elapsed time is 250.094728 seconds.
Elapsed time is 176.686059 seconds.
Elapsed time is 190.145377 seconds.
Elapsed time is 200.341560 seconds.
Elapsed time is 205.144681 seconds.
Elapsed time is 230.642640 seconds.
Elapsed time is 229.463622 seconds.
Elapsed time is 227.044757 seconds.
Elapsed time is 231.023888 seconds.
Elapsed time is 214.477427 seconds.
Elapsed time is 158.967642 seconds.
Elapsed time is 195.629659 seconds.
Elapsed time is 215.326469 seconds.
Elapsed time is 209.859243 seconds.
Elapsed time is 221.066512 seconds.
Elapsed time is 232.443327 seconds.
Elapsed time is 234.849770 seconds.
Elapsed time is 221.323784 seconds.
Elapsed time is 204.286030 seconds.
Elapsed time is 193.335726 seconds.
Elapsed time is 181.127957 seconds.
Elapsed time is 197.303083 seconds.
Elapsed time is 228.105013 seconds.
Elapsed time is 230.270089 seconds.
Elapsed time is 205.880477 seconds.
Elapsed time is 225.738168 seconds.
Elapsed time is 232.740678 seconds.
Elapsed time is 223.715855 seconds.
Elapsed time is 233.502608 seconds.
Elapsed time is 237.800864 seconds.
Elapsed time is 214.297566 seconds.
Elapsed time is 205.705978 seconds.
Elapsed time is 172.177700 seconds.
Elapsed time is 161.957595 seconds.
Elapsed time is 175.219871 seconds.
Elapsed time is 228.229496 seconds.
Elapsed time is 226.585277 seconds.
Elapsed time is 223.631067 seconds.
Elapsed time is 234.870748 seconds.
Elapsed time is 195.243595 seconds.
Elapsed time is 158.416606 seconds.
Elapsed time is 176.775242 seconds.
Elapsed time is 200.885020 seconds.
Elapsed time is 200.210788 seconds.
Elapsed time is 232.032802 seconds.
Elapsed time is 226.283764 seconds.
Elapsed time is 216.478134 seconds.
Elapsed time is 197.024263 seconds.
Elapsed time is 149.110261 seconds.
Elapsed time is 173.295162 seconds.
Elapsed time is 195.360775 seconds.
Elapsed time is 209.716309 seconds.
Elapsed time is 230.345081 seconds.
Elapsed time is 229.175450 seconds.
Elapsed time is 233.992925 seconds.
Elapsed time is 237.523985 seconds.
Elapsed time is 227.080767 seconds.
Elapsed time is 211.712002 seconds.
Elapsed time is 177.118246 seconds.
Elapsed time is 203.805119 seconds.
Elapsed time is 208.158998 seconds.
Elapsed time is 230.693470 seconds.
Elapsed time is 243.925676 seconds.
Elapsed time is 230.614894 seconds.
Elapsed time is 242.935523 seconds.
Elapsed time is 221.022215 seconds.
Elapsed time is 157.310078 seconds.
Elapsed time is 175.530552 seconds.
Elapsed time is 208.858550 seconds.
Elapsed time is 222.855894 seconds.
Elapsed time is 229.340058 seconds.
Elapsed time is 244.141009 seconds.
Elapsed time is 214.336564 seconds.
Elapsed time is 161.291734 seconds.
Elapsed time is 188.393982 seconds.
Elapsed time is 201.269126 seconds.
Elapsed time is 206.700464 seconds.
Elapsed time is 231.794666 seconds.
Elapsed time is 235.445902 seconds.
Elapsed time is 235.855310 seconds.
Elapsed time is 205.799959 seconds.
Elapsed time is 174.537767 seconds.
Elapsed time is 204.547368 seconds.
Elapsed time is 235.920305 seconds.
Elapsed time is 221.622072 seconds.
Elapsed time is 180.334215 seconds.
Elapsed time is 178.193907 seconds.
Elapsed time is 189.162338 seconds.
Elapsed time is 232.986935 seconds.
Elapsed time is 251.816146 seconds.
Elapsed time is 210.935146 seconds.
Elapsed time is 176.501023 seconds.
Elapsed time is 200.840131 seconds.
Elapsed time is 231.283944 seconds.
Elapsed time is 240.447552 seconds.
Elapsed time is 185.515110 seconds.
Elapsed time is 158.010290 seconds.
Elapsed time is 160.371889 seconds.
Elapsed time is 186.482998 seconds.
Elapsed time is 216.821910 seconds.
Elapsed time is 218.390852 seconds.
Elapsed time is 191.287337 seconds.
Elapsed time is 189.232957 seconds.
Elapsed time is 197.279281 seconds.
Elapsed time is 190.965370 seconds.
Elapsed time is 235.072553 seconds.
Elapsed time is 230.098611 seconds.
Elapsed time is 230.072027 seconds.
Elapsed time is 234.454640 seconds.
     9        1261         8449.07        3.44e+05           10      0.0353341
Elapsed time is 190.000938 seconds.
Elapsed time is 145.206252 seconds.
Elapsed time is 190.813071 seconds.
Elapsed time is 179.505180 seconds.
Elapsed time is 200.331557 seconds.
Elapsed time is 197.365071 seconds.
Elapsed time is 202.679409 seconds.
Elapsed time is 238.706807 seconds.
Elapsed time is 191.178267 seconds.
Elapsed time is 154.474052 seconds.
Elapsed time is 190.210443 seconds.
Elapsed time is 194.579848 seconds.
Elapsed time is 190.825159 seconds.
Elapsed time is 219.294675 seconds.
Elapsed time is 222.543552 seconds.
Elapsed time is 224.251916 seconds.
Elapsed time is 241.359340 seconds.
Elapsed time is 164.614349 seconds.
Elapsed time is 176.919957 seconds.
Elapsed time is 214.997869 seconds.
Elapsed time is 220.071788 seconds.
Elapsed time is 220.434007 seconds.
Elapsed time is 245.126931 seconds.
Elapsed time is 207.659368 seconds.
Elapsed time is 148.641476 seconds.
Elapsed time is 161.029517 seconds.
Elapsed time is 160.439830 seconds.
Elapsed time is 176.225144 seconds.
Elapsed time is 189.708868 seconds.
Elapsed time is 219.463446 seconds.
Elapsed time is 225.620059 seconds.
Elapsed time is 235.545031 seconds.
Elapsed time is 196.533450 seconds.
Elapsed time is 178.133477 seconds.
Elapsed time is 146.200031 seconds.
Elapsed time is 153.386870 seconds.
Elapsed time is 172.493115 seconds.
Elapsed time is 173.001806 seconds.
Elapsed time is 196.318247 seconds.
Elapsed time is 215.412188 seconds.
Elapsed time is 207.755205 seconds.
Elapsed time is 209.575335 seconds.
Elapsed time is 226.137460 seconds.
Elapsed time is 220.450031 seconds.
Elapsed time is 182.238851 seconds.
Elapsed time is 155.927502 seconds.
Elapsed time is 159.646471 seconds.
Elapsed time is 188.978941 seconds.
Elapsed time is 189.321356 seconds.
Elapsed time is 202.806732 seconds.
Elapsed time is 227.251166 seconds.
Elapsed time is 222.811672 seconds.
Elapsed time is 216.602933 seconds.
Elapsed time is 226.080266 seconds.
Elapsed time is 197.610873 seconds.
Elapsed time is 163.337768 seconds.
Elapsed time is 168.537244 seconds.
Elapsed time is 188.738528 seconds.
Elapsed time is 187.381205 seconds.
Elapsed time is 222.101128 seconds.
Elapsed time is 232.818093 seconds.
Elapsed time is 219.898710 seconds.
Elapsed time is 228.057327 seconds.
Elapsed time is 209.343919 seconds.
Elapsed time is 235.376308 seconds.
Elapsed time is 216.877044 seconds.
Elapsed time is 189.687433 seconds.
Elapsed time is 160.207607 seconds.
Elapsed time is 177.948232 seconds.
Elapsed time is 206.378247 seconds.
Elapsed time is 218.031634 seconds.
Elapsed time is 221.151272 seconds.
Elapsed time is 229.806998 seconds.
Elapsed time is 221.288784 seconds.
Elapsed time is 194.481855 seconds.
Elapsed time is 162.053163 seconds.
Elapsed time is 174.641487 seconds.
Elapsed time is 179.888799 seconds.
Elapsed time is 201.289602 seconds.
Elapsed time is 222.755784 seconds.
Elapsed time is 235.503063 seconds.
Elapsed time is 180.499570 seconds.
Elapsed time is 133.422015 seconds.
Elapsed time is 159.515627 seconds.
Elapsed time is 178.400772 seconds.
Elapsed time is 187.208356 seconds.
Elapsed time is 231.709965 seconds.
Elapsed time is 234.718395 seconds.
Elapsed time is 203.170100 seconds.
Elapsed time is 159.638948 seconds.
Elapsed time is 160.088725 seconds.
Elapsed time is 178.269387 seconds.
Elapsed time is 186.364312 seconds.
Elapsed time is 195.327033 seconds.
Elapsed time is 221.592122 seconds.
Elapsed time is 218.122814 seconds.
Elapsed time is 224.430211 seconds.
Elapsed time is 218.612185 seconds.
Elapsed time is 154.068902 seconds.
Elapsed time is 168.231506 seconds.
Elapsed time is 180.825177 seconds.
Elapsed time is 189.149572 seconds.
Elapsed time is 192.393295 seconds.
Elapsed time is 192.489224 seconds.
Elapsed time is 189.290949 seconds.
Elapsed time is 196.696987 seconds.
Elapsed time is 190.736595 seconds.
Elapsed time is 214.245033 seconds.
Elapsed time is 233.110299 seconds.
Elapsed time is 236.379690 seconds.
Elapsed time is 188.357380 seconds.
Elapsed time is 147.418591 seconds.
Elapsed time is 154.179677 seconds.
Elapsed time is 169.400730 seconds.
Elapsed time is 200.364085 seconds.
Elapsed time is 196.966693 seconds.
Elapsed time is 212.701087 seconds.
Elapsed time is 224.377716 seconds.
Elapsed time is 225.111404 seconds.
Elapsed time is 239.157029 seconds.
Elapsed time is 188.882263 seconds.
Elapsed time is 152.041675 seconds.
Elapsed time is 181.672515 seconds.
Elapsed time is 201.326609 seconds.
Elapsed time is 202.657811 seconds.
    10        1386         8422.54        1.75e+05            1      0.0251122
Elapsed time is 230.627897 seconds.
Elapsed time is 220.943627 seconds.
Elapsed time is 229.501657 seconds.
Elapsed time is 189.145874 seconds.
Elapsed time is 156.487153 seconds.
Elapsed time is 181.509013 seconds.
Elapsed time is 192.190054 seconds.
Elapsed time is 213.892341 seconds.
Elapsed time is 213.171915 seconds.
Elapsed time is 212.801852 seconds.
Elapsed time is 239.772800 seconds.
Elapsed time is 227.524009 seconds.
Elapsed time is 221.967225 seconds.
Elapsed time is 193.556903 seconds.
Elapsed time is 168.604846 seconds.
Elapsed time is 150.555142 seconds.
Elapsed time is 185.774235 seconds.
Elapsed time is 183.975260 seconds.
Elapsed time is 194.717703 seconds.
Elapsed time is 223.535245 seconds.
Elapsed time is 228.774814 seconds.
Elapsed time is 242.680121 seconds.
Elapsed time is 227.074021 seconds.
Elapsed time is 201.219561 seconds.
Elapsed time is 162.858165 seconds.
Elapsed time is 169.476458 seconds.
Elapsed time is 191.745557 seconds.
Elapsed time is 200.982840 seconds.
Elapsed time is 222.717015 seconds.
Elapsed time is 226.486706 seconds.
Elapsed time is 234.608499 seconds.
Elapsed time is 239.979460 seconds.
Elapsed time is 244.042024 seconds.
Elapsed time is 195.670749 seconds.
Elapsed time is 159.833985 seconds.
Elapsed time is 177.791365 seconds.
Elapsed time is 190.275683 seconds.
Elapsed time is 217.787767 seconds.
Elapsed time is 203.576794 seconds.
Elapsed time is 203.121851 seconds.
Elapsed time is 207.580356 seconds.
Elapsed time is 237.814349 seconds.
Elapsed time is 238.822635 seconds.
Elapsed time is 242.574241 seconds.
Elapsed time is 243.646917 seconds.
Elapsed time is 218.969585 seconds.
Elapsed time is 194.874969 seconds.
Elapsed time is 176.201774 seconds.
Elapsed time is 201.319333 seconds.
Elapsed time is 214.142335 seconds.
Elapsed time is 234.716689 seconds.
Elapsed time is 226.840347 seconds.
Elapsed time is 248.075153 seconds.
Elapsed time is 194.026306 seconds.
Elapsed time is 155.783518 seconds.
Elapsed time is 163.841500 seconds.
Elapsed time is 189.419338 seconds.
Elapsed time is 187.090940 seconds.
Elapsed time is 207.567083 seconds.
Elapsed time is 224.898168 seconds.
Elapsed time is 228.989139 seconds.
Elapsed time is 244.736017 seconds.
Elapsed time is 232.645505 seconds.
Elapsed time is 197.734109 seconds.
Elapsed time is 175.075930 seconds.
Elapsed time is 181.802707 seconds.
Elapsed time is 191.728286 seconds.
Elapsed time is 220.221456 seconds.
Elapsed time is 229.348730 seconds.
Elapsed time is 235.973774 seconds.
Elapsed time is 255.374293 seconds.
Elapsed time is 173.604774 seconds.
Elapsed time is 169.148978 seconds.
Elapsed time is 206.314580 seconds.
Elapsed time is 186.637005 seconds.
Elapsed time is 225.752311 seconds.
Elapsed time is 248.308248 seconds.
Elapsed time is 247.520472 seconds.
Elapsed time is 218.424933 seconds.
Elapsed time is 176.947635 seconds.
Elapsed time is 178.100843 seconds.
Elapsed time is 196.774692 seconds.
Elapsed time is 208.540323 seconds.
Elapsed time is 237.350885 seconds.
Elapsed time is 244.881207 seconds.
Elapsed time is 222.837522 seconds.
Elapsed time is 219.546243 seconds.
Elapsed time is 180.815695 seconds.
Elapsed time is 216.601958 seconds.
Elapsed time is 214.543491 seconds.
Elapsed time is 222.907022 seconds.
Elapsed time is 245.050333 seconds.
Elapsed time is 217.260952 seconds.
Elapsed time is 170.938057 seconds.
Elapsed time is 171.353094 seconds.
Elapsed time is 196.062602 seconds.
Elapsed time is 203.514824 seconds.
Elapsed time is 218.640349 seconds.
Elapsed time is 232.667665 seconds.
Elapsed time is 240.999171 seconds.
Elapsed time is 246.781611 seconds.
Elapsed time is 247.212318 seconds.
Elapsed time is 178.605052 seconds.
Elapsed time is 198.834282 seconds.
Elapsed time is 210.201388 seconds.
Elapsed time is 207.269496 seconds.
Elapsed time is 202.984135 seconds.
Elapsed time is 224.210412 seconds.
Elapsed time is 231.423924 seconds.
Elapsed time is 231.716230 seconds.
Elapsed time is 247.036977 seconds.
Elapsed time is 256.738426 seconds.
Elapsed time is 177.510115 seconds.
Elapsed time is 159.853402 seconds.
Elapsed time is 187.077891 seconds.
Elapsed time is 209.630235 seconds.
Elapsed time is 221.426643 seconds.
Elapsed time is 218.190481 seconds.
Elapsed time is 231.893361 seconds.
Elapsed time is 234.947968 seconds.
Elapsed time is 239.015447 seconds.
Elapsed time is 238.126938 seconds.
Elapsed time is 248.096035 seconds.
Elapsed time is 255.005413 seconds.
Elapsed time is 186.957749 seconds.
    11        1511         8313.32        1.02e+05          0.1      0.0113437
Elapsed time is 149.285760 seconds.
Elapsed time is 187.064831 seconds.
Elapsed time is 216.503540 seconds.
Elapsed time is 225.881239 seconds.
Elapsed time is 239.050001 seconds.
Elapsed time is 246.775369 seconds.
Elapsed time is 201.017792 seconds.
Elapsed time is 168.242251 seconds.
Elapsed time is 158.851734 seconds.
Elapsed time is 178.229828 seconds.
Elapsed time is 189.481130 seconds.
Elapsed time is 191.514985 seconds.
Elapsed time is 193.772167 seconds.
Elapsed time is 241.165468 seconds.
Elapsed time is 220.012020 seconds.
Elapsed time is 224.161366 seconds.
Elapsed time is 224.613769 seconds.
Elapsed time is 230.838354 seconds.
Elapsed time is 226.763853 seconds.
Elapsed time is 227.872481 seconds.
Elapsed time is 195.300128 seconds.
Elapsed time is 156.429931 seconds.
Elapsed time is 149.704353 seconds.
Elapsed time is 165.923938 seconds.
Elapsed time is 179.917255 seconds.
Elapsed time is 193.893633 seconds.
Elapsed time is 206.636915 seconds.
Elapsed time is 210.714214 seconds.
Elapsed time is 234.703941 seconds.
Elapsed time is 238.802622 seconds.
Elapsed time is 237.917511 seconds.
Elapsed time is 234.038485 seconds.
Elapsed time is 239.702436 seconds.
Elapsed time is 244.239643 seconds.
Elapsed time is 219.831016 seconds.
Elapsed time is 151.833663 seconds.
Elapsed time is 191.078807 seconds.
Elapsed time is 201.742273 seconds.
Elapsed time is 217.002601 seconds.
Elapsed time is 237.508702 seconds.
Elapsed time is 219.630277 seconds.
Elapsed time is 240.106915 seconds.
Elapsed time is 195.931518 seconds.
Elapsed time is 158.103996 seconds.
Elapsed time is 160.108464 seconds.
Elapsed time is 177.538711 seconds.
Elapsed time is 188.089829 seconds.
Elapsed time is 200.436440 seconds.
Elapsed time is 195.741825 seconds.
Elapsed time is 189.442955 seconds.
Elapsed time is 208.067928 seconds.
Elapsed time is 233.001827 seconds.
Elapsed time is 248.900833 seconds.
Elapsed time is 205.048446 seconds.
Elapsed time is 179.757823 seconds.
Elapsed time is 164.650224 seconds.
Elapsed time is 181.348453 seconds.
Elapsed time is 200.055846 seconds.
Elapsed time is 207.991633 seconds.
Elapsed time is 201.165247 seconds.
Elapsed time is 225.870165 seconds.
Elapsed time is 231.388474 seconds.
Elapsed time is 239.218901 seconds.
Elapsed time is 244.793290 seconds.
Elapsed time is 236.535024 seconds.
Elapsed time is 206.983503 seconds.
Elapsed time is 162.307863 seconds.
Elapsed time is 168.248064 seconds.
Elapsed time is 176.352712 seconds.
Elapsed time is 204.544766 seconds.
Elapsed time is 227.154113 seconds.
Elapsed time is 237.708039 seconds.
Elapsed time is 245.174049 seconds.
Elapsed time is 220.050239 seconds.
Elapsed time is 166.600929 seconds.
Elapsed time is 186.114331 seconds.
Elapsed time is 208.004900 seconds.
Elapsed time is 212.168854 seconds.
Elapsed time is 218.808745 seconds.
Elapsed time is 240.228865 seconds.
Elapsed time is 241.477584 seconds.
Elapsed time is 235.164397 seconds.
Elapsed time is 153.441909 seconds.
Elapsed time is 159.221763 seconds.
Elapsed time is 180.183968 seconds.
Elapsed time is 186.025068 seconds.
Elapsed time is 188.529169 seconds.
Elapsed time is 216.686330 seconds.
Elapsed time is 243.227228 seconds.
Elapsed time is 249.011453 seconds.
Elapsed time is 226.136749 seconds.
Elapsed time is 195.604334 seconds.
Elapsed time is 161.944779 seconds.
Elapsed time is 176.847581 seconds.
Elapsed time is 185.188095 seconds.
Elapsed time is 185.869862 seconds.
Elapsed time is 186.345599 seconds.
Elapsed time is 213.728751 seconds.
Elapsed time is 235.902567 seconds.
Elapsed time is 234.957529 seconds.
Elapsed time is 226.353878 seconds.
Elapsed time is 246.007479 seconds.
Elapsed time is 235.736379 seconds.
Elapsed time is 233.189076 seconds.
Elapsed time is 246.758190 seconds.
Elapsed time is 195.482615 seconds.
Elapsed time is 186.664784 seconds.
Elapsed time is 190.469062 seconds.
Elapsed time is 188.161365 seconds.
Elapsed time is 199.044953 seconds.
Elapsed time is 214.460623 seconds.
Elapsed time is 218.197500 seconds.
Elapsed time is 233.956116 seconds.
Elapsed time is 241.983387 seconds.
Elapsed time is 245.072244 seconds.
Elapsed time is 242.269837 seconds.
Elapsed time is 239.400212 seconds.
Elapsed time is 248.230105 seconds.
Elapsed time is 255.371310 seconds.
Elapsed time is 224.335573 seconds.
Elapsed time is 201.119301 seconds.
Elapsed time is 214.484417 seconds.
Elapsed time is 239.091705 seconds.
Elapsed time is 249.249652 seconds.
Elapsed time is 209.445317 seconds.
Elapsed time is 181.393872 seconds.
Elapsed time is 168.506369 seconds.
    12        1638         8313.32        1.82e+05           10      0.0311223

Local minimum possible.

lsqnonlin stopped because the final change in the sum of squares relative to 
its initial value is less than the default value of the function tolerance.



map
   1.0e+03 *

   1.378321375216358                   0   0.950148441301286
                   0   1.362855058955232   0.538241149270610
                   0                   0   0.001000000000000

Parallel pool using the 'local' profile is shutting down.
  message with properties:

    Identifier: 'MATLAB:connector:connector:ConnectorNotRunning'
     Arguments: {}

